[0.071s] Invoking command in '/home/adas/Documents/Ayush/dev/straight_ws/build/tf2': CMAKE_PREFIX_PATH=${CMAKE_PREFIX_PATH}:/home/adas/Documents/Ayush/dev/straight_ws/install/examples_tf2_py:/home/adas/Documents/Ayush/dev/straight_ws/install/nav2_simple_commander:/home/adas/Documents/Ayush/dev/straight_ws/install/nav2_gazebo_spawner:/home/adas/Documents/Ayush/dev/straightline_ws/install/examples_tf2_py:/home/adas/Documents/Ayush/dev/straightline_ws/install/nav2_simple_commander:/home/adas/Documents/Ayush/dev/straightline_ws/install/nav2_gazebo_spawner:/opt/ros/foxy /usr/bin/cmake /home/adas/Documents/Ayush/dev/straight_ws/src/geometry2/tf2 -DCMAKE_INSTALL_PREFIX=/home/adas/Documents/Ayush/dev/straight_ws/install/tf2
[0.158s] -- The C compiler identification is GNU 9.3.0
[0.262s] -- The CXX compiler identification is GNU 9.3.0
[0.276s] -- Check for working C compiler: /usr/bin/cc
[0.468s] -- Check for working C compiler: /usr/bin/cc -- works
[0.468s] -- Detecting C compiler ABI info
[0.633s] -- Detecting C compiler ABI info - done
[0.650s] -- Detecting C compile features
[0.651s] -- Detecting C compile features - done
[0.655s] -- Check for working CXX compiler: /usr/bin/c++
[0.846s] -- Check for working CXX compiler: /usr/bin/c++ -- works
[0.848s] -- Detecting CXX compiler ABI info
[0.997s] -- Detecting CXX compiler ABI info - done
[1.015s] -- Detecting CXX compile features
[1.016s] -- Detecting CXX compile features - done
[1.025s] -- Found ament_cmake: 0.9.8 (/opt/ros/foxy/share/ament_cmake/cmake)
[1.074s] -- Found PythonInterp: /usr/bin/python3 (found suitable version "3.8.10", minimum required is "3") 
[1.075s] -- Using PYTHON_EXECUTABLE: /usr/bin/python3
[1.517s] -- Found console_bridge_vendor: 1.2.4 (/opt/ros/foxy/share/console_bridge_vendor/cmake)
[1.530s] -- Found geometry_msgs: 2.0.4 (/opt/ros/foxy/share/geometry_msgs/cmake)
[1.632s] -- Using all available rosidl_typesupport_c: rosidl_typesupport_fastrtps_c;rosidl_typesupport_introspection_c
[1.658s] -- Found rosidl_adapter: 1.2.1 (/opt/ros/foxy/share/rosidl_adapter/cmake)
[1.883s] -- Found OpenSSL: /usr/lib/x86_64-linux-gnu/libcrypto.so (found version "1.1.1f")  
[1.938s] -- Found FastRTPS: /opt/ros/foxy/include  
[2.115s] -- Using all available rosidl_typesupport_cpp: rosidl_typesupport_fastrtps_cpp;rosidl_typesupport_introspection_cpp
[2.295s] -- Found ament_cmake_gtest: 0.9.8 (/opt/ros/foxy/share/ament_cmake_gtest/cmake)
[2.303s] -- Found gtest sources under '/opt/ros/foxy/src/gtest_vendor': C++ tests using 'Google Test' will be built
[2.306s] -- Looking for pthread.h
[2.505s] -- Looking for pthread.h - found
[2.506s] -- Performing Test CMAKE_HAVE_LIBC_PTHREAD
[2.758s] -- Performing Test CMAKE_HAVE_LIBC_PTHREAD - Failed
[2.758s] -- Check if compiler accepts -pthread
[2.916s] -- Check if compiler accepts -pthread - yes
[2.917s] -- Found Threads: TRUE  
[3.064s] -- Configuring done
[3.125s] -- Generating done
[3.127s] -- Build files have been written to: /home/adas/Documents/Ayush/dev/straight_ws/build/tf2
[3.141s] Invoked command in '/home/adas/Documents/Ayush/dev/straight_ws/build/tf2' returned '0': CMAKE_PREFIX_PATH=${CMAKE_PREFIX_PATH}:/home/adas/Documents/Ayush/dev/straight_ws/install/examples_tf2_py:/home/adas/Documents/Ayush/dev/straight_ws/install/nav2_simple_commander:/home/adas/Documents/Ayush/dev/straight_ws/install/nav2_gazebo_spawner:/home/adas/Documents/Ayush/dev/straightline_ws/install/examples_tf2_py:/home/adas/Documents/Ayush/dev/straightline_ws/install/nav2_simple_commander:/home/adas/Documents/Ayush/dev/straightline_ws/install/nav2_gazebo_spawner:/opt/ros/foxy /usr/bin/cmake /home/adas/Documents/Ayush/dev/straight_ws/src/geometry2/tf2 -DCMAKE_INSTALL_PREFIX=/home/adas/Documents/Ayush/dev/straight_ws/install/tf2
[3.142s] Invoking command in '/home/adas/Documents/Ayush/dev/straight_ws/build/tf2': CMAKE_PREFIX_PATH=${CMAKE_PREFIX_PATH}:/home/adas/Documents/Ayush/dev/straight_ws/install/examples_tf2_py:/home/adas/Documents/Ayush/dev/straight_ws/install/nav2_simple_commander:/home/adas/Documents/Ayush/dev/straight_ws/install/nav2_gazebo_spawner:/home/adas/Documents/Ayush/dev/straightline_ws/install/examples_tf2_py:/home/adas/Documents/Ayush/dev/straightline_ws/install/nav2_simple_commander:/home/adas/Documents/Ayush/dev/straightline_ws/install/nav2_gazebo_spawner:/opt/ros/foxy /usr/bin/cmake --build /home/adas/Documents/Ayush/dev/straight_ws/build/tf2 -- -j8 -l8
[3.367s] [35m[1mScanning dependencies of target tf2[0m
[3.409s] [35m[1mScanning dependencies of target gtest[0m
[3.420s] [35m[1mScanning dependencies of target gtest_main[0m
[3.422s] [  5%] [32mBuilding CXX object CMakeFiles/tf2.dir/src/cache.cpp.o[0m
[3.471s] [ 11%] [32mBuilding CXX object CMakeFiles/tf2.dir/src/buffer_core.cpp.o[0m
[3.471s] [ 17%] [32mBuilding CXX object CMakeFiles/tf2.dir/src/static_cache.cpp.o[0m
[3.471s] [ 23%] [32mBuilding CXX object CMakeFiles/tf2.dir/src/time.cpp.o[0m
[3.475s] [ 29%] [32mBuilding CXX object gtest/CMakeFiles/gtest.dir/src/gtest-all.cc.o[0m
[3.488s] [ 35%] [32mBuilding CXX object gtest/CMakeFiles/gtest_main.dir/src/gtest_main.cc.o[0m
[4.925s] [ 41%] [32m[1mLinking CXX static library libgtest_main.a[0m
[5.171s] [ 41%] Built target gtest_main
[6.666s] [ 47%] [32m[1mLinking CXX shared library libtf2.so[0m
[7.114s] [ 47%] Built target tf2
[12.539s] [ 52%] [32m[1mLinking CXX static library libgtest.a[0m
[12.822s] [ 52%] Built target gtest
[12.921s] [35m[1mScanning dependencies of target test_cache_unittest[0m
[12.923s] [35m[1mScanning dependencies of target test_static_cache_unittest[0m
[12.948s] [35m[1mScanning dependencies of target test_simple[0m
[12.965s] [35m[1mScanning dependencies of target test_time[0m
[13.018s] [ 58%] [32mBuilding CXX object CMakeFiles/test_cache_unittest.dir/test/cache_unittest.cpp.o[0m
[13.029s] [ 64%] [32mBuilding CXX object CMakeFiles/test_static_cache_unittest.dir/test/static_cache_test.cpp.o[0m
[13.054s] [ 70%] [32mBuilding CXX object CMakeFiles/test_simple.dir/test/simple_tf2_core.cpp.o[0m
[13.062s] [ 76%] [32mBuilding CXX object CMakeFiles/test_time.dir/test/test_time.cpp.o[0m
[15.472s] [ 82%] [32m[1mLinking CXX executable test_static_cache_unittest[0m
[15.531s] [ 88%] [32m[1mLinking CXX executable test_time[0m
[15.825s] [ 94%] [32m[1mLinking CXX executable test_cache_unittest[0m
[16.170s] [ 94%] Built target test_static_cache_unittest
[16.202s] [ 94%] Built target test_time
[16.415s] [100%] [32m[1mLinking CXX executable test_simple[0m
[16.438s] [100%] Built target test_cache_unittest
[16.838s] [100%] Built target test_simple
[16.865s] Invoked command in '/home/adas/Documents/Ayush/dev/straight_ws/build/tf2' returned '0': CMAKE_PREFIX_PATH=${CMAKE_PREFIX_PATH}:/home/adas/Documents/Ayush/dev/straight_ws/install/examples_tf2_py:/home/adas/Documents/Ayush/dev/straight_ws/install/nav2_simple_commander:/home/adas/Documents/Ayush/dev/straight_ws/install/nav2_gazebo_spawner:/home/adas/Documents/Ayush/dev/straightline_ws/install/examples_tf2_py:/home/adas/Documents/Ayush/dev/straightline_ws/install/nav2_simple_commander:/home/adas/Documents/Ayush/dev/straightline_ws/install/nav2_gazebo_spawner:/opt/ros/foxy /usr/bin/cmake --build /home/adas/Documents/Ayush/dev/straight_ws/build/tf2 -- -j8 -l8
[17.335s] Invoking command in '/home/adas/Documents/Ayush/dev/straight_ws/build/tf2': CMAKE_PREFIX_PATH=${CMAKE_PREFIX_PATH}:/home/adas/Documents/Ayush/dev/straight_ws/install/examples_tf2_py:/home/adas/Documents/Ayush/dev/straight_ws/install/nav2_simple_commander:/home/adas/Documents/Ayush/dev/straight_ws/install/nav2_gazebo_spawner:/home/adas/Documents/Ayush/dev/straightline_ws/install/examples_tf2_py:/home/adas/Documents/Ayush/dev/straightline_ws/install/nav2_simple_commander:/home/adas/Documents/Ayush/dev/straightline_ws/install/nav2_gazebo_spawner:/opt/ros/foxy /usr/bin/cmake --install /home/adas/Documents/Ayush/dev/straight_ws/build/tf2
[17.386s] -- Install configuration: ""
[17.386s] -- Installing: /home/adas/Documents/Ayush/dev/straight_ws/install/tf2/lib/libtf2.so
[17.388s] -- Set runtime path of "/home/adas/Documents/Ayush/dev/straight_ws/install/tf2/lib/libtf2.so" to ""
[17.389s] -- Installing: /home/adas/Documents/Ayush/dev/straight_ws/install/tf2/include/tf2
[17.390s] -- Installing: /home/adas/Documents/Ayush/dev/straight_ws/install/tf2/include/tf2/transform_datatypes.h
[17.390s] -- Installing: /home/adas/Documents/Ayush/dev/straight_ws/install/tf2/include/tf2/visibility_control.h
[17.390s] -- Installing: /home/adas/Documents/Ayush/dev/straight_ws/install/tf2/include/tf2/convert.h
[17.391s] -- Installing: /home/adas/Documents/Ayush/dev/straight_ws/install/tf2/include/tf2/transform_storage.h
[17.391s] -- Installing: /home/adas/Documents/Ayush/dev/straight_ws/install/tf2/include/tf2/exceptions.h
[17.391s] -- Installing: /home/adas/Documents/Ayush/dev/straight_ws/install/tf2/include/tf2/utils.h
[17.392s] -- Installing: /home/adas/Documents/Ayush/dev/straight_ws/install/tf2/include/tf2/time_cache.h
[17.392s] -- Installing: /home/adas/Documents/Ayush/dev/straight_ws/install/tf2/include/tf2/impl
[17.392s] -- Installing: /home/adas/Documents/Ayush/dev/straight_ws/install/tf2/include/tf2/impl/convert.h
[17.393s] -- Installing: /home/adas/Documents/Ayush/dev/straight_ws/install/tf2/include/tf2/impl/utils.h
[17.393s] -- Installing: /home/adas/Documents/Ayush/dev/straight_ws/install/tf2/include/tf2/time.h
[17.393s] -- Installing: /home/adas/Documents/Ayush/dev/straight_ws/install/tf2/include/tf2/LinearMath
[17.394s] -- Installing: /home/adas/Documents/Ayush/dev/straight_ws/install/tf2/include/tf2/LinearMath/Vector3.h
[17.394s] -- Installing: /home/adas/Documents/Ayush/dev/straight_ws/install/tf2/include/tf2/LinearMath/Transform.h
[17.394s] -- Installing: /home/adas/Documents/Ayush/dev/straight_ws/install/tf2/include/tf2/LinearMath/MinMax.h
[17.395s] -- Installing: /home/adas/Documents/Ayush/dev/straight_ws/install/tf2/include/tf2/LinearMath/Quaternion.h
[17.395s] -- Installing: /home/adas/Documents/Ayush/dev/straight_ws/install/tf2/include/tf2/LinearMath/Scalar.h
[17.395s] -- Installing: /home/adas/Documents/Ayush/dev/straight_ws/install/tf2/include/tf2/LinearMath/Matrix3x3.h
[17.396s] -- Installing: /home/adas/Documents/Ayush/dev/straight_ws/install/tf2/include/tf2/LinearMath/QuadWord.h
[17.396s] -- Installing: /home/adas/Documents/Ayush/dev/straight_ws/install/tf2/include/tf2/buffer_core.h
[17.396s] -- Installing: /home/adas/Documents/Ayush/dev/straight_ws/install/tf2/include/tf2/buffer_core_interface.h
[17.397s] -- Installing: /home/adas/Documents/Ayush/dev/straight_ws/install/tf2/share/tf2/environment/library_path.sh
[17.397s] -- Installing: /home/adas/Documents/Ayush/dev/straight_ws/install/tf2/share/tf2/environment/library_path.dsv
[17.398s] -- Installing: /home/adas/Documents/Ayush/dev/straight_ws/install/tf2/share/ament_index/resource_index/package_run_dependencies/tf2
[17.398s] -- Installing: /home/adas/Documents/Ayush/dev/straight_ws/install/tf2/share/ament_index/resource_index/parent_prefix_path/tf2
[17.399s] -- Installing: /home/adas/Documents/Ayush/dev/straight_ws/install/tf2/share/tf2/environment/ament_prefix_path.sh
[17.399s] -- Installing: /home/adas/Documents/Ayush/dev/straight_ws/install/tf2/share/tf2/environment/ament_prefix_path.dsv
[17.400s] -- Installing: /home/adas/Documents/Ayush/dev/straight_ws/install/tf2/share/tf2/environment/path.sh
[17.400s] -- Installing: /home/adas/Documents/Ayush/dev/straight_ws/install/tf2/share/tf2/environment/path.dsv
[17.400s] -- Installing: /home/adas/Documents/Ayush/dev/straight_ws/install/tf2/share/tf2/local_setup.bash
[17.401s] -- Installing: /home/adas/Documents/Ayush/dev/straight_ws/install/tf2/share/tf2/local_setup.sh
[17.401s] -- Installing: /home/adas/Documents/Ayush/dev/straight_ws/install/tf2/share/tf2/local_setup.zsh
[17.402s] -- Installing: /home/adas/Documents/Ayush/dev/straight_ws/install/tf2/share/tf2/local_setup.dsv
[17.402s] -- Installing: /home/adas/Documents/Ayush/dev/straight_ws/install/tf2/share/tf2/package.dsv
[17.403s] -- Installing: /home/adas/Documents/Ayush/dev/straight_ws/install/tf2/share/ament_index/resource_index/packages/tf2
[17.403s] -- Installing: /home/adas/Documents/Ayush/dev/straight_ws/install/tf2/share/tf2/cmake/tf2Export.cmake
[17.403s] -- Installing: /home/adas/Documents/Ayush/dev/straight_ws/install/tf2/share/tf2/cmake/tf2Export-noconfig.cmake
[17.404s] -- Installing: /home/adas/Documents/Ayush/dev/straight_ws/install/tf2/share/tf2/cmake/ament_cmake_export_dependencies-extras.cmake
[17.404s] -- Installing: /home/adas/Documents/Ayush/dev/straight_ws/install/tf2/share/tf2/cmake/ament_cmake_export_include_directories-extras.cmake
[17.405s] -- Installing: /home/adas/Documents/Ayush/dev/straight_ws/install/tf2/share/tf2/cmake/ament_cmake_export_libraries-extras.cmake
[17.405s] -- Installing: /home/adas/Documents/Ayush/dev/straight_ws/install/tf2/share/tf2/cmake/ament_cmake_export_targets-extras.cmake
[17.405s] -- Installing: /home/adas/Documents/Ayush/dev/straight_ws/install/tf2/share/tf2/cmake/tf2Config.cmake
[17.406s] -- Installing: /home/adas/Documents/Ayush/dev/straight_ws/install/tf2/share/tf2/cmake/tf2Config-version.cmake
[17.406s] -- Installing: /home/adas/Documents/Ayush/dev/straight_ws/install/tf2/share/tf2/package.xml
[17.420s] Invoked command in '/home/adas/Documents/Ayush/dev/straight_ws/build/tf2' returned '0': CMAKE_PREFIX_PATH=${CMAKE_PREFIX_PATH}:/home/adas/Documents/Ayush/dev/straight_ws/install/examples_tf2_py:/home/adas/Documents/Ayush/dev/straight_ws/install/nav2_simple_commander:/home/adas/Documents/Ayush/dev/straight_ws/install/nav2_gazebo_spawner:/home/adas/Documents/Ayush/dev/straightline_ws/install/examples_tf2_py:/home/adas/Documents/Ayush/dev/straightline_ws/install/nav2_simple_commander:/home/adas/Documents/Ayush/dev/straightline_ws/install/nav2_gazebo_spawner:/opt/ros/foxy /usr/bin/cmake --install /home/adas/Documents/Ayush/dev/straight_ws/build/tf2
