/home/adas/Documents/Ayush/dev/straight_ws/install/nav2_simple_commander/lib/python3.8/site-packages/nav2_simple_commander/robot_navigator.py
/home/adas/Documents/Ayush/dev/straight_ws/install/nav2_simple_commander/lib/python3.8/site-packages/nav2_simple_commander/demo_security.py
/home/adas/Documents/Ayush/dev/straight_ws/install/nav2_simple_commander/lib/python3.8/site-packages/nav2_simple_commander/example_nav_to_pose.py
/home/adas/Documents/Ayush/dev/straight_ws/install/nav2_simple_commander/lib/python3.8/site-packages/nav2_simple_commander/example_straightline_to_pose.py
/home/adas/Documents/Ayush/dev/straight_ws/install/nav2_simple_commander/lib/python3.8/site-packages/nav2_simple_commander/demo_inspection.py
/home/adas/Documents/Ayush/dev/straight_ws/install/nav2_simple_commander/lib/python3.8/site-packages/nav2_simple_commander/example_nav_through_poses.py
/home/adas/Documents/Ayush/dev/straight_ws/install/nav2_simple_commander/lib/python3.8/site-packages/nav2_simple_commander/__init__.py
/home/adas/Documents/Ayush/dev/straight_ws/install/nav2_simple_commander/lib/python3.8/site-packages/nav2_simple_commander/example_waypoint_follower.py
/home/adas/Documents/Ayush/dev/straight_ws/install/nav2_simple_commander/lib/python3.8/site-packages/nav2_simple_commander/__pycache__/robot_navigator.cpython-38.pyc
/home/adas/Documents/Ayush/dev/straight_ws/install/nav2_simple_commander/lib/python3.8/site-packages/nav2_simple_commander/__pycache__/demo_security.cpython-38.pyc
/home/adas/Documents/Ayush/dev/straight_ws/install/nav2_simple_commander/lib/python3.8/site-packages/nav2_simple_commander/__pycache__/example_nav_to_pose.cpython-38.pyc
/home/adas/Documents/Ayush/dev/straight_ws/install/nav2_simple_commander/lib/python3.8/site-packages/nav2_simple_commander/__pycache__/example_straightline_to_pose.cpython-38.pyc
/home/adas/Documents/Ayush/dev/straight_ws/install/nav2_simple_commander/lib/python3.8/site-packages/nav2_simple_commander/__pycache__/demo_inspection.cpython-38.pyc
/home/adas/Documents/Ayush/dev/straight_ws/install/nav2_simple_commander/lib/python3.8/site-packages/nav2_simple_commander/__pycache__/example_nav_through_poses.cpython-38.pyc
/home/adas/Documents/Ayush/dev/straight_ws/install/nav2_simple_commander/lib/python3.8/site-packages/nav2_simple_commander/__pycache__/__init__.cpython-38.pyc
/home/adas/Documents/Ayush/dev/straight_ws/install/nav2_simple_commander/lib/python3.8/site-packages/nav2_simple_commander/__pycache__/example_waypoint_follower.cpython-38.pyc
/home/adas/Documents/Ayush/dev/straight_ws/install/nav2_simple_commander/share/ament_index/resource_index/packages/nav2_simple_commander
/home/adas/Documents/Ayush/dev/straight_ws/install/nav2_simple_commander/share/nav2_simple_commander/package.xml
/home/adas/Documents/Ayush/dev/straight_ws/install/nav2_simple_commander/${HOME}/Documents/Ayush/dev/straightline_ws/src/nav2_simple_commander/picking_demo_launch.py
/home/adas/Documents/Ayush/dev/straight_ws/install/nav2_simple_commander/${HOME}/Documents/Ayush/dev/straightline_ws/src/nav2_simple_commander/nav_to_pose_example_launch.py
/home/adas/Documents/Ayush/dev/straight_ws/install/nav2_simple_commander/${HOME}/Documents/Ayush/dev/straightline_ws/src/nav2_simple_commander/straightline_to_pose_example_launch.py
/home/adas/Documents/Ayush/dev/straight_ws/install/nav2_simple_commander/${HOME}/Documents/Ayush/dev/straightline_ws/src/nav2_simple_commander/nav_through_poses_example_launch.py
/home/adas/Documents/Ayush/dev/straight_ws/install/nav2_simple_commander/${HOME}/Documents/Ayush/dev/straightline_ws/src/nav2_simple_commander/waypoint_follower_example_launch.py
/home/adas/Documents/Ayush/dev/straight_ws/install/nav2_simple_commander/${HOME}/Documents/Ayush/dev/straightline_ws/src/nav2_simple_commander/security_demo_launch.py
/home/adas/Documents/Ayush/dev/straight_ws/install/nav2_simple_commander/${HOME}/Documents/Ayush/dev/straightline_ws/src/nav2_simple_commander/inspection_demo_launch.py
/home/adas/Documents/Ayush/dev/straight_ws/install/nav2_simple_commander/${HOME}/Documents/Ayush/dev/straightline_ws/src/nav2_simple_commander/warehouse.world
/home/adas/Documents/Ayush/dev/straight_ws/install/nav2_simple_commander/lib/python3.8/site-packages/nav2_simple_commander-0.0.0-py3.8.egg-info/zip-safe
/home/adas/Documents/Ayush/dev/straight_ws/install/nav2_simple_commander/lib/python3.8/site-packages/nav2_simple_commander-0.0.0-py3.8.egg-info/SOURCES.txt
/home/adas/Documents/Ayush/dev/straight_ws/install/nav2_simple_commander/lib/python3.8/site-packages/nav2_simple_commander-0.0.0-py3.8.egg-info/entry_points.txt
/home/adas/Documents/Ayush/dev/straight_ws/install/nav2_simple_commander/lib/python3.8/site-packages/nav2_simple_commander-0.0.0-py3.8.egg-info/top_level.txt
/home/adas/Documents/Ayush/dev/straight_ws/install/nav2_simple_commander/lib/python3.8/site-packages/nav2_simple_commander-0.0.0-py3.8.egg-info/PKG-INFO
/home/adas/Documents/Ayush/dev/straight_ws/install/nav2_simple_commander/lib/python3.8/site-packages/nav2_simple_commander-0.0.0-py3.8.egg-info/requires.txt
/home/adas/Documents/Ayush/dev/straight_ws/install/nav2_simple_commander/lib/python3.8/site-packages/nav2_simple_commander-0.0.0-py3.8.egg-info/dependency_links.txt
/home/adas/Documents/Ayush/dev/straight_ws/install/nav2_simple_commander/lib/nav2_simple_commander/demo_inspection
/home/adas/Documents/Ayush/dev/straight_ws/install/nav2_simple_commander/lib/nav2_simple_commander/demo_picking
/home/adas/Documents/Ayush/dev/straight_ws/install/nav2_simple_commander/lib/nav2_simple_commander/demo_security
/home/adas/Documents/Ayush/dev/straight_ws/install/nav2_simple_commander/lib/nav2_simple_commander/example_nav_through_poses
/home/adas/Documents/Ayush/dev/straight_ws/install/nav2_simple_commander/lib/nav2_simple_commander/example_nav_to_pose
/home/adas/Documents/Ayush/dev/straight_ws/install/nav2_simple_commander/lib/nav2_simple_commander/example_straightline_to_pose
/home/adas/Documents/Ayush/dev/straight_ws/install/nav2_simple_commander/lib/nav2_simple_commander/example_waypoint_follower
