[0.067s] Invoking command in '/home/adas/Documents/Ayush/dev/straight_ws/build/tf2_msgs': CMAKE_PREFIX_PATH=${CMAKE_PREFIX_PATH}:/home/adas/Documents/Ayush/dev/straight_ws/install/examples_tf2_py:/home/adas/Documents/Ayush/dev/straight_ws/install/nav2_simple_commander:/home/adas/Documents/Ayush/dev/straight_ws/install/nav2_gazebo_spawner:/home/adas/Documents/Ayush/dev/straightline_ws/install/examples_tf2_py:/home/adas/Documents/Ayush/dev/straightline_ws/install/nav2_simple_commander:/home/adas/Documents/Ayush/dev/straightline_ws/install/nav2_gazebo_spawner:/opt/ros/foxy /usr/bin/cmake /home/adas/Documents/Ayush/dev/straight_ws/src/geometry2/tf2_msgs -DCMAKE_INSTALL_PREFIX=/home/adas/Documents/Ayush/dev/straight_ws/install/tf2_msgs
[0.190s] -- The C compiler identification is GNU 9.3.0
[0.296s] -- The CXX compiler identification is GNU 9.3.0
[0.314s] -- Check for working C compiler: /usr/bin/cc
[0.534s] -- Check for working C compiler: /usr/bin/cc -- works
[0.534s] -- Detecting C compiler ABI info
[0.700s] -- Detecting C compiler ABI info - done
[0.720s] -- Detecting C compile features
[0.721s] -- Detecting C compile features - done
[0.724s] -- Check for working CXX compiler: /usr/bin/c++
[0.909s] -- Check for working CXX compiler: /usr/bin/c++ -- works
[0.911s] -- Detecting CXX compiler ABI info
[1.105s] -- Detecting CXX compiler ABI info - done
[1.118s] -- Detecting CXX compile features
[1.119s] -- Detecting CXX compile features - done
[1.125s] -- Found ament_cmake: 0.9.8 (/opt/ros/foxy/share/ament_cmake/cmake)
[1.169s] -- Found PythonInterp: /usr/bin/python3 (found suitable version "3.8.10", minimum required is "3") 
[1.169s] -- Using PYTHON_EXECUTABLE: /usr/bin/python3
[1.635s] -- Found rosidl_default_generators: 1.0.1 (/opt/ros/foxy/share/rosidl_default_generators/cmake)
[1.683s] -- Using all available rosidl_typesupport_c: rosidl_typesupport_fastrtps_c;rosidl_typesupport_introspection_c
[1.708s] -- Found rosidl_adapter: 1.2.1 (/opt/ros/foxy/share/rosidl_adapter/cmake)
[1.967s] -- Found OpenSSL: /usr/lib/x86_64-linux-gnu/libcrypto.so (found version "1.1.1f")  
[2.023s] -- Found FastRTPS: /opt/ros/foxy/include  
[2.209s] -- Using all available rosidl_typesupport_cpp: rosidl_typesupport_fastrtps_cpp;rosidl_typesupport_introspection_cpp
[2.271s] -- Found builtin_interfaces: 1.0.0 (/opt/ros/foxy/share/builtin_interfaces/cmake)
[2.312s] -- Found action_msgs: 1.0.0 (/opt/ros/foxy/share/action_msgs/cmake)
[2.386s] -- Found std_msgs: 2.0.4 (/opt/ros/foxy/share/std_msgs/cmake)
[2.422s] -- Found geometry_msgs: 2.0.4 (/opt/ros/foxy/share/geometry_msgs/cmake)
[2.518s] -- Found PythonInterp: /usr/bin/python3 (found version "3.8.10") 
[2.912s] -- Found ament_cmake_cppcheck: 0.9.6 (/opt/ros/foxy/share/ament_cmake_cppcheck/cmake)
[2.921s] -- Found ament_cmake_cpplint: 0.9.6 (/opt/ros/foxy/share/ament_cmake_cpplint/cmake)
[2.930s] -- Found ament_cmake_uncrustify: 0.9.6 (/opt/ros/foxy/share/ament_cmake_uncrustify/cmake)
[2.941s] -- Found ament_cmake_ros: 0.9.2 (/opt/ros/foxy/share/ament_cmake_ros/cmake)
[3.645s] -- Using all available rosidl_typesupport_c: rosidl_typesupport_fastrtps_c;rosidl_typesupport_introspection_c
[4.257s] -- Using all available rosidl_typesupport_cpp: rosidl_typesupport_fastrtps_cpp;rosidl_typesupport_introspection_cpp
[4.417s] -- Found PythonInterp: /usr/bin/python3 (found suitable version "3.8.10", minimum required is "3.5") 
[4.425s] -- Found python_cmake_module: 0.8.1 (/opt/ros/foxy/share/python_cmake_module/cmake)
[4.519s] -- Found PythonLibs: /usr/lib/x86_64-linux-gnu/libpython3.8.so (found suitable version "3.8.10", minimum required is "3.5") 
[4.519s] -- Using PYTHON_EXECUTABLE: /usr/bin/python3
[4.519s] -- Using PYTHON_INCLUDE_DIRS: /usr/include/python3.8
[4.519s] -- Using PYTHON_LIBRARIES: /usr/lib/x86_64-linux-gnu/libpython3.8.so
[4.597s] -- Found PythonExtra: .so  
[5.218s] -- Found ament_cmake_flake8: 0.9.6 (/opt/ros/foxy/share/ament_cmake_flake8/cmake)
[5.228s] -- Found ament_cmake_pep257: 0.9.6 (/opt/ros/foxy/share/ament_cmake_pep257/cmake)
[5.246s] -- Configuring done
[5.373s] -- Generating done
[5.376s] -- Build files have been written to: /home/adas/Documents/Ayush/dev/straight_ws/build/tf2_msgs
[5.390s] Invoked command in '/home/adas/Documents/Ayush/dev/straight_ws/build/tf2_msgs' returned '0': CMAKE_PREFIX_PATH=${CMAKE_PREFIX_PATH}:/home/adas/Documents/Ayush/dev/straight_ws/install/examples_tf2_py:/home/adas/Documents/Ayush/dev/straight_ws/install/nav2_simple_commander:/home/adas/Documents/Ayush/dev/straight_ws/install/nav2_gazebo_spawner:/home/adas/Documents/Ayush/dev/straightline_ws/install/examples_tf2_py:/home/adas/Documents/Ayush/dev/straightline_ws/install/nav2_simple_commander:/home/adas/Documents/Ayush/dev/straightline_ws/install/nav2_gazebo_spawner:/opt/ros/foxy /usr/bin/cmake /home/adas/Documents/Ayush/dev/straight_ws/src/geometry2/tf2_msgs -DCMAKE_INSTALL_PREFIX=/home/adas/Documents/Ayush/dev/straight_ws/install/tf2_msgs
[5.391s] Invoking command in '/home/adas/Documents/Ayush/dev/straight_ws/build/tf2_msgs': CMAKE_PREFIX_PATH=${CMAKE_PREFIX_PATH}:/home/adas/Documents/Ayush/dev/straight_ws/install/examples_tf2_py:/home/adas/Documents/Ayush/dev/straight_ws/install/nav2_simple_commander:/home/adas/Documents/Ayush/dev/straight_ws/install/nav2_gazebo_spawner:/home/adas/Documents/Ayush/dev/straightline_ws/install/examples_tf2_py:/home/adas/Documents/Ayush/dev/straightline_ws/install/nav2_simple_commander:/home/adas/Documents/Ayush/dev/straightline_ws/install/nav2_gazebo_spawner:/opt/ros/foxy /usr/bin/cmake --build /home/adas/Documents/Ayush/dev/straight_ws/build/tf2_msgs -- -j8 -l8
[5.616s] [  1%] [34m[1mGenerating C code for ROS interfaces[0m
[5.643s] [35m[1mScanning dependencies of target tf2_msgs__cpp[0m
[5.725s] [  3%] [34m[1mGenerating C++ code for ROS interfaces[0m
[7.641s] [35m[1mScanning dependencies of target tf2_msgs__rosidl_generator_c[0m
[7.724s] [  5%] [32mBuilding C object CMakeFiles/tf2_msgs__rosidl_generator_c.dir/rosidl_generator_c/tf2_msgs/msg/detail/tf2_error__functions.c.o[0m
[7.790s] [  7%] [32mBuilding C object CMakeFiles/tf2_msgs__rosidl_generator_c.dir/rosidl_generator_c/tf2_msgs/msg/detail/tf_message__functions.c.o[0m
[7.794s] [  9%] [32mBuilding C object CMakeFiles/tf2_msgs__rosidl_generator_c.dir/rosidl_generator_c/tf2_msgs/srv/detail/frame_graph__functions.c.o[0m
[7.813s] [  9%] Built target tf2_msgs__cpp
[7.854s] [ 10%] [32mBuilding C object CMakeFiles/tf2_msgs__rosidl_generator_c.dir/rosidl_generator_c/tf2_msgs/action/detail/lookup_transform__functions.c.o[0m
[7.896s] [ 12%] [34m[1mGenerating C++ type support for eProsima Fast-RTPS[0m
[7.906s] [ 14%] [34m[1mGenerating C++ introspection for ROS interfaces[0m
[7.932s] [ 16%] [34m[1mGenerating C++ type support dispatch for ROS interfaces[0m
[8.163s] [ 18%] [32m[1mLinking C shared library libtf2_msgs__rosidl_generator_c.so[0m
[8.258s] [ 18%] Built target tf2_msgs__rosidl_generator_c
[8.309s] [ 20%] [34m[1mGenerating C type support dispatch for ROS interfaces[0m
[8.402s] [ 21%] [34m[1mGenerating C introspection for ROS interfaces[0m
[9.622s] [35m[1mScanning dependencies of target tf2_msgs__rosidl_typesupport_cpp[0m
[9.754s] [ 23%] [32mBuilding CXX object CMakeFiles/tf2_msgs__rosidl_typesupport_cpp.dir/rosidl_typesupport_cpp/tf2_msgs/msg/tf2_error__type_support.cpp.o[0m
[9.764s] [ 25%] [32mBuilding CXX object CMakeFiles/tf2_msgs__rosidl_typesupport_cpp.dir/rosidl_typesupport_cpp/tf2_msgs/msg/tf_message__type_support.cpp.o[0m
[9.787s] [ 27%] [32mBuilding CXX object CMakeFiles/tf2_msgs__rosidl_typesupport_cpp.dir/rosidl_typesupport_cpp/tf2_msgs/srv/frame_graph__type_support.cpp.o[0m
[9.987s] [ 29%] [32mBuilding CXX object CMakeFiles/tf2_msgs__rosidl_typesupport_cpp.dir/rosidl_typesupport_cpp/tf2_msgs/action/lookup_transform__type_support.cpp.o[0m
[9.993s] [35m[1mScanning dependencies of target tf2_msgs__rosidl_typesupport_introspection_cpp[0m
[10.127s] [ 30%] [32mBuilding CXX object CMakeFiles/tf2_msgs__rosidl_typesupport_introspection_cpp.dir/rosidl_typesupport_introspection_cpp/tf2_msgs/msg/detail/tf2_error__type_support.cpp.o[0m
[10.318s] [35m[1mScanning dependencies of target tf2_msgs__rosidl_typesupport_c[0m
[10.438s] [ 32%] [32mBuilding CXX object CMakeFiles/tf2_msgs__rosidl_typesupport_c.dir/rosidl_typesupport_c/tf2_msgs/msg/tf2_error__type_support.cpp.o[0m
[10.679s] [ 34%] [32mBuilding CXX object CMakeFiles/tf2_msgs__rosidl_typesupport_c.dir/rosidl_typesupport_c/tf2_msgs/msg/tf_message__type_support.cpp.o[0m
[10.753s] [35m[1mScanning dependencies of target tf2_msgs__rosidl_typesupport_fastrtps_cpp[0m
[10.909s] [ 36%] [32mBuilding CXX object CMakeFiles/tf2_msgs__rosidl_typesupport_fastrtps_cpp.dir/rosidl_typesupport_fastrtps_cpp/tf2_msgs/msg/detail/dds_fastrtps/tf2_error__type_support.cpp.o[0m
[10.921s] [ 38%] [32mBuilding CXX object CMakeFiles/tf2_msgs__rosidl_typesupport_c.dir/rosidl_typesupport_c/tf2_msgs/srv/frame_graph__type_support.cpp.o[0m
[11.048s] [ 40%] [32mBuilding CXX object CMakeFiles/tf2_msgs__rosidl_typesupport_introspection_cpp.dir/rosidl_typesupport_introspection_cpp/tf2_msgs/msg/detail/tf_message__type_support.cpp.o[0m
[11.149s] [ 41%] [32mBuilding CXX object CMakeFiles/tf2_msgs__rosidl_typesupport_c.dir/rosidl_typesupport_c/tf2_msgs/action/lookup_transform__type_support.cpp.o[0m
[11.241s] [ 43%] [32mBuilding CXX object CMakeFiles/tf2_msgs__rosidl_typesupport_introspection_cpp.dir/rosidl_typesupport_introspection_cpp/tf2_msgs/srv/detail/frame_graph__type_support.cpp.o[0m
[11.380s] [ 45%] [32mBuilding CXX object CMakeFiles/tf2_msgs__rosidl_typesupport_introspection_cpp.dir/rosidl_typesupport_introspection_cpp/tf2_msgs/action/detail/lookup_transform__type_support.cpp.o[0m
[11.408s] [ 47%] [32mBuilding CXX object CMakeFiles/tf2_msgs__rosidl_typesupport_fastrtps_cpp.dir/rosidl_typesupport_fastrtps_cpp/tf2_msgs/msg/detail/dds_fastrtps/tf_message__type_support.cpp.o[0m
[11.437s] [35m[1mScanning dependencies of target tf2_msgs__rosidl_typesupport_introspection_c[0m
[11.466s] [ 49%] [32m[1mLinking CXX shared library libtf2_msgs__rosidl_typesupport_c.so[0m
[11.489s] [ 50%] [32m[1mLinking CXX shared library libtf2_msgs__rosidl_typesupport_cpp.so[0m
[11.602s] [ 52%] [32mBuilding C object CMakeFiles/tf2_msgs__rosidl_typesupport_introspection_c.dir/rosidl_typesupport_introspection_c/tf2_msgs/msg/detail/tf2_error__type_support.c.o[0m
[11.761s] [ 54%] [32mBuilding C object CMakeFiles/tf2_msgs__rosidl_typesupport_introspection_c.dir/rosidl_typesupport_introspection_c/tf2_msgs/msg/detail/tf_message__type_support.c.o[0m
[11.766s] [ 54%] Built target tf2_msgs__rosidl_typesupport_c
[11.802s] [ 54%] Built target tf2_msgs__rosidl_typesupport_cpp
[11.842s] [ 56%] [32mBuilding CXX object CMakeFiles/tf2_msgs__rosidl_typesupport_fastrtps_cpp.dir/rosidl_typesupport_fastrtps_cpp/tf2_msgs/srv/detail/dds_fastrtps/frame_graph__type_support.cpp.o[0m
[11.892s] [ 58%] [32mBuilding CXX object CMakeFiles/tf2_msgs__rosidl_typesupport_fastrtps_cpp.dir/rosidl_typesupport_fastrtps_cpp/tf2_msgs/action/detail/dds_fastrtps/lookup_transform__type_support.cpp.o[0m
[11.914s] [ 60%] [32mBuilding C object CMakeFiles/tf2_msgs__rosidl_typesupport_introspection_c.dir/rosidl_typesupport_introspection_c/tf2_msgs/srv/detail/frame_graph__type_support.c.o[0m
[12.112s] [ 61%] [32mBuilding C object CMakeFiles/tf2_msgs__rosidl_typesupport_introspection_c.dir/rosidl_typesupport_introspection_c/tf2_msgs/action/detail/lookup_transform__type_support.c.o[0m
[12.341s] [ 63%] [32m[1mLinking C shared library libtf2_msgs__rosidl_typesupport_introspection_c.so[0m
[12.378s] [ 65%] [32m[1mLinking CXX shared library libtf2_msgs__rosidl_typesupport_introspection_cpp.so[0m
[12.530s] [ 65%] Built target tf2_msgs__rosidl_typesupport_introspection_c
[12.727s] [ 65%] Built target tf2_msgs__rosidl_typesupport_introspection_cpp
[13.124s] [ 67%] [32m[1mLinking CXX shared library libtf2_msgs__rosidl_typesupport_fastrtps_cpp.so[0m
[13.471s] [ 67%] Built target tf2_msgs__rosidl_typesupport_fastrtps_cpp
[13.541s] [ 69%] [34m[1mGenerating C type support for eProsima Fast-RTPS[0m
[15.640s] [35m[1mScanning dependencies of target tf2_msgs__rosidl_typesupport_fastrtps_c[0m
[15.757s] [ 70%] [32mBuilding CXX object CMakeFiles/tf2_msgs__rosidl_typesupport_fastrtps_c.dir/rosidl_typesupport_fastrtps_c/tf2_msgs/msg/detail/tf_message__type_support_c.cpp.o[0m
[15.785s] [ 74%] [32mBuilding CXX object CMakeFiles/tf2_msgs__rosidl_typesupport_fastrtps_c.dir/rosidl_typesupport_fastrtps_c/tf2_msgs/action/detail/lookup_transform__type_support_c.cpp.o[0m
[15.792s] [ 74%] [32mBuilding CXX object CMakeFiles/tf2_msgs__rosidl_typesupport_fastrtps_c.dir/rosidl_typesupport_fastrtps_c/tf2_msgs/msg/detail/tf2_error__type_support_c.cpp.o[0m
[15.793s] [ 76%] [32mBuilding CXX object CMakeFiles/tf2_msgs__rosidl_typesupport_fastrtps_c.dir/rosidl_typesupport_fastrtps_c/tf2_msgs/srv/detail/frame_graph__type_support_c.cpp.o[0m
[16.917s] [ 78%] [32m[1mLinking CXX shared library libtf2_msgs__rosidl_typesupport_fastrtps_c.so[0m
[17.153s] [ 78%] Built target tf2_msgs__rosidl_typesupport_fastrtps_c
[17.176s] [35m[1mScanning dependencies of target tf2_msgs[0m
[17.226s] [ 78%] Built target tf2_msgs
[17.288s] [35m[1mScanning dependencies of target tf2_msgs__py[0m
[17.337s] [ 80%] [34m[1mGenerating Python code for ROS interfaces[0m
[20.198s] [ 80%] Built target tf2_msgs__py
[20.236s] [35m[1mScanning dependencies of target tf2_msgs__python[0m
[20.330s] [ 81%] [32mBuilding C object CMakeFiles/tf2_msgs__python.dir/rosidl_generator_py/tf2_msgs/msg/_tf2_error_s.c.o[0m
[20.554s] [ 83%] [32mBuilding C object CMakeFiles/tf2_msgs__python.dir/rosidl_generator_py/tf2_msgs/action/_lookup_transform_s.c.o[0m
[20.861s] [ 85%] [32mBuilding C object CMakeFiles/tf2_msgs__python.dir/rosidl_generator_py/tf2_msgs/srv/_frame_graph_s.c.o[0m
[21.193s] [ 87%] [32mBuilding C object CMakeFiles/tf2_msgs__python.dir/rosidl_generator_py/tf2_msgs/msg/_tf_message_s.c.o[0m
[21.428s] [ 89%] [32m[1mLinking C shared library rosidl_generator_py/tf2_msgs/libtf2_msgs__python.so[0m
[21.603s] [ 89%] Built target tf2_msgs__python
[21.693s] [35m[1mScanning dependencies of target tf2_msgs__rosidl_typesupport_introspection_c__pyext[0m
[21.790s] [ 90%] [32mBuilding C object CMakeFiles/tf2_msgs__rosidl_typesupport_introspection_c__pyext.dir/rosidl_generator_py/tf2_msgs/_tf2_msgs_s.ep.rosidl_typesupport_introspection_c.c.o[0m
[22.014s] [ 92%] [32m[1mLinking C shared library rosidl_generator_py/tf2_msgs/tf2_msgs_s__rosidl_typesupport_introspection_c.cpython-38-x86_64-linux-gnu.so[0m
[22.193s] [ 92%] Built target tf2_msgs__rosidl_typesupport_introspection_c__pyext
[22.230s] [35m[1mScanning dependencies of target tf2_msgs__rosidl_typesupport_c__pyext[0m
[22.289s] [ 94%] [32mBuilding C object CMakeFiles/tf2_msgs__rosidl_typesupport_c__pyext.dir/rosidl_generator_py/tf2_msgs/_tf2_msgs_s.ep.rosidl_typesupport_c.c.o[0m
[22.597s] [ 96%] [32m[1mLinking C shared library rosidl_generator_py/tf2_msgs/tf2_msgs_s__rosidl_typesupport_c.cpython-38-x86_64-linux-gnu.so[0m
[22.746s] [ 96%] Built target tf2_msgs__rosidl_typesupport_c__pyext
[22.883s] [35m[1mScanning dependencies of target tf2_msgs__rosidl_typesupport_fastrtps_c__pyext[0m
[22.934s] [ 98%] [32mBuilding C object CMakeFiles/tf2_msgs__rosidl_typesupport_fastrtps_c__pyext.dir/rosidl_generator_py/tf2_msgs/_tf2_msgs_s.ep.rosidl_typesupport_fastrtps_c.c.o[0m
[23.273s] [100%] [32m[1mLinking CXX shared library rosidl_generator_py/tf2_msgs/tf2_msgs_s__rosidl_typesupport_fastrtps_c.cpython-38-x86_64-linux-gnu.so[0m
[23.536s] [100%] Built target tf2_msgs__rosidl_typesupport_fastrtps_c__pyext
[23.566s] Invoked command in '/home/adas/Documents/Ayush/dev/straight_ws/build/tf2_msgs' returned '0': CMAKE_PREFIX_PATH=${CMAKE_PREFIX_PATH}:/home/adas/Documents/Ayush/dev/straight_ws/install/examples_tf2_py:/home/adas/Documents/Ayush/dev/straight_ws/install/nav2_simple_commander:/home/adas/Documents/Ayush/dev/straight_ws/install/nav2_gazebo_spawner:/home/adas/Documents/Ayush/dev/straightline_ws/install/examples_tf2_py:/home/adas/Documents/Ayush/dev/straightline_ws/install/nav2_simple_commander:/home/adas/Documents/Ayush/dev/straightline_ws/install/nav2_gazebo_spawner:/opt/ros/foxy /usr/bin/cmake --build /home/adas/Documents/Ayush/dev/straight_ws/build/tf2_msgs -- -j8 -l8
[25.391s] Invoking command in '/home/adas/Documents/Ayush/dev/straight_ws/build/tf2_msgs': CMAKE_PREFIX_PATH=${CMAKE_PREFIX_PATH}:/home/adas/Documents/Ayush/dev/straight_ws/install/examples_tf2_py:/home/adas/Documents/Ayush/dev/straight_ws/install/nav2_simple_commander:/home/adas/Documents/Ayush/dev/straight_ws/install/nav2_gazebo_spawner:/home/adas/Documents/Ayush/dev/straightline_ws/install/examples_tf2_py:/home/adas/Documents/Ayush/dev/straightline_ws/install/nav2_simple_commander:/home/adas/Documents/Ayush/dev/straightline_ws/install/nav2_gazebo_spawner:/opt/ros/foxy /usr/bin/cmake --install /home/adas/Documents/Ayush/dev/straight_ws/build/tf2_msgs
[25.416s] -- Install configuration: ""
[25.417s] -- Installing: /home/adas/Documents/Ayush/dev/straight_ws/install/tf2_msgs/share/ament_index/resource_index/rosidl_interfaces/tf2_msgs
[25.418s] -- Installing: /home/adas/Documents/Ayush/dev/straight_ws/install/tf2_msgs/include/tf2_msgs
[25.418s] -- Installing: /home/adas/Documents/Ayush/dev/straight_ws/install/tf2_msgs/include/tf2_msgs/srv
[25.419s] -- Installing: /home/adas/Documents/Ayush/dev/straight_ws/install/tf2_msgs/include/tf2_msgs/srv/frame_graph.h
[25.419s] -- Installing: /home/adas/Documents/Ayush/dev/straight_ws/install/tf2_msgs/include/tf2_msgs/srv/detail
[25.420s] -- Installing: /home/adas/Documents/Ayush/dev/straight_ws/install/tf2_msgs/include/tf2_msgs/srv/detail/frame_graph__functions.h
[25.422s] -- Installing: /home/adas/Documents/Ayush/dev/straight_ws/install/tf2_msgs/include/tf2_msgs/srv/detail/frame_graph__functions.c
[25.423s] -- Installing: /home/adas/Documents/Ayush/dev/straight_ws/install/tf2_msgs/include/tf2_msgs/srv/detail/frame_graph__type_support.h
[25.424s] -- Installing: /home/adas/Documents/Ayush/dev/straight_ws/install/tf2_msgs/include/tf2_msgs/srv/detail/frame_graph__struct.h
[25.424s] -- Installing: /home/adas/Documents/Ayush/dev/straight_ws/install/tf2_msgs/include/tf2_msgs/action
[25.424s] -- Installing: /home/adas/Documents/Ayush/dev/straight_ws/install/tf2_msgs/include/tf2_msgs/action/lookup_transform.h
[25.425s] -- Installing: /home/adas/Documents/Ayush/dev/straight_ws/install/tf2_msgs/include/tf2_msgs/action/detail
[25.425s] -- Installing: /home/adas/Documents/Ayush/dev/straight_ws/install/tf2_msgs/include/tf2_msgs/action/detail/lookup_transform__struct.h
[25.426s] -- Installing: /home/adas/Documents/Ayush/dev/straight_ws/install/tf2_msgs/include/tf2_msgs/action/detail/lookup_transform__functions.c
[25.427s] -- Installing: /home/adas/Documents/Ayush/dev/straight_ws/install/tf2_msgs/include/tf2_msgs/action/detail/lookup_transform__functions.h
[25.427s] -- Installing: /home/adas/Documents/Ayush/dev/straight_ws/install/tf2_msgs/include/tf2_msgs/action/detail/lookup_transform__type_support.h
[25.428s] -- Installing: /home/adas/Documents/Ayush/dev/straight_ws/install/tf2_msgs/include/tf2_msgs/msg
[25.428s] -- Installing: /home/adas/Documents/Ayush/dev/straight_ws/install/tf2_msgs/include/tf2_msgs/msg/tf_message.h
[25.428s] -- Installing: /home/adas/Documents/Ayush/dev/straight_ws/install/tf2_msgs/include/tf2_msgs/msg/tf2_error.h
[25.429s] -- Installing: /home/adas/Documents/Ayush/dev/straight_ws/install/tf2_msgs/include/tf2_msgs/msg/rosidl_generator_c__visibility_control.h
[25.429s] -- Installing: /home/adas/Documents/Ayush/dev/straight_ws/install/tf2_msgs/include/tf2_msgs/msg/detail
[25.430s] -- Installing: /home/adas/Documents/Ayush/dev/straight_ws/install/tf2_msgs/include/tf2_msgs/msg/detail/tf_message__functions.h
[25.430s] -- Installing: /home/adas/Documents/Ayush/dev/straight_ws/install/tf2_msgs/include/tf2_msgs/msg/detail/tf2_error__functions.c
[25.430s] -- Installing: /home/adas/Documents/Ayush/dev/straight_ws/install/tf2_msgs/include/tf2_msgs/msg/detail/tf2_error__functions.h
[25.431s] -- Installing: /home/adas/Documents/Ayush/dev/straight_ws/install/tf2_msgs/include/tf2_msgs/msg/detail/tf2_error__type_support.h
[25.431s] -- Installing: /home/adas/Documents/Ayush/dev/straight_ws/install/tf2_msgs/include/tf2_msgs/msg/detail/tf_message__functions.c
[25.432s] -- Installing: /home/adas/Documents/Ayush/dev/straight_ws/install/tf2_msgs/include/tf2_msgs/msg/detail/tf2_error__struct.h
[25.432s] -- Installing: /home/adas/Documents/Ayush/dev/straight_ws/install/tf2_msgs/include/tf2_msgs/msg/detail/tf_message__struct.h
[25.432s] -- Installing: /home/adas/Documents/Ayush/dev/straight_ws/install/tf2_msgs/include/tf2_msgs/msg/detail/tf_message__type_support.h
[25.437s] -- Installing: /home/adas/Documents/Ayush/dev/straight_ws/install/tf2_msgs/share/tf2_msgs/environment/library_path.sh
[25.438s] -- Installing: /home/adas/Documents/Ayush/dev/straight_ws/install/tf2_msgs/share/tf2_msgs/environment/library_path.dsv
[25.438s] -- Installing: /home/adas/Documents/Ayush/dev/straight_ws/install/tf2_msgs/lib/libtf2_msgs__rosidl_generator_c.so
[25.439s] -- Set runtime path of "/home/adas/Documents/Ayush/dev/straight_ws/install/tf2_msgs/lib/libtf2_msgs__rosidl_generator_c.so" to ""
[25.440s] -- Up-to-date: /home/adas/Documents/Ayush/dev/straight_ws/install/tf2_msgs/include/tf2_msgs
[25.440s] -- Up-to-date: /home/adas/Documents/Ayush/dev/straight_ws/install/tf2_msgs/include/tf2_msgs/srv
[25.440s] -- Up-to-date: /home/adas/Documents/Ayush/dev/straight_ws/install/tf2_msgs/include/tf2_msgs/srv/detail
[25.441s] -- Installing: /home/adas/Documents/Ayush/dev/straight_ws/install/tf2_msgs/include/tf2_msgs/srv/detail/frame_graph__rosidl_typesupport_fastrtps_c.h
[25.441s] -- Up-to-date: /home/adas/Documents/Ayush/dev/straight_ws/install/tf2_msgs/include/tf2_msgs/action
[25.441s] -- Up-to-date: /home/adas/Documents/Ayush/dev/straight_ws/install/tf2_msgs/include/tf2_msgs/action/detail
[25.442s] -- Installing: /home/adas/Documents/Ayush/dev/straight_ws/install/tf2_msgs/include/tf2_msgs/action/detail/lookup_transform__rosidl_typesupport_fastrtps_c.h
[25.442s] -- Up-to-date: /home/adas/Documents/Ayush/dev/straight_ws/install/tf2_msgs/include/tf2_msgs/msg
[25.442s] -- Installing: /home/adas/Documents/Ayush/dev/straight_ws/install/tf2_msgs/include/tf2_msgs/msg/rosidl_typesupport_fastrtps_c__visibility_control.h
[25.443s] -- Up-to-date: /home/adas/Documents/Ayush/dev/straight_ws/install/tf2_msgs/include/tf2_msgs/msg/detail
[25.443s] -- Installing: /home/adas/Documents/Ayush/dev/straight_ws/install/tf2_msgs/include/tf2_msgs/msg/detail/tf_message__rosidl_typesupport_fastrtps_c.h
[25.443s] -- Installing: /home/adas/Documents/Ayush/dev/straight_ws/install/tf2_msgs/include/tf2_msgs/msg/detail/tf2_error__rosidl_typesupport_fastrtps_c.h
[25.444s] -- Installing: /home/adas/Documents/Ayush/dev/straight_ws/install/tf2_msgs/lib/libtf2_msgs__rosidl_typesupport_fastrtps_c.so
[25.445s] -- Set runtime path of "/home/adas/Documents/Ayush/dev/straight_ws/install/tf2_msgs/lib/libtf2_msgs__rosidl_typesupport_fastrtps_c.so" to ""
[25.445s] -- Up-to-date: /home/adas/Documents/Ayush/dev/straight_ws/install/tf2_msgs/include/tf2_msgs
[25.445s] -- Up-to-date: /home/adas/Documents/Ayush/dev/straight_ws/install/tf2_msgs/include/tf2_msgs/srv
[25.446s] -- Up-to-date: /home/adas/Documents/Ayush/dev/straight_ws/install/tf2_msgs/include/tf2_msgs/srv/detail
[25.446s] -- Installing: /home/adas/Documents/Ayush/dev/straight_ws/install/tf2_msgs/include/tf2_msgs/srv/detail/dds_fastrtps
[25.446s] -- Installing: /home/adas/Documents/Ayush/dev/straight_ws/install/tf2_msgs/include/tf2_msgs/srv/detail/frame_graph__rosidl_typesupport_fastrtps_cpp.hpp
[25.447s] -- Up-to-date: /home/adas/Documents/Ayush/dev/straight_ws/install/tf2_msgs/include/tf2_msgs/action
[25.447s] -- Up-to-date: /home/adas/Documents/Ayush/dev/straight_ws/install/tf2_msgs/include/tf2_msgs/action/detail
[25.447s] -- Installing: /home/adas/Documents/Ayush/dev/straight_ws/install/tf2_msgs/include/tf2_msgs/action/detail/dds_fastrtps
[25.447s] -- Installing: /home/adas/Documents/Ayush/dev/straight_ws/install/tf2_msgs/include/tf2_msgs/action/detail/lookup_transform__rosidl_typesupport_fastrtps_cpp.hpp
[25.448s] -- Up-to-date: /home/adas/Documents/Ayush/dev/straight_ws/install/tf2_msgs/include/tf2_msgs/msg
[25.448s] -- Installing: /home/adas/Documents/Ayush/dev/straight_ws/install/tf2_msgs/include/tf2_msgs/msg/rosidl_typesupport_fastrtps_cpp__visibility_control.h
[25.448s] -- Up-to-date: /home/adas/Documents/Ayush/dev/straight_ws/install/tf2_msgs/include/tf2_msgs/msg/detail
[25.449s] -- Installing: /home/adas/Documents/Ayush/dev/straight_ws/install/tf2_msgs/include/tf2_msgs/msg/detail/dds_fastrtps
[25.449s] -- Installing: /home/adas/Documents/Ayush/dev/straight_ws/install/tf2_msgs/include/tf2_msgs/msg/detail/tf2_error__rosidl_typesupport_fastrtps_cpp.hpp
[25.449s] -- Installing: /home/adas/Documents/Ayush/dev/straight_ws/install/tf2_msgs/include/tf2_msgs/msg/detail/tf_message__rosidl_typesupport_fastrtps_cpp.hpp
[25.450s] -- Installing: /home/adas/Documents/Ayush/dev/straight_ws/install/tf2_msgs/lib/libtf2_msgs__rosidl_typesupport_fastrtps_cpp.so
[25.451s] -- Set runtime path of "/home/adas/Documents/Ayush/dev/straight_ws/install/tf2_msgs/lib/libtf2_msgs__rosidl_typesupport_fastrtps_cpp.so" to ""
[25.451s] -- Up-to-date: /home/adas/Documents/Ayush/dev/straight_ws/install/tf2_msgs/include/tf2_msgs
[25.452s] -- Up-to-date: /home/adas/Documents/Ayush/dev/straight_ws/install/tf2_msgs/include/tf2_msgs/srv
[25.452s] -- Up-to-date: /home/adas/Documents/Ayush/dev/straight_ws/install/tf2_msgs/include/tf2_msgs/srv/detail
[25.452s] -- Installing: /home/adas/Documents/Ayush/dev/straight_ws/install/tf2_msgs/include/tf2_msgs/srv/detail/frame_graph__type_support.c
[25.453s] -- Installing: /home/adas/Documents/Ayush/dev/straight_ws/install/tf2_msgs/include/tf2_msgs/srv/detail/frame_graph__rosidl_typesupport_introspection_c.h
[25.453s] -- Up-to-date: /home/adas/Documents/Ayush/dev/straight_ws/install/tf2_msgs/include/tf2_msgs/action
[25.453s] -- Up-to-date: /home/adas/Documents/Ayush/dev/straight_ws/install/tf2_msgs/include/tf2_msgs/action/detail
[25.454s] -- Installing: /home/adas/Documents/Ayush/dev/straight_ws/install/tf2_msgs/include/tf2_msgs/action/detail/lookup_transform__type_support.c
[25.454s] -- Installing: /home/adas/Documents/Ayush/dev/straight_ws/install/tf2_msgs/include/tf2_msgs/action/detail/lookup_transform__rosidl_typesupport_introspection_c.h
[25.454s] -- Up-to-date: /home/adas/Documents/Ayush/dev/straight_ws/install/tf2_msgs/include/tf2_msgs/msg
[25.455s] -- Installing: /home/adas/Documents/Ayush/dev/straight_ws/install/tf2_msgs/include/tf2_msgs/msg/rosidl_typesupport_introspection_c__visibility_control.h
[25.455s] -- Up-to-date: /home/adas/Documents/Ayush/dev/straight_ws/install/tf2_msgs/include/tf2_msgs/msg/detail
[25.455s] -- Installing: /home/adas/Documents/Ayush/dev/straight_ws/install/tf2_msgs/include/tf2_msgs/msg/detail/tf2_error__type_support.c
[25.456s] -- Installing: /home/adas/Documents/Ayush/dev/straight_ws/install/tf2_msgs/include/tf2_msgs/msg/detail/tf_message__rosidl_typesupport_introspection_c.h
[25.456s] -- Installing: /home/adas/Documents/Ayush/dev/straight_ws/install/tf2_msgs/include/tf2_msgs/msg/detail/tf_message__type_support.c
[25.456s] -- Installing: /home/adas/Documents/Ayush/dev/straight_ws/install/tf2_msgs/include/tf2_msgs/msg/detail/tf2_error__rosidl_typesupport_introspection_c.h
[25.457s] -- Installing: /home/adas/Documents/Ayush/dev/straight_ws/install/tf2_msgs/lib/libtf2_msgs__rosidl_typesupport_introspection_c.so
[25.458s] -- Set runtime path of "/home/adas/Documents/Ayush/dev/straight_ws/install/tf2_msgs/lib/libtf2_msgs__rosidl_typesupport_introspection_c.so" to ""
[25.458s] -- Installing: /home/adas/Documents/Ayush/dev/straight_ws/install/tf2_msgs/lib/libtf2_msgs__rosidl_typesupport_c.so
[25.459s] -- Set runtime path of "/home/adas/Documents/Ayush/dev/straight_ws/install/tf2_msgs/lib/libtf2_msgs__rosidl_typesupport_c.so" to ""
[25.460s] -- Up-to-date: /home/adas/Documents/Ayush/dev/straight_ws/install/tf2_msgs/include/tf2_msgs
[25.460s] -- Up-to-date: /home/adas/Documents/Ayush/dev/straight_ws/install/tf2_msgs/include/tf2_msgs/srv
[25.460s] -- Installing: /home/adas/Documents/Ayush/dev/straight_ws/install/tf2_msgs/include/tf2_msgs/srv/frame_graph.hpp
[25.461s] -- Up-to-date: /home/adas/Documents/Ayush/dev/straight_ws/install/tf2_msgs/include/tf2_msgs/srv/detail
[25.461s] -- Installing: /home/adas/Documents/Ayush/dev/straight_ws/install/tf2_msgs/include/tf2_msgs/srv/detail/frame_graph__traits.hpp
[25.461s] -- Installing: /home/adas/Documents/Ayush/dev/straight_ws/install/tf2_msgs/include/tf2_msgs/srv/detail/frame_graph__struct.hpp
[25.462s] -- Installing: /home/adas/Documents/Ayush/dev/straight_ws/install/tf2_msgs/include/tf2_msgs/srv/detail/frame_graph__builder.hpp
[25.463s] -- Up-to-date: /home/adas/Documents/Ayush/dev/straight_ws/install/tf2_msgs/include/tf2_msgs/action
[25.463s] -- Installing: /home/adas/Documents/Ayush/dev/straight_ws/install/tf2_msgs/include/tf2_msgs/action/lookup_transform.hpp
[25.463s] -- Up-to-date: /home/adas/Documents/Ayush/dev/straight_ws/install/tf2_msgs/include/tf2_msgs/action/detail
[25.464s] -- Installing: /home/adas/Documents/Ayush/dev/straight_ws/install/tf2_msgs/include/tf2_msgs/action/detail/lookup_transform__traits.hpp
[25.464s] -- Installing: /home/adas/Documents/Ayush/dev/straight_ws/install/tf2_msgs/include/tf2_msgs/action/detail/lookup_transform__struct.hpp
[25.464s] -- Installing: /home/adas/Documents/Ayush/dev/straight_ws/install/tf2_msgs/include/tf2_msgs/action/detail/lookup_transform__builder.hpp
[25.465s] -- Up-to-date: /home/adas/Documents/Ayush/dev/straight_ws/install/tf2_msgs/include/tf2_msgs/msg
[25.465s] -- Installing: /home/adas/Documents/Ayush/dev/straight_ws/install/tf2_msgs/include/tf2_msgs/msg/tf_message.hpp
[25.465s] -- Installing: /home/adas/Documents/Ayush/dev/straight_ws/install/tf2_msgs/include/tf2_msgs/msg/tf2_error.hpp
[25.466s] -- Up-to-date: /home/adas/Documents/Ayush/dev/straight_ws/install/tf2_msgs/include/tf2_msgs/msg/detail
[25.466s] -- Installing: /home/adas/Documents/Ayush/dev/straight_ws/install/tf2_msgs/include/tf2_msgs/msg/detail/tf_message__struct.hpp
[25.466s] -- Installing: /home/adas/Documents/Ayush/dev/straight_ws/install/tf2_msgs/include/tf2_msgs/msg/detail/tf2_error__struct.hpp
[25.467s] -- Installing: /home/adas/Documents/Ayush/dev/straight_ws/install/tf2_msgs/include/tf2_msgs/msg/detail/tf2_error__builder.hpp
[25.467s] -- Installing: /home/adas/Documents/Ayush/dev/straight_ws/install/tf2_msgs/include/tf2_msgs/msg/detail/tf2_error__traits.hpp
[25.468s] -- Installing: /home/adas/Documents/Ayush/dev/straight_ws/install/tf2_msgs/include/tf2_msgs/msg/detail/tf_message__traits.hpp
[25.468s] -- Installing: /home/adas/Documents/Ayush/dev/straight_ws/install/tf2_msgs/include/tf2_msgs/msg/detail/tf_message__builder.hpp
[25.469s] -- Up-to-date: /home/adas/Documents/Ayush/dev/straight_ws/install/tf2_msgs/include/tf2_msgs
[25.469s] -- Up-to-date: /home/adas/Documents/Ayush/dev/straight_ws/install/tf2_msgs/include/tf2_msgs/srv
[25.469s] -- Up-to-date: /home/adas/Documents/Ayush/dev/straight_ws/install/tf2_msgs/include/tf2_msgs/srv/detail
[25.470s] -- Installing: /home/adas/Documents/Ayush/dev/straight_ws/install/tf2_msgs/include/tf2_msgs/srv/detail/frame_graph__rosidl_typesupport_introspection_cpp.hpp
[25.470s] -- Installing: /home/adas/Documents/Ayush/dev/straight_ws/install/tf2_msgs/include/tf2_msgs/srv/detail/frame_graph__type_support.cpp
[25.470s] -- Up-to-date: /home/adas/Documents/Ayush/dev/straight_ws/install/tf2_msgs/include/tf2_msgs/action
[25.471s] -- Up-to-date: /home/adas/Documents/Ayush/dev/straight_ws/install/tf2_msgs/include/tf2_msgs/action/detail
[25.471s] -- Installing: /home/adas/Documents/Ayush/dev/straight_ws/install/tf2_msgs/include/tf2_msgs/action/detail/lookup_transform__rosidl_typesupport_introspection_cpp.hpp
[25.471s] -- Installing: /home/adas/Documents/Ayush/dev/straight_ws/install/tf2_msgs/include/tf2_msgs/action/detail/lookup_transform__type_support.cpp
[25.472s] -- Up-to-date: /home/adas/Documents/Ayush/dev/straight_ws/install/tf2_msgs/include/tf2_msgs/msg
[25.472s] -- Up-to-date: /home/adas/Documents/Ayush/dev/straight_ws/install/tf2_msgs/include/tf2_msgs/msg/detail
[25.472s] -- Installing: /home/adas/Documents/Ayush/dev/straight_ws/install/tf2_msgs/include/tf2_msgs/msg/detail/tf_message__rosidl_typesupport_introspection_cpp.hpp
[25.472s] -- Installing: /home/adas/Documents/Ayush/dev/straight_ws/install/tf2_msgs/include/tf2_msgs/msg/detail/tf_message__type_support.cpp
[25.473s] -- Installing: /home/adas/Documents/Ayush/dev/straight_ws/install/tf2_msgs/include/tf2_msgs/msg/detail/tf2_error__rosidl_typesupport_introspection_cpp.hpp
[25.473s] -- Installing: /home/adas/Documents/Ayush/dev/straight_ws/install/tf2_msgs/include/tf2_msgs/msg/detail/tf2_error__type_support.cpp
[25.474s] -- Installing: /home/adas/Documents/Ayush/dev/straight_ws/install/tf2_msgs/lib/libtf2_msgs__rosidl_typesupport_introspection_cpp.so
[25.475s] -- Set runtime path of "/home/adas/Documents/Ayush/dev/straight_ws/install/tf2_msgs/lib/libtf2_msgs__rosidl_typesupport_introspection_cpp.so" to ""
[25.475s] -- Installing: /home/adas/Documents/Ayush/dev/straight_ws/install/tf2_msgs/lib/libtf2_msgs__rosidl_typesupport_cpp.so
[25.476s] -- Set runtime path of "/home/adas/Documents/Ayush/dev/straight_ws/install/tf2_msgs/lib/libtf2_msgs__rosidl_typesupport_cpp.so" to ""
[25.476s] -- Installing: /home/adas/Documents/Ayush/dev/straight_ws/install/tf2_msgs/share/tf2_msgs/environment/pythonpath.sh
[25.477s] -- Installing: /home/adas/Documents/Ayush/dev/straight_ws/install/tf2_msgs/share/tf2_msgs/environment/pythonpath.dsv
[25.477s] -- Installing: /home/adas/Documents/Ayush/dev/straight_ws/install/tf2_msgs/lib/python3.8/site-packages/tf2_msgs/__init__.py
[25.549s] Compiling '/home/adas/Documents/Ayush/dev/straight_ws/install/tf2_msgs/lib/python3.8/site-packages/tf2_msgs/__init__.py'...
[25.557s] -- Installing: /home/adas/Documents/Ayush/dev/straight_ws/install/tf2_msgs/lib/python3.8/site-packages/tf2_msgs/msg
[25.557s] -- Installing: /home/adas/Documents/Ayush/dev/straight_ws/install/tf2_msgs/lib/python3.8/site-packages/tf2_msgs/msg/_tf2_error_s.c
[25.558s] -- Installing: /home/adas/Documents/Ayush/dev/straight_ws/install/tf2_msgs/lib/python3.8/site-packages/tf2_msgs/msg/_tf_message_s.c
[25.558s] -- Installing: /home/adas/Documents/Ayush/dev/straight_ws/install/tf2_msgs/lib/python3.8/site-packages/tf2_msgs/msg/_tf_message.py
[25.558s] -- Installing: /home/adas/Documents/Ayush/dev/straight_ws/install/tf2_msgs/lib/python3.8/site-packages/tf2_msgs/msg/_tf2_error.py
[25.559s] -- Installing: /home/adas/Documents/Ayush/dev/straight_ws/install/tf2_msgs/lib/python3.8/site-packages/tf2_msgs/msg/__init__.py
[25.559s] -- Installing: /home/adas/Documents/Ayush/dev/straight_ws/install/tf2_msgs/lib/python3.8/site-packages/tf2_msgs/srv
[25.560s] -- Installing: /home/adas/Documents/Ayush/dev/straight_ws/install/tf2_msgs/lib/python3.8/site-packages/tf2_msgs/srv/__init__.py
[25.560s] -- Installing: /home/adas/Documents/Ayush/dev/straight_ws/install/tf2_msgs/lib/python3.8/site-packages/tf2_msgs/srv/_frame_graph.py
[25.560s] -- Installing: /home/adas/Documents/Ayush/dev/straight_ws/install/tf2_msgs/lib/python3.8/site-packages/tf2_msgs/srv/_frame_graph_s.c
[25.561s] -- Installing: /home/adas/Documents/Ayush/dev/straight_ws/install/tf2_msgs/lib/python3.8/site-packages/tf2_msgs/action
[25.561s] -- Installing: /home/adas/Documents/Ayush/dev/straight_ws/install/tf2_msgs/lib/python3.8/site-packages/tf2_msgs/action/_lookup_transform.py
[25.562s] -- Installing: /home/adas/Documents/Ayush/dev/straight_ws/install/tf2_msgs/lib/python3.8/site-packages/tf2_msgs/action/_lookup_transform_s.c
[25.562s] -- Installing: /home/adas/Documents/Ayush/dev/straight_ws/install/tf2_msgs/lib/python3.8/site-packages/tf2_msgs/action/__init__.py
[25.563s] -- Installing: /home/adas/Documents/Ayush/dev/straight_ws/install/tf2_msgs/lib/python3.8/site-packages/tf2_msgs/tf2_msgs_s__rosidl_typesupport_fastrtps_c.cpython-38-x86_64-linux-gnu.so
[25.564s] -- Set runtime path of "/home/adas/Documents/Ayush/dev/straight_ws/install/tf2_msgs/lib/python3.8/site-packages/tf2_msgs/tf2_msgs_s__rosidl_typesupport_fastrtps_c.cpython-38-x86_64-linux-gnu.so" to ""
[25.565s] -- Installing: /home/adas/Documents/Ayush/dev/straight_ws/install/tf2_msgs/lib/python3.8/site-packages/tf2_msgs/tf2_msgs_s__rosidl_typesupport_introspection_c.cpython-38-x86_64-linux-gnu.so
[25.566s] -- Set runtime path of "/home/adas/Documents/Ayush/dev/straight_ws/install/tf2_msgs/lib/python3.8/site-packages/tf2_msgs/tf2_msgs_s__rosidl_typesupport_introspection_c.cpython-38-x86_64-linux-gnu.so" to ""
[25.566s] -- Installing: /home/adas/Documents/Ayush/dev/straight_ws/install/tf2_msgs/lib/python3.8/site-packages/tf2_msgs/tf2_msgs_s__rosidl_typesupport_c.cpython-38-x86_64-linux-gnu.so
[25.567s] -- Set runtime path of "/home/adas/Documents/Ayush/dev/straight_ws/install/tf2_msgs/lib/python3.8/site-packages/tf2_msgs/tf2_msgs_s__rosidl_typesupport_c.cpython-38-x86_64-linux-gnu.so" to ""
[25.567s] -- Installing: /home/adas/Documents/Ayush/dev/straight_ws/install/tf2_msgs/lib/libtf2_msgs__python.so
[25.568s] -- Set runtime path of "/home/adas/Documents/Ayush/dev/straight_ws/install/tf2_msgs/lib/libtf2_msgs__python.so" to ""
[25.569s] -- Installing: /home/adas/Documents/Ayush/dev/straight_ws/install/tf2_msgs/share/tf2_msgs/msg/TF2Error.idl
[25.569s] -- Installing: /home/adas/Documents/Ayush/dev/straight_ws/install/tf2_msgs/share/tf2_msgs/msg/TFMessage.idl
[25.570s] -- Installing: /home/adas/Documents/Ayush/dev/straight_ws/install/tf2_msgs/share/tf2_msgs/srv/FrameGraph.idl
[25.571s] -- Installing: /home/adas/Documents/Ayush/dev/straight_ws/install/tf2_msgs/share/tf2_msgs/action/LookupTransform.idl
[25.571s] -- Installing: /home/adas/Documents/Ayush/dev/straight_ws/install/tf2_msgs/share/tf2_msgs/msg/TF2Error.msg
[25.572s] -- Installing: /home/adas/Documents/Ayush/dev/straight_ws/install/tf2_msgs/share/tf2_msgs/msg/TFMessage.msg
[25.572s] -- Installing: /home/adas/Documents/Ayush/dev/straight_ws/install/tf2_msgs/share/tf2_msgs/srv/FrameGraph.srv
[25.573s] -- Installing: /home/adas/Documents/Ayush/dev/straight_ws/install/tf2_msgs/share/tf2_msgs/srv/FrameGraph_Request.msg
[25.573s] -- Installing: /home/adas/Documents/Ayush/dev/straight_ws/install/tf2_msgs/share/tf2_msgs/srv/FrameGraph_Response.msg
[25.574s] -- Installing: /home/adas/Documents/Ayush/dev/straight_ws/install/tf2_msgs/share/tf2_msgs/action/LookupTransform.action
[25.574s] -- Installing: /home/adas/Documents/Ayush/dev/straight_ws/install/tf2_msgs/share/tf2_msgs/tfmessage_bridge_mapping_rule.yaml
[25.574s] -- Installing: /home/adas/Documents/Ayush/dev/straight_ws/install/tf2_msgs/share/ament_index/resource_index/package_run_dependencies/tf2_msgs
[25.575s] -- Installing: /home/adas/Documents/Ayush/dev/straight_ws/install/tf2_msgs/share/ament_index/resource_index/parent_prefix_path/tf2_msgs
[25.575s] -- Installing: /home/adas/Documents/Ayush/dev/straight_ws/install/tf2_msgs/share/tf2_msgs/environment/ament_prefix_path.sh
[25.576s] -- Installing: /home/adas/Documents/Ayush/dev/straight_ws/install/tf2_msgs/share/tf2_msgs/environment/ament_prefix_path.dsv
[25.576s] -- Installing: /home/adas/Documents/Ayush/dev/straight_ws/install/tf2_msgs/share/tf2_msgs/environment/path.sh
[25.577s] -- Installing: /home/adas/Documents/Ayush/dev/straight_ws/install/tf2_msgs/share/tf2_msgs/environment/path.dsv
[25.577s] -- Installing: /home/adas/Documents/Ayush/dev/straight_ws/install/tf2_msgs/share/tf2_msgs/local_setup.bash
[25.578s] -- Installing: /home/adas/Documents/Ayush/dev/straight_ws/install/tf2_msgs/share/tf2_msgs/local_setup.sh
[25.578s] -- Installing: /home/adas/Documents/Ayush/dev/straight_ws/install/tf2_msgs/share/tf2_msgs/local_setup.zsh
[25.578s] -- Installing: /home/adas/Documents/Ayush/dev/straight_ws/install/tf2_msgs/share/tf2_msgs/local_setup.dsv
[25.579s] -- Installing: /home/adas/Documents/Ayush/dev/straight_ws/install/tf2_msgs/share/tf2_msgs/package.dsv
[25.579s] -- Installing: /home/adas/Documents/Ayush/dev/straight_ws/install/tf2_msgs/share/ament_index/resource_index/packages/tf2_msgs
[25.580s] -- Installing: /home/adas/Documents/Ayush/dev/straight_ws/install/tf2_msgs/share/tf2_msgs/cmake/tf2_msgs__rosidl_generator_cExport.cmake
[25.581s] -- Installing: /home/adas/Documents/Ayush/dev/straight_ws/install/tf2_msgs/share/tf2_msgs/cmake/tf2_msgs__rosidl_generator_cExport-noconfig.cmake
[25.581s] -- Installing: /home/adas/Documents/Ayush/dev/straight_ws/install/tf2_msgs/share/tf2_msgs/cmake/tf2_msgs__rosidl_typesupport_introspection_cExport.cmake
[25.582s] -- Installing: /home/adas/Documents/Ayush/dev/straight_ws/install/tf2_msgs/share/tf2_msgs/cmake/tf2_msgs__rosidl_typesupport_introspection_cExport-noconfig.cmake
[25.582s] -- Installing: /home/adas/Documents/Ayush/dev/straight_ws/install/tf2_msgs/share/tf2_msgs/cmake/tf2_msgs__rosidl_typesupport_cExport.cmake
[25.583s] -- Installing: /home/adas/Documents/Ayush/dev/straight_ws/install/tf2_msgs/share/tf2_msgs/cmake/tf2_msgs__rosidl_typesupport_cExport-noconfig.cmake
[25.583s] -- Installing: /home/adas/Documents/Ayush/dev/straight_ws/install/tf2_msgs/share/tf2_msgs/cmake/tf2_msgs__rosidl_generator_cppExport.cmake
[25.584s] -- Installing: /home/adas/Documents/Ayush/dev/straight_ws/install/tf2_msgs/share/tf2_msgs/cmake/tf2_msgs__rosidl_typesupport_introspection_cppExport.cmake
[25.584s] -- Installing: /home/adas/Documents/Ayush/dev/straight_ws/install/tf2_msgs/share/tf2_msgs/cmake/tf2_msgs__rosidl_typesupport_introspection_cppExport-noconfig.cmake
[25.585s] -- Installing: /home/adas/Documents/Ayush/dev/straight_ws/install/tf2_msgs/share/tf2_msgs/cmake/tf2_msgs__rosidl_typesupport_cppExport.cmake
[25.585s] -- Installing: /home/adas/Documents/Ayush/dev/straight_ws/install/tf2_msgs/share/tf2_msgs/cmake/tf2_msgs__rosidl_typesupport_cppExport-noconfig.cmake
[25.586s] -- Installing: /home/adas/Documents/Ayush/dev/straight_ws/install/tf2_msgs/share/tf2_msgs/cmake/rosidl_cmake-extras.cmake
[25.586s] -- Installing: /home/adas/Documents/Ayush/dev/straight_ws/install/tf2_msgs/share/tf2_msgs/cmake/ament_cmake_export_dependencies-extras.cmake
[25.586s] -- Installing: /home/adas/Documents/Ayush/dev/straight_ws/install/tf2_msgs/share/tf2_msgs/cmake/ament_cmake_export_libraries-extras.cmake
[25.587s] -- Installing: /home/adas/Documents/Ayush/dev/straight_ws/install/tf2_msgs/share/tf2_msgs/cmake/ament_cmake_export_targets-extras.cmake
[25.587s] -- Installing: /home/adas/Documents/Ayush/dev/straight_ws/install/tf2_msgs/share/tf2_msgs/cmake/ament_cmake_export_include_directories-extras.cmake
[25.588s] -- Installing: /home/adas/Documents/Ayush/dev/straight_ws/install/tf2_msgs/share/tf2_msgs/cmake/rosidl_cmake_export_typesupport_libraries-extras.cmake
[25.588s] -- Installing: /home/adas/Documents/Ayush/dev/straight_ws/install/tf2_msgs/share/tf2_msgs/cmake/rosidl_cmake_export_typesupport_targets-extras.cmake
[25.589s] -- Installing: /home/adas/Documents/Ayush/dev/straight_ws/install/tf2_msgs/share/tf2_msgs/cmake/tf2_msgsConfig.cmake
[25.589s] -- Installing: /home/adas/Documents/Ayush/dev/straight_ws/install/tf2_msgs/share/tf2_msgs/cmake/tf2_msgsConfig-version.cmake
[25.590s] -- Installing: /home/adas/Documents/Ayush/dev/straight_ws/install/tf2_msgs/share/tf2_msgs/package.xml
[25.623s] Invoked command in '/home/adas/Documents/Ayush/dev/straight_ws/build/tf2_msgs' returned '0': CMAKE_PREFIX_PATH=${CMAKE_PREFIX_PATH}:/home/adas/Documents/Ayush/dev/straight_ws/install/examples_tf2_py:/home/adas/Documents/Ayush/dev/straight_ws/install/nav2_simple_commander:/home/adas/Documents/Ayush/dev/straight_ws/install/nav2_gazebo_spawner:/home/adas/Documents/Ayush/dev/straightline_ws/install/examples_tf2_py:/home/adas/Documents/Ayush/dev/straightline_ws/install/nav2_simple_commander:/home/adas/Documents/Ayush/dev/straightline_ws/install/nav2_gazebo_spawner:/opt/ros/foxy /usr/bin/cmake --install /home/adas/Documents/Ayush/dev/straight_ws/build/tf2_msgs
