[0.538s] Invoking command in '/home/adas/Documents/Ayush/dev/straight_ws/src/navigation2/nav2_bringup/nav2_gazebo_spawner': PYTHONPATH=/home/adas/Documents/Ayush/dev/straight_ws/install/nav2_gazebo_spawner/lib/python3.8/site-packages:${PYTHONPATH} /usr/bin/python3 setup.py egg_info --egg-base ../../../../build/nav2_gazebo_spawner build --build-base /home/adas/Documents/Ayush/dev/straight_ws/build/nav2_gazebo_spawner/build install --prefix /home/adas/Documents/Ayush/dev/straight_ws/install/nav2_gazebo_spawner --record /home/adas/Documents/Ayush/dev/straight_ws/build/nav2_gazebo_spawner/install.log --single-version-externally-managed
[0.936s] running egg_info
[0.937s] creating ../../../../build/nav2_gazebo_spawner/nav2_gazebo_spawner.egg-info
[0.937s] writing ../../../../build/nav2_gazebo_spawner/nav2_gazebo_spawner.egg-info/PKG-INFO
[0.938s] writing dependency_links to ../../../../build/nav2_gazebo_spawner/nav2_gazebo_spawner.egg-info/dependency_links.txt
[0.938s] writing entry points to ../../../../build/nav2_gazebo_spawner/nav2_gazebo_spawner.egg-info/entry_points.txt
[0.938s] writing requirements to ../../../../build/nav2_gazebo_spawner/nav2_gazebo_spawner.egg-info/requires.txt
[0.938s] writing top-level names to ../../../../build/nav2_gazebo_spawner/nav2_gazebo_spawner.egg-info/top_level.txt
[0.940s] writing manifest file '../../../../build/nav2_gazebo_spawner/nav2_gazebo_spawner.egg-info/SOURCES.txt'
[0.987s] reading manifest file '../../../../build/nav2_gazebo_spawner/nav2_gazebo_spawner.egg-info/SOURCES.txt'
[0.989s] writing manifest file '../../../../build/nav2_gazebo_spawner/nav2_gazebo_spawner.egg-info/SOURCES.txt'
[0.997s] running build
[0.998s] running build_py
[0.998s] creating /home/adas/Documents/Ayush/dev/straight_ws/build/nav2_gazebo_spawner/build
[0.998s] creating /home/adas/Documents/Ayush/dev/straight_ws/build/nav2_gazebo_spawner/build/lib
[0.999s] creating /home/adas/Documents/Ayush/dev/straight_ws/build/nav2_gazebo_spawner/build/lib/nav2_gazebo_spawner
[0.999s] copying nav2_gazebo_spawner/nav2_gazebo_spawner.py -> /home/adas/Documents/Ayush/dev/straight_ws/build/nav2_gazebo_spawner/build/lib/nav2_gazebo_spawner
[0.999s] copying nav2_gazebo_spawner/__init__.py -> /home/adas/Documents/Ayush/dev/straight_ws/build/nav2_gazebo_spawner/build/lib/nav2_gazebo_spawner
[1.000s] running install
[1.000s] running install_lib
[1.000s] creating /home/adas/Documents/Ayush/dev/straight_ws/install/nav2_gazebo_spawner/lib/python3.8/site-packages/nav2_gazebo_spawner
[1.000s] copying /home/adas/Documents/Ayush/dev/straight_ws/build/nav2_gazebo_spawner/build/lib/nav2_gazebo_spawner/nav2_gazebo_spawner.py -> /home/adas/Documents/Ayush/dev/straight_ws/install/nav2_gazebo_spawner/lib/python3.8/site-packages/nav2_gazebo_spawner
[1.000s] copying /home/adas/Documents/Ayush/dev/straight_ws/build/nav2_gazebo_spawner/build/lib/nav2_gazebo_spawner/__init__.py -> /home/adas/Documents/Ayush/dev/straight_ws/install/nav2_gazebo_spawner/lib/python3.8/site-packages/nav2_gazebo_spawner
[1.000s] byte-compiling /home/adas/Documents/Ayush/dev/straight_ws/install/nav2_gazebo_spawner/lib/python3.8/site-packages/nav2_gazebo_spawner/nav2_gazebo_spawner.py to nav2_gazebo_spawner.cpython-38.pyc
[1.000s] byte-compiling /home/adas/Documents/Ayush/dev/straight_ws/install/nav2_gazebo_spawner/lib/python3.8/site-packages/nav2_gazebo_spawner/__init__.py to __init__.cpython-38.pyc
[1.000s] running install_data
[1.001s] creating /home/adas/Documents/Ayush/dev/straight_ws/install/nav2_gazebo_spawner/share/ament_index
[1.001s] creating /home/adas/Documents/Ayush/dev/straight_ws/install/nav2_gazebo_spawner/share/ament_index/resource_index
[1.001s] creating /home/adas/Documents/Ayush/dev/straight_ws/install/nav2_gazebo_spawner/share/ament_index/resource_index/packages
[1.001s] copying resource/nav2_gazebo_spawner -> /home/adas/Documents/Ayush/dev/straight_ws/install/nav2_gazebo_spawner/share/ament_index/resource_index/packages
[1.001s] copying package.xml -> /home/adas/Documents/Ayush/dev/straight_ws/install/nav2_gazebo_spawner/share/nav2_gazebo_spawner
[1.001s] running install_egg_info
[1.004s] Copying ../../../../build/nav2_gazebo_spawner/nav2_gazebo_spawner.egg-info to /home/adas/Documents/Ayush/dev/straight_ws/install/nav2_gazebo_spawner/lib/python3.8/site-packages/nav2_gazebo_spawner-0.3.0-py3.8.egg-info
[1.004s] running install_scripts
[1.028s] Installing nav2_gazebo_spawner script to /home/adas/Documents/Ayush/dev/straight_ws/install/nav2_gazebo_spawner/lib/nav2_gazebo_spawner
[1.033s] writing list of installed files to '/home/adas/Documents/Ayush/dev/straight_ws/build/nav2_gazebo_spawner/install.log'
[1.061s] Invoked command in '/home/adas/Documents/Ayush/dev/straight_ws/src/navigation2/nav2_bringup/nav2_gazebo_spawner' returned '0': PYTHONPATH=/home/adas/Documents/Ayush/dev/straight_ws/install/nav2_gazebo_spawner/lib/python3.8/site-packages:${PYTHONPATH} /usr/bin/python3 setup.py egg_info --egg-base ../../../../build/nav2_gazebo_spawner build --build-base /home/adas/Documents/Ayush/dev/straight_ws/build/nav2_gazebo_spawner/build install --prefix /home/adas/Documents/Ayush/dev/straight_ws/install/nav2_gazebo_spawner --record /home/adas/Documents/Ayush/dev/straight_ws/build/nav2_gazebo_spawner/install.log --single-version-externally-managed
