[0.063s] Invoking command in '/home/adas/Documents/Ayush/dev/straight_ws/build/nav2_common': CMAKE_PREFIX_PATH=${CMAKE_PREFIX_PATH}:/home/adas/Documents/Ayush/dev/straight_ws/install/examples_tf2_py:/home/adas/Documents/Ayush/dev/straight_ws/install/nav2_simple_commander:/home/adas/Documents/Ayush/dev/straight_ws/install/nav2_gazebo_spawner:/home/adas/Documents/Ayush/dev/straightline_ws/install/examples_tf2_py:/home/adas/Documents/Ayush/dev/straightline_ws/install/nav2_simple_commander:/home/adas/Documents/Ayush/dev/straightline_ws/install/nav2_gazebo_spawner:/opt/ros/foxy /usr/bin/cmake /home/adas/Documents/Ayush/dev/straight_ws/src/navigation2/nav2_common -DCMAKE_INSTALL_PREFIX=/home/adas/Documents/Ayush/dev/straight_ws/install/nav2_common
[0.104s] -- Found ament_cmake_core: 0.9.8 (/opt/ros/foxy/share/ament_cmake_core/cmake)
[0.135s] -- Found PythonInterp: /usr/bin/python3 (found suitable version "3.8.10", minimum required is "3") 
[0.135s] -- Using PYTHON_EXECUTABLE: /usr/bin/python3
[0.476s] -- Found ament_cmake_python: 0.9.8 (/opt/ros/foxy/share/ament_cmake_python/cmake)
[0.631s] -- Configuring done
[0.634s] -- Generating done
[0.634s] -- Build files have been written to: /home/adas/Documents/Ayush/dev/straight_ws/build/nav2_common
[0.637s] Invoked command in '/home/adas/Documents/Ayush/dev/straight_ws/build/nav2_common' returned '0': CMAKE_PREFIX_PATH=${CMAKE_PREFIX_PATH}:/home/adas/Documents/Ayush/dev/straight_ws/install/examples_tf2_py:/home/adas/Documents/Ayush/dev/straight_ws/install/nav2_simple_commander:/home/adas/Documents/Ayush/dev/straight_ws/install/nav2_gazebo_spawner:/home/adas/Documents/Ayush/dev/straightline_ws/install/examples_tf2_py:/home/adas/Documents/Ayush/dev/straightline_ws/install/nav2_simple_commander:/home/adas/Documents/Ayush/dev/straightline_ws/install/nav2_gazebo_spawner:/opt/ros/foxy /usr/bin/cmake /home/adas/Documents/Ayush/dev/straight_ws/src/navigation2/nav2_common -DCMAKE_INSTALL_PREFIX=/home/adas/Documents/Ayush/dev/straight_ws/install/nav2_common
[0.639s] Invoking command in '/home/adas/Documents/Ayush/dev/straight_ws/build/nav2_common': CMAKE_PREFIX_PATH=${CMAKE_PREFIX_PATH}:/home/adas/Documents/Ayush/dev/straight_ws/install/examples_tf2_py:/home/adas/Documents/Ayush/dev/straight_ws/install/nav2_simple_commander:/home/adas/Documents/Ayush/dev/straight_ws/install/nav2_gazebo_spawner:/home/adas/Documents/Ayush/dev/straightline_ws/install/examples_tf2_py:/home/adas/Documents/Ayush/dev/straightline_ws/install/nav2_simple_commander:/home/adas/Documents/Ayush/dev/straightline_ws/install/nav2_gazebo_spawner:/opt/ros/foxy /usr/bin/cmake --build /home/adas/Documents/Ayush/dev/straight_ws/build/nav2_common -- -j8 -l8
[0.750s] Invoked command in '/home/adas/Documents/Ayush/dev/straight_ws/build/nav2_common' returned '0': CMAKE_PREFIX_PATH=${CMAKE_PREFIX_PATH}:/home/adas/Documents/Ayush/dev/straight_ws/install/examples_tf2_py:/home/adas/Documents/Ayush/dev/straight_ws/install/nav2_simple_commander:/home/adas/Documents/Ayush/dev/straight_ws/install/nav2_gazebo_spawner:/home/adas/Documents/Ayush/dev/straightline_ws/install/examples_tf2_py:/home/adas/Documents/Ayush/dev/straightline_ws/install/nav2_simple_commander:/home/adas/Documents/Ayush/dev/straightline_ws/install/nav2_gazebo_spawner:/opt/ros/foxy /usr/bin/cmake --build /home/adas/Documents/Ayush/dev/straight_ws/build/nav2_common -- -j8 -l8
[0.887s] Invoking command in '/home/adas/Documents/Ayush/dev/straight_ws/build/nav2_common': CMAKE_PREFIX_PATH=${CMAKE_PREFIX_PATH}:/home/adas/Documents/Ayush/dev/straight_ws/install/examples_tf2_py:/home/adas/Documents/Ayush/dev/straight_ws/install/nav2_simple_commander:/home/adas/Documents/Ayush/dev/straight_ws/install/nav2_gazebo_spawner:/home/adas/Documents/Ayush/dev/straightline_ws/install/examples_tf2_py:/home/adas/Documents/Ayush/dev/straightline_ws/install/nav2_simple_commander:/home/adas/Documents/Ayush/dev/straightline_ws/install/nav2_gazebo_spawner:/opt/ros/foxy /usr/bin/cmake --install /home/adas/Documents/Ayush/dev/straight_ws/build/nav2_common
[0.904s] -- Install configuration: ""
[0.904s] -- Installing: /home/adas/Documents/Ayush/dev/straight_ws/install/nav2_common/share/nav2_common/environment/pythonpath.sh
[0.904s] -- Installing: /home/adas/Documents/Ayush/dev/straight_ws/install/nav2_common/share/nav2_common/environment/pythonpath.dsv
[0.905s] -- Installing: /home/adas/Documents/Ayush/dev/straight_ws/install/nav2_common/lib/python3.8/site-packages/nav2_common
[0.905s] -- Installing: /home/adas/Documents/Ayush/dev/straight_ws/install/nav2_common/lib/python3.8/site-packages/nav2_common/launch
[0.905s] -- Installing: /home/adas/Documents/Ayush/dev/straight_ws/install/nav2_common/lib/python3.8/site-packages/nav2_common/launch/rewritten_yaml.py
[0.905s] -- Installing: /home/adas/Documents/Ayush/dev/straight_ws/install/nav2_common/lib/python3.8/site-packages/nav2_common/launch/has_node_params.py
[0.905s] -- Installing: /home/adas/Documents/Ayush/dev/straight_ws/install/nav2_common/lib/python3.8/site-packages/nav2_common/launch/__init__.py
[0.906s] -- Installing: /home/adas/Documents/Ayush/dev/straight_ws/install/nav2_common/lib/python3.8/site-packages/nav2_common/launch/replace_string.py
[0.906s] -- Installing: /home/adas/Documents/Ayush/dev/straight_ws/install/nav2_common/lib/python3.8/site-packages/nav2_common/__init__.py
[0.965s] Listing '/home/adas/Documents/Ayush/dev/straight_ws/install/nav2_common/lib/python3.8/site-packages/nav2_common'...
[0.966s] Compiling '/home/adas/Documents/Ayush/dev/straight_ws/install/nav2_common/lib/python3.8/site-packages/nav2_common/__init__.py'...
[0.966s] Listing '/home/adas/Documents/Ayush/dev/straight_ws/install/nav2_common/lib/python3.8/site-packages/nav2_common/launch'...
[0.966s] Compiling '/home/adas/Documents/Ayush/dev/straight_ws/install/nav2_common/lib/python3.8/site-packages/nav2_common/launch/__init__.py'...
[0.966s] Compiling '/home/adas/Documents/Ayush/dev/straight_ws/install/nav2_common/lib/python3.8/site-packages/nav2_common/launch/has_node_params.py'...
[0.966s] Compiling '/home/adas/Documents/Ayush/dev/straight_ws/install/nav2_common/lib/python3.8/site-packages/nav2_common/launch/replace_string.py'...
[0.966s] Compiling '/home/adas/Documents/Ayush/dev/straight_ws/install/nav2_common/lib/python3.8/site-packages/nav2_common/launch/rewritten_yaml.py'...
[0.972s] -- Installing: /home/adas/Documents/Ayush/dev/straight_ws/install/nav2_common/share/ament_index/resource_index/package_run_dependencies/nav2_common
[0.972s] -- Installing: /home/adas/Documents/Ayush/dev/straight_ws/install/nav2_common/share/ament_index/resource_index/parent_prefix_path/nav2_common
[0.972s] -- Installing: /home/adas/Documents/Ayush/dev/straight_ws/install/nav2_common/share/nav2_common/environment/ament_prefix_path.sh
[0.972s] -- Installing: /home/adas/Documents/Ayush/dev/straight_ws/install/nav2_common/share/nav2_common/environment/ament_prefix_path.dsv
[0.973s] -- Installing: /home/adas/Documents/Ayush/dev/straight_ws/install/nav2_common/share/nav2_common/environment/path.sh
[0.973s] -- Installing: /home/adas/Documents/Ayush/dev/straight_ws/install/nav2_common/share/nav2_common/environment/path.dsv
[0.973s] -- Installing: /home/adas/Documents/Ayush/dev/straight_ws/install/nav2_common/share/nav2_common/local_setup.bash
[0.973s] -- Installing: /home/adas/Documents/Ayush/dev/straight_ws/install/nav2_common/share/nav2_common/local_setup.sh
[0.973s] -- Installing: /home/adas/Documents/Ayush/dev/straight_ws/install/nav2_common/share/nav2_common/local_setup.zsh
[0.973s] -- Installing: /home/adas/Documents/Ayush/dev/straight_ws/install/nav2_common/share/nav2_common/local_setup.dsv
[0.973s] -- Installing: /home/adas/Documents/Ayush/dev/straight_ws/install/nav2_common/share/nav2_common/package.dsv
[0.974s] -- Installing: /home/adas/Documents/Ayush/dev/straight_ws/install/nav2_common/share/ament_index/resource_index/packages/nav2_common
[0.974s] -- Installing: /home/adas/Documents/Ayush/dev/straight_ws/install/nav2_common/share/nav2_common/cmake/nav2_common-extras.cmake
[0.974s] -- Installing: /home/adas/Documents/Ayush/dev/straight_ws/install/nav2_common/share/nav2_common/cmake/nav2_commonConfig.cmake
[0.974s] -- Installing: /home/adas/Documents/Ayush/dev/straight_ws/install/nav2_common/share/nav2_common/cmake/nav2_commonConfig-version.cmake
[0.974s] -- Installing: /home/adas/Documents/Ayush/dev/straight_ws/install/nav2_common/share/nav2_common/package.xml
[0.974s] -- Up-to-date: /home/adas/Documents/Ayush/dev/straight_ws/install/nav2_common/share/nav2_common/cmake
[0.975s] -- Installing: /home/adas/Documents/Ayush/dev/straight_ws/install/nav2_common/share/nav2_common/cmake/nav2_package.cmake
[0.983s] Invoked command in '/home/adas/Documents/Ayush/dev/straight_ws/build/nav2_common' returned '0': CMAKE_PREFIX_PATH=${CMAKE_PREFIX_PATH}:/home/adas/Documents/Ayush/dev/straight_ws/install/examples_tf2_py:/home/adas/Documents/Ayush/dev/straight_ws/install/nav2_simple_commander:/home/adas/Documents/Ayush/dev/straight_ws/install/nav2_gazebo_spawner:/home/adas/Documents/Ayush/dev/straightline_ws/install/examples_tf2_py:/home/adas/Documents/Ayush/dev/straightline_ws/install/nav2_simple_commander:/home/adas/Documents/Ayush/dev/straightline_ws/install/nav2_gazebo_spawner:/opt/ros/foxy /usr/bin/cmake --install /home/adas/Documents/Ayush/dev/straight_ws/build/nav2_common
