[0.211s] Invoking command in '/home/adas/Documents/Ayush/dev/straight_ws/build/tf2_ros': AMENT_PREFIX_PATH=/home/adas/Documents/Ayush/dev/straight_ws/install/tf2_py:/home/adas/Documents/Ayush/dev/straight_ws/install/tf2_msgs:/home/adas/Documents/Ayush/dev/straight_ws/install/tf2:${AMENT_PREFIX_PATH} CMAKE_PREFIX_PATH=/home/adas/Documents/Ayush/dev/straight_ws/install/tf2_py:/home/adas/Documents/Ayush/dev/straight_ws/install/tf2_msgs:/home/adas/Documents/Ayush/dev/straight_ws/install/tf2:/home/adas/Documents/Ayush/dev/straightline_ws/install/geometry2:/home/adas/Documents/Ayush/dev/straightline_ws/install/tf2_tools:/home/adas/Documents/Ayush/dev/straightline_ws/install/nav2_system_tests:/home/adas/Documents/Ayush/dev/straightline_ws/install/nav2_bringup:/home/adas/Documents/Ayush/dev/straightline_ws/install/navigation2:/home/adas/Documents/Ayush/dev/straightline_ws/install/smac_planner:/home/adas/Documents/Ayush/dev/straightline_ws/install/nav2_regulated_pure_pursuit_controller:/home/adas/Documents/Ayush/dev/straightline_ws/install/nav2_recoveries:/home/adas/Documents/Ayush/dev/straightline_ws/install/nav2_planner:/home/adas/Documents/Ayush/dev/straightline_ws/install/nav2_navfn_planner:/home/adas/Documents/Ayush/dev/straightline_ws/install/nav2_dwb_controller:/home/adas/Documents/Ayush/dev/straightline_ws/install/nav2_controller:/home/adas/Documents/Ayush/dev/straightline_ws/install/dwb_plugins:/home/adas/Documents/Ayush/dev/straightline_ws/install/dwb_critics:/home/adas/Documents/Ayush/dev/straightline_ws/install/dwb_core:/home/adas/Documents/Ayush/dev/straightline_ws/install/nav2_core:/home/adas/Documents/Ayush/dev/straightline_ws/install/costmap_queue:/home/adas/Documents/Ayush/dev/straightline_ws/install/nav2_costmap_2d:/home/adas/Documents/Ayush/dev/straightline_ws/install/tf2_sensor_msgs:/home/adas/Documents/Ayush/dev/straightline_ws/install/test_tf2:/home/adas/Documents/Ayush/dev/straightline_ws/install/tf2_kdl:/home/adas/Documents/Ayush/dev/straightline_ws/install/nav_2d_utils:/home/adas/Documents/Ayush/dev/straightline_ws/install/nav2_waypoint_follower:/home/adas/Documents/Ayush/dev/straightline_ws/install/nav2_rviz_plugins:/home/adas/Documents/Ayush/dev/straightline_ws/install/nav2_map_server:/home/adas/Documents/Ayush/dev/straightline_ws/install/nav2_lifecycle_manager:/home/adas/Documents/Ayush/dev/straightline_ws/install/nav2_bt_navigator:/home/adas/Documents/Ayush/dev/straightline_ws/install/nav2_behavior_tree:/home/adas/Documents/Ayush/dev/straightline_ws/install/nav2_amcl:/home/adas/Documents/Ayush/dev/straightline_ws/install/nav2_util:/home/adas/Documents/Ayush/dev/straightline_ws/install/tf2_geometry_msgs:/home/adas/Documents/Ayush/dev/straightline_ws/install/tf2_eigen:/home/adas/Documents/Ayush/dev/straightline_ws/install/tf2_bullet:/home/adas/Documents/Ayush/dev/straightline_ws/install/tf2_ros:/home/adas/Documents/Ayush/dev/straightline_ws/install/tf2_py:/home/adas/Documents/Ayush/dev/straightline_ws/install/tf2_msgs:/home/adas/Documents/Ayush/dev/straightline_ws/install/tf2_eigen_kdl:/home/adas/Documents/Ayush/dev/straightline_ws/install/tf2:/home/adas/Documents/Ayush/dev/straightline_ws/install/dwb_msgs:/home/adas/Documents/Ayush/dev/straightline_ws/install/nav_2d_msgs:/home/adas/Documents/Ayush/dev/straightline_ws/install/nav2_voxel_grid:/home/adas/Documents/Ayush/dev/straightline_ws/install/nav2_msgs:/home/adas/Documents/Ayush/dev/straightline_ws/install/nav2_common:/home/adas/Documents/Ayush/dev/straightline_ws/install/aws_robomaker_small_warehouse_world:/home/adas/Documents/Ayush/dev/straightline_ws/install/examples_tf2_py:/home/adas/Documents/Ayush/dev/straightline_ws/install/nav2_simple_commander:/home/adas/Documents/Ayush/dev/straightline_ws/install/nav2_gazebo_spawner:/opt/ros/foxy LD_LIBRARY_PATH=/home/adas/Documents/Ayush/dev/straight_ws/install/tf2_msgs/lib:/home/adas/Documents/Ayush/dev/straight_ws/install/tf2/lib:${LD_LIBRARY_PATH} PYTHONPATH=/home/adas/Documents/Ayush/dev/straight_ws/install/tf2_py/lib/python3.8/site-packages:/home/adas/Documents/Ayush/dev/straight_ws/install/tf2_msgs/lib/python3.8/site-packages:${PYTHONPATH} /usr/bin/cmake /home/adas/Documents/Ayush/dev/straight_ws/src/geometry2/tf2_ros -DCMAKE_INSTALL_PREFIX=/home/adas/Documents/Ayush/dev/straight_ws/install/tf2_ros
[0.577s] -- The C compiler identification is GNU 9.3.0
[0.826s] -- The CXX compiler identification is GNU 9.3.0
[0.848s] -- Check for working C compiler: /usr/bin/cc
[1.204s] -- Check for working C compiler: /usr/bin/cc -- works
[1.205s] -- Detecting C compiler ABI info
[1.545s] -- Detecting C compiler ABI info - done
[1.584s] -- Detecting C compile features
[1.585s] -- Detecting C compile features - done
[1.589s] -- Check for working CXX compiler: /usr/bin/c++
[1.992s] -- Check for working CXX compiler: /usr/bin/c++ -- works
[1.993s] -- Detecting CXX compiler ABI info
[2.384s] -- Detecting CXX compiler ABI info - done
[2.404s] -- Detecting CXX compile features
[2.405s] -- Detecting CXX compile features - done
[2.436s] -- Found ament_cmake: 0.9.8 (/opt/ros/foxy/share/ament_cmake/cmake)
[2.518s] -- Found PythonInterp: /usr/bin/python3 (found suitable version "3.8.10", minimum required is "3") 
[2.518s] -- Using PYTHON_EXECUTABLE: /usr/bin/python3
[3.391s] -- Found builtin_interfaces: 1.0.0 (/opt/ros/foxy/share/builtin_interfaces/cmake)
[3.579s] -- Using all available rosidl_typesupport_c: rosidl_typesupport_fastrtps_c;rosidl_typesupport_introspection_c
[3.641s] -- Found rosidl_adapter: 1.2.1 (/opt/ros/foxy/share/rosidl_adapter/cmake)
[4.140s] -- Found OpenSSL: /usr/lib/x86_64-linux-gnu/libcrypto.so (found version "1.1.1f")  
[4.199s] -- Found FastRTPS: /opt/ros/foxy/include  
[4.548s] -- Using all available rosidl_typesupport_cpp: rosidl_typesupport_fastrtps_cpp;rosidl_typesupport_introspection_cpp
[4.696s] -- Found geometry_msgs: 2.0.4 (/opt/ros/foxy/share/geometry_msgs/cmake)
[4.923s] -- Found message_filters: 3.2.5 (/opt/ros/foxy/share/message_filters/cmake)
[4.957s] -- Found rcl_interfaces: 1.0.0 (/opt/ros/foxy/share/rcl_interfaces/cmake)
[5.029s] -- Found rclcpp: 2.3.1 (/opt/ros/foxy/share/rclcpp/cmake)
[5.203s] -- Found rmw_implementation_cmake: 1.0.3 (/opt/ros/foxy/share/rmw_implementation_cmake/cmake)
[5.210s] -- Using RMW implementation 'rmw_fastrtps_cpp' as default
[5.213s] -- Looking for pthread.h
[5.690s] -- Looking for pthread.h - found
[5.691s] -- Performing Test CMAKE_HAVE_LIBC_PTHREAD
[6.031s] -- Performing Test CMAKE_HAVE_LIBC_PTHREAD - Failed
[6.031s] -- Looking for pthread_create in pthreads
[6.408s] -- Looking for pthread_create in pthreads - not found
[6.408s] -- Looking for pthread_create in pthread
[6.750s] -- Looking for pthread_create in pthread - found
[6.752s] -- Found Threads: TRUE  
[7.253s] -- Found rclcpp_action: 2.3.1 (/opt/ros/foxy/share/rclcpp_action/cmake)
[7.428s] -- Found rclcpp_components: 2.3.1 (/opt/ros/foxy/share/rclcpp_components/cmake)
[7.620s] -- Found tf2: 0.13.11 (/home/adas/Documents/Ayush/dev/straight_ws/install/tf2/share/tf2/cmake)
[7.648s] -- Found tf2_msgs: 0.13.11 (/home/adas/Documents/Ayush/dev/straight_ws/install/tf2_msgs/share/tf2_msgs/cmake)
[8.046s] -- Found ament_cmake_gtest: 0.9.8 (/opt/ros/foxy/share/ament_cmake_gtest/cmake)
[8.058s] -- Found gtest sources under '/opt/ros/foxy/src/gtest_vendor': C++ tests using 'Google Test' will be built
[8.061s] -- Check if compiler accepts -pthread
[8.390s] -- Check if compiler accepts -pthread - yes
[8.499s] -- Found python_cmake_module: 0.8.1 (/opt/ros/foxy/share/python_cmake_module/cmake)
[8.537s] -- Found PythonInterp: /usr/bin/python3 (found suitable version "3.8.10", minimum required is "3.5") 
[8.550s] -- Found PythonLibs: /usr/lib/x86_64-linux-gnu/libpython3.8.so (found suitable version "3.8.10", minimum required is "3.5") 
[8.550s] -- Using PYTHON_EXECUTABLE: /usr/bin/python3
[8.550s] -- Using PYTHON_INCLUDE_DIRS: /usr/include/python3.8
[8.550s] -- Using PYTHON_LIBRARIES: /usr/lib/x86_64-linux-gnu/libpython3.8.so
[8.591s] -- Found PythonExtra: .so  
[8.598s] -- Found ament_cmake_pytest: 0.9.8 (/opt/ros/foxy/share/ament_cmake_pytest/cmake)
[9.507s] -- Configuring done
[9.678s] -- Generating done
[9.682s] -- Build files have been written to: /home/adas/Documents/Ayush/dev/straight_ws/build/tf2_ros
[9.702s] Invoked command in '/home/adas/Documents/Ayush/dev/straight_ws/build/tf2_ros' returned '0': AMENT_PREFIX_PATH=/home/adas/Documents/Ayush/dev/straight_ws/install/tf2_py:/home/adas/Documents/Ayush/dev/straight_ws/install/tf2_msgs:/home/adas/Documents/Ayush/dev/straight_ws/install/tf2:${AMENT_PREFIX_PATH} CMAKE_PREFIX_PATH=/home/adas/Documents/Ayush/dev/straight_ws/install/tf2_py:/home/adas/Documents/Ayush/dev/straight_ws/install/tf2_msgs:/home/adas/Documents/Ayush/dev/straight_ws/install/tf2:/home/adas/Documents/Ayush/dev/straightline_ws/install/geometry2:/home/adas/Documents/Ayush/dev/straightline_ws/install/tf2_tools:/home/adas/Documents/Ayush/dev/straightline_ws/install/nav2_system_tests:/home/adas/Documents/Ayush/dev/straightline_ws/install/nav2_bringup:/home/adas/Documents/Ayush/dev/straightline_ws/install/navigation2:/home/adas/Documents/Ayush/dev/straightline_ws/install/smac_planner:/home/adas/Documents/Ayush/dev/straightline_ws/install/nav2_regulated_pure_pursuit_controller:/home/adas/Documents/Ayush/dev/straightline_ws/install/nav2_recoveries:/home/adas/Documents/Ayush/dev/straightline_ws/install/nav2_planner:/home/adas/Documents/Ayush/dev/straightline_ws/install/nav2_navfn_planner:/home/adas/Documents/Ayush/dev/straightline_ws/install/nav2_dwb_controller:/home/adas/Documents/Ayush/dev/straightline_ws/install/nav2_controller:/home/adas/Documents/Ayush/dev/straightline_ws/install/dwb_plugins:/home/adas/Documents/Ayush/dev/straightline_ws/install/dwb_critics:/home/adas/Documents/Ayush/dev/straightline_ws/install/dwb_core:/home/adas/Documents/Ayush/dev/straightline_ws/install/nav2_core:/home/adas/Documents/Ayush/dev/straightline_ws/install/costmap_queue:/home/adas/Documents/Ayush/dev/straightline_ws/install/nav2_costmap_2d:/home/adas/Documents/Ayush/dev/straightline_ws/install/tf2_sensor_msgs:/home/adas/Documents/Ayush/dev/straightline_ws/install/test_tf2:/home/adas/Documents/Ayush/dev/straightline_ws/install/tf2_kdl:/home/adas/Documents/Ayush/dev/straightline_ws/install/nav_2d_utils:/home/adas/Documents/Ayush/dev/straightline_ws/install/nav2_waypoint_follower:/home/adas/Documents/Ayush/dev/straightline_ws/install/nav2_rviz_plugins:/home/adas/Documents/Ayush/dev/straightline_ws/install/nav2_map_server:/home/adas/Documents/Ayush/dev/straightline_ws/install/nav2_lifecycle_manager:/home/adas/Documents/Ayush/dev/straightline_ws/install/nav2_bt_navigator:/home/adas/Documents/Ayush/dev/straightline_ws/install/nav2_behavior_tree:/home/adas/Documents/Ayush/dev/straightline_ws/install/nav2_amcl:/home/adas/Documents/Ayush/dev/straightline_ws/install/nav2_util:/home/adas/Documents/Ayush/dev/straightline_ws/install/tf2_geometry_msgs:/home/adas/Documents/Ayush/dev/straightline_ws/install/tf2_eigen:/home/adas/Documents/Ayush/dev/straightline_ws/install/tf2_bullet:/home/adas/Documents/Ayush/dev/straightline_ws/install/tf2_ros:/home/adas/Documents/Ayush/dev/straightline_ws/install/tf2_py:/home/adas/Documents/Ayush/dev/straightline_ws/install/tf2_msgs:/home/adas/Documents/Ayush/dev/straightline_ws/install/tf2_eigen_kdl:/home/adas/Documents/Ayush/dev/straightline_ws/install/tf2:/home/adas/Documents/Ayush/dev/straightline_ws/install/dwb_msgs:/home/adas/Documents/Ayush/dev/straightline_ws/install/nav_2d_msgs:/home/adas/Documents/Ayush/dev/straightline_ws/install/nav2_voxel_grid:/home/adas/Documents/Ayush/dev/straightline_ws/install/nav2_msgs:/home/adas/Documents/Ayush/dev/straightline_ws/install/nav2_common:/home/adas/Documents/Ayush/dev/straightline_ws/install/aws_robomaker_small_warehouse_world:/home/adas/Documents/Ayush/dev/straightline_ws/install/examples_tf2_py:/home/adas/Documents/Ayush/dev/straightline_ws/install/nav2_simple_commander:/home/adas/Documents/Ayush/dev/straightline_ws/install/nav2_gazebo_spawner:/opt/ros/foxy LD_LIBRARY_PATH=/home/adas/Documents/Ayush/dev/straight_ws/install/tf2_msgs/lib:/home/adas/Documents/Ayush/dev/straight_ws/install/tf2/lib:${LD_LIBRARY_PATH} PYTHONPATH=/home/adas/Documents/Ayush/dev/straight_ws/install/tf2_py/lib/python3.8/site-packages:/home/adas/Documents/Ayush/dev/straight_ws/install/tf2_msgs/lib/python3.8/site-packages:${PYTHONPATH} /usr/bin/cmake /home/adas/Documents/Ayush/dev/straight_ws/src/geometry2/tf2_ros -DCMAKE_INSTALL_PREFIX=/home/adas/Documents/Ayush/dev/straight_ws/install/tf2_ros
[9.703s] Invoking command in '/home/adas/Documents/Ayush/dev/straight_ws/build/tf2_ros': AMENT_PREFIX_PATH=/home/adas/Documents/Ayush/dev/straight_ws/install/tf2_py:/home/adas/Documents/Ayush/dev/straight_ws/install/tf2_msgs:/home/adas/Documents/Ayush/dev/straight_ws/install/tf2:${AMENT_PREFIX_PATH} CMAKE_PREFIX_PATH=/home/adas/Documents/Ayush/dev/straight_ws/install/tf2_py:/home/adas/Documents/Ayush/dev/straight_ws/install/tf2_msgs:/home/adas/Documents/Ayush/dev/straight_ws/install/tf2:/home/adas/Documents/Ayush/dev/straightline_ws/install/geometry2:/home/adas/Documents/Ayush/dev/straightline_ws/install/tf2_tools:/home/adas/Documents/Ayush/dev/straightline_ws/install/nav2_system_tests:/home/adas/Documents/Ayush/dev/straightline_ws/install/nav2_bringup:/home/adas/Documents/Ayush/dev/straightline_ws/install/navigation2:/home/adas/Documents/Ayush/dev/straightline_ws/install/smac_planner:/home/adas/Documents/Ayush/dev/straightline_ws/install/nav2_regulated_pure_pursuit_controller:/home/adas/Documents/Ayush/dev/straightline_ws/install/nav2_recoveries:/home/adas/Documents/Ayush/dev/straightline_ws/install/nav2_planner:/home/adas/Documents/Ayush/dev/straightline_ws/install/nav2_navfn_planner:/home/adas/Documents/Ayush/dev/straightline_ws/install/nav2_dwb_controller:/home/adas/Documents/Ayush/dev/straightline_ws/install/nav2_controller:/home/adas/Documents/Ayush/dev/straightline_ws/install/dwb_plugins:/home/adas/Documents/Ayush/dev/straightline_ws/install/dwb_critics:/home/adas/Documents/Ayush/dev/straightline_ws/install/dwb_core:/home/adas/Documents/Ayush/dev/straightline_ws/install/nav2_core:/home/adas/Documents/Ayush/dev/straightline_ws/install/costmap_queue:/home/adas/Documents/Ayush/dev/straightline_ws/install/nav2_costmap_2d:/home/adas/Documents/Ayush/dev/straightline_ws/install/tf2_sensor_msgs:/home/adas/Documents/Ayush/dev/straightline_ws/install/test_tf2:/home/adas/Documents/Ayush/dev/straightline_ws/install/tf2_kdl:/home/adas/Documents/Ayush/dev/straightline_ws/install/nav_2d_utils:/home/adas/Documents/Ayush/dev/straightline_ws/install/nav2_waypoint_follower:/home/adas/Documents/Ayush/dev/straightline_ws/install/nav2_rviz_plugins:/home/adas/Documents/Ayush/dev/straightline_ws/install/nav2_map_server:/home/adas/Documents/Ayush/dev/straightline_ws/install/nav2_lifecycle_manager:/home/adas/Documents/Ayush/dev/straightline_ws/install/nav2_bt_navigator:/home/adas/Documents/Ayush/dev/straightline_ws/install/nav2_behavior_tree:/home/adas/Documents/Ayush/dev/straightline_ws/install/nav2_amcl:/home/adas/Documents/Ayush/dev/straightline_ws/install/nav2_util:/home/adas/Documents/Ayush/dev/straightline_ws/install/tf2_geometry_msgs:/home/adas/Documents/Ayush/dev/straightline_ws/install/tf2_eigen:/home/adas/Documents/Ayush/dev/straightline_ws/install/tf2_bullet:/home/adas/Documents/Ayush/dev/straightline_ws/install/tf2_ros:/home/adas/Documents/Ayush/dev/straightline_ws/install/tf2_py:/home/adas/Documents/Ayush/dev/straightline_ws/install/tf2_msgs:/home/adas/Documents/Ayush/dev/straightline_ws/install/tf2_eigen_kdl:/home/adas/Documents/Ayush/dev/straightline_ws/install/tf2:/home/adas/Documents/Ayush/dev/straightline_ws/install/dwb_msgs:/home/adas/Documents/Ayush/dev/straightline_ws/install/nav_2d_msgs:/home/adas/Documents/Ayush/dev/straightline_ws/install/nav2_voxel_grid:/home/adas/Documents/Ayush/dev/straightline_ws/install/nav2_msgs:/home/adas/Documents/Ayush/dev/straightline_ws/install/nav2_common:/home/adas/Documents/Ayush/dev/straightline_ws/install/aws_robomaker_small_warehouse_world:/home/adas/Documents/Ayush/dev/straightline_ws/install/examples_tf2_py:/home/adas/Documents/Ayush/dev/straightline_ws/install/nav2_simple_commander:/home/adas/Documents/Ayush/dev/straightline_ws/install/nav2_gazebo_spawner:/opt/ros/foxy LD_LIBRARY_PATH=/home/adas/Documents/Ayush/dev/straight_ws/install/tf2_msgs/lib:/home/adas/Documents/Ayush/dev/straight_ws/install/tf2/lib:${LD_LIBRARY_PATH} PYTHONPATH=/home/adas/Documents/Ayush/dev/straight_ws/install/tf2_py/lib/python3.8/site-packages:/home/adas/Documents/Ayush/dev/straight_ws/install/tf2_msgs/lib/python3.8/site-packages:${PYTHONPATH} /usr/bin/cmake --build /home/adas/Documents/Ayush/dev/straight_ws/build/tf2_ros -- -j8 -l8
[9.799s] [35m[1mScanning dependencies of target gtest[0m
[9.836s] [  2%] [32mBuilding CXX object gtest/CMakeFiles/gtest.dir/src/gtest-all.cc.o[0m
[13.865s] [  5%] [32m[1mLinking CXX static library libgtest.a[0m
[13.930s] [  5%] Built target gtest
[13.950s] [35m[1mScanning dependencies of target gtest_main[0m
[13.951s] [35m[1mScanning dependencies of target tf2_ros[0m
[13.977s] [  7%] [32mBuilding CXX object gtest/CMakeFiles/gtest_main.dir/src/gtest_main.cc.o[0m
[14.061s] [ 10%] [32mBuilding CXX object CMakeFiles/tf2_ros.dir/src/create_timer_ros.cpp.o[0m
[14.072s] [ 12%] [32mBuilding CXX object CMakeFiles/tf2_ros.dir/src/buffer.cpp.o[0m
[14.869s] [ 15%] [32m[1mLinking CXX static library libgtest_main.a[0m
[14.929s] [ 15%] Built target gtest_main
[16.855s] [ 17%] [32mBuilding CXX object CMakeFiles/tf2_ros.dir/src/static_transform_broadcaster.cpp.o[0m
[17.895s] [ 20%] [32mBuilding CXX object CMakeFiles/tf2_ros.dir/src/transform_broadcaster.cpp.o[0m
[19.620s] [ 22%] [32mBuilding CXX object CMakeFiles/tf2_ros.dir/src/buffer_server.cpp.o[0m
[21.008s] [ 25%] [32mBuilding CXX object CMakeFiles/tf2_ros.dir/src/buffer_client.cpp.o[0m
[24.801s] [ 27%] [32mBuilding CXX object CMakeFiles/tf2_ros.dir/src/transform_listener.cpp.o[0m
[30.300s] [ 30%] [32m[1mLinking CXX shared library libtf2_ros.so[0m
[30.684s] [ 30%] Built target tf2_ros
[30.702s] [35m[1mScanning dependencies of target tf2_ros_test_listener[0m
[30.702s] [35m[1mScanning dependencies of target tf2_ros_test_time_reset[0m
[30.771s] [ 32%] [32mBuilding CXX object CMakeFiles/tf2_ros_test_time_reset.dir/test/time_reset_test.cpp.o[0m
[30.771s] [ 35%] [32mBuilding CXX object CMakeFiles/tf2_ros_test_listener.dir/test/listener_unittest.cpp.o[0m
[31.766s] [35m[1mScanning dependencies of target static_transform_broadcaster_node[0m
[31.829s] [ 37%] [32mBuilding CXX object CMakeFiles/static_transform_broadcaster_node.dir/src/static_transform_broadcaster_node.cpp.o[0m
[32.824s] [35m[1mScanning dependencies of target test_buffer_server[0m
[32.905s] [ 40%] [32mBuilding CXX object CMakeFiles/test_buffer_server.dir/test/test_buffer_server.cpp.o[0m
[33.899s] [35m[1mScanning dependencies of target buffer_server[0m
[33.975s] [ 42%] [32mBuilding CXX object CMakeFiles/buffer_server.dir/src/buffer_server_main.cpp.o[0m
[35.001s] [35m[1mScanning dependencies of target test_buffer[0m
[35.119s] [ 45%] [32mBuilding CXX object CMakeFiles/test_buffer.dir/test/test_buffer.cpp.o[0m
[36.111s] [ 47%] [32m[1mLinking CXX executable tf2_ros_test_time_reset[0m
[36.143s] [35m[1mScanning dependencies of target tf2_monitor[0m
[36.270s] [ 50%] [32mBuilding CXX object CMakeFiles/tf2_monitor.dir/src/tf2_monitor.cpp.o[0m
[36.808s] [ 52%] [32m[1mLinking CXX shared library libstatic_transform_broadcaster_node.so[0m
[36.937s] [ 52%] Built target tf2_ros_test_time_reset
[37.374s] [ 52%] Built target static_transform_broadcaster_node
[37.919s] [ 55%] [32m[1mLinking CXX executable tf2_ros_test_listener[0m
[38.601s] [ 57%] [32m[1mLinking CXX executable buffer_server[0m
[38.708s] [ 57%] Built target tf2_ros_test_listener
[39.138s] [ 57%] Built target buffer_server
[39.473s] [ 60%] [32m[1mLinking CXX executable test_buffer_server[0m
[39.517s] [ 62%] [32m[1mLinking CXX executable test_buffer[0m
[40.177s] [ 62%] Built target test_buffer
[40.239s] [ 62%] Built target test_buffer_server
[42.901s] [ 65%] [32m[1mLinking CXX executable tf2_monitor[0m
[43.398s] [ 65%] Built target tf2_monitor
[43.417s] [35m[1mScanning dependencies of target static_transform_publisher[0m
[43.418s] [35m[1mScanning dependencies of target tf2_ros_test_transform_listener[0m
[43.485s] [ 67%] [32mBuilding CXX object CMakeFiles/static_transform_publisher.dir/src/static_transform_broadcaster_program.cpp.o[0m
[43.494s] [ 70%] [32mBuilding CXX object CMakeFiles/tf2_ros_test_transform_listener.dir/test/test_transform_listener.cpp.o[0m
[45.869s] [ 72%] [32m[1mLinking CXX executable static_transform_publisher[0m
[46.086s] [ 72%] Built target static_transform_publisher
[46.101s] [35m[1mScanning dependencies of target tf2_ros_test_message_filter[0m
[46.167s] [ 75%] [32mBuilding CXX object CMakeFiles/tf2_ros_test_message_filter.dir/test/message_filter_test.cpp.o[0m
[50.399s] [ 77%] [32m[1mLinking CXX executable tf2_ros_test_transform_listener[0m
[50.867s] [ 77%] Built target tf2_ros_test_transform_listener
[50.886s] [35m[1mScanning dependencies of target tf2_echo[0m
[50.886s] [35m[1mScanning dependencies of target tf2_ros_test_transform_broadcaster[0m
[50.951s] [ 80%] [32mBuilding CXX object CMakeFiles/tf2_ros_test_transform_broadcaster.dir/test/test_transform_broadcaster.cpp.o[0m
[50.958s] [ 82%] [32mBuilding CXX object CMakeFiles/tf2_echo.dir/src/tf2_echo.cpp.o[0m
[52.828s] [ 85%] [32m[1mLinking CXX executable tf2_echo[0m
[53.079s] [ 85%] Built target tf2_echo
[53.093s] [35m[1mScanning dependencies of target test_buffer_client[0m
[53.160s] [ 87%] [32mBuilding CXX object CMakeFiles/test_buffer_client.dir/test/test_buffer_client.cpp.o[0m
[54.200s] [ 90%] [32m[1mLinking CXX executable tf2_ros_test_message_filter[0m
[54.850s] [ 90%] Built target tf2_ros_test_message_filter
[54.869s] [35m[1mScanning dependencies of target tf2_ros_test_static_transform_broadcaster[0m
[54.934s] [ 92%] [32mBuilding CXX object CMakeFiles/tf2_ros_test_static_transform_broadcaster.dir/test/test_static_transform_broadcaster.cpp.o[0m
[55.080s] [ 95%] [32m[1mLinking CXX executable tf2_ros_test_transform_broadcaster[0m
[55.411s] [ 95%] Built target tf2_ros_test_transform_broadcaster
[57.143s] [ 97%] [32m[1mLinking CXX executable test_buffer_client[0m
[57.583s] [ 97%] Built target test_buffer_client
[58.438s] [100%] [32m[1mLinking CXX executable tf2_ros_test_static_transform_broadcaster[0m
[58.720s] [100%] Built target tf2_ros_test_static_transform_broadcaster
[58.734s] Invoked command in '/home/adas/Documents/Ayush/dev/straight_ws/build/tf2_ros' returned '0': AMENT_PREFIX_PATH=/home/adas/Documents/Ayush/dev/straight_ws/install/tf2_py:/home/adas/Documents/Ayush/dev/straight_ws/install/tf2_msgs:/home/adas/Documents/Ayush/dev/straight_ws/install/tf2:${AMENT_PREFIX_PATH} CMAKE_PREFIX_PATH=/home/adas/Documents/Ayush/dev/straight_ws/install/tf2_py:/home/adas/Documents/Ayush/dev/straight_ws/install/tf2_msgs:/home/adas/Documents/Ayush/dev/straight_ws/install/tf2:/home/adas/Documents/Ayush/dev/straightline_ws/install/geometry2:/home/adas/Documents/Ayush/dev/straightline_ws/install/tf2_tools:/home/adas/Documents/Ayush/dev/straightline_ws/install/nav2_system_tests:/home/adas/Documents/Ayush/dev/straightline_ws/install/nav2_bringup:/home/adas/Documents/Ayush/dev/straightline_ws/install/navigation2:/home/adas/Documents/Ayush/dev/straightline_ws/install/smac_planner:/home/adas/Documents/Ayush/dev/straightline_ws/install/nav2_regulated_pure_pursuit_controller:/home/adas/Documents/Ayush/dev/straightline_ws/install/nav2_recoveries:/home/adas/Documents/Ayush/dev/straightline_ws/install/nav2_planner:/home/adas/Documents/Ayush/dev/straightline_ws/install/nav2_navfn_planner:/home/adas/Documents/Ayush/dev/straightline_ws/install/nav2_dwb_controller:/home/adas/Documents/Ayush/dev/straightline_ws/install/nav2_controller:/home/adas/Documents/Ayush/dev/straightline_ws/install/dwb_plugins:/home/adas/Documents/Ayush/dev/straightline_ws/install/dwb_critics:/home/adas/Documents/Ayush/dev/straightline_ws/install/dwb_core:/home/adas/Documents/Ayush/dev/straightline_ws/install/nav2_core:/home/adas/Documents/Ayush/dev/straightline_ws/install/costmap_queue:/home/adas/Documents/Ayush/dev/straightline_ws/install/nav2_costmap_2d:/home/adas/Documents/Ayush/dev/straightline_ws/install/tf2_sensor_msgs:/home/adas/Documents/Ayush/dev/straightline_ws/install/test_tf2:/home/adas/Documents/Ayush/dev/straightline_ws/install/tf2_kdl:/home/adas/Documents/Ayush/dev/straightline_ws/install/nav_2d_utils:/home/adas/Documents/Ayush/dev/straightline_ws/install/nav2_waypoint_follower:/home/adas/Documents/Ayush/dev/straightline_ws/install/nav2_rviz_plugins:/home/adas/Documents/Ayush/dev/straightline_ws/install/nav2_map_server:/home/adas/Documents/Ayush/dev/straightline_ws/install/nav2_lifecycle_manager:/home/adas/Documents/Ayush/dev/straightline_ws/install/nav2_bt_navigator:/home/adas/Documents/Ayush/dev/straightline_ws/install/nav2_behavior_tree:/home/adas/Documents/Ayush/dev/straightline_ws/install/nav2_amcl:/home/adas/Documents/Ayush/dev/straightline_ws/install/nav2_util:/home/adas/Documents/Ayush/dev/straightline_ws/install/tf2_geometry_msgs:/home/adas/Documents/Ayush/dev/straightline_ws/install/tf2_eigen:/home/adas/Documents/Ayush/dev/straightline_ws/install/tf2_bullet:/home/adas/Documents/Ayush/dev/straightline_ws/install/tf2_ros:/home/adas/Documents/Ayush/dev/straightline_ws/install/tf2_py:/home/adas/Documents/Ayush/dev/straightline_ws/install/tf2_msgs:/home/adas/Documents/Ayush/dev/straightline_ws/install/tf2_eigen_kdl:/home/adas/Documents/Ayush/dev/straightline_ws/install/tf2:/home/adas/Documents/Ayush/dev/straightline_ws/install/dwb_msgs:/home/adas/Documents/Ayush/dev/straightline_ws/install/nav_2d_msgs:/home/adas/Documents/Ayush/dev/straightline_ws/install/nav2_voxel_grid:/home/adas/Documents/Ayush/dev/straightline_ws/install/nav2_msgs:/home/adas/Documents/Ayush/dev/straightline_ws/install/nav2_common:/home/adas/Documents/Ayush/dev/straightline_ws/install/aws_robomaker_small_warehouse_world:/home/adas/Documents/Ayush/dev/straightline_ws/install/examples_tf2_py:/home/adas/Documents/Ayush/dev/straightline_ws/install/nav2_simple_commander:/home/adas/Documents/Ayush/dev/straightline_ws/install/nav2_gazebo_spawner:/opt/ros/foxy LD_LIBRARY_PATH=/home/adas/Documents/Ayush/dev/straight_ws/install/tf2_msgs/lib:/home/adas/Documents/Ayush/dev/straight_ws/install/tf2/lib:${LD_LIBRARY_PATH} PYTHONPATH=/home/adas/Documents/Ayush/dev/straight_ws/install/tf2_py/lib/python3.8/site-packages:/home/adas/Documents/Ayush/dev/straight_ws/install/tf2_msgs/lib/python3.8/site-packages:${PYTHONPATH} /usr/bin/cmake --build /home/adas/Documents/Ayush/dev/straight_ws/build/tf2_ros -- -j8 -l8
[58.847s] Invoking command in '/home/adas/Documents/Ayush/dev/straight_ws/build/tf2_ros': AMENT_PREFIX_PATH=/home/adas/Documents/Ayush/dev/straight_ws/install/tf2_py:/home/adas/Documents/Ayush/dev/straight_ws/install/tf2_msgs:/home/adas/Documents/Ayush/dev/straight_ws/install/tf2:${AMENT_PREFIX_PATH} CMAKE_PREFIX_PATH=/home/adas/Documents/Ayush/dev/straight_ws/install/tf2_py:/home/adas/Documents/Ayush/dev/straight_ws/install/tf2_msgs:/home/adas/Documents/Ayush/dev/straight_ws/install/tf2:/home/adas/Documents/Ayush/dev/straightline_ws/install/geometry2:/home/adas/Documents/Ayush/dev/straightline_ws/install/tf2_tools:/home/adas/Documents/Ayush/dev/straightline_ws/install/nav2_system_tests:/home/adas/Documents/Ayush/dev/straightline_ws/install/nav2_bringup:/home/adas/Documents/Ayush/dev/straightline_ws/install/navigation2:/home/adas/Documents/Ayush/dev/straightline_ws/install/smac_planner:/home/adas/Documents/Ayush/dev/straightline_ws/install/nav2_regulated_pure_pursuit_controller:/home/adas/Documents/Ayush/dev/straightline_ws/install/nav2_recoveries:/home/adas/Documents/Ayush/dev/straightline_ws/install/nav2_planner:/home/adas/Documents/Ayush/dev/straightline_ws/install/nav2_navfn_planner:/home/adas/Documents/Ayush/dev/straightline_ws/install/nav2_dwb_controller:/home/adas/Documents/Ayush/dev/straightline_ws/install/nav2_controller:/home/adas/Documents/Ayush/dev/straightline_ws/install/dwb_plugins:/home/adas/Documents/Ayush/dev/straightline_ws/install/dwb_critics:/home/adas/Documents/Ayush/dev/straightline_ws/install/dwb_core:/home/adas/Documents/Ayush/dev/straightline_ws/install/nav2_core:/home/adas/Documents/Ayush/dev/straightline_ws/install/costmap_queue:/home/adas/Documents/Ayush/dev/straightline_ws/install/nav2_costmap_2d:/home/adas/Documents/Ayush/dev/straightline_ws/install/tf2_sensor_msgs:/home/adas/Documents/Ayush/dev/straightline_ws/install/test_tf2:/home/adas/Documents/Ayush/dev/straightline_ws/install/tf2_kdl:/home/adas/Documents/Ayush/dev/straightline_ws/install/nav_2d_utils:/home/adas/Documents/Ayush/dev/straightline_ws/install/nav2_waypoint_follower:/home/adas/Documents/Ayush/dev/straightline_ws/install/nav2_rviz_plugins:/home/adas/Documents/Ayush/dev/straightline_ws/install/nav2_map_server:/home/adas/Documents/Ayush/dev/straightline_ws/install/nav2_lifecycle_manager:/home/adas/Documents/Ayush/dev/straightline_ws/install/nav2_bt_navigator:/home/adas/Documents/Ayush/dev/straightline_ws/install/nav2_behavior_tree:/home/adas/Documents/Ayush/dev/straightline_ws/install/nav2_amcl:/home/adas/Documents/Ayush/dev/straightline_ws/install/nav2_util:/home/adas/Documents/Ayush/dev/straightline_ws/install/tf2_geometry_msgs:/home/adas/Documents/Ayush/dev/straightline_ws/install/tf2_eigen:/home/adas/Documents/Ayush/dev/straightline_ws/install/tf2_bullet:/home/adas/Documents/Ayush/dev/straightline_ws/install/tf2_ros:/home/adas/Documents/Ayush/dev/straightline_ws/install/tf2_py:/home/adas/Documents/Ayush/dev/straightline_ws/install/tf2_msgs:/home/adas/Documents/Ayush/dev/straightline_ws/install/tf2_eigen_kdl:/home/adas/Documents/Ayush/dev/straightline_ws/install/tf2:/home/adas/Documents/Ayush/dev/straightline_ws/install/dwb_msgs:/home/adas/Documents/Ayush/dev/straightline_ws/install/nav_2d_msgs:/home/adas/Documents/Ayush/dev/straightline_ws/install/nav2_voxel_grid:/home/adas/Documents/Ayush/dev/straightline_ws/install/nav2_msgs:/home/adas/Documents/Ayush/dev/straightline_ws/install/nav2_common:/home/adas/Documents/Ayush/dev/straightline_ws/install/aws_robomaker_small_warehouse_world:/home/adas/Documents/Ayush/dev/straightline_ws/install/examples_tf2_py:/home/adas/Documents/Ayush/dev/straightline_ws/install/nav2_simple_commander:/home/adas/Documents/Ayush/dev/straightline_ws/install/nav2_gazebo_spawner:/opt/ros/foxy LD_LIBRARY_PATH=/home/adas/Documents/Ayush/dev/straight_ws/install/tf2_msgs/lib:/home/adas/Documents/Ayush/dev/straight_ws/install/tf2/lib:${LD_LIBRARY_PATH} PYTHONPATH=/home/adas/Documents/Ayush/dev/straight_ws/install/tf2_py/lib/python3.8/site-packages:/home/adas/Documents/Ayush/dev/straight_ws/install/tf2_msgs/lib/python3.8/site-packages:${PYTHONPATH} /usr/bin/cmake --install /home/adas/Documents/Ayush/dev/straight_ws/build/tf2_ros
[58.860s] -- Install configuration: ""
[58.860s] -- Installing: /home/adas/Documents/Ayush/dev/straight_ws/install/tf2_ros/share/tf2_ros/environment/pythonpath.sh
[58.860s] -- Installing: /home/adas/Documents/Ayush/dev/straight_ws/install/tf2_ros/share/tf2_ros/environment/pythonpath.dsv
[58.860s] -- Installing: /home/adas/Documents/Ayush/dev/straight_ws/install/tf2_ros/lib/python3.8/site-packages/tf2_ros
[58.860s] -- Installing: /home/adas/Documents/Ayush/dev/straight_ws/install/tf2_ros/lib/python3.8/site-packages/tf2_ros/buffer_interface.py
[58.860s] -- Installing: /home/adas/Documents/Ayush/dev/straight_ws/install/tf2_ros/lib/python3.8/site-packages/tf2_ros/buffer.py
[58.861s] -- Installing: /home/adas/Documents/Ayush/dev/straight_ws/install/tf2_ros/lib/python3.8/site-packages/tf2_ros/transform_listener.py
[58.861s] -- Installing: /home/adas/Documents/Ayush/dev/straight_ws/install/tf2_ros/lib/python3.8/site-packages/tf2_ros/static_transform_broadcaster.py
[58.861s] -- Installing: /home/adas/Documents/Ayush/dev/straight_ws/install/tf2_ros/lib/python3.8/site-packages/tf2_ros/transform_broadcaster.py
[58.861s] -- Installing: /home/adas/Documents/Ayush/dev/straight_ws/install/tf2_ros/lib/python3.8/site-packages/tf2_ros/__init__.py
[58.861s] -- Installing: /home/adas/Documents/Ayush/dev/straight_ws/install/tf2_ros/lib/python3.8/site-packages/tf2_ros/buffer_client.py
[58.901s] Listing '/home/adas/Documents/Ayush/dev/straight_ws/install/tf2_ros/lib/python3.8/site-packages/tf2_ros'...
[58.901s] Compiling '/home/adas/Documents/Ayush/dev/straight_ws/install/tf2_ros/lib/python3.8/site-packages/tf2_ros/__init__.py'...
[58.901s] Compiling '/home/adas/Documents/Ayush/dev/straight_ws/install/tf2_ros/lib/python3.8/site-packages/tf2_ros/buffer.py'...
[58.902s] Compiling '/home/adas/Documents/Ayush/dev/straight_ws/install/tf2_ros/lib/python3.8/site-packages/tf2_ros/buffer_client.py'...
[58.902s] Compiling '/home/adas/Documents/Ayush/dev/straight_ws/install/tf2_ros/lib/python3.8/site-packages/tf2_ros/buffer_interface.py'...
[58.902s] Compiling '/home/adas/Documents/Ayush/dev/straight_ws/install/tf2_ros/lib/python3.8/site-packages/tf2_ros/static_transform_broadcaster.py'...
[58.902s] Compiling '/home/adas/Documents/Ayush/dev/straight_ws/install/tf2_ros/lib/python3.8/site-packages/tf2_ros/transform_broadcaster.py'...
[58.902s] Compiling '/home/adas/Documents/Ayush/dev/straight_ws/install/tf2_ros/lib/python3.8/site-packages/tf2_ros/transform_listener.py'...
[58.907s] -- Installing: /home/adas/Documents/Ayush/dev/straight_ws/install/tf2_ros/lib/libtf2_ros.so
[58.911s] -- Set runtime path of "/home/adas/Documents/Ayush/dev/straight_ws/install/tf2_ros/lib/libtf2_ros.so" to ""
[58.912s] -- Installing: /home/adas/Documents/Ayush/dev/straight_ws/install/tf2_ros/lib/libstatic_transform_broadcaster_node.so
[58.913s] -- Set runtime path of "/home/adas/Documents/Ayush/dev/straight_ws/install/tf2_ros/lib/libstatic_transform_broadcaster_node.so" to ""
[58.913s] -- Installing: /home/adas/Documents/Ayush/dev/straight_ws/install/tf2_ros/lib/tf2_ros/buffer_server
[58.914s] -- Set runtime path of "/home/adas/Documents/Ayush/dev/straight_ws/install/tf2_ros/lib/tf2_ros/buffer_server" to ""
[58.914s] -- Installing: /home/adas/Documents/Ayush/dev/straight_ws/install/tf2_ros/lib/tf2_ros/static_transform_publisher
[58.915s] -- Set runtime path of "/home/adas/Documents/Ayush/dev/straight_ws/install/tf2_ros/lib/tf2_ros/static_transform_publisher" to ""
[58.915s] -- Installing: /home/adas/Documents/Ayush/dev/straight_ws/install/tf2_ros/lib/tf2_ros/tf2_echo
[58.916s] -- Set runtime path of "/home/adas/Documents/Ayush/dev/straight_ws/install/tf2_ros/lib/tf2_ros/tf2_echo" to ""
[58.916s] -- Installing: /home/adas/Documents/Ayush/dev/straight_ws/install/tf2_ros/lib/tf2_ros/tf2_monitor
[58.919s] -- Set runtime path of "/home/adas/Documents/Ayush/dev/straight_ws/install/tf2_ros/lib/tf2_ros/tf2_monitor" to ""
[58.919s] -- Installing: /home/adas/Documents/Ayush/dev/straight_ws/install/tf2_ros/include/tf2_ros
[58.919s] -- Installing: /home/adas/Documents/Ayush/dev/straight_ws/install/tf2_ros/include/tf2_ros/buffer_client.h
[58.919s] -- Installing: /home/adas/Documents/Ayush/dev/straight_ws/install/tf2_ros/include/tf2_ros/visibility_control.h
[58.919s] -- Installing: /home/adas/Documents/Ayush/dev/straight_ws/install/tf2_ros/include/tf2_ros/transform_listener.h
[58.920s] -- Installing: /home/adas/Documents/Ayush/dev/straight_ws/install/tf2_ros/include/tf2_ros/buffer.h
[58.920s] -- Installing: /home/adas/Documents/Ayush/dev/straight_ws/install/tf2_ros/include/tf2_ros/create_timer_interface.h
[58.920s] -- Installing: /home/adas/Documents/Ayush/dev/straight_ws/install/tf2_ros/include/tf2_ros/static_transform_broadcaster.h
[58.920s] -- Installing: /home/adas/Documents/Ayush/dev/straight_ws/install/tf2_ros/include/tf2_ros/static_transform_broadcaster_node.hpp
[58.920s] -- Installing: /home/adas/Documents/Ayush/dev/straight_ws/install/tf2_ros/include/tf2_ros/buffer_interface.h
[58.920s] -- Installing: /home/adas/Documents/Ayush/dev/straight_ws/install/tf2_ros/include/tf2_ros/qos.hpp
[58.921s] -- Installing: /home/adas/Documents/Ayush/dev/straight_ws/install/tf2_ros/include/tf2_ros/buffer_server.h
[58.921s] -- Installing: /home/adas/Documents/Ayush/dev/straight_ws/install/tf2_ros/include/tf2_ros/static_transform_broadcaster_visibility_control.h
[58.921s] -- Installing: /home/adas/Documents/Ayush/dev/straight_ws/install/tf2_ros/include/tf2_ros/async_buffer_interface.h
[58.921s] -- Installing: /home/adas/Documents/Ayush/dev/straight_ws/install/tf2_ros/include/tf2_ros/transform_broadcaster.h
[58.921s] -- Installing: /home/adas/Documents/Ayush/dev/straight_ws/install/tf2_ros/include/tf2_ros/message_filter.h
[58.921s] -- Installing: /home/adas/Documents/Ayush/dev/straight_ws/install/tf2_ros/include/tf2_ros/create_timer_ros.h
[58.921s] -- Installing: /home/adas/Documents/Ayush/dev/straight_ws/install/tf2_ros/share/tf2_ros/environment/library_path.sh
[58.922s] -- Installing: /home/adas/Documents/Ayush/dev/straight_ws/install/tf2_ros/share/tf2_ros/environment/library_path.dsv
[58.922s] -- Installing: /home/adas/Documents/Ayush/dev/straight_ws/install/tf2_ros/share/ament_index/resource_index/package_run_dependencies/tf2_ros
[58.922s] -- Installing: /home/adas/Documents/Ayush/dev/straight_ws/install/tf2_ros/share/ament_index/resource_index/parent_prefix_path/tf2_ros
[58.922s] -- Installing: /home/adas/Documents/Ayush/dev/straight_ws/install/tf2_ros/share/tf2_ros/environment/ament_prefix_path.sh
[58.922s] -- Installing: /home/adas/Documents/Ayush/dev/straight_ws/install/tf2_ros/share/tf2_ros/environment/ament_prefix_path.dsv
[58.922s] -- Installing: /home/adas/Documents/Ayush/dev/straight_ws/install/tf2_ros/share/tf2_ros/environment/path.sh
[58.923s] -- Installing: /home/adas/Documents/Ayush/dev/straight_ws/install/tf2_ros/share/tf2_ros/environment/path.dsv
[58.923s] -- Installing: /home/adas/Documents/Ayush/dev/straight_ws/install/tf2_ros/share/tf2_ros/local_setup.bash
[58.923s] -- Installing: /home/adas/Documents/Ayush/dev/straight_ws/install/tf2_ros/share/tf2_ros/local_setup.sh
[58.923s] -- Installing: /home/adas/Documents/Ayush/dev/straight_ws/install/tf2_ros/share/tf2_ros/local_setup.zsh
[58.923s] -- Installing: /home/adas/Documents/Ayush/dev/straight_ws/install/tf2_ros/share/tf2_ros/local_setup.dsv
[58.923s] -- Installing: /home/adas/Documents/Ayush/dev/straight_ws/install/tf2_ros/share/tf2_ros/package.dsv
[58.923s] -- Installing: /home/adas/Documents/Ayush/dev/straight_ws/install/tf2_ros/share/ament_index/resource_index/packages/tf2_ros
[58.924s] -- Installing: /home/adas/Documents/Ayush/dev/straight_ws/install/tf2_ros/share/ament_index/resource_index/rclcpp_components/tf2_ros
[58.924s] -- Installing: /home/adas/Documents/Ayush/dev/straight_ws/install/tf2_ros/share/tf2_ros/cmake/tf2_rosExport.cmake
[58.924s] -- Installing: /home/adas/Documents/Ayush/dev/straight_ws/install/tf2_ros/share/tf2_ros/cmake/tf2_rosExport-noconfig.cmake
[58.924s] -- Installing: /home/adas/Documents/Ayush/dev/straight_ws/install/tf2_ros/share/tf2_ros/cmake/static_transform_broadcaster_nodeExport.cmake
[58.924s] -- Installing: /home/adas/Documents/Ayush/dev/straight_ws/install/tf2_ros/share/tf2_ros/cmake/static_transform_broadcaster_nodeExport-noconfig.cmake
[58.924s] -- Installing: /home/adas/Documents/Ayush/dev/straight_ws/install/tf2_ros/share/tf2_ros/cmake/ament_cmake_export_include_directories-extras.cmake
[58.924s] -- Installing: /home/adas/Documents/Ayush/dev/straight_ws/install/tf2_ros/share/tf2_ros/cmake/ament_cmake_export_libraries-extras.cmake
[58.924s] -- Installing: /home/adas/Documents/Ayush/dev/straight_ws/install/tf2_ros/share/tf2_ros/cmake/ament_cmake_export_targets-extras.cmake
[58.925s] -- Installing: /home/adas/Documents/Ayush/dev/straight_ws/install/tf2_ros/share/tf2_ros/cmake/ament_cmake_export_dependencies-extras.cmake
[58.925s] -- Installing: /home/adas/Documents/Ayush/dev/straight_ws/install/tf2_ros/share/tf2_ros/cmake/tf2_rosConfig.cmake
[58.925s] -- Installing: /home/adas/Documents/Ayush/dev/straight_ws/install/tf2_ros/share/tf2_ros/cmake/tf2_rosConfig-version.cmake
[58.925s] -- Installing: /home/adas/Documents/Ayush/dev/straight_ws/install/tf2_ros/share/tf2_ros/package.xml
[58.929s] Invoked command in '/home/adas/Documents/Ayush/dev/straight_ws/build/tf2_ros' returned '0': AMENT_PREFIX_PATH=/home/adas/Documents/Ayush/dev/straight_ws/install/tf2_py:/home/adas/Documents/Ayush/dev/straight_ws/install/tf2_msgs:/home/adas/Documents/Ayush/dev/straight_ws/install/tf2:${AMENT_PREFIX_PATH} CMAKE_PREFIX_PATH=/home/adas/Documents/Ayush/dev/straight_ws/install/tf2_py:/home/adas/Documents/Ayush/dev/straight_ws/install/tf2_msgs:/home/adas/Documents/Ayush/dev/straight_ws/install/tf2:/home/adas/Documents/Ayush/dev/straightline_ws/install/geometry2:/home/adas/Documents/Ayush/dev/straightline_ws/install/tf2_tools:/home/adas/Documents/Ayush/dev/straightline_ws/install/nav2_system_tests:/home/adas/Documents/Ayush/dev/straightline_ws/install/nav2_bringup:/home/adas/Documents/Ayush/dev/straightline_ws/install/navigation2:/home/adas/Documents/Ayush/dev/straightline_ws/install/smac_planner:/home/adas/Documents/Ayush/dev/straightline_ws/install/nav2_regulated_pure_pursuit_controller:/home/adas/Documents/Ayush/dev/straightline_ws/install/nav2_recoveries:/home/adas/Documents/Ayush/dev/straightline_ws/install/nav2_planner:/home/adas/Documents/Ayush/dev/straightline_ws/install/nav2_navfn_planner:/home/adas/Documents/Ayush/dev/straightline_ws/install/nav2_dwb_controller:/home/adas/Documents/Ayush/dev/straightline_ws/install/nav2_controller:/home/adas/Documents/Ayush/dev/straightline_ws/install/dwb_plugins:/home/adas/Documents/Ayush/dev/straightline_ws/install/dwb_critics:/home/adas/Documents/Ayush/dev/straightline_ws/install/dwb_core:/home/adas/Documents/Ayush/dev/straightline_ws/install/nav2_core:/home/adas/Documents/Ayush/dev/straightline_ws/install/costmap_queue:/home/adas/Documents/Ayush/dev/straightline_ws/install/nav2_costmap_2d:/home/adas/Documents/Ayush/dev/straightline_ws/install/tf2_sensor_msgs:/home/adas/Documents/Ayush/dev/straightline_ws/install/test_tf2:/home/adas/Documents/Ayush/dev/straightline_ws/install/tf2_kdl:/home/adas/Documents/Ayush/dev/straightline_ws/install/nav_2d_utils:/home/adas/Documents/Ayush/dev/straightline_ws/install/nav2_waypoint_follower:/home/adas/Documents/Ayush/dev/straightline_ws/install/nav2_rviz_plugins:/home/adas/Documents/Ayush/dev/straightline_ws/install/nav2_map_server:/home/adas/Documents/Ayush/dev/straightline_ws/install/nav2_lifecycle_manager:/home/adas/Documents/Ayush/dev/straightline_ws/install/nav2_bt_navigator:/home/adas/Documents/Ayush/dev/straightline_ws/install/nav2_behavior_tree:/home/adas/Documents/Ayush/dev/straightline_ws/install/nav2_amcl:/home/adas/Documents/Ayush/dev/straightline_ws/install/nav2_util:/home/adas/Documents/Ayush/dev/straightline_ws/install/tf2_geometry_msgs:/home/adas/Documents/Ayush/dev/straightline_ws/install/tf2_eigen:/home/adas/Documents/Ayush/dev/straightline_ws/install/tf2_bullet:/home/adas/Documents/Ayush/dev/straightline_ws/install/tf2_ros:/home/adas/Documents/Ayush/dev/straightline_ws/install/tf2_py:/home/adas/Documents/Ayush/dev/straightline_ws/install/tf2_msgs:/home/adas/Documents/Ayush/dev/straightline_ws/install/tf2_eigen_kdl:/home/adas/Documents/Ayush/dev/straightline_ws/install/tf2:/home/adas/Documents/Ayush/dev/straightline_ws/install/dwb_msgs:/home/adas/Documents/Ayush/dev/straightline_ws/install/nav_2d_msgs:/home/adas/Documents/Ayush/dev/straightline_ws/install/nav2_voxel_grid:/home/adas/Documents/Ayush/dev/straightline_ws/install/nav2_msgs:/home/adas/Documents/Ayush/dev/straightline_ws/install/nav2_common:/home/adas/Documents/Ayush/dev/straightline_ws/install/aws_robomaker_small_warehouse_world:/home/adas/Documents/Ayush/dev/straightline_ws/install/examples_tf2_py:/home/adas/Documents/Ayush/dev/straightline_ws/install/nav2_simple_commander:/home/adas/Documents/Ayush/dev/straightline_ws/install/nav2_gazebo_spawner:/opt/ros/foxy LD_LIBRARY_PATH=/home/adas/Documents/Ayush/dev/straight_ws/install/tf2_msgs/lib:/home/adas/Documents/Ayush/dev/straight_ws/install/tf2/lib:${LD_LIBRARY_PATH} PYTHONPATH=/home/adas/Documents/Ayush/dev/straight_ws/install/tf2_py/lib/python3.8/site-packages:/home/adas/Documents/Ayush/dev/straight_ws/install/tf2_msgs/lib/python3.8/site-packages:${PYTHONPATH} /usr/bin/cmake --install /home/adas/Documents/Ayush/dev/straight_ws/build/tf2_ros
