[0.041s] Invoking command in '/home/adas/Documents/Ayush/dev/straight_ws/build/nav2_util': AMENT_PREFIX_PATH=/home/adas/Documents/Ayush/dev/straight_ws/install/tf2_geometry_msgs:/home/adas/Documents/Ayush/dev/straight_ws/install/tf2_ros:/home/adas/Documents/Ayush/dev/straight_ws/install/tf2_py:/home/adas/Documents/Ayush/dev/straight_ws/install/nav2_msgs:/home/adas/Documents/Ayush/dev/straight_ws/install/tf2_msgs:/home/adas/Documents/Ayush/dev/straight_ws/install/tf2:/home/adas/Documents/Ayush/dev/straight_ws/install/nav2_common:${AMENT_PREFIX_PATH} CMAKE_PREFIX_PATH=/home/adas/Documents/Ayush/dev/straight_ws/install/tf2_geometry_msgs:/home/adas/Documents/Ayush/dev/straight_ws/install/tf2_ros:/home/adas/Documents/Ayush/dev/straight_ws/install/tf2_py:/home/adas/Documents/Ayush/dev/straight_ws/install/nav2_msgs:/home/adas/Documents/Ayush/dev/straight_ws/install/tf2_msgs:/home/adas/Documents/Ayush/dev/straight_ws/install/tf2:/home/adas/Documents/Ayush/dev/straight_ws/install/nav2_common:/home/adas/Documents/Ayush/dev/straightline_ws/install/geometry2:/home/adas/Documents/Ayush/dev/straightline_ws/install/tf2_tools:/home/adas/Documents/Ayush/dev/straightline_ws/install/nav2_system_tests:/home/adas/Documents/Ayush/dev/straightline_ws/install/nav2_bringup:/home/adas/Documents/Ayush/dev/straightline_ws/install/navigation2:/home/adas/Documents/Ayush/dev/straightline_ws/install/smac_planner:/home/adas/Documents/Ayush/dev/straightline_ws/install/nav2_regulated_pure_pursuit_controller:/home/adas/Documents/Ayush/dev/straightline_ws/install/nav2_recoveries:/home/adas/Documents/Ayush/dev/straightline_ws/install/nav2_planner:/home/adas/Documents/Ayush/dev/straightline_ws/install/nav2_navfn_planner:/home/adas/Documents/Ayush/dev/straightline_ws/install/nav2_dwb_controller:/home/adas/Documents/Ayush/dev/straightline_ws/install/nav2_controller:/home/adas/Documents/Ayush/dev/straightline_ws/install/dwb_plugins:/home/adas/Documents/Ayush/dev/straightline_ws/install/dwb_critics:/home/adas/Documents/Ayush/dev/straightline_ws/install/dwb_core:/home/adas/Documents/Ayush/dev/straightline_ws/install/nav2_core:/home/adas/Documents/Ayush/dev/straightline_ws/install/costmap_queue:/home/adas/Documents/Ayush/dev/straightline_ws/install/nav2_costmap_2d:/home/adas/Documents/Ayush/dev/straightline_ws/install/tf2_sensor_msgs:/home/adas/Documents/Ayush/dev/straightline_ws/install/test_tf2:/home/adas/Documents/Ayush/dev/straightline_ws/install/tf2_kdl:/home/adas/Documents/Ayush/dev/straightline_ws/install/nav_2d_utils:/home/adas/Documents/Ayush/dev/straightline_ws/install/nav2_waypoint_follower:/home/adas/Documents/Ayush/dev/straightline_ws/install/nav2_rviz_plugins:/home/adas/Documents/Ayush/dev/straightline_ws/install/nav2_map_server:/home/adas/Documents/Ayush/dev/straightline_ws/install/nav2_lifecycle_manager:/home/adas/Documents/Ayush/dev/straightline_ws/install/nav2_bt_navigator:/home/adas/Documents/Ayush/dev/straightline_ws/install/nav2_behavior_tree:/home/adas/Documents/Ayush/dev/straightline_ws/install/nav2_amcl:/home/adas/Documents/Ayush/dev/straightline_ws/install/nav2_util:/home/adas/Documents/Ayush/dev/straightline_ws/install/tf2_geometry_msgs:/home/adas/Documents/Ayush/dev/straightline_ws/install/tf2_eigen:/home/adas/Documents/Ayush/dev/straightline_ws/install/tf2_bullet:/home/adas/Documents/Ayush/dev/straightline_ws/install/tf2_ros:/home/adas/Documents/Ayush/dev/straightline_ws/install/tf2_py:/home/adas/Documents/Ayush/dev/straightline_ws/install/tf2_msgs:/home/adas/Documents/Ayush/dev/straightline_ws/install/tf2_eigen_kdl:/home/adas/Documents/Ayush/dev/straightline_ws/install/tf2:/home/adas/Documents/Ayush/dev/straightline_ws/install/dwb_msgs:/home/adas/Documents/Ayush/dev/straightline_ws/install/nav_2d_msgs:/home/adas/Documents/Ayush/dev/straightline_ws/install/nav2_voxel_grid:/home/adas/Documents/Ayush/dev/straightline_ws/install/nav2_msgs:/home/adas/Documents/Ayush/dev/straightline_ws/install/nav2_common:/home/adas/Documents/Ayush/dev/straightline_ws/install/aws_robomaker_small_warehouse_world:/home/adas/Documents/Ayush/dev/straightline_ws/install/examples_tf2_py:/home/adas/Documents/Ayush/dev/straightline_ws/install/nav2_simple_commander:/home/adas/Documents/Ayush/dev/straightline_ws/install/nav2_gazebo_spawner:/opt/ros/foxy LD_LIBRARY_PATH=/home/adas/Documents/Ayush/dev/straight_ws/install/tf2_ros/lib:/home/adas/Documents/Ayush/dev/straight_ws/install/nav2_msgs/lib:/home/adas/Documents/Ayush/dev/straight_ws/install/tf2_msgs/lib:/home/adas/Documents/Ayush/dev/straight_ws/install/tf2/lib:${LD_LIBRARY_PATH} PYTHONPATH=/home/adas/Documents/Ayush/dev/straight_ws/install/tf2_ros/lib/python3.8/site-packages:/home/adas/Documents/Ayush/dev/straight_ws/install/tf2_py/lib/python3.8/site-packages:/home/adas/Documents/Ayush/dev/straight_ws/install/nav2_msgs/lib/python3.8/site-packages:/home/adas/Documents/Ayush/dev/straight_ws/install/tf2_msgs/lib/python3.8/site-packages:/home/adas/Documents/Ayush/dev/straight_ws/install/nav2_common/lib/python3.8/site-packages:${PYTHONPATH} /usr/bin/cmake /home/adas/Documents/Ayush/dev/straight_ws/src/navigation2/nav2_util -DCMAKE_INSTALL_PREFIX=/home/adas/Documents/Ayush/dev/straight_ws/install/nav2_util
[0.161s] -- The C compiler identification is GNU 9.3.0
[0.250s] -- The CXX compiler identification is GNU 9.3.0
[0.262s] -- Check for working C compiler: /usr/bin/cc
[0.370s] -- Check for working C compiler: /usr/bin/cc -- works
[0.371s] -- Detecting C compiler ABI info
[0.477s] -- Detecting C compiler ABI info - done
[0.493s] -- Detecting C compile features
[0.493s] -- Detecting C compile features - done
[0.497s] -- Check for working CXX compiler: /usr/bin/c++
[0.626s] -- Check for working CXX compiler: /usr/bin/c++ -- works
[0.627s] -- Detecting CXX compiler ABI info
[0.729s] -- Detecting CXX compiler ABI info - done
[0.747s] -- Detecting CXX compile features
[0.747s] -- Detecting CXX compile features - done
[0.755s] -- Found ament_cmake: 0.9.8 (/opt/ros/foxy/share/ament_cmake/cmake)
[0.796s] -- Found PythonInterp: /usr/bin/python3 (found suitable version "3.8.10", minimum required is "3") 
[0.796s] -- Using PYTHON_EXECUTABLE: /usr/bin/python3
[1.119s] -- Found nav2_common: 0.4.7 (/home/adas/Documents/Ayush/dev/straight_ws/install/nav2_common/share/nav2_common/cmake)
[1.120s] -- Found nav2_msgs: 0.4.7 (/home/adas/Documents/Ayush/dev/straight_ws/install/nav2_msgs/share/nav2_msgs/cmake)
[1.198s] -- Using all available rosidl_typesupport_c: rosidl_typesupport_fastrtps_c;rosidl_typesupport_introspection_c
[1.222s] -- Found rosidl_adapter: 1.2.1 (/opt/ros/foxy/share/rosidl_adapter/cmake)
[1.404s] -- Found OpenSSL: /usr/lib/x86_64-linux-gnu/libcrypto.so (found version "1.1.1f")  
[1.450s] -- Found FastRTPS: /opt/ros/foxy/include  
[1.591s] -- Using all available rosidl_typesupport_cpp: rosidl_typesupport_fastrtps_cpp;rosidl_typesupport_introspection_cpp
[2.190s] -- Found tf2_ros: 0.13.11 (/home/adas/Documents/Ayush/dev/straight_ws/install/tf2_ros/share/tf2_ros/cmake)
[2.309s] -- Found rmw_implementation_cmake: 1.0.3 (/opt/ros/foxy/share/rmw_implementation_cmake/cmake)
[2.316s] -- Using RMW implementation 'rmw_fastrtps_cpp' as default
[2.317s] -- Looking for pthread.h
[2.442s] -- Looking for pthread.h - found
[2.442s] -- Performing Test CMAKE_HAVE_LIBC_PTHREAD
[2.563s] -- Performing Test CMAKE_HAVE_LIBC_PTHREAD - Failed
[2.563s] -- Looking for pthread_create in pthreads
[2.673s] -- Looking for pthread_create in pthreads - not found
[2.673s] -- Looking for pthread_create in pthread
[2.764s] -- Looking for pthread_create in pthread - found
[2.765s] -- Found Threads: TRUE  
[3.271s] -- Found tf2_geometry_msgs: 0.13.11 (/home/adas/Documents/Ayush/dev/straight_ws/install/tf2_geometry_msgs/share/tf2_geometry_msgs/cmake)
[3.287s] -- Found eigen3_cmake_module: 0.1.1 (/opt/ros/foxy/share/eigen3_cmake_module/cmake)
[3.296s] -- Found Eigen3: TRUE (found version "3.3.7") 
[3.325s] -- Found lifecycle_msgs: 1.0.0 (/opt/ros/foxy/share/lifecycle_msgs/cmake)
[3.347s] -- Found test_msgs: 1.0.0 (/opt/ros/foxy/share/test_msgs/cmake)
[3.423s] -- Found rclcpp_lifecycle: 2.3.1 (/opt/ros/foxy/share/rclcpp_lifecycle/cmake)
[3.444s] -- Setting build type to Release as none was specified.
[3.471s] -- Found Boost: /usr/lib/x86_64-linux-gnu/cmake/Boost-1.71.0/BoostConfig.cmake (found version "1.71.0") found components: program_options 
[3.480s] -- Found ament_lint_auto: 0.9.6 (/opt/ros/foxy/share/ament_lint_auto/cmake)
[3.486s] -- Found ament_cmake_pytest: 0.9.8 (/opt/ros/foxy/share/ament_cmake_pytest/cmake)
[3.492s] -- Found launch_testing_ament_cmake: 0.10.5 (/opt/ros/foxy/share/launch_testing_ament_cmake/cmake)
[3.497s] -- Found python_cmake_module: 0.8.1 (/opt/ros/foxy/share/python_cmake_module/cmake)
[3.528s] -- Found PythonInterp: /usr/bin/python3 (found suitable version "3.8.10", minimum required is "3.5") 
[3.536s] -- Found PythonLibs: /usr/lib/x86_64-linux-gnu/libpython3.8.so (found suitable version "3.8.10", minimum required is "3.5") 
[3.537s] -- Using PYTHON_EXECUTABLE: /usr/bin/python3
[3.537s] -- Using PYTHON_INCLUDE_DIRS: /usr/include/python3.8
[3.537s] -- Using PYTHON_LIBRARIES: /usr/lib/x86_64-linux-gnu/libpython3.8.so
[3.572s] -- Found PythonExtra: .so  
[3.762s] -- Found gtest sources under '/opt/ros/foxy/src/gtest_vendor': C++ tests using 'Google Test' will be built
[3.765s] -- Check if compiler accepts -pthread
[3.859s] -- Check if compiler accepts -pthread - yes
[3.938s] -- Added test 'copyright' to check source files copyright and LICENSE
[3.943s] -- Added test 'cppcheck' to perform static code analysis on C / C++ code
[3.943s] -- Configured cppcheck include dirs: /home/adas/Documents/Ayush/dev/straight_ws/src/navigation2/nav2_util/include
[3.944s] -- Configured cppcheck exclude dirs and/or files: 
[3.948s] -- Added test 'cpplint' to check C / C++ code against the Google style
[3.948s] -- Configured cpplint exclude dirs and/or files: 
[3.950s] -- Added test 'flake8' to check Python code syntax and style conventions
[3.953s] -- Added test 'lint_cmake' to check CMake code style
[3.955s] -- Added test 'pep257' to check Python code against some of the style conventions in PEP 257
[3.960s] -- Added test 'uncrustify' to check C / C++ code style
[3.960s] -- Configured uncrustify additional arguments: 
[3.962s] -- Added test 'xmllint' to check XML markup files
[3.974s] -- Configuring done
[4.167s] -- Generating done
[4.172s] -- Build files have been written to: /home/adas/Documents/Ayush/dev/straight_ws/build/nav2_util
[4.192s] Invoked command in '/home/adas/Documents/Ayush/dev/straight_ws/build/nav2_util' returned '0': AMENT_PREFIX_PATH=/home/adas/Documents/Ayush/dev/straight_ws/install/tf2_geometry_msgs:/home/adas/Documents/Ayush/dev/straight_ws/install/tf2_ros:/home/adas/Documents/Ayush/dev/straight_ws/install/tf2_py:/home/adas/Documents/Ayush/dev/straight_ws/install/nav2_msgs:/home/adas/Documents/Ayush/dev/straight_ws/install/tf2_msgs:/home/adas/Documents/Ayush/dev/straight_ws/install/tf2:/home/adas/Documents/Ayush/dev/straight_ws/install/nav2_common:${AMENT_PREFIX_PATH} CMAKE_PREFIX_PATH=/home/adas/Documents/Ayush/dev/straight_ws/install/tf2_geometry_msgs:/home/adas/Documents/Ayush/dev/straight_ws/install/tf2_ros:/home/adas/Documents/Ayush/dev/straight_ws/install/tf2_py:/home/adas/Documents/Ayush/dev/straight_ws/install/nav2_msgs:/home/adas/Documents/Ayush/dev/straight_ws/install/tf2_msgs:/home/adas/Documents/Ayush/dev/straight_ws/install/tf2:/home/adas/Documents/Ayush/dev/straight_ws/install/nav2_common:/home/adas/Documents/Ayush/dev/straightline_ws/install/geometry2:/home/adas/Documents/Ayush/dev/straightline_ws/install/tf2_tools:/home/adas/Documents/Ayush/dev/straightline_ws/install/nav2_system_tests:/home/adas/Documents/Ayush/dev/straightline_ws/install/nav2_bringup:/home/adas/Documents/Ayush/dev/straightline_ws/install/navigation2:/home/adas/Documents/Ayush/dev/straightline_ws/install/smac_planner:/home/adas/Documents/Ayush/dev/straightline_ws/install/nav2_regulated_pure_pursuit_controller:/home/adas/Documents/Ayush/dev/straightline_ws/install/nav2_recoveries:/home/adas/Documents/Ayush/dev/straightline_ws/install/nav2_planner:/home/adas/Documents/Ayush/dev/straightline_ws/install/nav2_navfn_planner:/home/adas/Documents/Ayush/dev/straightline_ws/install/nav2_dwb_controller:/home/adas/Documents/Ayush/dev/straightline_ws/install/nav2_controller:/home/adas/Documents/Ayush/dev/straightline_ws/install/dwb_plugins:/home/adas/Documents/Ayush/dev/straightline_ws/install/dwb_critics:/home/adas/Documents/Ayush/dev/straightline_ws/install/dwb_core:/home/adas/Documents/Ayush/dev/straightline_ws/install/nav2_core:/home/adas/Documents/Ayush/dev/straightline_ws/install/costmap_queue:/home/adas/Documents/Ayush/dev/straightline_ws/install/nav2_costmap_2d:/home/adas/Documents/Ayush/dev/straightline_ws/install/tf2_sensor_msgs:/home/adas/Documents/Ayush/dev/straightline_ws/install/test_tf2:/home/adas/Documents/Ayush/dev/straightline_ws/install/tf2_kdl:/home/adas/Documents/Ayush/dev/straightline_ws/install/nav_2d_utils:/home/adas/Documents/Ayush/dev/straightline_ws/install/nav2_waypoint_follower:/home/adas/Documents/Ayush/dev/straightline_ws/install/nav2_rviz_plugins:/home/adas/Documents/Ayush/dev/straightline_ws/install/nav2_map_server:/home/adas/Documents/Ayush/dev/straightline_ws/install/nav2_lifecycle_manager:/home/adas/Documents/Ayush/dev/straightline_ws/install/nav2_bt_navigator:/home/adas/Documents/Ayush/dev/straightline_ws/install/nav2_behavior_tree:/home/adas/Documents/Ayush/dev/straightline_ws/install/nav2_amcl:/home/adas/Documents/Ayush/dev/straightline_ws/install/nav2_util:/home/adas/Documents/Ayush/dev/straightline_ws/install/tf2_geometry_msgs:/home/adas/Documents/Ayush/dev/straightline_ws/install/tf2_eigen:/home/adas/Documents/Ayush/dev/straightline_ws/install/tf2_bullet:/home/adas/Documents/Ayush/dev/straightline_ws/install/tf2_ros:/home/adas/Documents/Ayush/dev/straightline_ws/install/tf2_py:/home/adas/Documents/Ayush/dev/straightline_ws/install/tf2_msgs:/home/adas/Documents/Ayush/dev/straightline_ws/install/tf2_eigen_kdl:/home/adas/Documents/Ayush/dev/straightline_ws/install/tf2:/home/adas/Documents/Ayush/dev/straightline_ws/install/dwb_msgs:/home/adas/Documents/Ayush/dev/straightline_ws/install/nav_2d_msgs:/home/adas/Documents/Ayush/dev/straightline_ws/install/nav2_voxel_grid:/home/adas/Documents/Ayush/dev/straightline_ws/install/nav2_msgs:/home/adas/Documents/Ayush/dev/straightline_ws/install/nav2_common:/home/adas/Documents/Ayush/dev/straightline_ws/install/aws_robomaker_small_warehouse_world:/home/adas/Documents/Ayush/dev/straightline_ws/install/examples_tf2_py:/home/adas/Documents/Ayush/dev/straightline_ws/install/nav2_simple_commander:/home/adas/Documents/Ayush/dev/straightline_ws/install/nav2_gazebo_spawner:/opt/ros/foxy LD_LIBRARY_PATH=/home/adas/Documents/Ayush/dev/straight_ws/install/tf2_ros/lib:/home/adas/Documents/Ayush/dev/straight_ws/install/nav2_msgs/lib:/home/adas/Documents/Ayush/dev/straight_ws/install/tf2_msgs/lib:/home/adas/Documents/Ayush/dev/straight_ws/install/tf2/lib:${LD_LIBRARY_PATH} PYTHONPATH=/home/adas/Documents/Ayush/dev/straight_ws/install/tf2_ros/lib/python3.8/site-packages:/home/adas/Documents/Ayush/dev/straight_ws/install/tf2_py/lib/python3.8/site-packages:/home/adas/Documents/Ayush/dev/straight_ws/install/nav2_msgs/lib/python3.8/site-packages:/home/adas/Documents/Ayush/dev/straight_ws/install/tf2_msgs/lib/python3.8/site-packages:/home/adas/Documents/Ayush/dev/straight_ws/install/nav2_common/lib/python3.8/site-packages:${PYTHONPATH} /usr/bin/cmake /home/adas/Documents/Ayush/dev/straight_ws/src/navigation2/nav2_util -DCMAKE_INSTALL_PREFIX=/home/adas/Documents/Ayush/dev/straight_ws/install/nav2_util
[4.195s] Invoking command in '/home/adas/Documents/Ayush/dev/straight_ws/build/nav2_util': AMENT_PREFIX_PATH=/home/adas/Documents/Ayush/dev/straight_ws/install/tf2_geometry_msgs:/home/adas/Documents/Ayush/dev/straight_ws/install/tf2_ros:/home/adas/Documents/Ayush/dev/straight_ws/install/tf2_py:/home/adas/Documents/Ayush/dev/straight_ws/install/nav2_msgs:/home/adas/Documents/Ayush/dev/straight_ws/install/tf2_msgs:/home/adas/Documents/Ayush/dev/straight_ws/install/tf2:/home/adas/Documents/Ayush/dev/straight_ws/install/nav2_common:${AMENT_PREFIX_PATH} CMAKE_PREFIX_PATH=/home/adas/Documents/Ayush/dev/straight_ws/install/tf2_geometry_msgs:/home/adas/Documents/Ayush/dev/straight_ws/install/tf2_ros:/home/adas/Documents/Ayush/dev/straight_ws/install/tf2_py:/home/adas/Documents/Ayush/dev/straight_ws/install/nav2_msgs:/home/adas/Documents/Ayush/dev/straight_ws/install/tf2_msgs:/home/adas/Documents/Ayush/dev/straight_ws/install/tf2:/home/adas/Documents/Ayush/dev/straight_ws/install/nav2_common:/home/adas/Documents/Ayush/dev/straightline_ws/install/geometry2:/home/adas/Documents/Ayush/dev/straightline_ws/install/tf2_tools:/home/adas/Documents/Ayush/dev/straightline_ws/install/nav2_system_tests:/home/adas/Documents/Ayush/dev/straightline_ws/install/nav2_bringup:/home/adas/Documents/Ayush/dev/straightline_ws/install/navigation2:/home/adas/Documents/Ayush/dev/straightline_ws/install/smac_planner:/home/adas/Documents/Ayush/dev/straightline_ws/install/nav2_regulated_pure_pursuit_controller:/home/adas/Documents/Ayush/dev/straightline_ws/install/nav2_recoveries:/home/adas/Documents/Ayush/dev/straightline_ws/install/nav2_planner:/home/adas/Documents/Ayush/dev/straightline_ws/install/nav2_navfn_planner:/home/adas/Documents/Ayush/dev/straightline_ws/install/nav2_dwb_controller:/home/adas/Documents/Ayush/dev/straightline_ws/install/nav2_controller:/home/adas/Documents/Ayush/dev/straightline_ws/install/dwb_plugins:/home/adas/Documents/Ayush/dev/straightline_ws/install/dwb_critics:/home/adas/Documents/Ayush/dev/straightline_ws/install/dwb_core:/home/adas/Documents/Ayush/dev/straightline_ws/install/nav2_core:/home/adas/Documents/Ayush/dev/straightline_ws/install/costmap_queue:/home/adas/Documents/Ayush/dev/straightline_ws/install/nav2_costmap_2d:/home/adas/Documents/Ayush/dev/straightline_ws/install/tf2_sensor_msgs:/home/adas/Documents/Ayush/dev/straightline_ws/install/test_tf2:/home/adas/Documents/Ayush/dev/straightline_ws/install/tf2_kdl:/home/adas/Documents/Ayush/dev/straightline_ws/install/nav_2d_utils:/home/adas/Documents/Ayush/dev/straightline_ws/install/nav2_waypoint_follower:/home/adas/Documents/Ayush/dev/straightline_ws/install/nav2_rviz_plugins:/home/adas/Documents/Ayush/dev/straightline_ws/install/nav2_map_server:/home/adas/Documents/Ayush/dev/straightline_ws/install/nav2_lifecycle_manager:/home/adas/Documents/Ayush/dev/straightline_ws/install/nav2_bt_navigator:/home/adas/Documents/Ayush/dev/straightline_ws/install/nav2_behavior_tree:/home/adas/Documents/Ayush/dev/straightline_ws/install/nav2_amcl:/home/adas/Documents/Ayush/dev/straightline_ws/install/nav2_util:/home/adas/Documents/Ayush/dev/straightline_ws/install/tf2_geometry_msgs:/home/adas/Documents/Ayush/dev/straightline_ws/install/tf2_eigen:/home/adas/Documents/Ayush/dev/straightline_ws/install/tf2_bullet:/home/adas/Documents/Ayush/dev/straightline_ws/install/tf2_ros:/home/adas/Documents/Ayush/dev/straightline_ws/install/tf2_py:/home/adas/Documents/Ayush/dev/straightline_ws/install/tf2_msgs:/home/adas/Documents/Ayush/dev/straightline_ws/install/tf2_eigen_kdl:/home/adas/Documents/Ayush/dev/straightline_ws/install/tf2:/home/adas/Documents/Ayush/dev/straightline_ws/install/dwb_msgs:/home/adas/Documents/Ayush/dev/straightline_ws/install/nav_2d_msgs:/home/adas/Documents/Ayush/dev/straightline_ws/install/nav2_voxel_grid:/home/adas/Documents/Ayush/dev/straightline_ws/install/nav2_msgs:/home/adas/Documents/Ayush/dev/straightline_ws/install/nav2_common:/home/adas/Documents/Ayush/dev/straightline_ws/install/aws_robomaker_small_warehouse_world:/home/adas/Documents/Ayush/dev/straightline_ws/install/examples_tf2_py:/home/adas/Documents/Ayush/dev/straightline_ws/install/nav2_simple_commander:/home/adas/Documents/Ayush/dev/straightline_ws/install/nav2_gazebo_spawner:/opt/ros/foxy LD_LIBRARY_PATH=/home/adas/Documents/Ayush/dev/straight_ws/install/tf2_ros/lib:/home/adas/Documents/Ayush/dev/straight_ws/install/nav2_msgs/lib:/home/adas/Documents/Ayush/dev/straight_ws/install/tf2_msgs/lib:/home/adas/Documents/Ayush/dev/straight_ws/install/tf2/lib:${LD_LIBRARY_PATH} PYTHONPATH=/home/adas/Documents/Ayush/dev/straight_ws/install/tf2_ros/lib/python3.8/site-packages:/home/adas/Documents/Ayush/dev/straight_ws/install/tf2_py/lib/python3.8/site-packages:/home/adas/Documents/Ayush/dev/straight_ws/install/nav2_msgs/lib/python3.8/site-packages:/home/adas/Documents/Ayush/dev/straight_ws/install/tf2_msgs/lib/python3.8/site-packages:/home/adas/Documents/Ayush/dev/straight_ws/install/nav2_common/lib/python3.8/site-packages:${PYTHONPATH} /usr/bin/cmake --build /home/adas/Documents/Ayush/dev/straight_ws/build/nav2_util -- -j8 -l8
[4.272s] [35m[1mScanning dependencies of target dump_params[0m
[4.279s] [35m[1mScanning dependencies of target nav2_util_core[0m
[4.322s] [  2%] [32mBuilding CXX object src/CMakeFiles/dump_params.dir/dump_params.cpp.o[0m
[4.405s] [  7%] [32mBuilding CXX object src/CMakeFiles/nav2_util_core.dir/node_utils.cpp.o[0m
[4.405s] [  7%] [32mBuilding CXX object src/CMakeFiles/nav2_util_core.dir/costmap.cpp.o[0m
[5.452s] [ 10%] [32mBuilding CXX object src/CMakeFiles/nav2_util_core.dir/lifecycle_utils.cpp.o[0m
[6.502s] [ 12%] [32mBuilding CXX object src/CMakeFiles/nav2_util_core.dir/string_utils.cpp.o[0m
[6.987s] [ 15%] [32mBuilding CXX object src/CMakeFiles/nav2_util_core.dir/lifecycle_service_client.cpp.o[0m
[7.551s] [ 17%] [32mBuilding CXX object src/CMakeFiles/nav2_util_core.dir/lifecycle_node.cpp.o[0m
[7.701s] [ 20%] [32mBuilding CXX object src/CMakeFiles/nav2_util_core.dir/robot_utils.cpp.o[0m
[8.347s] [ 22%] [32mBuilding CXX object src/CMakeFiles/nav2_util_core.dir/node_thread.cpp.o[0m
[10.690s] [ 25%] [32mBuilding CXX object src/CMakeFiles/nav2_util_core.dir/odometry_utils.cpp.o[0m
[14.870s] [ 27%] [32m[1mLinking CXX executable dump_params[0m
[15.052s] [ 27%] Built target dump_params
[15.071s] [35m[1mScanning dependencies of target gtest[0m
[15.074s] [35m[1mScanning dependencies of target gtest_main[0m
[15.101s] [ 30%] [32mBuilding CXX object gtest/CMakeFiles/gtest.dir/src/gtest-all.cc.o[0m
[15.104s] [ 32%] [32mBuilding CXX object gtest/CMakeFiles/gtest_main.dir/src/gtest_main.cc.o[0m
[16.281s] [ 35%] [32m[1mLinking CXX static library libgtest_main.a[0m
[16.657s] [ 35%] Built target gtest_main
[19.800s] [ 37%] [32m[1mLinking CXX shared library libnav2_util_core.so[0m
[20.023s] [ 37%] Built target nav2_util_core
[20.045s] [35m[1mScanning dependencies of target lifecycle_bringup[0m
[20.104s] [ 40%] [32mBuilding CXX object src/CMakeFiles/lifecycle_bringup.dir/lifecycle_bringup_commandline.cpp.o[0m
[21.906s] [ 42%] [32m[1mLinking CXX executable lifecycle_bringup[0m
[22.115s] [ 42%] Built target lifecycle_bringup
[24.201s] [ 45%] [32m[1mLinking CXX static library libgtest.a[0m
[24.247s] [ 45%] Built target gtest
[24.262s] [35m[1mScanning dependencies of target test_string_utils[0m
[24.263s] [35m[1mScanning dependencies of target test_service_client[0m
[24.263s] [35m[1mScanning dependencies of target test_lifecycle_node[0m
[24.290s] [ 47%] [32mBuilding CXX object test/CMakeFiles/test_string_utils.dir/test_string_utils.cpp.o[0m
[24.322s] [ 50%] [32mBuilding CXX object test/CMakeFiles/test_service_client.dir/test_service_client.cpp.o[0m
[24.338s] [ 52%] [32mBuilding CXX object test/CMakeFiles/test_lifecycle_node.dir/test_lifecycle_node.cpp.o[0m
[25.329s] [35m[1mScanning dependencies of target test_node_utils[0m
[25.330s] [35m[1mScanning dependencies of target test_lifecycle_cli_node[0m
[25.408s] [ 55%] [32mBuilding CXX object test/CMakeFiles/test_node_utils.dir/test_node_utils.cpp.o[0m
[25.410s] [ 57%] [32mBuilding CXX object test/CMakeFiles/test_lifecycle_cli_node.dir/test_lifecycle_cli_node.cpp.o[0m
[25.419s] [ 60%] [32m[1mLinking CXX executable test_string_utils[0m
[25.669s] [ 60%] Built target test_string_utils
[25.692s] [35m[1mScanning dependencies of target test_actions[0m
[25.773s] [ 62%] [32mBuilding CXX object test/CMakeFiles/test_actions.dir/test_actions.cpp.o[0m
[26.842s] [35m[1mScanning dependencies of target test_execution_timer[0m
[26.842s] [35m[1mScanning dependencies of target test_lifecycle_utils[0m
[26.842s] [35m[1mScanning dependencies of target test_geometry_utils[0m
[26.925s] [ 65%] [32mBuilding CXX object test/CMakeFiles/test_execution_timer.dir/test_execution_timer.cpp.o[0m
[26.983s] [ 67%] [32mBuilding CXX object test/CMakeFiles/test_geometry_utils.dir/test_geometry_utils.cpp.o[0m
[27.003s] [ 70%] [32mBuilding CXX object test/CMakeFiles/test_lifecycle_utils.dir/test_lifecycle_utils.cpp.o[0m
[28.638s] [ 72%] [32m[1mLinking CXX executable test_lifecycle_node[0m
[28.761s] [ 75%] [32m[1mLinking CXX executable test_execution_timer[0m
[29.007s] [ 75%] Built target test_lifecycle_node
[29.033s] [35m[1mScanning dependencies of target test_odometry_utils[0m
[29.062s] [ 75%] Built target test_execution_timer
[29.122s] [35m[1mScanning dependencies of target test_robot_utils[0m
[29.123s] [ 77%] [32mBuilding CXX object test/CMakeFiles/test_odometry_utils.dir/test_odometry_utils.cpp.o[0m
[29.327s] [ 80%] [32mBuilding CXX object test/CMakeFiles/test_robot_utils.dir/test_robot_utils.cpp.o[0m
[29.892s] [ 82%] [32m[1mLinking CXX executable test_service_client[0m
[29.999s] [ 85%] [32m[1mLinking CXX executable test_lifecycle_cli_node[0m
[30.173s] [ 85%] Built target test_service_client
[30.495s] [ 85%] Built target test_lifecycle_cli_node
[31.096s] [ 87%] [32m[1mLinking CXX executable test_geometry_utils[0m
[31.261s] [ 90%] [32m[1mLinking CXX executable test_node_utils[0m
[31.329s] [ 90%] Built target test_geometry_utils
[31.520s] [ 90%] Built target test_node_utils
[31.849s] [ 92%] [32m[1mLinking CXX executable test_lifecycle_utils[0m
[32.073s] [ 92%] Built target test_lifecycle_utils
[33.625s] [ 95%] [32m[1mLinking CXX executable test_robot_utils[0m
[34.027s] [ 95%] Built target test_robot_utils
[34.505s] [ 97%] [32m[1mLinking CXX executable test_odometry_utils[0m
[34.691s] [ 97%] Built target test_odometry_utils
[39.910s] [100%] [32m[1mLinking CXX executable test_actions[0m
[40.134s] [100%] Built target test_actions
[40.149s] Invoked command in '/home/adas/Documents/Ayush/dev/straight_ws/build/nav2_util' returned '0': AMENT_PREFIX_PATH=/home/adas/Documents/Ayush/dev/straight_ws/install/tf2_geometry_msgs:/home/adas/Documents/Ayush/dev/straight_ws/install/tf2_ros:/home/adas/Documents/Ayush/dev/straight_ws/install/tf2_py:/home/adas/Documents/Ayush/dev/straight_ws/install/nav2_msgs:/home/adas/Documents/Ayush/dev/straight_ws/install/tf2_msgs:/home/adas/Documents/Ayush/dev/straight_ws/install/tf2:/home/adas/Documents/Ayush/dev/straight_ws/install/nav2_common:${AMENT_PREFIX_PATH} CMAKE_PREFIX_PATH=/home/adas/Documents/Ayush/dev/straight_ws/install/tf2_geometry_msgs:/home/adas/Documents/Ayush/dev/straight_ws/install/tf2_ros:/home/adas/Documents/Ayush/dev/straight_ws/install/tf2_py:/home/adas/Documents/Ayush/dev/straight_ws/install/nav2_msgs:/home/adas/Documents/Ayush/dev/straight_ws/install/tf2_msgs:/home/adas/Documents/Ayush/dev/straight_ws/install/tf2:/home/adas/Documents/Ayush/dev/straight_ws/install/nav2_common:/home/adas/Documents/Ayush/dev/straightline_ws/install/geometry2:/home/adas/Documents/Ayush/dev/straightline_ws/install/tf2_tools:/home/adas/Documents/Ayush/dev/straightline_ws/install/nav2_system_tests:/home/adas/Documents/Ayush/dev/straightline_ws/install/nav2_bringup:/home/adas/Documents/Ayush/dev/straightline_ws/install/navigation2:/home/adas/Documents/Ayush/dev/straightline_ws/install/smac_planner:/home/adas/Documents/Ayush/dev/straightline_ws/install/nav2_regulated_pure_pursuit_controller:/home/adas/Documents/Ayush/dev/straightline_ws/install/nav2_recoveries:/home/adas/Documents/Ayush/dev/straightline_ws/install/nav2_planner:/home/adas/Documents/Ayush/dev/straightline_ws/install/nav2_navfn_planner:/home/adas/Documents/Ayush/dev/straightline_ws/install/nav2_dwb_controller:/home/adas/Documents/Ayush/dev/straightline_ws/install/nav2_controller:/home/adas/Documents/Ayush/dev/straightline_ws/install/dwb_plugins:/home/adas/Documents/Ayush/dev/straightline_ws/install/dwb_critics:/home/adas/Documents/Ayush/dev/straightline_ws/install/dwb_core:/home/adas/Documents/Ayush/dev/straightline_ws/install/nav2_core:/home/adas/Documents/Ayush/dev/straightline_ws/install/costmap_queue:/home/adas/Documents/Ayush/dev/straightline_ws/install/nav2_costmap_2d:/home/adas/Documents/Ayush/dev/straightline_ws/install/tf2_sensor_msgs:/home/adas/Documents/Ayush/dev/straightline_ws/install/test_tf2:/home/adas/Documents/Ayush/dev/straightline_ws/install/tf2_kdl:/home/adas/Documents/Ayush/dev/straightline_ws/install/nav_2d_utils:/home/adas/Documents/Ayush/dev/straightline_ws/install/nav2_waypoint_follower:/home/adas/Documents/Ayush/dev/straightline_ws/install/nav2_rviz_plugins:/home/adas/Documents/Ayush/dev/straightline_ws/install/nav2_map_server:/home/adas/Documents/Ayush/dev/straightline_ws/install/nav2_lifecycle_manager:/home/adas/Documents/Ayush/dev/straightline_ws/install/nav2_bt_navigator:/home/adas/Documents/Ayush/dev/straightline_ws/install/nav2_behavior_tree:/home/adas/Documents/Ayush/dev/straightline_ws/install/nav2_amcl:/home/adas/Documents/Ayush/dev/straightline_ws/install/nav2_util:/home/adas/Documents/Ayush/dev/straightline_ws/install/tf2_geometry_msgs:/home/adas/Documents/Ayush/dev/straightline_ws/install/tf2_eigen:/home/adas/Documents/Ayush/dev/straightline_ws/install/tf2_bullet:/home/adas/Documents/Ayush/dev/straightline_ws/install/tf2_ros:/home/adas/Documents/Ayush/dev/straightline_ws/install/tf2_py:/home/adas/Documents/Ayush/dev/straightline_ws/install/tf2_msgs:/home/adas/Documents/Ayush/dev/straightline_ws/install/tf2_eigen_kdl:/home/adas/Documents/Ayush/dev/straightline_ws/install/tf2:/home/adas/Documents/Ayush/dev/straightline_ws/install/dwb_msgs:/home/adas/Documents/Ayush/dev/straightline_ws/install/nav_2d_msgs:/home/adas/Documents/Ayush/dev/straightline_ws/install/nav2_voxel_grid:/home/adas/Documents/Ayush/dev/straightline_ws/install/nav2_msgs:/home/adas/Documents/Ayush/dev/straightline_ws/install/nav2_common:/home/adas/Documents/Ayush/dev/straightline_ws/install/aws_robomaker_small_warehouse_world:/home/adas/Documents/Ayush/dev/straightline_ws/install/examples_tf2_py:/home/adas/Documents/Ayush/dev/straightline_ws/install/nav2_simple_commander:/home/adas/Documents/Ayush/dev/straightline_ws/install/nav2_gazebo_spawner:/opt/ros/foxy LD_LIBRARY_PATH=/home/adas/Documents/Ayush/dev/straight_ws/install/tf2_ros/lib:/home/adas/Documents/Ayush/dev/straight_ws/install/nav2_msgs/lib:/home/adas/Documents/Ayush/dev/straight_ws/install/tf2_msgs/lib:/home/adas/Documents/Ayush/dev/straight_ws/install/tf2/lib:${LD_LIBRARY_PATH} PYTHONPATH=/home/adas/Documents/Ayush/dev/straight_ws/install/tf2_ros/lib/python3.8/site-packages:/home/adas/Documents/Ayush/dev/straight_ws/install/tf2_py/lib/python3.8/site-packages:/home/adas/Documents/Ayush/dev/straight_ws/install/nav2_msgs/lib/python3.8/site-packages:/home/adas/Documents/Ayush/dev/straight_ws/install/tf2_msgs/lib/python3.8/site-packages:/home/adas/Documents/Ayush/dev/straight_ws/install/nav2_common/lib/python3.8/site-packages:${PYTHONPATH} /usr/bin/cmake --build /home/adas/Documents/Ayush/dev/straight_ws/build/nav2_util -- -j8 -l8
[40.198s] Invoking command in '/home/adas/Documents/Ayush/dev/straight_ws/build/nav2_util': AMENT_PREFIX_PATH=/home/adas/Documents/Ayush/dev/straight_ws/install/tf2_geometry_msgs:/home/adas/Documents/Ayush/dev/straight_ws/install/tf2_ros:/home/adas/Documents/Ayush/dev/straight_ws/install/tf2_py:/home/adas/Documents/Ayush/dev/straight_ws/install/nav2_msgs:/home/adas/Documents/Ayush/dev/straight_ws/install/tf2_msgs:/home/adas/Documents/Ayush/dev/straight_ws/install/tf2:/home/adas/Documents/Ayush/dev/straight_ws/install/nav2_common:${AMENT_PREFIX_PATH} CMAKE_PREFIX_PATH=/home/adas/Documents/Ayush/dev/straight_ws/install/tf2_geometry_msgs:/home/adas/Documents/Ayush/dev/straight_ws/install/tf2_ros:/home/adas/Documents/Ayush/dev/straight_ws/install/tf2_py:/home/adas/Documents/Ayush/dev/straight_ws/install/nav2_msgs:/home/adas/Documents/Ayush/dev/straight_ws/install/tf2_msgs:/home/adas/Documents/Ayush/dev/straight_ws/install/tf2:/home/adas/Documents/Ayush/dev/straight_ws/install/nav2_common:/home/adas/Documents/Ayush/dev/straightline_ws/install/geometry2:/home/adas/Documents/Ayush/dev/straightline_ws/install/tf2_tools:/home/adas/Documents/Ayush/dev/straightline_ws/install/nav2_system_tests:/home/adas/Documents/Ayush/dev/straightline_ws/install/nav2_bringup:/home/adas/Documents/Ayush/dev/straightline_ws/install/navigation2:/home/adas/Documents/Ayush/dev/straightline_ws/install/smac_planner:/home/adas/Documents/Ayush/dev/straightline_ws/install/nav2_regulated_pure_pursuit_controller:/home/adas/Documents/Ayush/dev/straightline_ws/install/nav2_recoveries:/home/adas/Documents/Ayush/dev/straightline_ws/install/nav2_planner:/home/adas/Documents/Ayush/dev/straightline_ws/install/nav2_navfn_planner:/home/adas/Documents/Ayush/dev/straightline_ws/install/nav2_dwb_controller:/home/adas/Documents/Ayush/dev/straightline_ws/install/nav2_controller:/home/adas/Documents/Ayush/dev/straightline_ws/install/dwb_plugins:/home/adas/Documents/Ayush/dev/straightline_ws/install/dwb_critics:/home/adas/Documents/Ayush/dev/straightline_ws/install/dwb_core:/home/adas/Documents/Ayush/dev/straightline_ws/install/nav2_core:/home/adas/Documents/Ayush/dev/straightline_ws/install/costmap_queue:/home/adas/Documents/Ayush/dev/straightline_ws/install/nav2_costmap_2d:/home/adas/Documents/Ayush/dev/straightline_ws/install/tf2_sensor_msgs:/home/adas/Documents/Ayush/dev/straightline_ws/install/test_tf2:/home/adas/Documents/Ayush/dev/straightline_ws/install/tf2_kdl:/home/adas/Documents/Ayush/dev/straightline_ws/install/nav_2d_utils:/home/adas/Documents/Ayush/dev/straightline_ws/install/nav2_waypoint_follower:/home/adas/Documents/Ayush/dev/straightline_ws/install/nav2_rviz_plugins:/home/adas/Documents/Ayush/dev/straightline_ws/install/nav2_map_server:/home/adas/Documents/Ayush/dev/straightline_ws/install/nav2_lifecycle_manager:/home/adas/Documents/Ayush/dev/straightline_ws/install/nav2_bt_navigator:/home/adas/Documents/Ayush/dev/straightline_ws/install/nav2_behavior_tree:/home/adas/Documents/Ayush/dev/straightline_ws/install/nav2_amcl:/home/adas/Documents/Ayush/dev/straightline_ws/install/nav2_util:/home/adas/Documents/Ayush/dev/straightline_ws/install/tf2_geometry_msgs:/home/adas/Documents/Ayush/dev/straightline_ws/install/tf2_eigen:/home/adas/Documents/Ayush/dev/straightline_ws/install/tf2_bullet:/home/adas/Documents/Ayush/dev/straightline_ws/install/tf2_ros:/home/adas/Documents/Ayush/dev/straightline_ws/install/tf2_py:/home/adas/Documents/Ayush/dev/straightline_ws/install/tf2_msgs:/home/adas/Documents/Ayush/dev/straightline_ws/install/tf2_eigen_kdl:/home/adas/Documents/Ayush/dev/straightline_ws/install/tf2:/home/adas/Documents/Ayush/dev/straightline_ws/install/dwb_msgs:/home/adas/Documents/Ayush/dev/straightline_ws/install/nav_2d_msgs:/home/adas/Documents/Ayush/dev/straightline_ws/install/nav2_voxel_grid:/home/adas/Documents/Ayush/dev/straightline_ws/install/nav2_msgs:/home/adas/Documents/Ayush/dev/straightline_ws/install/nav2_common:/home/adas/Documents/Ayush/dev/straightline_ws/install/aws_robomaker_small_warehouse_world:/home/adas/Documents/Ayush/dev/straightline_ws/install/examples_tf2_py:/home/adas/Documents/Ayush/dev/straightline_ws/install/nav2_simple_commander:/home/adas/Documents/Ayush/dev/straightline_ws/install/nav2_gazebo_spawner:/opt/ros/foxy LD_LIBRARY_PATH=/home/adas/Documents/Ayush/dev/straight_ws/install/tf2_ros/lib:/home/adas/Documents/Ayush/dev/straight_ws/install/nav2_msgs/lib:/home/adas/Documents/Ayush/dev/straight_ws/install/tf2_msgs/lib:/home/adas/Documents/Ayush/dev/straight_ws/install/tf2/lib:${LD_LIBRARY_PATH} PYTHONPATH=/home/adas/Documents/Ayush/dev/straight_ws/install/tf2_ros/lib/python3.8/site-packages:/home/adas/Documents/Ayush/dev/straight_ws/install/tf2_py/lib/python3.8/site-packages:/home/adas/Documents/Ayush/dev/straight_ws/install/nav2_msgs/lib/python3.8/site-packages:/home/adas/Documents/Ayush/dev/straight_ws/install/tf2_msgs/lib/python3.8/site-packages:/home/adas/Documents/Ayush/dev/straight_ws/install/nav2_common/lib/python3.8/site-packages:${PYTHONPATH} /usr/bin/cmake --install /home/adas/Documents/Ayush/dev/straight_ws/build/nav2_util
[40.209s] -- Install configuration: "Release"
[40.209s] -- Installing: /home/adas/Documents/Ayush/dev/straight_ws/install/nav2_util/include/
[40.210s] -- Installing: /home/adas/Documents/Ayush/dev/straight_ws/install/nav2_util/include//nav2_util
[40.210s] -- Installing: /home/adas/Documents/Ayush/dev/straight_ws/install/nav2_util/include//nav2_util/execution_timer.hpp
[40.210s] -- Installing: /home/adas/Documents/Ayush/dev/straight_ws/install/nav2_util/include//nav2_util/lifecycle_service_client.hpp
[40.210s] -- Installing: /home/adas/Documents/Ayush/dev/straight_ws/install/nav2_util/include//nav2_util/string_utils.hpp
[40.210s] -- Installing: /home/adas/Documents/Ayush/dev/straight_ws/install/nav2_util/include//nav2_util/node_utils.hpp
[40.210s] -- Installing: /home/adas/Documents/Ayush/dev/straight_ws/install/nav2_util/include//nav2_util/line_iterator.hpp
[40.210s] -- Installing: /home/adas/Documents/Ayush/dev/straight_ws/install/nav2_util/include//nav2_util/node_thread.hpp
[40.211s] -- Installing: /home/adas/Documents/Ayush/dev/straight_ws/install/nav2_util/include//nav2_util/clear_entirely_costmap_service_client.hpp
[40.211s] -- Installing: /home/adas/Documents/Ayush/dev/straight_ws/install/nav2_util/include//nav2_util/lifecycle_node.hpp
[40.211s] -- Installing: /home/adas/Documents/Ayush/dev/straight_ws/install/nav2_util/include//nav2_util/service_client.hpp
[40.211s] -- Installing: /home/adas/Documents/Ayush/dev/straight_ws/install/nav2_util/include//nav2_util/robot_utils.hpp
[40.211s] -- Installing: /home/adas/Documents/Ayush/dev/straight_ws/install/nav2_util/include//nav2_util/simple_action_server.hpp
[40.211s] -- Installing: /home/adas/Documents/Ayush/dev/straight_ws/install/nav2_util/include//nav2_util/geometry_utils.hpp
[40.211s] -- Installing: /home/adas/Documents/Ayush/dev/straight_ws/install/nav2_util/include//nav2_util/odometry_utils.hpp
[40.211s] -- Installing: /home/adas/Documents/Ayush/dev/straight_ws/install/nav2_util/include//nav2_util/costmap.hpp
[40.211s] -- Installing: /home/adas/Documents/Ayush/dev/straight_ws/install/nav2_util/include//nav2_util/lifecycle_utils.hpp
[40.211s] -- Installing: /home/adas/Documents/Ayush/dev/straight_ws/install/nav2_util/share/nav2_util/environment/library_path.sh
[40.212s] -- Installing: /home/adas/Documents/Ayush/dev/straight_ws/install/nav2_util/share/nav2_util/environment/library_path.dsv
[40.212s] -- Installing: /home/adas/Documents/Ayush/dev/straight_ws/install/nav2_util/share/ament_index/resource_index/package_run_dependencies/nav2_util
[40.212s] -- Installing: /home/adas/Documents/Ayush/dev/straight_ws/install/nav2_util/share/ament_index/resource_index/parent_prefix_path/nav2_util
[40.212s] -- Installing: /home/adas/Documents/Ayush/dev/straight_ws/install/nav2_util/share/nav2_util/environment/ament_prefix_path.sh
[40.212s] -- Installing: /home/adas/Documents/Ayush/dev/straight_ws/install/nav2_util/share/nav2_util/environment/ament_prefix_path.dsv
[40.212s] -- Installing: /home/adas/Documents/Ayush/dev/straight_ws/install/nav2_util/share/nav2_util/environment/path.sh
[40.212s] -- Installing: /home/adas/Documents/Ayush/dev/straight_ws/install/nav2_util/share/nav2_util/environment/path.dsv
[40.212s] -- Installing: /home/adas/Documents/Ayush/dev/straight_ws/install/nav2_util/share/nav2_util/local_setup.bash
[40.212s] -- Installing: /home/adas/Documents/Ayush/dev/straight_ws/install/nav2_util/share/nav2_util/local_setup.sh
[40.212s] -- Installing: /home/adas/Documents/Ayush/dev/straight_ws/install/nav2_util/share/nav2_util/local_setup.zsh
[40.212s] -- Installing: /home/adas/Documents/Ayush/dev/straight_ws/install/nav2_util/share/nav2_util/local_setup.dsv
[40.212s] -- Installing: /home/adas/Documents/Ayush/dev/straight_ws/install/nav2_util/share/nav2_util/package.dsv
[40.213s] -- Installing: /home/adas/Documents/Ayush/dev/straight_ws/install/nav2_util/share/ament_index/resource_index/packages/nav2_util
[40.213s] -- Installing: /home/adas/Documents/Ayush/dev/straight_ws/install/nav2_util/share/nav2_util/cmake/ament_cmake_export_include_directories-extras.cmake
[40.213s] -- Installing: /home/adas/Documents/Ayush/dev/straight_ws/install/nav2_util/share/nav2_util/cmake/ament_cmake_export_libraries-extras.cmake
[40.213s] -- Installing: /home/adas/Documents/Ayush/dev/straight_ws/install/nav2_util/share/nav2_util/cmake/ament_cmake_export_dependencies-extras.cmake
[40.213s] -- Installing: /home/adas/Documents/Ayush/dev/straight_ws/install/nav2_util/share/nav2_util/cmake/nav2_utilConfig.cmake
[40.213s] -- Installing: /home/adas/Documents/Ayush/dev/straight_ws/install/nav2_util/share/nav2_util/cmake/nav2_utilConfig-version.cmake
[40.213s] -- Installing: /home/adas/Documents/Ayush/dev/straight_ws/install/nav2_util/share/nav2_util/package.xml
[40.214s] -- Installing: /home/adas/Documents/Ayush/dev/straight_ws/install/nav2_util/lib/libnav2_util_core.so
[40.215s] -- Set runtime path of "/home/adas/Documents/Ayush/dev/straight_ws/install/nav2_util/lib/libnav2_util_core.so" to ""
[40.215s] -- Installing: /home/adas/Documents/Ayush/dev/straight_ws/install/nav2_util/lib/nav2_util/lifecycle_bringup
[40.216s] -- Set runtime path of "/home/adas/Documents/Ayush/dev/straight_ws/install/nav2_util/lib/nav2_util/lifecycle_bringup" to ""
[40.216s] -- Installing: /home/adas/Documents/Ayush/dev/straight_ws/install/nav2_util/lib/nav2_util/dump_params
[40.217s] -- Set runtime path of "/home/adas/Documents/Ayush/dev/straight_ws/install/nav2_util/lib/nav2_util/dump_params" to ""
[40.220s] Invoked command in '/home/adas/Documents/Ayush/dev/straight_ws/build/nav2_util' returned '0': AMENT_PREFIX_PATH=/home/adas/Documents/Ayush/dev/straight_ws/install/tf2_geometry_msgs:/home/adas/Documents/Ayush/dev/straight_ws/install/tf2_ros:/home/adas/Documents/Ayush/dev/straight_ws/install/tf2_py:/home/adas/Documents/Ayush/dev/straight_ws/install/nav2_msgs:/home/adas/Documents/Ayush/dev/straight_ws/install/tf2_msgs:/home/adas/Documents/Ayush/dev/straight_ws/install/tf2:/home/adas/Documents/Ayush/dev/straight_ws/install/nav2_common:${AMENT_PREFIX_PATH} CMAKE_PREFIX_PATH=/home/adas/Documents/Ayush/dev/straight_ws/install/tf2_geometry_msgs:/home/adas/Documents/Ayush/dev/straight_ws/install/tf2_ros:/home/adas/Documents/Ayush/dev/straight_ws/install/tf2_py:/home/adas/Documents/Ayush/dev/straight_ws/install/nav2_msgs:/home/adas/Documents/Ayush/dev/straight_ws/install/tf2_msgs:/home/adas/Documents/Ayush/dev/straight_ws/install/tf2:/home/adas/Documents/Ayush/dev/straight_ws/install/nav2_common:/home/adas/Documents/Ayush/dev/straightline_ws/install/geometry2:/home/adas/Documents/Ayush/dev/straightline_ws/install/tf2_tools:/home/adas/Documents/Ayush/dev/straightline_ws/install/nav2_system_tests:/home/adas/Documents/Ayush/dev/straightline_ws/install/nav2_bringup:/home/adas/Documents/Ayush/dev/straightline_ws/install/navigation2:/home/adas/Documents/Ayush/dev/straightline_ws/install/smac_planner:/home/adas/Documents/Ayush/dev/straightline_ws/install/nav2_regulated_pure_pursuit_controller:/home/adas/Documents/Ayush/dev/straightline_ws/install/nav2_recoveries:/home/adas/Documents/Ayush/dev/straightline_ws/install/nav2_planner:/home/adas/Documents/Ayush/dev/straightline_ws/install/nav2_navfn_planner:/home/adas/Documents/Ayush/dev/straightline_ws/install/nav2_dwb_controller:/home/adas/Documents/Ayush/dev/straightline_ws/install/nav2_controller:/home/adas/Documents/Ayush/dev/straightline_ws/install/dwb_plugins:/home/adas/Documents/Ayush/dev/straightline_ws/install/dwb_critics:/home/adas/Documents/Ayush/dev/straightline_ws/install/dwb_core:/home/adas/Documents/Ayush/dev/straightline_ws/install/nav2_core:/home/adas/Documents/Ayush/dev/straightline_ws/install/costmap_queue:/home/adas/Documents/Ayush/dev/straightline_ws/install/nav2_costmap_2d:/home/adas/Documents/Ayush/dev/straightline_ws/install/tf2_sensor_msgs:/home/adas/Documents/Ayush/dev/straightline_ws/install/test_tf2:/home/adas/Documents/Ayush/dev/straightline_ws/install/tf2_kdl:/home/adas/Documents/Ayush/dev/straightline_ws/install/nav_2d_utils:/home/adas/Documents/Ayush/dev/straightline_ws/install/nav2_waypoint_follower:/home/adas/Documents/Ayush/dev/straightline_ws/install/nav2_rviz_plugins:/home/adas/Documents/Ayush/dev/straightline_ws/install/nav2_map_server:/home/adas/Documents/Ayush/dev/straightline_ws/install/nav2_lifecycle_manager:/home/adas/Documents/Ayush/dev/straightline_ws/install/nav2_bt_navigator:/home/adas/Documents/Ayush/dev/straightline_ws/install/nav2_behavior_tree:/home/adas/Documents/Ayush/dev/straightline_ws/install/nav2_amcl:/home/adas/Documents/Ayush/dev/straightline_ws/install/nav2_util:/home/adas/Documents/Ayush/dev/straightline_ws/install/tf2_geometry_msgs:/home/adas/Documents/Ayush/dev/straightline_ws/install/tf2_eigen:/home/adas/Documents/Ayush/dev/straightline_ws/install/tf2_bullet:/home/adas/Documents/Ayush/dev/straightline_ws/install/tf2_ros:/home/adas/Documents/Ayush/dev/straightline_ws/install/tf2_py:/home/adas/Documents/Ayush/dev/straightline_ws/install/tf2_msgs:/home/adas/Documents/Ayush/dev/straightline_ws/install/tf2_eigen_kdl:/home/adas/Documents/Ayush/dev/straightline_ws/install/tf2:/home/adas/Documents/Ayush/dev/straightline_ws/install/dwb_msgs:/home/adas/Documents/Ayush/dev/straightline_ws/install/nav_2d_msgs:/home/adas/Documents/Ayush/dev/straightline_ws/install/nav2_voxel_grid:/home/adas/Documents/Ayush/dev/straightline_ws/install/nav2_msgs:/home/adas/Documents/Ayush/dev/straightline_ws/install/nav2_common:/home/adas/Documents/Ayush/dev/straightline_ws/install/aws_robomaker_small_warehouse_world:/home/adas/Documents/Ayush/dev/straightline_ws/install/examples_tf2_py:/home/adas/Documents/Ayush/dev/straightline_ws/install/nav2_simple_commander:/home/adas/Documents/Ayush/dev/straightline_ws/install/nav2_gazebo_spawner:/opt/ros/foxy LD_LIBRARY_PATH=/home/adas/Documents/Ayush/dev/straight_ws/install/tf2_ros/lib:/home/adas/Documents/Ayush/dev/straight_ws/install/nav2_msgs/lib:/home/adas/Documents/Ayush/dev/straight_ws/install/tf2_msgs/lib:/home/adas/Documents/Ayush/dev/straight_ws/install/tf2/lib:${LD_LIBRARY_PATH} PYTHONPATH=/home/adas/Documents/Ayush/dev/straight_ws/install/tf2_ros/lib/python3.8/site-packages:/home/adas/Documents/Ayush/dev/straight_ws/install/tf2_py/lib/python3.8/site-packages:/home/adas/Documents/Ayush/dev/straight_ws/install/nav2_msgs/lib/python3.8/site-packages:/home/adas/Documents/Ayush/dev/straight_ws/install/tf2_msgs/lib/python3.8/site-packages:/home/adas/Documents/Ayush/dev/straight_ws/install/nav2_common/lib/python3.8/site-packages:${PYTHONPATH} /usr/bin/cmake --install /home/adas/Documents/Ayush/dev/straight_ws/build/nav2_util
