[0.061s] Invoking command in '/home/adas/Documents/Ayush/dev/straight_ws/build/nav2_rviz_plugins': AMENT_PREFIX_PATH=/home/adas/Documents/Ayush/dev/straight_ws/install/nav2_lifecycle_manager:/home/adas/Documents/Ayush/dev/straight_ws/install/nav2_util:/home/adas/Documents/Ayush/dev/straight_ws/install/tf2_geometry_msgs:/home/adas/Documents/Ayush/dev/straight_ws/install/tf2_ros:/home/adas/Documents/Ayush/dev/straight_ws/install/tf2_py:/home/adas/Documents/Ayush/dev/straight_ws/install/nav2_msgs:/home/adas/Documents/Ayush/dev/straight_ws/install/tf2_msgs:/home/adas/Documents/Ayush/dev/straight_ws/install/tf2:/home/adas/Documents/Ayush/dev/straight_ws/install/nav2_common:${AMENT_PREFIX_PATH} CMAKE_PREFIX_PATH=/home/adas/Documents/Ayush/dev/straight_ws/install/nav2_lifecycle_manager:/home/adas/Documents/Ayush/dev/straight_ws/install/nav2_util:/home/adas/Documents/Ayush/dev/straight_ws/install/tf2_geometry_msgs:/home/adas/Documents/Ayush/dev/straight_ws/install/tf2_ros:/home/adas/Documents/Ayush/dev/straight_ws/install/tf2_py:/home/adas/Documents/Ayush/dev/straight_ws/install/nav2_msgs:/home/adas/Documents/Ayush/dev/straight_ws/install/tf2_msgs:/home/adas/Documents/Ayush/dev/straight_ws/install/tf2:/home/adas/Documents/Ayush/dev/straight_ws/install/nav2_common:/home/adas/Documents/Ayush/dev/straightline_ws/install/geometry2:/home/adas/Documents/Ayush/dev/straightline_ws/install/tf2_tools:/home/adas/Documents/Ayush/dev/straightline_ws/install/nav2_system_tests:/home/adas/Documents/Ayush/dev/straightline_ws/install/nav2_bringup:/home/adas/Documents/Ayush/dev/straightline_ws/install/navigation2:/home/adas/Documents/Ayush/dev/straightline_ws/install/smac_planner:/home/adas/Documents/Ayush/dev/straightline_ws/install/nav2_regulated_pure_pursuit_controller:/home/adas/Documents/Ayush/dev/straightline_ws/install/nav2_recoveries:/home/adas/Documents/Ayush/dev/straightline_ws/install/nav2_planner:/home/adas/Documents/Ayush/dev/straightline_ws/install/nav2_navfn_planner:/home/adas/Documents/Ayush/dev/straightline_ws/install/nav2_dwb_controller:/home/adas/Documents/Ayush/dev/straightline_ws/install/nav2_controller:/home/adas/Documents/Ayush/dev/straightline_ws/install/dwb_plugins:/home/adas/Documents/Ayush/dev/straightline_ws/install/dwb_critics:/home/adas/Documents/Ayush/dev/straightline_ws/install/dwb_core:/home/adas/Documents/Ayush/dev/straightline_ws/install/nav2_core:/home/adas/Documents/Ayush/dev/straightline_ws/install/costmap_queue:/home/adas/Documents/Ayush/dev/straightline_ws/install/nav2_costmap_2d:/home/adas/Documents/Ayush/dev/straightline_ws/install/tf2_sensor_msgs:/home/adas/Documents/Ayush/dev/straightline_ws/install/test_tf2:/home/adas/Documents/Ayush/dev/straightline_ws/install/tf2_kdl:/home/adas/Documents/Ayush/dev/straightline_ws/install/nav_2d_utils:/home/adas/Documents/Ayush/dev/straightline_ws/install/nav2_waypoint_follower:/home/adas/Documents/Ayush/dev/straightline_ws/install/nav2_rviz_plugins:/home/adas/Documents/Ayush/dev/straightline_ws/install/nav2_map_server:/home/adas/Documents/Ayush/dev/straightline_ws/install/nav2_lifecycle_manager:/home/adas/Documents/Ayush/dev/straightline_ws/install/nav2_bt_navigator:/home/adas/Documents/Ayush/dev/straightline_ws/install/nav2_behavior_tree:/home/adas/Documents/Ayush/dev/straightline_ws/install/nav2_amcl:/home/adas/Documents/Ayush/dev/straightline_ws/install/nav2_util:/home/adas/Documents/Ayush/dev/straightline_ws/install/tf2_geometry_msgs:/home/adas/Documents/Ayush/dev/straightline_ws/install/tf2_eigen:/home/adas/Documents/Ayush/dev/straightline_ws/install/tf2_bullet:/home/adas/Documents/Ayush/dev/straightline_ws/install/tf2_ros:/home/adas/Documents/Ayush/dev/straightline_ws/install/tf2_py:/home/adas/Documents/Ayush/dev/straightline_ws/install/tf2_msgs:/home/adas/Documents/Ayush/dev/straightline_ws/install/tf2_eigen_kdl:/home/adas/Documents/Ayush/dev/straightline_ws/install/tf2:/home/adas/Documents/Ayush/dev/straightline_ws/install/dwb_msgs:/home/adas/Documents/Ayush/dev/straightline_ws/install/nav_2d_msgs:/home/adas/Documents/Ayush/dev/straightline_ws/install/nav2_voxel_grid:/home/adas/Documents/Ayush/dev/straightline_ws/install/nav2_msgs:/home/adas/Documents/Ayush/dev/straightline_ws/install/nav2_common:/home/adas/Documents/Ayush/dev/straightline_ws/install/aws_robomaker_small_warehouse_world:/home/adas/Documents/Ayush/dev/straightline_ws/install/examples_tf2_py:/home/adas/Documents/Ayush/dev/straightline_ws/install/nav2_simple_commander:/home/adas/Documents/Ayush/dev/straightline_ws/install/nav2_gazebo_spawner:/opt/ros/foxy LD_LIBRARY_PATH=/home/adas/Documents/Ayush/dev/straight_ws/install/nav2_lifecycle_manager/lib:/home/adas/Documents/Ayush/dev/straight_ws/install/nav2_util/lib:/home/adas/Documents/Ayush/dev/straight_ws/install/tf2_ros/lib:/home/adas/Documents/Ayush/dev/straight_ws/install/nav2_msgs/lib:/home/adas/Documents/Ayush/dev/straight_ws/install/tf2_msgs/lib:/home/adas/Documents/Ayush/dev/straight_ws/install/tf2/lib:${LD_LIBRARY_PATH} PYTHONPATH=/home/adas/Documents/Ayush/dev/straight_ws/install/tf2_ros/lib/python3.8/site-packages:/home/adas/Documents/Ayush/dev/straight_ws/install/tf2_py/lib/python3.8/site-packages:/home/adas/Documents/Ayush/dev/straight_ws/install/nav2_msgs/lib/python3.8/site-packages:/home/adas/Documents/Ayush/dev/straight_ws/install/tf2_msgs/lib/python3.8/site-packages:/home/adas/Documents/Ayush/dev/straight_ws/install/nav2_common/lib/python3.8/site-packages:${PYTHONPATH} /usr/bin/cmake /home/adas/Documents/Ayush/dev/straight_ws/src/navigation2/nav2_rviz_plugins -DCMAKE_INSTALL_PREFIX=/home/adas/Documents/Ayush/dev/straight_ws/install/nav2_rviz_plugins
[0.160s] -- The C compiler identification is GNU 9.3.0
[0.261s] -- The CXX compiler identification is GNU 9.3.0
[0.274s] -- Check for working C compiler: /usr/bin/cc
[0.400s] -- Check for working C compiler: /usr/bin/cc -- works
[0.402s] -- Detecting C compiler ABI info
[0.555s] -- Detecting C compiler ABI info - done
[0.580s] -- Detecting C compile features
[0.581s] -- Detecting C compile features - done
[0.592s] -- Check for working CXX compiler: /usr/bin/c++
[0.763s] -- Check for working CXX compiler: /usr/bin/c++ -- works
[0.765s] -- Detecting CXX compiler ABI info
[0.911s] -- Detecting CXX compiler ABI info - done
[0.929s] -- Detecting CXX compile features
[0.936s] -- Detecting CXX compile features - done
[0.938s] -- Found ament_cmake: 0.9.8 (/opt/ros/foxy/share/ament_cmake/cmake)
[1.003s] -- Found PythonInterp: /usr/bin/python3 (found suitable version "3.8.10", minimum required is "3") 
[1.003s] -- Using PYTHON_EXECUTABLE: /usr/bin/python3
[1.505s] -- Found geometry_msgs: 2.0.4 (/opt/ros/foxy/share/geometry_msgs/cmake)
[1.596s] -- Using all available rosidl_typesupport_c: rosidl_typesupport_fastrtps_c;rosidl_typesupport_introspection_c
[1.620s] -- Found rosidl_adapter: 1.2.1 (/opt/ros/foxy/share/rosidl_adapter/cmake)
[1.791s] -- Found OpenSSL: /usr/lib/x86_64-linux-gnu/libcrypto.so (found version "1.1.1f")  
[1.846s] -- Found FastRTPS: /opt/ros/foxy/include  
[1.985s] -- Using all available rosidl_typesupport_cpp: rosidl_typesupport_fastrtps_cpp;rosidl_typesupport_introspection_cpp
[2.100s] -- Found nav2_util: 0.4.7 (/home/adas/Documents/Ayush/dev/straight_ws/install/nav2_util/share/nav2_util/cmake)
[2.699s] -- Found rmw_implementation_cmake: 1.0.3 (/opt/ros/foxy/share/rmw_implementation_cmake/cmake)
[2.704s] -- Using RMW implementation 'rmw_fastrtps_cpp' as default
[2.705s] -- Looking for pthread.h
[2.834s] -- Looking for pthread.h - found
[2.834s] -- Performing Test CMAKE_HAVE_LIBC_PTHREAD
[2.959s] -- Performing Test CMAKE_HAVE_LIBC_PTHREAD - Failed
[2.960s] -- Looking for pthread_create in pthreads
[3.078s] -- Looking for pthread_create in pthreads - not found
[3.081s] -- Looking for pthread_create in pthread
[3.206s] -- Looking for pthread_create in pthread - found
[3.209s] -- Found Threads: TRUE  
[4.086s] -- Found eigen3_cmake_module: 0.1.1 (/opt/ros/foxy/share/eigen3_cmake_module/cmake)
[4.097s] -- Found Eigen3: TRUE (found version "3.3.7") 
[4.422s] -- Found nav2_lifecycle_manager: 0.4.7 (/home/adas/Documents/Ayush/dev/straight_ws/install/nav2_lifecycle_manager/share/nav2_lifecycle_manager/cmake)
[4.927s] -- Found pluginlib: 2.5.3 (/opt/ros/foxy/share/pluginlib/cmake)
[5.004s] -- Found rviz_common: 8.2.2 (/opt/ros/foxy/share/rviz_common/cmake)
[5.027s] -- Setting OGRE_DIR to: '/opt/ros/foxy/share/rviz_ogre_vendor/cmake/../../../opt/rviz_ogre_vendor/lib/OGRE/cmake'
[5.031s] -- Found OGRE
[5.031s] --   static     : OFF
[5.032s] --   components : HLMS;MeshLodGenerator;Overlay;Paging;Property;RTShaderSystem;Terrain;Volume
[5.032s] --   plugins    : Plugin_BSPSceneManager;Plugin_OctreeSceneManager;Plugin_PCZSceneManager;Plugin_ParticleFX;RenderSystem_GL;RenderSystem_GL3Plus;Codec_STBI
[5.032s] --   media      : /opt/ros/foxy/opt/rviz_ogre_vendor/share/OGRE/Media
[5.032s] -- OGRE_LIBRARIES: OgreHLMS;OgreMeshLodGenerator;OgreOverlay;OgrePaging;OgreProperty;OgreRTShaderSystem;OgreTerrain;OgreVolume;OgreMain
[5.032s] -- OGRE_LIBRARY_DIRS: /opt/ros/foxy/opt/rviz_ogre_vendor/lib
[5.032s] -- OGRE_PLUGINS: Plugin_BSPSceneManager;Plugin_OctreeSceneManager;Plugin_PCZSceneManager;Plugin_ParticleFX;RenderSystem_GL;RenderSystem_GL3Plus;Codec_STBI
[5.033s] -- OGRE_PLUGIN_DIR: /opt/ros/foxy/opt/rviz_ogre_vendor/lib/OGRE
[5.033s] -- rviz_ogre_vendor::OgreOverlay for IMPORTED_LOCATION_RELEASE: /opt/ros/foxy/opt/rviz_ogre_vendor/lib/libOgreOverlay.so
[5.033s] -- rviz_ogre_vendor::OgreOverlay for IMPORTED_LOCATION_DEBUG: /opt/ros/foxy/opt/rviz_ogre_vendor/lib/libOgreOverlay.so
[5.033s] -- rviz_ogre_vendor::OgreMain for IMPORTED_LOCATION_RELEASE: /opt/ros/foxy/opt/rviz_ogre_vendor/lib/libOgreMain.so
[5.033s] -- rviz_ogre_vendor::OgreMain for IMPORTED_LOCATION_DEBUG: /opt/ros/foxy/opt/rviz_ogre_vendor/lib/libOgreMain.so
[5.092s] -- Found ZLIB: /usr/lib/x86_64-linux-gnu/libz.so (found version "1.2.11") 
[5.112s] -- Found OpenGL: /usr/lib/x86_64-linux-gnu/libOpenGL.so   
[5.362s] -- Found X11: /usr/include   
[5.364s] -- Looking for XOpenDisplay in /usr/lib/x86_64-linux-gnu/libX11.so;/usr/lib/x86_64-linux-gnu/libXext.so
[5.505s] -- Looking for XOpenDisplay in /usr/lib/x86_64-linux-gnu/libX11.so;/usr/lib/x86_64-linux-gnu/libXext.so - found
[5.505s] -- Looking for gethostbyname
[5.618s] -- Looking for gethostbyname - found
[5.618s] -- Looking for connect
[5.742s] -- Looking for connect - found
[5.742s] -- Looking for remove
[5.882s] -- Looking for remove - found
[5.882s] -- Looking for shmat
[6.007s] -- Looking for shmat - found
[6.007s] -- Looking for IceConnectionNumber in ICE
[6.146s] -- Looking for IceConnectionNumber in ICE - found
[6.152s] -- rviz_ogre_vendor::RenderSystem_GL for IMPORTED_LOCATION_RELEASE: _render_system_gl_static_library_abs-NOTFOUND
[6.152s] -- rviz_ogre_vendor::RenderSystem_GL for IMPORTED_LOCATION_DEBUG: _render_system_gl_static_library_abs-NOTFOUND
[6.374s] -- library: /usr/lib/x86_64-linux-gnu/libcurl.so
[6.633s] -- Setting yaml-cpp_DIR to: '/opt/ros/foxy/share/yaml_cpp_vendor/cmake/../../../opt/yaml_cpp_vendor/lib/cmake/yaml-cpp'
[6.644s] -- Found rviz_default_plugins: 8.2.2 (/opt/ros/foxy/share/rviz_default_plugins/cmake)
[8.092s] -- Found ament_lint_auto: 0.9.6 (/opt/ros/foxy/share/ament_lint_auto/cmake)
[8.226s] -- Added test 'copyright' to check source files copyright and LICENSE
[8.229s] -- Added test 'cppcheck' to perform static code analysis on C / C++ code
[8.229s] -- Configured cppcheck include dirs: /home/adas/Documents/Ayush/dev/straight_ws/src/navigation2/nav2_rviz_plugins/include
[8.229s] -- Configured cppcheck exclude dirs and/or files: 
[8.231s] -- Added test 'cpplint' to check C / C++ code against the Google style
[8.231s] -- Configured cpplint exclude dirs and/or files: 
[8.233s] -- Added test 'lint_cmake' to check CMake code style
[8.236s] -- Added test 'uncrustify' to check C / C++ code style
[8.236s] -- Configured uncrustify additional arguments: 
[8.238s] -- Added test 'xmllint' to check XML markup files
[8.247s] -- Configuring done
[8.338s] -- Generating done
[8.340s] -- Build files have been written to: /home/adas/Documents/Ayush/dev/straight_ws/build/nav2_rviz_plugins
[8.355s] Invoked command in '/home/adas/Documents/Ayush/dev/straight_ws/build/nav2_rviz_plugins' returned '0': AMENT_PREFIX_PATH=/home/adas/Documents/Ayush/dev/straight_ws/install/nav2_lifecycle_manager:/home/adas/Documents/Ayush/dev/straight_ws/install/nav2_util:/home/adas/Documents/Ayush/dev/straight_ws/install/tf2_geometry_msgs:/home/adas/Documents/Ayush/dev/straight_ws/install/tf2_ros:/home/adas/Documents/Ayush/dev/straight_ws/install/tf2_py:/home/adas/Documents/Ayush/dev/straight_ws/install/nav2_msgs:/home/adas/Documents/Ayush/dev/straight_ws/install/tf2_msgs:/home/adas/Documents/Ayush/dev/straight_ws/install/tf2:/home/adas/Documents/Ayush/dev/straight_ws/install/nav2_common:${AMENT_PREFIX_PATH} CMAKE_PREFIX_PATH=/home/adas/Documents/Ayush/dev/straight_ws/install/nav2_lifecycle_manager:/home/adas/Documents/Ayush/dev/straight_ws/install/nav2_util:/home/adas/Documents/Ayush/dev/straight_ws/install/tf2_geometry_msgs:/home/adas/Documents/Ayush/dev/straight_ws/install/tf2_ros:/home/adas/Documents/Ayush/dev/straight_ws/install/tf2_py:/home/adas/Documents/Ayush/dev/straight_ws/install/nav2_msgs:/home/adas/Documents/Ayush/dev/straight_ws/install/tf2_msgs:/home/adas/Documents/Ayush/dev/straight_ws/install/tf2:/home/adas/Documents/Ayush/dev/straight_ws/install/nav2_common:/home/adas/Documents/Ayush/dev/straightline_ws/install/geometry2:/home/adas/Documents/Ayush/dev/straightline_ws/install/tf2_tools:/home/adas/Documents/Ayush/dev/straightline_ws/install/nav2_system_tests:/home/adas/Documents/Ayush/dev/straightline_ws/install/nav2_bringup:/home/adas/Documents/Ayush/dev/straightline_ws/install/navigation2:/home/adas/Documents/Ayush/dev/straightline_ws/install/smac_planner:/home/adas/Documents/Ayush/dev/straightline_ws/install/nav2_regulated_pure_pursuit_controller:/home/adas/Documents/Ayush/dev/straightline_ws/install/nav2_recoveries:/home/adas/Documents/Ayush/dev/straightline_ws/install/nav2_planner:/home/adas/Documents/Ayush/dev/straightline_ws/install/nav2_navfn_planner:/home/adas/Documents/Ayush/dev/straightline_ws/install/nav2_dwb_controller:/home/adas/Documents/Ayush/dev/straightline_ws/install/nav2_controller:/home/adas/Documents/Ayush/dev/straightline_ws/install/dwb_plugins:/home/adas/Documents/Ayush/dev/straightline_ws/install/dwb_critics:/home/adas/Documents/Ayush/dev/straightline_ws/install/dwb_core:/home/adas/Documents/Ayush/dev/straightline_ws/install/nav2_core:/home/adas/Documents/Ayush/dev/straightline_ws/install/costmap_queue:/home/adas/Documents/Ayush/dev/straightline_ws/install/nav2_costmap_2d:/home/adas/Documents/Ayush/dev/straightline_ws/install/tf2_sensor_msgs:/home/adas/Documents/Ayush/dev/straightline_ws/install/test_tf2:/home/adas/Documents/Ayush/dev/straightline_ws/install/tf2_kdl:/home/adas/Documents/Ayush/dev/straightline_ws/install/nav_2d_utils:/home/adas/Documents/Ayush/dev/straightline_ws/install/nav2_waypoint_follower:/home/adas/Documents/Ayush/dev/straightline_ws/install/nav2_rviz_plugins:/home/adas/Documents/Ayush/dev/straightline_ws/install/nav2_map_server:/home/adas/Documents/Ayush/dev/straightline_ws/install/nav2_lifecycle_manager:/home/adas/Documents/Ayush/dev/straightline_ws/install/nav2_bt_navigator:/home/adas/Documents/Ayush/dev/straightline_ws/install/nav2_behavior_tree:/home/adas/Documents/Ayush/dev/straightline_ws/install/nav2_amcl:/home/adas/Documents/Ayush/dev/straightline_ws/install/nav2_util:/home/adas/Documents/Ayush/dev/straightline_ws/install/tf2_geometry_msgs:/home/adas/Documents/Ayush/dev/straightline_ws/install/tf2_eigen:/home/adas/Documents/Ayush/dev/straightline_ws/install/tf2_bullet:/home/adas/Documents/Ayush/dev/straightline_ws/install/tf2_ros:/home/adas/Documents/Ayush/dev/straightline_ws/install/tf2_py:/home/adas/Documents/Ayush/dev/straightline_ws/install/tf2_msgs:/home/adas/Documents/Ayush/dev/straightline_ws/install/tf2_eigen_kdl:/home/adas/Documents/Ayush/dev/straightline_ws/install/tf2:/home/adas/Documents/Ayush/dev/straightline_ws/install/dwb_msgs:/home/adas/Documents/Ayush/dev/straightline_ws/install/nav_2d_msgs:/home/adas/Documents/Ayush/dev/straightline_ws/install/nav2_voxel_grid:/home/adas/Documents/Ayush/dev/straightline_ws/install/nav2_msgs:/home/adas/Documents/Ayush/dev/straightline_ws/install/nav2_common:/home/adas/Documents/Ayush/dev/straightline_ws/install/aws_robomaker_small_warehouse_world:/home/adas/Documents/Ayush/dev/straightline_ws/install/examples_tf2_py:/home/adas/Documents/Ayush/dev/straightline_ws/install/nav2_simple_commander:/home/adas/Documents/Ayush/dev/straightline_ws/install/nav2_gazebo_spawner:/opt/ros/foxy LD_LIBRARY_PATH=/home/adas/Documents/Ayush/dev/straight_ws/install/nav2_lifecycle_manager/lib:/home/adas/Documents/Ayush/dev/straight_ws/install/nav2_util/lib:/home/adas/Documents/Ayush/dev/straight_ws/install/tf2_ros/lib:/home/adas/Documents/Ayush/dev/straight_ws/install/nav2_msgs/lib:/home/adas/Documents/Ayush/dev/straight_ws/install/tf2_msgs/lib:/home/adas/Documents/Ayush/dev/straight_ws/install/tf2/lib:${LD_LIBRARY_PATH} PYTHONPATH=/home/adas/Documents/Ayush/dev/straight_ws/install/tf2_ros/lib/python3.8/site-packages:/home/adas/Documents/Ayush/dev/straight_ws/install/tf2_py/lib/python3.8/site-packages:/home/adas/Documents/Ayush/dev/straight_ws/install/nav2_msgs/lib/python3.8/site-packages:/home/adas/Documents/Ayush/dev/straight_ws/install/tf2_msgs/lib/python3.8/site-packages:/home/adas/Documents/Ayush/dev/straight_ws/install/nav2_common/lib/python3.8/site-packages:${PYTHONPATH} /usr/bin/cmake /home/adas/Documents/Ayush/dev/straight_ws/src/navigation2/nav2_rviz_plugins -DCMAKE_INSTALL_PREFIX=/home/adas/Documents/Ayush/dev/straight_ws/install/nav2_rviz_plugins
[8.359s] Invoking command in '/home/adas/Documents/Ayush/dev/straight_ws/build/nav2_rviz_plugins': AMENT_PREFIX_PATH=/home/adas/Documents/Ayush/dev/straight_ws/install/nav2_lifecycle_manager:/home/adas/Documents/Ayush/dev/straight_ws/install/nav2_util:/home/adas/Documents/Ayush/dev/straight_ws/install/tf2_geometry_msgs:/home/adas/Documents/Ayush/dev/straight_ws/install/tf2_ros:/home/adas/Documents/Ayush/dev/straight_ws/install/tf2_py:/home/adas/Documents/Ayush/dev/straight_ws/install/nav2_msgs:/home/adas/Documents/Ayush/dev/straight_ws/install/tf2_msgs:/home/adas/Documents/Ayush/dev/straight_ws/install/tf2:/home/adas/Documents/Ayush/dev/straight_ws/install/nav2_common:${AMENT_PREFIX_PATH} CMAKE_PREFIX_PATH=/home/adas/Documents/Ayush/dev/straight_ws/install/nav2_lifecycle_manager:/home/adas/Documents/Ayush/dev/straight_ws/install/nav2_util:/home/adas/Documents/Ayush/dev/straight_ws/install/tf2_geometry_msgs:/home/adas/Documents/Ayush/dev/straight_ws/install/tf2_ros:/home/adas/Documents/Ayush/dev/straight_ws/install/tf2_py:/home/adas/Documents/Ayush/dev/straight_ws/install/nav2_msgs:/home/adas/Documents/Ayush/dev/straight_ws/install/tf2_msgs:/home/adas/Documents/Ayush/dev/straight_ws/install/tf2:/home/adas/Documents/Ayush/dev/straight_ws/install/nav2_common:/home/adas/Documents/Ayush/dev/straightline_ws/install/geometry2:/home/adas/Documents/Ayush/dev/straightline_ws/install/tf2_tools:/home/adas/Documents/Ayush/dev/straightline_ws/install/nav2_system_tests:/home/adas/Documents/Ayush/dev/straightline_ws/install/nav2_bringup:/home/adas/Documents/Ayush/dev/straightline_ws/install/navigation2:/home/adas/Documents/Ayush/dev/straightline_ws/install/smac_planner:/home/adas/Documents/Ayush/dev/straightline_ws/install/nav2_regulated_pure_pursuit_controller:/home/adas/Documents/Ayush/dev/straightline_ws/install/nav2_recoveries:/home/adas/Documents/Ayush/dev/straightline_ws/install/nav2_planner:/home/adas/Documents/Ayush/dev/straightline_ws/install/nav2_navfn_planner:/home/adas/Documents/Ayush/dev/straightline_ws/install/nav2_dwb_controller:/home/adas/Documents/Ayush/dev/straightline_ws/install/nav2_controller:/home/adas/Documents/Ayush/dev/straightline_ws/install/dwb_plugins:/home/adas/Documents/Ayush/dev/straightline_ws/install/dwb_critics:/home/adas/Documents/Ayush/dev/straightline_ws/install/dwb_core:/home/adas/Documents/Ayush/dev/straightline_ws/install/nav2_core:/home/adas/Documents/Ayush/dev/straightline_ws/install/costmap_queue:/home/adas/Documents/Ayush/dev/straightline_ws/install/nav2_costmap_2d:/home/adas/Documents/Ayush/dev/straightline_ws/install/tf2_sensor_msgs:/home/adas/Documents/Ayush/dev/straightline_ws/install/test_tf2:/home/adas/Documents/Ayush/dev/straightline_ws/install/tf2_kdl:/home/adas/Documents/Ayush/dev/straightline_ws/install/nav_2d_utils:/home/adas/Documents/Ayush/dev/straightline_ws/install/nav2_waypoint_follower:/home/adas/Documents/Ayush/dev/straightline_ws/install/nav2_rviz_plugins:/home/adas/Documents/Ayush/dev/straightline_ws/install/nav2_map_server:/home/adas/Documents/Ayush/dev/straightline_ws/install/nav2_lifecycle_manager:/home/adas/Documents/Ayush/dev/straightline_ws/install/nav2_bt_navigator:/home/adas/Documents/Ayush/dev/straightline_ws/install/nav2_behavior_tree:/home/adas/Documents/Ayush/dev/straightline_ws/install/nav2_amcl:/home/adas/Documents/Ayush/dev/straightline_ws/install/nav2_util:/home/adas/Documents/Ayush/dev/straightline_ws/install/tf2_geometry_msgs:/home/adas/Documents/Ayush/dev/straightline_ws/install/tf2_eigen:/home/adas/Documents/Ayush/dev/straightline_ws/install/tf2_bullet:/home/adas/Documents/Ayush/dev/straightline_ws/install/tf2_ros:/home/adas/Documents/Ayush/dev/straightline_ws/install/tf2_py:/home/adas/Documents/Ayush/dev/straightline_ws/install/tf2_msgs:/home/adas/Documents/Ayush/dev/straightline_ws/install/tf2_eigen_kdl:/home/adas/Documents/Ayush/dev/straightline_ws/install/tf2:/home/adas/Documents/Ayush/dev/straightline_ws/install/dwb_msgs:/home/adas/Documents/Ayush/dev/straightline_ws/install/nav_2d_msgs:/home/adas/Documents/Ayush/dev/straightline_ws/install/nav2_voxel_grid:/home/adas/Documents/Ayush/dev/straightline_ws/install/nav2_msgs:/home/adas/Documents/Ayush/dev/straightline_ws/install/nav2_common:/home/adas/Documents/Ayush/dev/straightline_ws/install/aws_robomaker_small_warehouse_world:/home/adas/Documents/Ayush/dev/straightline_ws/install/examples_tf2_py:/home/adas/Documents/Ayush/dev/straightline_ws/install/nav2_simple_commander:/home/adas/Documents/Ayush/dev/straightline_ws/install/nav2_gazebo_spawner:/opt/ros/foxy LD_LIBRARY_PATH=/home/adas/Documents/Ayush/dev/straight_ws/install/nav2_lifecycle_manager/lib:/home/adas/Documents/Ayush/dev/straight_ws/install/nav2_util/lib:/home/adas/Documents/Ayush/dev/straight_ws/install/tf2_ros/lib:/home/adas/Documents/Ayush/dev/straight_ws/install/nav2_msgs/lib:/home/adas/Documents/Ayush/dev/straight_ws/install/tf2_msgs/lib:/home/adas/Documents/Ayush/dev/straight_ws/install/tf2/lib:${LD_LIBRARY_PATH} PYTHONPATH=/home/adas/Documents/Ayush/dev/straight_ws/install/tf2_ros/lib/python3.8/site-packages:/home/adas/Documents/Ayush/dev/straight_ws/install/tf2_py/lib/python3.8/site-packages:/home/adas/Documents/Ayush/dev/straight_ws/install/nav2_msgs/lib/python3.8/site-packages:/home/adas/Documents/Ayush/dev/straight_ws/install/tf2_msgs/lib/python3.8/site-packages:/home/adas/Documents/Ayush/dev/straight_ws/install/nav2_common/lib/python3.8/site-packages:${PYTHONPATH} /usr/bin/cmake --build /home/adas/Documents/Ayush/dev/straight_ws/build/nav2_rviz_plugins -- -j8 -l8
[8.425s] [35m[1mScanning dependencies of target nav2_rviz_plugins_autogen[0m
[8.441s] [ 20%] [34m[1mAutomatic MOC for target nav2_rviz_plugins[0m
[9.072s] [ 20%] Built target nav2_rviz_plugins_autogen
[9.095s] [35m[1mScanning dependencies of target nav2_rviz_plugins[0m
[9.334s] [ 40%] [32mBuilding CXX object CMakeFiles/nav2_rviz_plugins.dir/nav2_rviz_plugins_autogen/mocs_compilation.cpp.o[0m
[16.833s] [ 60%] [32mBuilding CXX object CMakeFiles/nav2_rviz_plugins.dir/src/nav2_panel.cpp.o[0m
[29.581s] [ 80%] [32mBuilding CXX object CMakeFiles/nav2_rviz_plugins.dir/src/goal_tool.cpp.o[0m
[35.363s] [100%] [32m[1mLinking CXX shared library libnav2_rviz_plugins.so[0m
[40.148s] [100%] Built target nav2_rviz_plugins
[40.191s] Invoked command in '/home/adas/Documents/Ayush/dev/straight_ws/build/nav2_rviz_plugins' returned '0': AMENT_PREFIX_PATH=/home/adas/Documents/Ayush/dev/straight_ws/install/nav2_lifecycle_manager:/home/adas/Documents/Ayush/dev/straight_ws/install/nav2_util:/home/adas/Documents/Ayush/dev/straight_ws/install/tf2_geometry_msgs:/home/adas/Documents/Ayush/dev/straight_ws/install/tf2_ros:/home/adas/Documents/Ayush/dev/straight_ws/install/tf2_py:/home/adas/Documents/Ayush/dev/straight_ws/install/nav2_msgs:/home/adas/Documents/Ayush/dev/straight_ws/install/tf2_msgs:/home/adas/Documents/Ayush/dev/straight_ws/install/tf2:/home/adas/Documents/Ayush/dev/straight_ws/install/nav2_common:${AMENT_PREFIX_PATH} CMAKE_PREFIX_PATH=/home/adas/Documents/Ayush/dev/straight_ws/install/nav2_lifecycle_manager:/home/adas/Documents/Ayush/dev/straight_ws/install/nav2_util:/home/adas/Documents/Ayush/dev/straight_ws/install/tf2_geometry_msgs:/home/adas/Documents/Ayush/dev/straight_ws/install/tf2_ros:/home/adas/Documents/Ayush/dev/straight_ws/install/tf2_py:/home/adas/Documents/Ayush/dev/straight_ws/install/nav2_msgs:/home/adas/Documents/Ayush/dev/straight_ws/install/tf2_msgs:/home/adas/Documents/Ayush/dev/straight_ws/install/tf2:/home/adas/Documents/Ayush/dev/straight_ws/install/nav2_common:/home/adas/Documents/Ayush/dev/straightline_ws/install/geometry2:/home/adas/Documents/Ayush/dev/straightline_ws/install/tf2_tools:/home/adas/Documents/Ayush/dev/straightline_ws/install/nav2_system_tests:/home/adas/Documents/Ayush/dev/straightline_ws/install/nav2_bringup:/home/adas/Documents/Ayush/dev/straightline_ws/install/navigation2:/home/adas/Documents/Ayush/dev/straightline_ws/install/smac_planner:/home/adas/Documents/Ayush/dev/straightline_ws/install/nav2_regulated_pure_pursuit_controller:/home/adas/Documents/Ayush/dev/straightline_ws/install/nav2_recoveries:/home/adas/Documents/Ayush/dev/straightline_ws/install/nav2_planner:/home/adas/Documents/Ayush/dev/straightline_ws/install/nav2_navfn_planner:/home/adas/Documents/Ayush/dev/straightline_ws/install/nav2_dwb_controller:/home/adas/Documents/Ayush/dev/straightline_ws/install/nav2_controller:/home/adas/Documents/Ayush/dev/straightline_ws/install/dwb_plugins:/home/adas/Documents/Ayush/dev/straightline_ws/install/dwb_critics:/home/adas/Documents/Ayush/dev/straightline_ws/install/dwb_core:/home/adas/Documents/Ayush/dev/straightline_ws/install/nav2_core:/home/adas/Documents/Ayush/dev/straightline_ws/install/costmap_queue:/home/adas/Documents/Ayush/dev/straightline_ws/install/nav2_costmap_2d:/home/adas/Documents/Ayush/dev/straightline_ws/install/tf2_sensor_msgs:/home/adas/Documents/Ayush/dev/straightline_ws/install/test_tf2:/home/adas/Documents/Ayush/dev/straightline_ws/install/tf2_kdl:/home/adas/Documents/Ayush/dev/straightline_ws/install/nav_2d_utils:/home/adas/Documents/Ayush/dev/straightline_ws/install/nav2_waypoint_follower:/home/adas/Documents/Ayush/dev/straightline_ws/install/nav2_rviz_plugins:/home/adas/Documents/Ayush/dev/straightline_ws/install/nav2_map_server:/home/adas/Documents/Ayush/dev/straightline_ws/install/nav2_lifecycle_manager:/home/adas/Documents/Ayush/dev/straightline_ws/install/nav2_bt_navigator:/home/adas/Documents/Ayush/dev/straightline_ws/install/nav2_behavior_tree:/home/adas/Documents/Ayush/dev/straightline_ws/install/nav2_amcl:/home/adas/Documents/Ayush/dev/straightline_ws/install/nav2_util:/home/adas/Documents/Ayush/dev/straightline_ws/install/tf2_geometry_msgs:/home/adas/Documents/Ayush/dev/straightline_ws/install/tf2_eigen:/home/adas/Documents/Ayush/dev/straightline_ws/install/tf2_bullet:/home/adas/Documents/Ayush/dev/straightline_ws/install/tf2_ros:/home/adas/Documents/Ayush/dev/straightline_ws/install/tf2_py:/home/adas/Documents/Ayush/dev/straightline_ws/install/tf2_msgs:/home/adas/Documents/Ayush/dev/straightline_ws/install/tf2_eigen_kdl:/home/adas/Documents/Ayush/dev/straightline_ws/install/tf2:/home/adas/Documents/Ayush/dev/straightline_ws/install/dwb_msgs:/home/adas/Documents/Ayush/dev/straightline_ws/install/nav_2d_msgs:/home/adas/Documents/Ayush/dev/straightline_ws/install/nav2_voxel_grid:/home/adas/Documents/Ayush/dev/straightline_ws/install/nav2_msgs:/home/adas/Documents/Ayush/dev/straightline_ws/install/nav2_common:/home/adas/Documents/Ayush/dev/straightline_ws/install/aws_robomaker_small_warehouse_world:/home/adas/Documents/Ayush/dev/straightline_ws/install/examples_tf2_py:/home/adas/Documents/Ayush/dev/straightline_ws/install/nav2_simple_commander:/home/adas/Documents/Ayush/dev/straightline_ws/install/nav2_gazebo_spawner:/opt/ros/foxy LD_LIBRARY_PATH=/home/adas/Documents/Ayush/dev/straight_ws/install/nav2_lifecycle_manager/lib:/home/adas/Documents/Ayush/dev/straight_ws/install/nav2_util/lib:/home/adas/Documents/Ayush/dev/straight_ws/install/tf2_ros/lib:/home/adas/Documents/Ayush/dev/straight_ws/install/nav2_msgs/lib:/home/adas/Documents/Ayush/dev/straight_ws/install/tf2_msgs/lib:/home/adas/Documents/Ayush/dev/straight_ws/install/tf2/lib:${LD_LIBRARY_PATH} PYTHONPATH=/home/adas/Documents/Ayush/dev/straight_ws/install/tf2_ros/lib/python3.8/site-packages:/home/adas/Documents/Ayush/dev/straight_ws/install/tf2_py/lib/python3.8/site-packages:/home/adas/Documents/Ayush/dev/straight_ws/install/nav2_msgs/lib/python3.8/site-packages:/home/adas/Documents/Ayush/dev/straight_ws/install/tf2_msgs/lib/python3.8/site-packages:/home/adas/Documents/Ayush/dev/straight_ws/install/nav2_common/lib/python3.8/site-packages:${PYTHONPATH} /usr/bin/cmake --build /home/adas/Documents/Ayush/dev/straight_ws/build/nav2_rviz_plugins -- -j8 -l8
[40.266s] Invoking command in '/home/adas/Documents/Ayush/dev/straight_ws/build/nav2_rviz_plugins': AMENT_PREFIX_PATH=/home/adas/Documents/Ayush/dev/straight_ws/install/nav2_lifecycle_manager:/home/adas/Documents/Ayush/dev/straight_ws/install/nav2_util:/home/adas/Documents/Ayush/dev/straight_ws/install/tf2_geometry_msgs:/home/adas/Documents/Ayush/dev/straight_ws/install/tf2_ros:/home/adas/Documents/Ayush/dev/straight_ws/install/tf2_py:/home/adas/Documents/Ayush/dev/straight_ws/install/nav2_msgs:/home/adas/Documents/Ayush/dev/straight_ws/install/tf2_msgs:/home/adas/Documents/Ayush/dev/straight_ws/install/tf2:/home/adas/Documents/Ayush/dev/straight_ws/install/nav2_common:${AMENT_PREFIX_PATH} CMAKE_PREFIX_PATH=/home/adas/Documents/Ayush/dev/straight_ws/install/nav2_lifecycle_manager:/home/adas/Documents/Ayush/dev/straight_ws/install/nav2_util:/home/adas/Documents/Ayush/dev/straight_ws/install/tf2_geometry_msgs:/home/adas/Documents/Ayush/dev/straight_ws/install/tf2_ros:/home/adas/Documents/Ayush/dev/straight_ws/install/tf2_py:/home/adas/Documents/Ayush/dev/straight_ws/install/nav2_msgs:/home/adas/Documents/Ayush/dev/straight_ws/install/tf2_msgs:/home/adas/Documents/Ayush/dev/straight_ws/install/tf2:/home/adas/Documents/Ayush/dev/straight_ws/install/nav2_common:/home/adas/Documents/Ayush/dev/straightline_ws/install/geometry2:/home/adas/Documents/Ayush/dev/straightline_ws/install/tf2_tools:/home/adas/Documents/Ayush/dev/straightline_ws/install/nav2_system_tests:/home/adas/Documents/Ayush/dev/straightline_ws/install/nav2_bringup:/home/adas/Documents/Ayush/dev/straightline_ws/install/navigation2:/home/adas/Documents/Ayush/dev/straightline_ws/install/smac_planner:/home/adas/Documents/Ayush/dev/straightline_ws/install/nav2_regulated_pure_pursuit_controller:/home/adas/Documents/Ayush/dev/straightline_ws/install/nav2_recoveries:/home/adas/Documents/Ayush/dev/straightline_ws/install/nav2_planner:/home/adas/Documents/Ayush/dev/straightline_ws/install/nav2_navfn_planner:/home/adas/Documents/Ayush/dev/straightline_ws/install/nav2_dwb_controller:/home/adas/Documents/Ayush/dev/straightline_ws/install/nav2_controller:/home/adas/Documents/Ayush/dev/straightline_ws/install/dwb_plugins:/home/adas/Documents/Ayush/dev/straightline_ws/install/dwb_critics:/home/adas/Documents/Ayush/dev/straightline_ws/install/dwb_core:/home/adas/Documents/Ayush/dev/straightline_ws/install/nav2_core:/home/adas/Documents/Ayush/dev/straightline_ws/install/costmap_queue:/home/adas/Documents/Ayush/dev/straightline_ws/install/nav2_costmap_2d:/home/adas/Documents/Ayush/dev/straightline_ws/install/tf2_sensor_msgs:/home/adas/Documents/Ayush/dev/straightline_ws/install/test_tf2:/home/adas/Documents/Ayush/dev/straightline_ws/install/tf2_kdl:/home/adas/Documents/Ayush/dev/straightline_ws/install/nav_2d_utils:/home/adas/Documents/Ayush/dev/straightline_ws/install/nav2_waypoint_follower:/home/adas/Documents/Ayush/dev/straightline_ws/install/nav2_rviz_plugins:/home/adas/Documents/Ayush/dev/straightline_ws/install/nav2_map_server:/home/adas/Documents/Ayush/dev/straightline_ws/install/nav2_lifecycle_manager:/home/adas/Documents/Ayush/dev/straightline_ws/install/nav2_bt_navigator:/home/adas/Documents/Ayush/dev/straightline_ws/install/nav2_behavior_tree:/home/adas/Documents/Ayush/dev/straightline_ws/install/nav2_amcl:/home/adas/Documents/Ayush/dev/straightline_ws/install/nav2_util:/home/adas/Documents/Ayush/dev/straightline_ws/install/tf2_geometry_msgs:/home/adas/Documents/Ayush/dev/straightline_ws/install/tf2_eigen:/home/adas/Documents/Ayush/dev/straightline_ws/install/tf2_bullet:/home/adas/Documents/Ayush/dev/straightline_ws/install/tf2_ros:/home/adas/Documents/Ayush/dev/straightline_ws/install/tf2_py:/home/adas/Documents/Ayush/dev/straightline_ws/install/tf2_msgs:/home/adas/Documents/Ayush/dev/straightline_ws/install/tf2_eigen_kdl:/home/adas/Documents/Ayush/dev/straightline_ws/install/tf2:/home/adas/Documents/Ayush/dev/straightline_ws/install/dwb_msgs:/home/adas/Documents/Ayush/dev/straightline_ws/install/nav_2d_msgs:/home/adas/Documents/Ayush/dev/straightline_ws/install/nav2_voxel_grid:/home/adas/Documents/Ayush/dev/straightline_ws/install/nav2_msgs:/home/adas/Documents/Ayush/dev/straightline_ws/install/nav2_common:/home/adas/Documents/Ayush/dev/straightline_ws/install/aws_robomaker_small_warehouse_world:/home/adas/Documents/Ayush/dev/straightline_ws/install/examples_tf2_py:/home/adas/Documents/Ayush/dev/straightline_ws/install/nav2_simple_commander:/home/adas/Documents/Ayush/dev/straightline_ws/install/nav2_gazebo_spawner:/opt/ros/foxy LD_LIBRARY_PATH=/home/adas/Documents/Ayush/dev/straight_ws/install/nav2_lifecycle_manager/lib:/home/adas/Documents/Ayush/dev/straight_ws/install/nav2_util/lib:/home/adas/Documents/Ayush/dev/straight_ws/install/tf2_ros/lib:/home/adas/Documents/Ayush/dev/straight_ws/install/nav2_msgs/lib:/home/adas/Documents/Ayush/dev/straight_ws/install/tf2_msgs/lib:/home/adas/Documents/Ayush/dev/straight_ws/install/tf2/lib:${LD_LIBRARY_PATH} PYTHONPATH=/home/adas/Documents/Ayush/dev/straight_ws/install/tf2_ros/lib/python3.8/site-packages:/home/adas/Documents/Ayush/dev/straight_ws/install/tf2_py/lib/python3.8/site-packages:/home/adas/Documents/Ayush/dev/straight_ws/install/nav2_msgs/lib/python3.8/site-packages:/home/adas/Documents/Ayush/dev/straight_ws/install/tf2_msgs/lib/python3.8/site-packages:/home/adas/Documents/Ayush/dev/straight_ws/install/nav2_common/lib/python3.8/site-packages:${PYTHONPATH} /usr/bin/cmake --install /home/adas/Documents/Ayush/dev/straight_ws/build/nav2_rviz_plugins
[40.287s] -- Install configuration: ""
[40.288s] -- Installing: /home/adas/Documents/Ayush/dev/straight_ws/install/nav2_rviz_plugins/share/nav2_rviz_plugins/plugins_description.xml
[40.288s] -- Installing: /home/adas/Documents/Ayush/dev/straight_ws/install/nav2_rviz_plugins/lib/libnav2_rviz_plugins.so
[40.293s] -- Set runtime path of "/home/adas/Documents/Ayush/dev/straight_ws/install/nav2_rviz_plugins/lib/libnav2_rviz_plugins.so" to ""
[40.294s] -- Installing: /home/adas/Documents/Ayush/dev/straight_ws/install/nav2_rviz_plugins/include/
[40.294s] -- Installing: /home/adas/Documents/Ayush/dev/straight_ws/install/nav2_rviz_plugins/include//nav2_rviz_plugins
[40.294s] -- Installing: /home/adas/Documents/Ayush/dev/straight_ws/install/nav2_rviz_plugins/include//nav2_rviz_plugins/ros_action_qevent.hpp
[40.294s] -- Installing: /home/adas/Documents/Ayush/dev/straight_ws/install/nav2_rviz_plugins/include//nav2_rviz_plugins/goal_pose_updater.hpp
[40.295s] -- Installing: /home/adas/Documents/Ayush/dev/straight_ws/install/nav2_rviz_plugins/include//nav2_rviz_plugins/nav2_panel.hpp
[40.295s] -- Installing: /home/adas/Documents/Ayush/dev/straight_ws/install/nav2_rviz_plugins/include//nav2_rviz_plugins/goal_common.hpp
[40.295s] -- Installing: /home/adas/Documents/Ayush/dev/straight_ws/install/nav2_rviz_plugins/include//nav2_rviz_plugins/goal_tool.hpp
[40.300s] -- Installing: /home/adas/Documents/Ayush/dev/straight_ws/install/nav2_rviz_plugins/share/nav2_rviz_plugins/environment/library_path.sh
[40.301s] -- Installing: /home/adas/Documents/Ayush/dev/straight_ws/install/nav2_rviz_plugins/share/nav2_rviz_plugins/environment/library_path.dsv
[40.301s] -- Installing: /home/adas/Documents/Ayush/dev/straight_ws/install/nav2_rviz_plugins/share/ament_index/resource_index/package_run_dependencies/nav2_rviz_plugins
[40.301s] -- Installing: /home/adas/Documents/Ayush/dev/straight_ws/install/nav2_rviz_plugins/share/ament_index/resource_index/parent_prefix_path/nav2_rviz_plugins
[40.301s] -- Installing: /home/adas/Documents/Ayush/dev/straight_ws/install/nav2_rviz_plugins/share/nav2_rviz_plugins/environment/ament_prefix_path.sh
[40.301s] -- Installing: /home/adas/Documents/Ayush/dev/straight_ws/install/nav2_rviz_plugins/share/nav2_rviz_plugins/environment/ament_prefix_path.dsv
[40.301s] -- Installing: /home/adas/Documents/Ayush/dev/straight_ws/install/nav2_rviz_plugins/share/nav2_rviz_plugins/environment/path.sh
[40.301s] -- Installing: /home/adas/Documents/Ayush/dev/straight_ws/install/nav2_rviz_plugins/share/nav2_rviz_plugins/environment/path.dsv
[40.302s] -- Installing: /home/adas/Documents/Ayush/dev/straight_ws/install/nav2_rviz_plugins/share/nav2_rviz_plugins/local_setup.bash
[40.302s] -- Installing: /home/adas/Documents/Ayush/dev/straight_ws/install/nav2_rviz_plugins/share/nav2_rviz_plugins/local_setup.sh
[40.302s] -- Installing: /home/adas/Documents/Ayush/dev/straight_ws/install/nav2_rviz_plugins/share/nav2_rviz_plugins/local_setup.zsh
[40.302s] -- Installing: /home/adas/Documents/Ayush/dev/straight_ws/install/nav2_rviz_plugins/share/nav2_rviz_plugins/local_setup.dsv
[40.302s] -- Installing: /home/adas/Documents/Ayush/dev/straight_ws/install/nav2_rviz_plugins/share/nav2_rviz_plugins/package.dsv
[40.302s] -- Installing: /home/adas/Documents/Ayush/dev/straight_ws/install/nav2_rviz_plugins/share/ament_index/resource_index/packages/nav2_rviz_plugins
[40.302s] -- Installing: /home/adas/Documents/Ayush/dev/straight_ws/install/nav2_rviz_plugins/share/ament_index/resource_index/rviz_common__pluginlib__plugin/nav2_rviz_plugins
[40.302s] -- Installing: /home/adas/Documents/Ayush/dev/straight_ws/install/nav2_rviz_plugins/share/nav2_rviz_plugins/cmake/nav2_rviz_pluginsExport.cmake
[40.302s] -- Installing: /home/adas/Documents/Ayush/dev/straight_ws/install/nav2_rviz_plugins/share/nav2_rviz_plugins/cmake/nav2_rviz_pluginsExport-noconfig.cmake
[40.303s] -- Installing: /home/adas/Documents/Ayush/dev/straight_ws/install/nav2_rviz_plugins/share/nav2_rviz_plugins/cmake/ament_cmake_export_include_directories-extras.cmake
[40.303s] -- Installing: /home/adas/Documents/Ayush/dev/straight_ws/install/nav2_rviz_plugins/share/nav2_rviz_plugins/cmake/ament_cmake_export_targets-extras.cmake
[40.303s] -- Installing: /home/adas/Documents/Ayush/dev/straight_ws/install/nav2_rviz_plugins/share/nav2_rviz_plugins/cmake/ament_cmake_export_dependencies-extras.cmake
[40.303s] -- Installing: /home/adas/Documents/Ayush/dev/straight_ws/install/nav2_rviz_plugins/share/nav2_rviz_plugins/cmake/nav2_rviz_pluginsConfig.cmake
[40.303s] -- Installing: /home/adas/Documents/Ayush/dev/straight_ws/install/nav2_rviz_plugins/share/nav2_rviz_plugins/cmake/nav2_rviz_pluginsConfig-version.cmake
[40.303s] -- Installing: /home/adas/Documents/Ayush/dev/straight_ws/install/nav2_rviz_plugins/share/nav2_rviz_plugins/package.xml
[40.307s] Invoked command in '/home/adas/Documents/Ayush/dev/straight_ws/build/nav2_rviz_plugins' returned '0': AMENT_PREFIX_PATH=/home/adas/Documents/Ayush/dev/straight_ws/install/nav2_lifecycle_manager:/home/adas/Documents/Ayush/dev/straight_ws/install/nav2_util:/home/adas/Documents/Ayush/dev/straight_ws/install/tf2_geometry_msgs:/home/adas/Documents/Ayush/dev/straight_ws/install/tf2_ros:/home/adas/Documents/Ayush/dev/straight_ws/install/tf2_py:/home/adas/Documents/Ayush/dev/straight_ws/install/nav2_msgs:/home/adas/Documents/Ayush/dev/straight_ws/install/tf2_msgs:/home/adas/Documents/Ayush/dev/straight_ws/install/tf2:/home/adas/Documents/Ayush/dev/straight_ws/install/nav2_common:${AMENT_PREFIX_PATH} CMAKE_PREFIX_PATH=/home/adas/Documents/Ayush/dev/straight_ws/install/nav2_lifecycle_manager:/home/adas/Documents/Ayush/dev/straight_ws/install/nav2_util:/home/adas/Documents/Ayush/dev/straight_ws/install/tf2_geometry_msgs:/home/adas/Documents/Ayush/dev/straight_ws/install/tf2_ros:/home/adas/Documents/Ayush/dev/straight_ws/install/tf2_py:/home/adas/Documents/Ayush/dev/straight_ws/install/nav2_msgs:/home/adas/Documents/Ayush/dev/straight_ws/install/tf2_msgs:/home/adas/Documents/Ayush/dev/straight_ws/install/tf2:/home/adas/Documents/Ayush/dev/straight_ws/install/nav2_common:/home/adas/Documents/Ayush/dev/straightline_ws/install/geometry2:/home/adas/Documents/Ayush/dev/straightline_ws/install/tf2_tools:/home/adas/Documents/Ayush/dev/straightline_ws/install/nav2_system_tests:/home/adas/Documents/Ayush/dev/straightline_ws/install/nav2_bringup:/home/adas/Documents/Ayush/dev/straightline_ws/install/navigation2:/home/adas/Documents/Ayush/dev/straightline_ws/install/smac_planner:/home/adas/Documents/Ayush/dev/straightline_ws/install/nav2_regulated_pure_pursuit_controller:/home/adas/Documents/Ayush/dev/straightline_ws/install/nav2_recoveries:/home/adas/Documents/Ayush/dev/straightline_ws/install/nav2_planner:/home/adas/Documents/Ayush/dev/straightline_ws/install/nav2_navfn_planner:/home/adas/Documents/Ayush/dev/straightline_ws/install/nav2_dwb_controller:/home/adas/Documents/Ayush/dev/straightline_ws/install/nav2_controller:/home/adas/Documents/Ayush/dev/straightline_ws/install/dwb_plugins:/home/adas/Documents/Ayush/dev/straightline_ws/install/dwb_critics:/home/adas/Documents/Ayush/dev/straightline_ws/install/dwb_core:/home/adas/Documents/Ayush/dev/straightline_ws/install/nav2_core:/home/adas/Documents/Ayush/dev/straightline_ws/install/costmap_queue:/home/adas/Documents/Ayush/dev/straightline_ws/install/nav2_costmap_2d:/home/adas/Documents/Ayush/dev/straightline_ws/install/tf2_sensor_msgs:/home/adas/Documents/Ayush/dev/straightline_ws/install/test_tf2:/home/adas/Documents/Ayush/dev/straightline_ws/install/tf2_kdl:/home/adas/Documents/Ayush/dev/straightline_ws/install/nav_2d_utils:/home/adas/Documents/Ayush/dev/straightline_ws/install/nav2_waypoint_follower:/home/adas/Documents/Ayush/dev/straightline_ws/install/nav2_rviz_plugins:/home/adas/Documents/Ayush/dev/straightline_ws/install/nav2_map_server:/home/adas/Documents/Ayush/dev/straightline_ws/install/nav2_lifecycle_manager:/home/adas/Documents/Ayush/dev/straightline_ws/install/nav2_bt_navigator:/home/adas/Documents/Ayush/dev/straightline_ws/install/nav2_behavior_tree:/home/adas/Documents/Ayush/dev/straightline_ws/install/nav2_amcl:/home/adas/Documents/Ayush/dev/straightline_ws/install/nav2_util:/home/adas/Documents/Ayush/dev/straightline_ws/install/tf2_geometry_msgs:/home/adas/Documents/Ayush/dev/straightline_ws/install/tf2_eigen:/home/adas/Documents/Ayush/dev/straightline_ws/install/tf2_bullet:/home/adas/Documents/Ayush/dev/straightline_ws/install/tf2_ros:/home/adas/Documents/Ayush/dev/straightline_ws/install/tf2_py:/home/adas/Documents/Ayush/dev/straightline_ws/install/tf2_msgs:/home/adas/Documents/Ayush/dev/straightline_ws/install/tf2_eigen_kdl:/home/adas/Documents/Ayush/dev/straightline_ws/install/tf2:/home/adas/Documents/Ayush/dev/straightline_ws/install/dwb_msgs:/home/adas/Documents/Ayush/dev/straightline_ws/install/nav_2d_msgs:/home/adas/Documents/Ayush/dev/straightline_ws/install/nav2_voxel_grid:/home/adas/Documents/Ayush/dev/straightline_ws/install/nav2_msgs:/home/adas/Documents/Ayush/dev/straightline_ws/install/nav2_common:/home/adas/Documents/Ayush/dev/straightline_ws/install/aws_robomaker_small_warehouse_world:/home/adas/Documents/Ayush/dev/straightline_ws/install/examples_tf2_py:/home/adas/Documents/Ayush/dev/straightline_ws/install/nav2_simple_commander:/home/adas/Documents/Ayush/dev/straightline_ws/install/nav2_gazebo_spawner:/opt/ros/foxy LD_LIBRARY_PATH=/home/adas/Documents/Ayush/dev/straight_ws/install/nav2_lifecycle_manager/lib:/home/adas/Documents/Ayush/dev/straight_ws/install/nav2_util/lib:/home/adas/Documents/Ayush/dev/straight_ws/install/tf2_ros/lib:/home/adas/Documents/Ayush/dev/straight_ws/install/nav2_msgs/lib:/home/adas/Documents/Ayush/dev/straight_ws/install/tf2_msgs/lib:/home/adas/Documents/Ayush/dev/straight_ws/install/tf2/lib:${LD_LIBRARY_PATH} PYTHONPATH=/home/adas/Documents/Ayush/dev/straight_ws/install/tf2_ros/lib/python3.8/site-packages:/home/adas/Documents/Ayush/dev/straight_ws/install/tf2_py/lib/python3.8/site-packages:/home/adas/Documents/Ayush/dev/straight_ws/install/nav2_msgs/lib/python3.8/site-packages:/home/adas/Documents/Ayush/dev/straight_ws/install/tf2_msgs/lib/python3.8/site-packages:/home/adas/Documents/Ayush/dev/straight_ws/install/nav2_common/lib/python3.8/site-packages:${PYTHONPATH} /usr/bin/cmake --install /home/adas/Documents/Ayush/dev/straight_ws/build/nav2_rviz_plugins
