[0.057s] Invoking command in '/home/adas/Documents/Ayush/dev/straight_ws/build/nav_2d_msgs': CMAKE_PREFIX_PATH=${CMAKE_PREFIX_PATH}:/home/adas/Documents/Ayush/dev/straight_ws/install/examples_tf2_py:/home/adas/Documents/Ayush/dev/straight_ws/install/nav2_simple_commander:/home/adas/Documents/Ayush/dev/straight_ws/install/nav2_gazebo_spawner:/home/adas/Documents/Ayush/dev/straightline_ws/install/examples_tf2_py:/home/adas/Documents/Ayush/dev/straightline_ws/install/nav2_simple_commander:/home/adas/Documents/Ayush/dev/straightline_ws/install/nav2_gazebo_spawner:/opt/ros/foxy /usr/bin/cmake /home/adas/Documents/Ayush/dev/straight_ws/src/navigation2/nav2_dwb_controller/nav_2d_msgs -DCMAKE_INSTALL_PREFIX=/home/adas/Documents/Ayush/dev/straight_ws/install/nav_2d_msgs
[0.168s] -- The C compiler identification is GNU 9.3.0
[0.308s] -- The CXX compiler identification is GNU 9.3.0
[0.321s] -- Check for working C compiler: /usr/bin/cc
[0.491s] -- Check for working C compiler: /usr/bin/cc -- works
[0.492s] -- Detecting C compiler ABI info
[0.675s] -- Detecting C compiler ABI info - done
[0.689s] -- Detecting C compile features
[0.690s] -- Detecting C compile features - done
[0.693s] -- Check for working CXX compiler: /usr/bin/c++
[0.843s] -- Check for working CXX compiler: /usr/bin/c++ -- works
[0.846s] -- Detecting CXX compiler ABI info
[0.991s] -- Detecting CXX compiler ABI info - done
[1.008s] -- Detecting CXX compile features
[1.009s] -- Detecting CXX compile features - done
[1.017s] -- Found geometry_msgs: 2.0.4 (/opt/ros/foxy/share/geometry_msgs/cmake)
[1.073s] -- Found PythonInterp: /usr/bin/python3 (found suitable version "3.8.10", minimum required is "3") 
[1.073s] -- Using PYTHON_EXECUTABLE: /usr/bin/python3
[1.598s] -- Using all available rosidl_typesupport_c: rosidl_typesupport_fastrtps_c;rosidl_typesupport_introspection_c
[1.624s] -- Found rosidl_adapter: 1.2.1 (/opt/ros/foxy/share/rosidl_adapter/cmake)
[1.832s] -- Found OpenSSL: /usr/lib/x86_64-linux-gnu/libcrypto.so (found version "1.1.1f")  
[1.889s] -- Found FastRTPS: /opt/ros/foxy/include  
[2.042s] -- Using all available rosidl_typesupport_cpp: rosidl_typesupport_fastrtps_cpp;rosidl_typesupport_introspection_cpp
[2.194s] -- Found rosidl_default_generators: 1.0.1 (/opt/ros/foxy/share/rosidl_default_generators/cmake)
[2.295s] -- Found PythonInterp: /usr/bin/python3 (found version "3.8.10") 
[2.680s] -- Found ament_cmake_ros: 0.9.2 (/opt/ros/foxy/share/ament_cmake_ros/cmake)
[3.239s] -- Using all available rosidl_typesupport_c: rosidl_typesupport_fastrtps_c;rosidl_typesupport_introspection_c
[3.533s] -- Using all available rosidl_typesupport_cpp: rosidl_typesupport_fastrtps_cpp;rosidl_typesupport_introspection_cpp
[3.606s] -- Found PythonInterp: /usr/bin/python3 (found suitable version "3.8.10", minimum required is "3.5") 
[3.615s] -- Found python_cmake_module: 0.8.1 (/opt/ros/foxy/share/python_cmake_module/cmake)
[3.725s] -- Found PythonLibs: /usr/lib/x86_64-linux-gnu/libpython3.8.so (found suitable version "3.8.10", minimum required is "3.5") 
[3.736s] -- Using PYTHON_EXECUTABLE: /usr/bin/python3
[3.736s] -- Using PYTHON_INCLUDE_DIRS: /usr/include/python3.8
[3.736s] -- Using PYTHON_LIBRARIES: /usr/lib/x86_64-linux-gnu/libpython3.8.so
[3.798s] -- Found PythonExtra: .so  
[4.371s] -- Configuring done
[4.543s] -- Generating done
[4.552s] -- Build files have been written to: /home/adas/Documents/Ayush/dev/straight_ws/build/nav_2d_msgs
[4.592s] Invoked command in '/home/adas/Documents/Ayush/dev/straight_ws/build/nav_2d_msgs' returned '0': CMAKE_PREFIX_PATH=${CMAKE_PREFIX_PATH}:/home/adas/Documents/Ayush/dev/straight_ws/install/examples_tf2_py:/home/adas/Documents/Ayush/dev/straight_ws/install/nav2_simple_commander:/home/adas/Documents/Ayush/dev/straight_ws/install/nav2_gazebo_spawner:/home/adas/Documents/Ayush/dev/straightline_ws/install/examples_tf2_py:/home/adas/Documents/Ayush/dev/straightline_ws/install/nav2_simple_commander:/home/adas/Documents/Ayush/dev/straightline_ws/install/nav2_gazebo_spawner:/opt/ros/foxy /usr/bin/cmake /home/adas/Documents/Ayush/dev/straight_ws/src/navigation2/nav2_dwb_controller/nav_2d_msgs -DCMAKE_INSTALL_PREFIX=/home/adas/Documents/Ayush/dev/straight_ws/install/nav_2d_msgs
[4.593s] Invoking command in '/home/adas/Documents/Ayush/dev/straight_ws/build/nav_2d_msgs': CMAKE_PREFIX_PATH=${CMAKE_PREFIX_PATH}:/home/adas/Documents/Ayush/dev/straight_ws/install/examples_tf2_py:/home/adas/Documents/Ayush/dev/straight_ws/install/nav2_simple_commander:/home/adas/Documents/Ayush/dev/straight_ws/install/nav2_gazebo_spawner:/home/adas/Documents/Ayush/dev/straightline_ws/install/examples_tf2_py:/home/adas/Documents/Ayush/dev/straightline_ws/install/nav2_simple_commander:/home/adas/Documents/Ayush/dev/straightline_ws/install/nav2_gazebo_spawner:/opt/ros/foxy /usr/bin/cmake --build /home/adas/Documents/Ayush/dev/straight_ws/build/nav_2d_msgs -- -j8 -l8
[4.774s] [35m[1mScanning dependencies of target nav_2d_msgs__cpp[0m
[4.796s] [  1%] [34m[1mGenerating C code for ROS interfaces[0m
[4.804s] [  2%] [34m[1mGenerating C++ code for ROS interfaces[0m
[6.093s] [  2%] Built target nav_2d_msgs__cpp
[6.192s] [  4%] [34m[1mGenerating C++ type support dispatch for ROS interfaces[0m
[6.203s] [  5%] [34m[1mGenerating C++ introspection for ROS interfaces[0m
[6.211s] [  7%] [34m[1mGenerating C++ type support for eProsima Fast-RTPS[0m
[6.330s] [35m[1mScanning dependencies of target nav_2d_msgs__rosidl_generator_c[0m
[6.437s] [  8%] [32mBuilding C object CMakeFiles/nav_2d_msgs__rosidl_generator_c.dir/rosidl_generator_c/nav_2d_msgs/msg/detail/path2_d__functions.c.o[0m
[6.460s] [  9%] [32mBuilding C object CMakeFiles/nav_2d_msgs__rosidl_generator_c.dir/rosidl_generator_c/nav_2d_msgs/msg/detail/pose2_d32__functions.c.o[0m
[6.467s] [ 11%] [32mBuilding C object CMakeFiles/nav_2d_msgs__rosidl_generator_c.dir/rosidl_generator_c/nav_2d_msgs/msg/detail/pose2_d_stamped__functions.c.o[0m
[6.494s] [ 12%] [32mBuilding C object CMakeFiles/nav_2d_msgs__rosidl_generator_c.dir/rosidl_generator_c/nav_2d_msgs/msg/detail/twist2_d32__functions.c.o[0m
[6.512s] [ 14%] [32mBuilding C object CMakeFiles/nav_2d_msgs__rosidl_generator_c.dir/rosidl_generator_c/nav_2d_msgs/msg/detail/twist2_d__functions.c.o[0m
[6.637s] [ 15%] [32mBuilding C object CMakeFiles/nav_2d_msgs__rosidl_generator_c.dir/rosidl_generator_c/nav_2d_msgs/msg/detail/twist2_d_stamped__functions.c.o[0m
[6.865s] [ 16%] [32m[1mLinking C shared library libnav_2d_msgs__rosidl_generator_c.so[0m
[7.044s] [ 16%] Built target nav_2d_msgs__rosidl_generator_c
[7.144s] [35m[1mScanning dependencies of target nav_2d_msgs__rosidl_typesupport_introspection_cpp[0m
[7.147s] [ 18%] [34m[1mGenerating C type support dispatch for ROS interfaces[0m
[7.147s] [ 19%] [34m[1mGenerating C introspection for ROS interfaces[0m
[7.265s] [35m[1mScanning dependencies of target nav_2d_msgs__rosidl_typesupport_cpp[0m
[7.265s] [ 21%] [32mBuilding CXX object CMakeFiles/nav_2d_msgs__rosidl_typesupport_introspection_cpp.dir/rosidl_typesupport_introspection_cpp/nav_2d_msgs/msg/detail/path2_d__type_support.cpp.o[0m
[7.266s] [ 22%] [32mBuilding CXX object CMakeFiles/nav_2d_msgs__rosidl_typesupport_introspection_cpp.dir/rosidl_typesupport_introspection_cpp/nav_2d_msgs/msg/detail/pose2_d32__type_support.cpp.o[0m
[7.294s] [ 23%] [32mBuilding CXX object CMakeFiles/nav_2d_msgs__rosidl_typesupport_introspection_cpp.dir/rosidl_typesupport_introspection_cpp/nav_2d_msgs/msg/detail/pose2_d_stamped__type_support.cpp.o[0m
[7.321s] [ 25%] [32mBuilding CXX object CMakeFiles/nav_2d_msgs__rosidl_typesupport_introspection_cpp.dir/rosidl_typesupport_introspection_cpp/nav_2d_msgs/msg/detail/twist2_d__type_support.cpp.o[0m
[7.369s] [ 26%] [32mBuilding CXX object CMakeFiles/nav_2d_msgs__rosidl_typesupport_cpp.dir/rosidl_typesupport_cpp/nav_2d_msgs/msg/path2_d__type_support.cpp.o[0m
[7.912s] [35m[1mScanning dependencies of target nav_2d_msgs__rosidl_typesupport_fastrtps_cpp[0m
[8.034s] [ 28%] [32mBuilding CXX object CMakeFiles/nav_2d_msgs__rosidl_typesupport_fastrtps_cpp.dir/rosidl_typesupport_fastrtps_cpp/nav_2d_msgs/msg/detail/dds_fastrtps/path2_d__type_support.cpp.o[0m
[8.126s] [ 29%] [32mBuilding CXX object CMakeFiles/nav_2d_msgs__rosidl_typesupport_fastrtps_cpp.dir/rosidl_typesupport_fastrtps_cpp/nav_2d_msgs/msg/detail/dds_fastrtps/pose2_d32__type_support.cpp.o[0m
[8.473s] [ 30%] [32mBuilding CXX object CMakeFiles/nav_2d_msgs__rosidl_typesupport_introspection_cpp.dir/rosidl_typesupport_introspection_cpp/nav_2d_msgs/msg/detail/twist2_d32__type_support.cpp.o[0m
[8.491s] [ 32%] [32mBuilding CXX object CMakeFiles/nav_2d_msgs__rosidl_typesupport_cpp.dir/rosidl_typesupport_cpp/nav_2d_msgs/msg/pose2_d32__type_support.cpp.o[0m
[8.499s] [ 33%] [32mBuilding CXX object CMakeFiles/nav_2d_msgs__rosidl_typesupport_introspection_cpp.dir/rosidl_typesupport_introspection_cpp/nav_2d_msgs/msg/detail/twist2_d_stamped__type_support.cpp.o[0m
[8.514s] [35m[1mScanning dependencies of target nav_2d_msgs__rosidl_typesupport_c[0m
[8.570s] [ 35%] [32mBuilding CXX object CMakeFiles/nav_2d_msgs__rosidl_typesupport_cpp.dir/rosidl_typesupport_cpp/nav_2d_msgs/msg/pose2_d_stamped__type_support.cpp.o[0m
[8.621s] [ 36%] [32mBuilding CXX object CMakeFiles/nav_2d_msgs__rosidl_typesupport_c.dir/rosidl_typesupport_c/nav_2d_msgs/msg/path2_d__type_support.cpp.o[0m
[8.853s] [ 38%] [32mBuilding CXX object CMakeFiles/nav_2d_msgs__rosidl_typesupport_c.dir/rosidl_typesupport_c/nav_2d_msgs/msg/pose2_d32__type_support.cpp.o[0m
[9.046s] [ 39%] [32mBuilding CXX object CMakeFiles/nav_2d_msgs__rosidl_typesupport_c.dir/rosidl_typesupport_c/nav_2d_msgs/msg/pose2_d_stamped__type_support.cpp.o[0m
[9.260s] [ 40%] [32mBuilding CXX object CMakeFiles/nav_2d_msgs__rosidl_typesupport_c.dir/rosidl_typesupport_c/nav_2d_msgs/msg/twist2_d__type_support.cpp.o[0m
[9.273s] [35m[1mScanning dependencies of target nav_2d_msgs__rosidl_typesupport_introspection_c[0m
[9.294s] [ 42%] [32mBuilding CXX object CMakeFiles/nav_2d_msgs__rosidl_typesupport_c.dir/rosidl_typesupport_c/nav_2d_msgs/msg/twist2_d32__type_support.cpp.o[0m
[9.394s] [ 43%] [32mBuilding C object CMakeFiles/nav_2d_msgs__rosidl_typesupport_introspection_c.dir/rosidl_typesupport_introspection_c/nav_2d_msgs/msg/detail/path2_d__type_support.c.o[0m
[9.405s] [ 45%] [32mBuilding C object CMakeFiles/nav_2d_msgs__rosidl_typesupport_introspection_c.dir/rosidl_typesupport_introspection_c/nav_2d_msgs/msg/detail/pose2_d32__type_support.c.o[0m
[9.553s] [ 46%] [32mBuilding CXX object CMakeFiles/nav_2d_msgs__rosidl_typesupport_c.dir/rosidl_typesupport_c/nav_2d_msgs/msg/twist2_d_stamped__type_support.cpp.o[0m
[9.601s] [ 47%] [32mBuilding C object CMakeFiles/nav_2d_msgs__rosidl_typesupport_introspection_c.dir/rosidl_typesupport_introspection_c/nav_2d_msgs/msg/detail/pose2_d_stamped__type_support.c.o[0m
[9.634s] [ 49%] [32mBuilding C object CMakeFiles/nav_2d_msgs__rosidl_typesupport_introspection_c.dir/rosidl_typesupport_introspection_c/nav_2d_msgs/msg/detail/twist2_d__type_support.c.o[0m
[9.765s] [ 50%] [32mBuilding CXX object CMakeFiles/nav_2d_msgs__rosidl_typesupport_fastrtps_cpp.dir/rosidl_typesupport_fastrtps_cpp/nav_2d_msgs/msg/detail/dds_fastrtps/pose2_d_stamped__type_support.cpp.o[0m
[9.792s] [ 52%] [32mBuilding CXX object CMakeFiles/nav_2d_msgs__rosidl_typesupport_cpp.dir/rosidl_typesupport_cpp/nav_2d_msgs/msg/twist2_d__type_support.cpp.o[0m
[9.807s] [ 53%] [32m[1mLinking CXX shared library libnav_2d_msgs__rosidl_typesupport_c.so[0m
[9.853s] [ 54%] [32mBuilding C object CMakeFiles/nav_2d_msgs__rosidl_typesupport_introspection_c.dir/rosidl_typesupport_introspection_c/nav_2d_msgs/msg/detail/twist2_d32__type_support.c.o[0m
[9.862s] [ 56%] [32mBuilding CXX object CMakeFiles/nav_2d_msgs__rosidl_typesupport_fastrtps_cpp.dir/rosidl_typesupport_fastrtps_cpp/nav_2d_msgs/msg/detail/dds_fastrtps/twist2_d__type_support.cpp.o[0m
[9.941s] [ 57%] [32mBuilding CXX object CMakeFiles/nav_2d_msgs__rosidl_typesupport_fastrtps_cpp.dir/rosidl_typesupport_fastrtps_cpp/nav_2d_msgs/msg/detail/dds_fastrtps/twist2_d32__type_support.cpp.o[0m
[9.958s] [ 59%] [32m[1mLinking CXX shared library libnav_2d_msgs__rosidl_typesupport_introspection_cpp.so[0m
[10.032s] [ 60%] [32mBuilding C object CMakeFiles/nav_2d_msgs__rosidl_typesupport_introspection_c.dir/rosidl_typesupport_introspection_c/nav_2d_msgs/msg/detail/twist2_d_stamped__type_support.c.o[0m
[10.036s] [ 61%] [32mBuilding CXX object CMakeFiles/nav_2d_msgs__rosidl_typesupport_cpp.dir/rosidl_typesupport_cpp/nav_2d_msgs/msg/twist2_d32__type_support.cpp.o[0m
[10.129s] [ 61%] Built target nav_2d_msgs__rosidl_typesupport_c
[10.229s] [ 63%] [32mBuilding CXX object CMakeFiles/nav_2d_msgs__rosidl_typesupport_cpp.dir/rosidl_typesupport_cpp/nav_2d_msgs/msg/twist2_d_stamped__type_support.cpp.o[0m
[10.290s] [ 64%] [32m[1mLinking C shared library libnav_2d_msgs__rosidl_typesupport_introspection_c.so[0m
[10.518s] [ 64%] Built target nav_2d_msgs__rosidl_typesupport_introspection_cpp
[10.590s] [ 64%] Built target nav_2d_msgs__rosidl_typesupport_introspection_c
[10.632s] [ 66%] [32mBuilding CXX object CMakeFiles/nav_2d_msgs__rosidl_typesupport_fastrtps_cpp.dir/rosidl_typesupport_fastrtps_cpp/nav_2d_msgs/msg/detail/dds_fastrtps/twist2_d_stamped__type_support.cpp.o[0m
[11.580s] [ 67%] [32m[1mLinking CXX shared library libnav_2d_msgs__rosidl_typesupport_cpp.so[0m
[11.735s] [ 67%] Built target nav_2d_msgs__rosidl_typesupport_cpp
[12.401s] [ 69%] [32m[1mLinking CXX shared library libnav_2d_msgs__rosidl_typesupport_fastrtps_cpp.so[0m
[12.654s] [ 69%] Built target nav_2d_msgs__rosidl_typesupport_fastrtps_cpp
[12.733s] [ 70%] [34m[1mGenerating C type support for eProsima Fast-RTPS[0m
[13.831s] [35m[1mScanning dependencies of target nav_2d_msgs__rosidl_typesupport_fastrtps_c[0m
[13.919s] [ 71%] [32mBuilding CXX object CMakeFiles/nav_2d_msgs__rosidl_typesupport_fastrtps_c.dir/rosidl_typesupport_fastrtps_c/nav_2d_msgs/msg/detail/pose2_d_stamped__type_support_c.cpp.o[0m
[13.930s] [ 73%] [32mBuilding CXX object CMakeFiles/nav_2d_msgs__rosidl_typesupport_fastrtps_c.dir/rosidl_typesupport_fastrtps_c/nav_2d_msgs/msg/detail/path2_d__type_support_c.cpp.o[0m
[13.946s] [ 74%] [32mBuilding CXX object CMakeFiles/nav_2d_msgs__rosidl_typesupport_fastrtps_c.dir/rosidl_typesupport_fastrtps_c/nav_2d_msgs/msg/detail/twist2_d__type_support_c.cpp.o[0m
[13.955s] [ 76%] [32mBuilding CXX object CMakeFiles/nav_2d_msgs__rosidl_typesupport_fastrtps_c.dir/rosidl_typesupport_fastrtps_c/nav_2d_msgs/msg/detail/pose2_d32__type_support_c.cpp.o[0m
[14.716s] [ 77%] [32mBuilding CXX object CMakeFiles/nav_2d_msgs__rosidl_typesupport_fastrtps_c.dir/rosidl_typesupport_fastrtps_c/nav_2d_msgs/msg/detail/twist2_d_stamped__type_support_c.cpp.o[0m
[14.751s] [ 78%] [32mBuilding CXX object CMakeFiles/nav_2d_msgs__rosidl_typesupport_fastrtps_c.dir/rosidl_typesupport_fastrtps_c/nav_2d_msgs/msg/detail/twist2_d32__type_support_c.cpp.o[0m
[15.879s] [ 80%] [32m[1mLinking CXX shared library libnav_2d_msgs__rosidl_typesupport_fastrtps_c.so[0m
[16.303s] [ 80%] Built target nav_2d_msgs__rosidl_typesupport_fastrtps_c
[16.334s] [35m[1mScanning dependencies of target nav_2d_msgs[0m
[16.409s] [ 80%] Built target nav_2d_msgs
[16.480s] [35m[1mScanning dependencies of target nav_2d_msgs__py[0m
[16.534s] [ 81%] [34m[1mGenerating Python code for ROS interfaces[0m
[18.333s] [ 81%] Built target nav_2d_msgs__py
[18.397s] [35m[1mScanning dependencies of target nav_2d_msgs__python[0m
[18.475s] [ 83%] [32mBuilding C object CMakeFiles/nav_2d_msgs__python.dir/rosidl_generator_py/nav_2d_msgs/msg/_path2_d_s.c.o[0m
[18.689s] [ 84%] [32mBuilding C object CMakeFiles/nav_2d_msgs__python.dir/rosidl_generator_py/nav_2d_msgs/msg/_twist2_d_stamped_s.c.o[0m
[18.989s] [ 85%] [32mBuilding C object CMakeFiles/nav_2d_msgs__python.dir/rosidl_generator_py/nav_2d_msgs/msg/_twist2_d32_s.c.o[0m
[19.247s] [ 87%] [32mBuilding C object CMakeFiles/nav_2d_msgs__python.dir/rosidl_generator_py/nav_2d_msgs/msg/_twist2_d_s.c.o[0m
[19.558s] [ 88%] [32mBuilding C object CMakeFiles/nav_2d_msgs__python.dir/rosidl_generator_py/nav_2d_msgs/msg/_pose2_d_stamped_s.c.o[0m
[19.901s] [ 90%] [32mBuilding C object CMakeFiles/nav_2d_msgs__python.dir/rosidl_generator_py/nav_2d_msgs/msg/_pose2_d32_s.c.o[0m
[20.238s] [ 91%] [32m[1mLinking C shared library rosidl_generator_py/nav_2d_msgs/libnav_2d_msgs__python.so[0m
[20.441s] [ 91%] Built target nav_2d_msgs__python
[20.517s] [35m[1mScanning dependencies of target nav_2d_msgs__rosidl_typesupport_introspection_c__pyext[0m
[20.573s] [ 92%] [32mBuilding C object CMakeFiles/nav_2d_msgs__rosidl_typesupport_introspection_c__pyext.dir/rosidl_generator_py/nav_2d_msgs/_nav_2d_msgs_s.ep.rosidl_typesupport_introspection_c.c.o[0m
[20.727s] [ 94%] [32m[1mLinking C shared library rosidl_generator_py/nav_2d_msgs/nav_2d_msgs_s__rosidl_typesupport_introspection_c.cpython-38-x86_64-linux-gnu.so[0m
[20.895s] [ 94%] Built target nav_2d_msgs__rosidl_typesupport_introspection_c__pyext
[20.968s] [35m[1mScanning dependencies of target nav_2d_msgs__rosidl_typesupport_c__pyext[0m
[21.046s] [ 95%] [32mBuilding C object CMakeFiles/nav_2d_msgs__rosidl_typesupport_c__pyext.dir/rosidl_generator_py/nav_2d_msgs/_nav_2d_msgs_s.ep.rosidl_typesupport_c.c.o[0m
[21.331s] [ 97%] [32m[1mLinking C shared library rosidl_generator_py/nav_2d_msgs/nav_2d_msgs_s__rosidl_typesupport_c.cpython-38-x86_64-linux-gnu.so[0m
[21.505s] [ 97%] Built target nav_2d_msgs__rosidl_typesupport_c__pyext
[21.612s] [35m[1mScanning dependencies of target nav_2d_msgs__rosidl_typesupport_fastrtps_c__pyext[0m
[21.706s] [ 98%] [32mBuilding C object CMakeFiles/nav_2d_msgs__rosidl_typesupport_fastrtps_c__pyext.dir/rosidl_generator_py/nav_2d_msgs/_nav_2d_msgs_s.ep.rosidl_typesupport_fastrtps_c.c.o[0m
[21.981s] [100%] [32m[1mLinking CXX shared library rosidl_generator_py/nav_2d_msgs/nav_2d_msgs_s__rosidl_typesupport_fastrtps_c.cpython-38-x86_64-linux-gnu.so[0m
[22.154s] [100%] Built target nav_2d_msgs__rosidl_typesupport_fastrtps_c__pyext
[22.225s] Invoked command in '/home/adas/Documents/Ayush/dev/straight_ws/build/nav_2d_msgs' returned '0': CMAKE_PREFIX_PATH=${CMAKE_PREFIX_PATH}:/home/adas/Documents/Ayush/dev/straight_ws/install/examples_tf2_py:/home/adas/Documents/Ayush/dev/straight_ws/install/nav2_simple_commander:/home/adas/Documents/Ayush/dev/straight_ws/install/nav2_gazebo_spawner:/home/adas/Documents/Ayush/dev/straightline_ws/install/examples_tf2_py:/home/adas/Documents/Ayush/dev/straightline_ws/install/nav2_simple_commander:/home/adas/Documents/Ayush/dev/straightline_ws/install/nav2_gazebo_spawner:/opt/ros/foxy /usr/bin/cmake --build /home/adas/Documents/Ayush/dev/straight_ws/build/nav_2d_msgs -- -j8 -l8
[24.310s] Invoking command in '/home/adas/Documents/Ayush/dev/straight_ws/build/nav_2d_msgs': CMAKE_PREFIX_PATH=${CMAKE_PREFIX_PATH}:/home/adas/Documents/Ayush/dev/straight_ws/install/examples_tf2_py:/home/adas/Documents/Ayush/dev/straight_ws/install/nav2_simple_commander:/home/adas/Documents/Ayush/dev/straight_ws/install/nav2_gazebo_spawner:/home/adas/Documents/Ayush/dev/straightline_ws/install/examples_tf2_py:/home/adas/Documents/Ayush/dev/straightline_ws/install/nav2_simple_commander:/home/adas/Documents/Ayush/dev/straightline_ws/install/nav2_gazebo_spawner:/opt/ros/foxy /usr/bin/cmake --install /home/adas/Documents/Ayush/dev/straight_ws/build/nav_2d_msgs
[24.347s] -- Install configuration: ""
[24.347s] -- Installing: /home/adas/Documents/Ayush/dev/straight_ws/install/nav_2d_msgs/share/ament_index/resource_index/rosidl_interfaces/nav_2d_msgs
[24.348s] -- Installing: /home/adas/Documents/Ayush/dev/straight_ws/install/nav_2d_msgs/include/nav_2d_msgs
[24.348s] -- Installing: /home/adas/Documents/Ayush/dev/straight_ws/install/nav_2d_msgs/include/nav_2d_msgs/msg
[24.348s] -- Installing: /home/adas/Documents/Ayush/dev/straight_ws/install/nav_2d_msgs/include/nav_2d_msgs/msg/twist2_d.h
[24.349s] -- Installing: /home/adas/Documents/Ayush/dev/straight_ws/install/nav_2d_msgs/include/nav_2d_msgs/msg/rosidl_generator_c__visibility_control.h
[24.349s] -- Installing: /home/adas/Documents/Ayush/dev/straight_ws/install/nav_2d_msgs/include/nav_2d_msgs/msg/twist2_d32.h
[24.349s] -- Installing: /home/adas/Documents/Ayush/dev/straight_ws/install/nav_2d_msgs/include/nav_2d_msgs/msg/twist2_d_stamped.h
[24.350s] -- Installing: /home/adas/Documents/Ayush/dev/straight_ws/install/nav_2d_msgs/include/nav_2d_msgs/msg/pose2_d_stamped.h
[24.350s] -- Installing: /home/adas/Documents/Ayush/dev/straight_ws/install/nav_2d_msgs/include/nav_2d_msgs/msg/pose2_d32.h
[24.351s] -- Installing: /home/adas/Documents/Ayush/dev/straight_ws/install/nav_2d_msgs/include/nav_2d_msgs/msg/detail
[24.351s] -- Installing: /home/adas/Documents/Ayush/dev/straight_ws/install/nav_2d_msgs/include/nav_2d_msgs/msg/detail/path2_d__functions.h
[24.351s] -- Installing: /home/adas/Documents/Ayush/dev/straight_ws/install/nav_2d_msgs/include/nav_2d_msgs/msg/detail/pose2_d32__functions.c
[24.352s] -- Installing: /home/adas/Documents/Ayush/dev/straight_ws/install/nav_2d_msgs/include/nav_2d_msgs/msg/detail/twist2_d32__type_support.h
[24.352s] -- Installing: /home/adas/Documents/Ayush/dev/straight_ws/install/nav_2d_msgs/include/nav_2d_msgs/msg/detail/twist2_d_stamped__struct.h
[24.352s] -- Installing: /home/adas/Documents/Ayush/dev/straight_ws/install/nav_2d_msgs/include/nav_2d_msgs/msg/detail/twist2_d32__functions.c
[24.353s] -- Installing: /home/adas/Documents/Ayush/dev/straight_ws/install/nav_2d_msgs/include/nav_2d_msgs/msg/detail/twist2_d_stamped__functions.c
[24.353s] -- Installing: /home/adas/Documents/Ayush/dev/straight_ws/install/nav_2d_msgs/include/nav_2d_msgs/msg/detail/path2_d__functions.c
[24.354s] -- Installing: /home/adas/Documents/Ayush/dev/straight_ws/install/nav_2d_msgs/include/nav_2d_msgs/msg/detail/twist2_d_stamped__functions.h
[24.354s] -- Installing: /home/adas/Documents/Ayush/dev/straight_ws/install/nav_2d_msgs/include/nav_2d_msgs/msg/detail/pose2_d32__struct.h
[24.354s] -- Installing: /home/adas/Documents/Ayush/dev/straight_ws/install/nav_2d_msgs/include/nav_2d_msgs/msg/detail/pose2_d_stamped__type_support.h
[24.355s] -- Installing: /home/adas/Documents/Ayush/dev/straight_ws/install/nav_2d_msgs/include/nav_2d_msgs/msg/detail/pose2_d32__functions.h
[24.355s] -- Installing: /home/adas/Documents/Ayush/dev/straight_ws/install/nav_2d_msgs/include/nav_2d_msgs/msg/detail/twist2_d__functions.c
[24.355s] -- Installing: /home/adas/Documents/Ayush/dev/straight_ws/install/nav_2d_msgs/include/nav_2d_msgs/msg/detail/pose2_d32__type_support.h
[24.355s] -- Installing: /home/adas/Documents/Ayush/dev/straight_ws/install/nav_2d_msgs/include/nav_2d_msgs/msg/detail/path2_d__struct.h
[24.356s] -- Installing: /home/adas/Documents/Ayush/dev/straight_ws/install/nav_2d_msgs/include/nav_2d_msgs/msg/detail/path2_d__type_support.h
[24.356s] -- Installing: /home/adas/Documents/Ayush/dev/straight_ws/install/nav_2d_msgs/include/nav_2d_msgs/msg/detail/twist2_d__struct.h
[24.356s] -- Installing: /home/adas/Documents/Ayush/dev/straight_ws/install/nav_2d_msgs/include/nav_2d_msgs/msg/detail/twist2_d_stamped__type_support.h
[24.357s] -- Installing: /home/adas/Documents/Ayush/dev/straight_ws/install/nav_2d_msgs/include/nav_2d_msgs/msg/detail/twist2_d__type_support.h
[24.357s] -- Installing: /home/adas/Documents/Ayush/dev/straight_ws/install/nav_2d_msgs/include/nav_2d_msgs/msg/detail/pose2_d_stamped__functions.h
[24.358s] -- Installing: /home/adas/Documents/Ayush/dev/straight_ws/install/nav_2d_msgs/include/nav_2d_msgs/msg/detail/pose2_d_stamped__struct.h
[24.358s] -- Installing: /home/adas/Documents/Ayush/dev/straight_ws/install/nav_2d_msgs/include/nav_2d_msgs/msg/detail/twist2_d32__struct.h
[24.358s] -- Installing: /home/adas/Documents/Ayush/dev/straight_ws/install/nav_2d_msgs/include/nav_2d_msgs/msg/detail/pose2_d_stamped__functions.c
[24.359s] -- Installing: /home/adas/Documents/Ayush/dev/straight_ws/install/nav_2d_msgs/include/nav_2d_msgs/msg/detail/twist2_d32__functions.h
[24.359s] -- Installing: /home/adas/Documents/Ayush/dev/straight_ws/install/nav_2d_msgs/include/nav_2d_msgs/msg/detail/twist2_d__functions.h
[24.359s] -- Installing: /home/adas/Documents/Ayush/dev/straight_ws/install/nav_2d_msgs/include/nav_2d_msgs/msg/path2_d.h
[24.360s] -- Installing: /home/adas/Documents/Ayush/dev/straight_ws/install/nav_2d_msgs/share/nav_2d_msgs/environment/library_path.sh
[24.360s] -- Installing: /home/adas/Documents/Ayush/dev/straight_ws/install/nav_2d_msgs/share/nav_2d_msgs/environment/library_path.dsv
[24.361s] -- Installing: /home/adas/Documents/Ayush/dev/straight_ws/install/nav_2d_msgs/lib/libnav_2d_msgs__rosidl_generator_c.so
[24.361s] -- Set runtime path of "/home/adas/Documents/Ayush/dev/straight_ws/install/nav_2d_msgs/lib/libnav_2d_msgs__rosidl_generator_c.so" to ""
[24.362s] -- Up-to-date: /home/adas/Documents/Ayush/dev/straight_ws/install/nav_2d_msgs/include/nav_2d_msgs
[24.362s] -- Up-to-date: /home/adas/Documents/Ayush/dev/straight_ws/install/nav_2d_msgs/include/nav_2d_msgs/msg
[24.362s] -- Installing: /home/adas/Documents/Ayush/dev/straight_ws/install/nav_2d_msgs/include/nav_2d_msgs/msg/rosidl_typesupport_fastrtps_c__visibility_control.h
[24.363s] -- Up-to-date: /home/adas/Documents/Ayush/dev/straight_ws/install/nav_2d_msgs/include/nav_2d_msgs/msg/detail
[24.363s] -- Installing: /home/adas/Documents/Ayush/dev/straight_ws/install/nav_2d_msgs/include/nav_2d_msgs/msg/detail/pose2_d_stamped__rosidl_typesupport_fastrtps_c.h
[24.363s] -- Installing: /home/adas/Documents/Ayush/dev/straight_ws/install/nav_2d_msgs/include/nav_2d_msgs/msg/detail/path2_d__rosidl_typesupport_fastrtps_c.h
[24.364s] -- Installing: /home/adas/Documents/Ayush/dev/straight_ws/install/nav_2d_msgs/include/nav_2d_msgs/msg/detail/twist2_d32__rosidl_typesupport_fastrtps_c.h
[24.364s] -- Installing: /home/adas/Documents/Ayush/dev/straight_ws/install/nav_2d_msgs/include/nav_2d_msgs/msg/detail/twist2_d_stamped__rosidl_typesupport_fastrtps_c.h
[24.365s] -- Installing: /home/adas/Documents/Ayush/dev/straight_ws/install/nav_2d_msgs/include/nav_2d_msgs/msg/detail/twist2_d__rosidl_typesupport_fastrtps_c.h
[24.365s] -- Installing: /home/adas/Documents/Ayush/dev/straight_ws/install/nav_2d_msgs/include/nav_2d_msgs/msg/detail/pose2_d32__rosidl_typesupport_fastrtps_c.h
[24.365s] -- Installing: /home/adas/Documents/Ayush/dev/straight_ws/install/nav_2d_msgs/lib/libnav_2d_msgs__rosidl_typesupport_fastrtps_c.so
[24.366s] -- Set runtime path of "/home/adas/Documents/Ayush/dev/straight_ws/install/nav_2d_msgs/lib/libnav_2d_msgs__rosidl_typesupport_fastrtps_c.so" to ""
[24.366s] -- Up-to-date: /home/adas/Documents/Ayush/dev/straight_ws/install/nav_2d_msgs/include/nav_2d_msgs
[24.367s] -- Up-to-date: /home/adas/Documents/Ayush/dev/straight_ws/install/nav_2d_msgs/include/nav_2d_msgs/msg
[24.367s] -- Installing: /home/adas/Documents/Ayush/dev/straight_ws/install/nav_2d_msgs/include/nav_2d_msgs/msg/rosidl_typesupport_fastrtps_cpp__visibility_control.h
[24.367s] -- Up-to-date: /home/adas/Documents/Ayush/dev/straight_ws/install/nav_2d_msgs/include/nav_2d_msgs/msg/detail
[24.367s] -- Installing: /home/adas/Documents/Ayush/dev/straight_ws/install/nav_2d_msgs/include/nav_2d_msgs/msg/detail/twist2_d_stamped__rosidl_typesupport_fastrtps_cpp.hpp
[24.368s] -- Installing: /home/adas/Documents/Ayush/dev/straight_ws/install/nav_2d_msgs/include/nav_2d_msgs/msg/detail/dds_fastrtps
[24.368s] -- Installing: /home/adas/Documents/Ayush/dev/straight_ws/install/nav_2d_msgs/include/nav_2d_msgs/msg/detail/path2_d__rosidl_typesupport_fastrtps_cpp.hpp
[24.368s] -- Installing: /home/adas/Documents/Ayush/dev/straight_ws/install/nav_2d_msgs/include/nav_2d_msgs/msg/detail/pose2_d_stamped__rosidl_typesupport_fastrtps_cpp.hpp
[24.369s] -- Installing: /home/adas/Documents/Ayush/dev/straight_ws/install/nav_2d_msgs/include/nav_2d_msgs/msg/detail/twist2_d__rosidl_typesupport_fastrtps_cpp.hpp
[24.369s] -- Installing: /home/adas/Documents/Ayush/dev/straight_ws/install/nav_2d_msgs/include/nav_2d_msgs/msg/detail/pose2_d32__rosidl_typesupport_fastrtps_cpp.hpp
[24.369s] -- Installing: /home/adas/Documents/Ayush/dev/straight_ws/install/nav_2d_msgs/include/nav_2d_msgs/msg/detail/twist2_d32__rosidl_typesupport_fastrtps_cpp.hpp
[24.370s] -- Installing: /home/adas/Documents/Ayush/dev/straight_ws/install/nav_2d_msgs/lib/libnav_2d_msgs__rosidl_typesupport_fastrtps_cpp.so
[24.371s] -- Set runtime path of "/home/adas/Documents/Ayush/dev/straight_ws/install/nav_2d_msgs/lib/libnav_2d_msgs__rosidl_typesupport_fastrtps_cpp.so" to ""
[24.372s] -- Up-to-date: /home/adas/Documents/Ayush/dev/straight_ws/install/nav_2d_msgs/include/nav_2d_msgs
[24.372s] -- Up-to-date: /home/adas/Documents/Ayush/dev/straight_ws/install/nav_2d_msgs/include/nav_2d_msgs/msg
[24.372s] -- Installing: /home/adas/Documents/Ayush/dev/straight_ws/install/nav_2d_msgs/include/nav_2d_msgs/msg/rosidl_typesupport_introspection_c__visibility_control.h
[24.372s] -- Up-to-date: /home/adas/Documents/Ayush/dev/straight_ws/install/nav_2d_msgs/include/nav_2d_msgs/msg/detail
[24.373s] -- Installing: /home/adas/Documents/Ayush/dev/straight_ws/install/nav_2d_msgs/include/nav_2d_msgs/msg/detail/path2_d__type_support.c
[24.373s] -- Installing: /home/adas/Documents/Ayush/dev/straight_ws/install/nav_2d_msgs/include/nav_2d_msgs/msg/detail/path2_d__rosidl_typesupport_introspection_c.h
[24.373s] -- Installing: /home/adas/Documents/Ayush/dev/straight_ws/install/nav_2d_msgs/include/nav_2d_msgs/msg/detail/pose2_d_stamped__type_support.c
[24.374s] -- Installing: /home/adas/Documents/Ayush/dev/straight_ws/install/nav_2d_msgs/include/nav_2d_msgs/msg/detail/twist2_d__type_support.c
[24.374s] -- Installing: /home/adas/Documents/Ayush/dev/straight_ws/install/nav_2d_msgs/include/nav_2d_msgs/msg/detail/pose2_d_stamped__rosidl_typesupport_introspection_c.h
[24.374s] -- Installing: /home/adas/Documents/Ayush/dev/straight_ws/install/nav_2d_msgs/include/nav_2d_msgs/msg/detail/pose2_d32__rosidl_typesupport_introspection_c.h
[24.375s] -- Installing: /home/adas/Documents/Ayush/dev/straight_ws/install/nav_2d_msgs/include/nav_2d_msgs/msg/detail/twist2_d_stamped__rosidl_typesupport_introspection_c.h
[24.375s] -- Installing: /home/adas/Documents/Ayush/dev/straight_ws/install/nav_2d_msgs/include/nav_2d_msgs/msg/detail/twist2_d32__rosidl_typesupport_introspection_c.h
[24.375s] -- Installing: /home/adas/Documents/Ayush/dev/straight_ws/install/nav_2d_msgs/include/nav_2d_msgs/msg/detail/pose2_d32__type_support.c
[24.376s] -- Installing: /home/adas/Documents/Ayush/dev/straight_ws/install/nav_2d_msgs/include/nav_2d_msgs/msg/detail/twist2_d__rosidl_typesupport_introspection_c.h
[24.376s] -- Installing: /home/adas/Documents/Ayush/dev/straight_ws/install/nav_2d_msgs/include/nav_2d_msgs/msg/detail/twist2_d_stamped__type_support.c
[24.376s] -- Installing: /home/adas/Documents/Ayush/dev/straight_ws/install/nav_2d_msgs/include/nav_2d_msgs/msg/detail/twist2_d32__type_support.c
[24.377s] -- Installing: /home/adas/Documents/Ayush/dev/straight_ws/install/nav_2d_msgs/lib/libnav_2d_msgs__rosidl_typesupport_introspection_c.so
[24.378s] -- Set runtime path of "/home/adas/Documents/Ayush/dev/straight_ws/install/nav_2d_msgs/lib/libnav_2d_msgs__rosidl_typesupport_introspection_c.so" to ""
[24.378s] -- Installing: /home/adas/Documents/Ayush/dev/straight_ws/install/nav_2d_msgs/lib/libnav_2d_msgs__rosidl_typesupport_c.so
[24.379s] -- Set runtime path of "/home/adas/Documents/Ayush/dev/straight_ws/install/nav_2d_msgs/lib/libnav_2d_msgs__rosidl_typesupport_c.so" to ""
[24.379s] -- Up-to-date: /home/adas/Documents/Ayush/dev/straight_ws/install/nav_2d_msgs/include/nav_2d_msgs
[24.379s] -- Up-to-date: /home/adas/Documents/Ayush/dev/straight_ws/install/nav_2d_msgs/include/nav_2d_msgs/msg
[24.379s] -- Installing: /home/adas/Documents/Ayush/dev/straight_ws/install/nav_2d_msgs/include/nav_2d_msgs/msg/path2_d.hpp
[24.380s] -- Installing: /home/adas/Documents/Ayush/dev/straight_ws/install/nav_2d_msgs/include/nav_2d_msgs/msg/twist2_d_stamped.hpp
[24.380s] -- Installing: /home/adas/Documents/Ayush/dev/straight_ws/install/nav_2d_msgs/include/nav_2d_msgs/msg/pose2_d_stamped.hpp
[24.383s] -- Installing: /home/adas/Documents/Ayush/dev/straight_ws/install/nav_2d_msgs/include/nav_2d_msgs/msg/twist2_d.hpp
[24.383s] -- Installing: /home/adas/Documents/Ayush/dev/straight_ws/install/nav_2d_msgs/include/nav_2d_msgs/msg/pose2_d32.hpp
[24.383s] -- Installing: /home/adas/Documents/Ayush/dev/straight_ws/install/nav_2d_msgs/include/nav_2d_msgs/msg/twist2_d32.hpp
[24.384s] -- Up-to-date: /home/adas/Documents/Ayush/dev/straight_ws/install/nav_2d_msgs/include/nav_2d_msgs/msg/detail
[24.384s] -- Installing: /home/adas/Documents/Ayush/dev/straight_ws/install/nav_2d_msgs/include/nav_2d_msgs/msg/detail/path2_d__struct.hpp
[24.384s] -- Installing: /home/adas/Documents/Ayush/dev/straight_ws/install/nav_2d_msgs/include/nav_2d_msgs/msg/detail/twist2_d32__struct.hpp
[24.385s] -- Installing: /home/adas/Documents/Ayush/dev/straight_ws/install/nav_2d_msgs/include/nav_2d_msgs/msg/detail/twist2_d__traits.hpp
[24.385s] -- Installing: /home/adas/Documents/Ayush/dev/straight_ws/install/nav_2d_msgs/include/nav_2d_msgs/msg/detail/twist2_d_stamped__struct.hpp
[24.385s] -- Installing: /home/adas/Documents/Ayush/dev/straight_ws/install/nav_2d_msgs/include/nav_2d_msgs/msg/detail/twist2_d32__builder.hpp
[24.386s] -- Installing: /home/adas/Documents/Ayush/dev/straight_ws/install/nav_2d_msgs/include/nav_2d_msgs/msg/detail/pose2_d32__builder.hpp
[24.386s] -- Installing: /home/adas/Documents/Ayush/dev/straight_ws/install/nav_2d_msgs/include/nav_2d_msgs/msg/detail/path2_d__builder.hpp
[24.386s] -- Installing: /home/adas/Documents/Ayush/dev/straight_ws/install/nav_2d_msgs/include/nav_2d_msgs/msg/detail/twist2_d__struct.hpp
[24.387s] -- Installing: /home/adas/Documents/Ayush/dev/straight_ws/install/nav_2d_msgs/include/nav_2d_msgs/msg/detail/pose2_d_stamped__struct.hpp
[24.387s] -- Installing: /home/adas/Documents/Ayush/dev/straight_ws/install/nav_2d_msgs/include/nav_2d_msgs/msg/detail/pose2_d32__struct.hpp
[24.387s] -- Installing: /home/adas/Documents/Ayush/dev/straight_ws/install/nav_2d_msgs/include/nav_2d_msgs/msg/detail/twist2_d32__traits.hpp
[24.388s] -- Installing: /home/adas/Documents/Ayush/dev/straight_ws/install/nav_2d_msgs/include/nav_2d_msgs/msg/detail/pose2_d_stamped__builder.hpp
[24.388s] -- Installing: /home/adas/Documents/Ayush/dev/straight_ws/install/nav_2d_msgs/include/nav_2d_msgs/msg/detail/path2_d__traits.hpp
[24.388s] -- Installing: /home/adas/Documents/Ayush/dev/straight_ws/install/nav_2d_msgs/include/nav_2d_msgs/msg/detail/pose2_d32__traits.hpp
[24.389s] -- Installing: /home/adas/Documents/Ayush/dev/straight_ws/install/nav_2d_msgs/include/nav_2d_msgs/msg/detail/twist2_d_stamped__builder.hpp
[24.389s] -- Installing: /home/adas/Documents/Ayush/dev/straight_ws/install/nav_2d_msgs/include/nav_2d_msgs/msg/detail/twist2_d_stamped__traits.hpp
[24.389s] -- Installing: /home/adas/Documents/Ayush/dev/straight_ws/install/nav_2d_msgs/include/nav_2d_msgs/msg/detail/twist2_d__builder.hpp
[24.390s] -- Installing: /home/adas/Documents/Ayush/dev/straight_ws/install/nav_2d_msgs/include/nav_2d_msgs/msg/detail/pose2_d_stamped__traits.hpp
[24.390s] -- Up-to-date: /home/adas/Documents/Ayush/dev/straight_ws/install/nav_2d_msgs/include/nav_2d_msgs
[24.390s] -- Up-to-date: /home/adas/Documents/Ayush/dev/straight_ws/install/nav_2d_msgs/include/nav_2d_msgs/msg
[24.391s] -- Up-to-date: /home/adas/Documents/Ayush/dev/straight_ws/install/nav_2d_msgs/include/nav_2d_msgs/msg/detail
[24.391s] -- Installing: /home/adas/Documents/Ayush/dev/straight_ws/install/nav_2d_msgs/include/nav_2d_msgs/msg/detail/pose2_d_stamped__type_support.cpp
[24.391s] -- Installing: /home/adas/Documents/Ayush/dev/straight_ws/install/nav_2d_msgs/include/nav_2d_msgs/msg/detail/pose2_d32__type_support.cpp
[24.392s] -- Installing: /home/adas/Documents/Ayush/dev/straight_ws/install/nav_2d_msgs/include/nav_2d_msgs/msg/detail/pose2_d_stamped__rosidl_typesupport_introspection_cpp.hpp
[24.392s] -- Installing: /home/adas/Documents/Ayush/dev/straight_ws/install/nav_2d_msgs/include/nav_2d_msgs/msg/detail/twist2_d_stamped__rosidl_typesupport_introspection_cpp.hpp
[24.392s] -- Installing: /home/adas/Documents/Ayush/dev/straight_ws/install/nav_2d_msgs/include/nav_2d_msgs/msg/detail/twist2_d__type_support.cpp
[24.393s] -- Installing: /home/adas/Documents/Ayush/dev/straight_ws/install/nav_2d_msgs/include/nav_2d_msgs/msg/detail/path2_d__type_support.cpp
[24.393s] -- Installing: /home/adas/Documents/Ayush/dev/straight_ws/install/nav_2d_msgs/include/nav_2d_msgs/msg/detail/twist2_d__rosidl_typesupport_introspection_cpp.hpp
[24.393s] -- Installing: /home/adas/Documents/Ayush/dev/straight_ws/install/nav_2d_msgs/include/nav_2d_msgs/msg/detail/twist2_d_stamped__type_support.cpp
[24.394s] -- Installing: /home/adas/Documents/Ayush/dev/straight_ws/install/nav_2d_msgs/include/nav_2d_msgs/msg/detail/pose2_d32__rosidl_typesupport_introspection_cpp.hpp
[24.394s] -- Installing: /home/adas/Documents/Ayush/dev/straight_ws/install/nav_2d_msgs/include/nav_2d_msgs/msg/detail/twist2_d32__type_support.cpp
[24.394s] -- Installing: /home/adas/Documents/Ayush/dev/straight_ws/install/nav_2d_msgs/include/nav_2d_msgs/msg/detail/twist2_d32__rosidl_typesupport_introspection_cpp.hpp
[24.395s] -- Installing: /home/adas/Documents/Ayush/dev/straight_ws/install/nav_2d_msgs/include/nav_2d_msgs/msg/detail/path2_d__rosidl_typesupport_introspection_cpp.hpp
[24.395s] -- Installing: /home/adas/Documents/Ayush/dev/straight_ws/install/nav_2d_msgs/lib/libnav_2d_msgs__rosidl_typesupport_introspection_cpp.so
[24.396s] -- Set runtime path of "/home/adas/Documents/Ayush/dev/straight_ws/install/nav_2d_msgs/lib/libnav_2d_msgs__rosidl_typesupport_introspection_cpp.so" to ""
[24.396s] -- Installing: /home/adas/Documents/Ayush/dev/straight_ws/install/nav_2d_msgs/lib/libnav_2d_msgs__rosidl_typesupport_cpp.so
[24.397s] -- Set runtime path of "/home/adas/Documents/Ayush/dev/straight_ws/install/nav_2d_msgs/lib/libnav_2d_msgs__rosidl_typesupport_cpp.so" to ""
[24.398s] -- Installing: /home/adas/Documents/Ayush/dev/straight_ws/install/nav_2d_msgs/share/nav_2d_msgs/environment/pythonpath.sh
[24.399s] -- Installing: /home/adas/Documents/Ayush/dev/straight_ws/install/nav_2d_msgs/share/nav_2d_msgs/environment/pythonpath.dsv
[24.400s] -- Installing: /home/adas/Documents/Ayush/dev/straight_ws/install/nav_2d_msgs/lib/python3.8/site-packages/nav_2d_msgs/__init__.py
[24.473s] Compiling '/home/adas/Documents/Ayush/dev/straight_ws/install/nav_2d_msgs/lib/python3.8/site-packages/nav_2d_msgs/__init__.py'...
[24.480s] -- Installing: /home/adas/Documents/Ayush/dev/straight_ws/install/nav_2d_msgs/lib/python3.8/site-packages/nav_2d_msgs/msg
[24.480s] -- Installing: /home/adas/Documents/Ayush/dev/straight_ws/install/nav_2d_msgs/lib/python3.8/site-packages/nav_2d_msgs/msg/_path2_d_s.c
[24.481s] -- Installing: /home/adas/Documents/Ayush/dev/straight_ws/install/nav_2d_msgs/lib/python3.8/site-packages/nav_2d_msgs/msg/_twist2_d32.py
[24.481s] -- Installing: /home/adas/Documents/Ayush/dev/straight_ws/install/nav_2d_msgs/lib/python3.8/site-packages/nav_2d_msgs/msg/_pose2_d_stamped.py
[24.481s] -- Installing: /home/adas/Documents/Ayush/dev/straight_ws/install/nav_2d_msgs/lib/python3.8/site-packages/nav_2d_msgs/msg/_pose2_d32_s.c
[24.482s] -- Installing: /home/adas/Documents/Ayush/dev/straight_ws/install/nav_2d_msgs/lib/python3.8/site-packages/nav_2d_msgs/msg/_path2_d.py
[24.482s] -- Installing: /home/adas/Documents/Ayush/dev/straight_ws/install/nav_2d_msgs/lib/python3.8/site-packages/nav_2d_msgs/msg/_twist2_d_stamped.py
[24.483s] -- Installing: /home/adas/Documents/Ayush/dev/straight_ws/install/nav_2d_msgs/lib/python3.8/site-packages/nav_2d_msgs/msg/_twist2_d_stamped_s.c
[24.483s] -- Installing: /home/adas/Documents/Ayush/dev/straight_ws/install/nav_2d_msgs/lib/python3.8/site-packages/nav_2d_msgs/msg/_twist2_d.py
[24.483s] -- Installing: /home/adas/Documents/Ayush/dev/straight_ws/install/nav_2d_msgs/lib/python3.8/site-packages/nav_2d_msgs/msg/_twist2_d_s.c
[24.484s] -- Installing: /home/adas/Documents/Ayush/dev/straight_ws/install/nav_2d_msgs/lib/python3.8/site-packages/nav_2d_msgs/msg/_twist2_d32_s.c
[24.484s] -- Installing: /home/adas/Documents/Ayush/dev/straight_ws/install/nav_2d_msgs/lib/python3.8/site-packages/nav_2d_msgs/msg/__init__.py
[24.484s] -- Installing: /home/adas/Documents/Ayush/dev/straight_ws/install/nav_2d_msgs/lib/python3.8/site-packages/nav_2d_msgs/msg/_pose2_d32.py
[24.484s] -- Installing: /home/adas/Documents/Ayush/dev/straight_ws/install/nav_2d_msgs/lib/python3.8/site-packages/nav_2d_msgs/msg/_pose2_d_stamped_s.c
[24.484s] -- Installing: /home/adas/Documents/Ayush/dev/straight_ws/install/nav_2d_msgs/lib/python3.8/site-packages/nav_2d_msgs/nav_2d_msgs_s__rosidl_typesupport_fastrtps_c.cpython-38-x86_64-linux-gnu.so
[24.485s] -- Set runtime path of "/home/adas/Documents/Ayush/dev/straight_ws/install/nav_2d_msgs/lib/python3.8/site-packages/nav_2d_msgs/nav_2d_msgs_s__rosidl_typesupport_fastrtps_c.cpython-38-x86_64-linux-gnu.so" to ""
[24.485s] -- Installing: /home/adas/Documents/Ayush/dev/straight_ws/install/nav_2d_msgs/lib/python3.8/site-packages/nav_2d_msgs/nav_2d_msgs_s__rosidl_typesupport_introspection_c.cpython-38-x86_64-linux-gnu.so
[24.486s] -- Set runtime path of "/home/adas/Documents/Ayush/dev/straight_ws/install/nav_2d_msgs/lib/python3.8/site-packages/nav_2d_msgs/nav_2d_msgs_s__rosidl_typesupport_introspection_c.cpython-38-x86_64-linux-gnu.so" to ""
[24.486s] -- Installing: /home/adas/Documents/Ayush/dev/straight_ws/install/nav_2d_msgs/lib/python3.8/site-packages/nav_2d_msgs/nav_2d_msgs_s__rosidl_typesupport_c.cpython-38-x86_64-linux-gnu.so
[24.487s] -- Set runtime path of "/home/adas/Documents/Ayush/dev/straight_ws/install/nav_2d_msgs/lib/python3.8/site-packages/nav_2d_msgs/nav_2d_msgs_s__rosidl_typesupport_c.cpython-38-x86_64-linux-gnu.so" to ""
[24.487s] -- Installing: /home/adas/Documents/Ayush/dev/straight_ws/install/nav_2d_msgs/lib/libnav_2d_msgs__python.so
[24.488s] -- Set runtime path of "/home/adas/Documents/Ayush/dev/straight_ws/install/nav_2d_msgs/lib/libnav_2d_msgs__python.so" to ""
[24.488s] -- Installing: /home/adas/Documents/Ayush/dev/straight_ws/install/nav_2d_msgs/share/nav_2d_msgs/msg/Path2D.idl
[24.488s] -- Installing: /home/adas/Documents/Ayush/dev/straight_ws/install/nav_2d_msgs/share/nav_2d_msgs/msg/Pose2D32.idl
[24.489s] -- Installing: /home/adas/Documents/Ayush/dev/straight_ws/install/nav_2d_msgs/share/nav_2d_msgs/msg/Pose2DStamped.idl
[24.489s] -- Installing: /home/adas/Documents/Ayush/dev/straight_ws/install/nav_2d_msgs/share/nav_2d_msgs/msg/Twist2D.idl
[24.489s] -- Installing: /home/adas/Documents/Ayush/dev/straight_ws/install/nav_2d_msgs/share/nav_2d_msgs/msg/Twist2D32.idl
[24.489s] -- Installing: /home/adas/Documents/Ayush/dev/straight_ws/install/nav_2d_msgs/share/nav_2d_msgs/msg/Twist2DStamped.idl
[24.489s] -- Installing: /home/adas/Documents/Ayush/dev/straight_ws/install/nav_2d_msgs/share/nav_2d_msgs/msg/Path2D.msg
[24.489s] -- Installing: /home/adas/Documents/Ayush/dev/straight_ws/install/nav_2d_msgs/share/nav_2d_msgs/msg/Pose2D32.msg
[24.490s] -- Installing: /home/adas/Documents/Ayush/dev/straight_ws/install/nav_2d_msgs/share/nav_2d_msgs/msg/Pose2DStamped.msg
[24.490s] -- Installing: /home/adas/Documents/Ayush/dev/straight_ws/install/nav_2d_msgs/share/nav_2d_msgs/msg/Twist2D.msg
[24.490s] -- Installing: /home/adas/Documents/Ayush/dev/straight_ws/install/nav_2d_msgs/share/nav_2d_msgs/msg/Twist2D32.msg
[24.490s] -- Installing: /home/adas/Documents/Ayush/dev/straight_ws/install/nav_2d_msgs/share/nav_2d_msgs/msg/Twist2DStamped.msg
[24.490s] -- Installing: /home/adas/Documents/Ayush/dev/straight_ws/install/nav_2d_msgs/share/ament_index/resource_index/package_run_dependencies/nav_2d_msgs
[24.490s] -- Installing: /home/adas/Documents/Ayush/dev/straight_ws/install/nav_2d_msgs/share/ament_index/resource_index/parent_prefix_path/nav_2d_msgs
[24.490s] -- Installing: /home/adas/Documents/Ayush/dev/straight_ws/install/nav_2d_msgs/share/nav_2d_msgs/environment/ament_prefix_path.sh
[24.491s] -- Installing: /home/adas/Documents/Ayush/dev/straight_ws/install/nav_2d_msgs/share/nav_2d_msgs/environment/ament_prefix_path.dsv
[24.491s] -- Installing: /home/adas/Documents/Ayush/dev/straight_ws/install/nav_2d_msgs/share/nav_2d_msgs/environment/path.sh
[24.491s] -- Installing: /home/adas/Documents/Ayush/dev/straight_ws/install/nav_2d_msgs/share/nav_2d_msgs/environment/path.dsv
[24.491s] -- Installing: /home/adas/Documents/Ayush/dev/straight_ws/install/nav_2d_msgs/share/nav_2d_msgs/local_setup.bash
[24.491s] -- Installing: /home/adas/Documents/Ayush/dev/straight_ws/install/nav_2d_msgs/share/nav_2d_msgs/local_setup.sh
[24.491s] -- Installing: /home/adas/Documents/Ayush/dev/straight_ws/install/nav_2d_msgs/share/nav_2d_msgs/local_setup.zsh
[24.492s] -- Installing: /home/adas/Documents/Ayush/dev/straight_ws/install/nav_2d_msgs/share/nav_2d_msgs/local_setup.dsv
[24.492s] -- Installing: /home/adas/Documents/Ayush/dev/straight_ws/install/nav_2d_msgs/share/nav_2d_msgs/package.dsv
[24.492s] -- Installing: /home/adas/Documents/Ayush/dev/straight_ws/install/nav_2d_msgs/share/ament_index/resource_index/packages/nav_2d_msgs
[24.492s] -- Installing: /home/adas/Documents/Ayush/dev/straight_ws/install/nav_2d_msgs/share/nav_2d_msgs/cmake/nav_2d_msgs__rosidl_generator_cExport.cmake
[24.493s] -- Installing: /home/adas/Documents/Ayush/dev/straight_ws/install/nav_2d_msgs/share/nav_2d_msgs/cmake/nav_2d_msgs__rosidl_generator_cExport-noconfig.cmake
[24.493s] -- Installing: /home/adas/Documents/Ayush/dev/straight_ws/install/nav_2d_msgs/share/nav_2d_msgs/cmake/nav_2d_msgs__rosidl_typesupport_introspection_cExport.cmake
[24.493s] -- Installing: /home/adas/Documents/Ayush/dev/straight_ws/install/nav_2d_msgs/share/nav_2d_msgs/cmake/nav_2d_msgs__rosidl_typesupport_introspection_cExport-noconfig.cmake
[24.493s] -- Installing: /home/adas/Documents/Ayush/dev/straight_ws/install/nav_2d_msgs/share/nav_2d_msgs/cmake/nav_2d_msgs__rosidl_typesupport_cExport.cmake
[24.494s] -- Installing: /home/adas/Documents/Ayush/dev/straight_ws/install/nav_2d_msgs/share/nav_2d_msgs/cmake/nav_2d_msgs__rosidl_typesupport_cExport-noconfig.cmake
[24.494s] -- Installing: /home/adas/Documents/Ayush/dev/straight_ws/install/nav_2d_msgs/share/nav_2d_msgs/cmake/nav_2d_msgs__rosidl_generator_cppExport.cmake
[24.494s] -- Installing: /home/adas/Documents/Ayush/dev/straight_ws/install/nav_2d_msgs/share/nav_2d_msgs/cmake/nav_2d_msgs__rosidl_typesupport_introspection_cppExport.cmake
[24.494s] -- Installing: /home/adas/Documents/Ayush/dev/straight_ws/install/nav_2d_msgs/share/nav_2d_msgs/cmake/nav_2d_msgs__rosidl_typesupport_introspection_cppExport-noconfig.cmake
[24.494s] -- Installing: /home/adas/Documents/Ayush/dev/straight_ws/install/nav_2d_msgs/share/nav_2d_msgs/cmake/nav_2d_msgs__rosidl_typesupport_cppExport.cmake
[24.494s] -- Installing: /home/adas/Documents/Ayush/dev/straight_ws/install/nav_2d_msgs/share/nav_2d_msgs/cmake/nav_2d_msgs__rosidl_typesupport_cppExport-noconfig.cmake
[24.495s] -- Installing: /home/adas/Documents/Ayush/dev/straight_ws/install/nav_2d_msgs/share/nav_2d_msgs/cmake/rosidl_cmake-extras.cmake
[24.495s] -- Installing: /home/adas/Documents/Ayush/dev/straight_ws/install/nav_2d_msgs/share/nav_2d_msgs/cmake/ament_cmake_export_dependencies-extras.cmake
[24.495s] -- Installing: /home/adas/Documents/Ayush/dev/straight_ws/install/nav_2d_msgs/share/nav_2d_msgs/cmake/ament_cmake_export_libraries-extras.cmake
[24.495s] -- Installing: /home/adas/Documents/Ayush/dev/straight_ws/install/nav_2d_msgs/share/nav_2d_msgs/cmake/ament_cmake_export_targets-extras.cmake
[24.495s] -- Installing: /home/adas/Documents/Ayush/dev/straight_ws/install/nav_2d_msgs/share/nav_2d_msgs/cmake/ament_cmake_export_include_directories-extras.cmake
[24.496s] -- Installing: /home/adas/Documents/Ayush/dev/straight_ws/install/nav_2d_msgs/share/nav_2d_msgs/cmake/rosidl_cmake_export_typesupport_libraries-extras.cmake
[24.496s] -- Installing: /home/adas/Documents/Ayush/dev/straight_ws/install/nav_2d_msgs/share/nav_2d_msgs/cmake/rosidl_cmake_export_typesupport_targets-extras.cmake
[24.496s] -- Installing: /home/adas/Documents/Ayush/dev/straight_ws/install/nav_2d_msgs/share/nav_2d_msgs/cmake/nav_2d_msgsConfig.cmake
[24.496s] -- Installing: /home/adas/Documents/Ayush/dev/straight_ws/install/nav_2d_msgs/share/nav_2d_msgs/cmake/nav_2d_msgsConfig-version.cmake
[24.496s] -- Installing: /home/adas/Documents/Ayush/dev/straight_ws/install/nav_2d_msgs/share/nav_2d_msgs/package.xml
[24.513s] Invoked command in '/home/adas/Documents/Ayush/dev/straight_ws/build/nav_2d_msgs' returned '0': CMAKE_PREFIX_PATH=${CMAKE_PREFIX_PATH}:/home/adas/Documents/Ayush/dev/straight_ws/install/examples_tf2_py:/home/adas/Documents/Ayush/dev/straight_ws/install/nav2_simple_commander:/home/adas/Documents/Ayush/dev/straight_ws/install/nav2_gazebo_spawner:/home/adas/Documents/Ayush/dev/straightline_ws/install/examples_tf2_py:/home/adas/Documents/Ayush/dev/straightline_ws/install/nav2_simple_commander:/home/adas/Documents/Ayush/dev/straightline_ws/install/nav2_gazebo_spawner:/opt/ros/foxy /usr/bin/cmake --install /home/adas/Documents/Ayush/dev/straight_ws/build/nav_2d_msgs
