[0.052s] Invoking command in '/home/adas/Documents/Ayush/dev/straight_ws/build/aws_robomaker_small_warehouse_world': CMAKE_PREFIX_PATH=${CMAKE_PREFIX_PATH}:/home/adas/Documents/Ayush/dev/straight_ws/install/examples_tf2_py:/home/adas/Documents/Ayush/dev/straight_ws/install/nav2_simple_commander:/home/adas/Documents/Ayush/dev/straight_ws/install/nav2_gazebo_spawner:/home/adas/Documents/Ayush/dev/straightline_ws/install/examples_tf2_py:/home/adas/Documents/Ayush/dev/straightline_ws/install/nav2_simple_commander:/home/adas/Documents/Ayush/dev/straightline_ws/install/nav2_gazebo_spawner:/opt/ros/foxy /usr/bin/cmake /home/adas/Documents/Ayush/dev/straight_ws/src/aws-robomaker-small-warehouse -DCMAKE_INSTALL_PREFIX=/home/adas/Documents/Ayush/dev/straight_ws/install/aws_robomaker_small_warehouse_world
[0.160s] -- The C compiler identification is GNU 9.3.0
[0.259s] -- The CXX compiler identification is GNU 9.3.0
[0.273s] -- Check for working C compiler: /usr/bin/cc
[0.479s] -- Check for working C compiler: /usr/bin/cc -- works
[0.479s] -- Detecting C compiler ABI info
[0.673s] -- Detecting C compiler ABI info - done
[0.695s] -- Detecting C compile features
[0.695s] -- Detecting C compile features - done
[0.701s] -- Check for working CXX compiler: /usr/bin/c++
[0.851s] -- Check for working CXX compiler: /usr/bin/c++ -- works
[0.852s] -- Detecting CXX compiler ABI info
[1.017s] -- Detecting CXX compiler ABI info - done
[1.038s] -- Detecting CXX compile features
[1.038s] -- Detecting CXX compile features - done
[1.046s] -- Found ament_cmake: 0.9.8 (/opt/ros/foxy/share/ament_cmake/cmake)
[1.108s] -- Found PythonInterp: /usr/bin/python3 (found suitable version "3.8.10", minimum required is "3") 
[1.108s] -- Using PYTHON_EXECUTABLE: /usr/bin/python3
[1.543s] -- Found gazebo_ros: 3.5.3 (/opt/ros/foxy/share/gazebo_ros/cmake)
[1.692s] -- Using all available rosidl_typesupport_c: rosidl_typesupport_fastrtps_c;rosidl_typesupport_introspection_c
[1.720s] -- Found rosidl_adapter: 1.2.1 (/opt/ros/foxy/share/rosidl_adapter/cmake)
[1.944s] -- Found OpenSSL: /usr/lib/x86_64-linux-gnu/libcrypto.so (found version "1.1.1f")  
[1.996s] -- Found FastRTPS: /opt/ros/foxy/include  
[2.162s] -- Using all available rosidl_typesupport_cpp: rosidl_typesupport_fastrtps_cpp;rosidl_typesupport_introspection_cpp
[2.288s] -- Found rmw_implementation_cmake: 1.0.3 (/opt/ros/foxy/share/rmw_implementation_cmake/cmake)
[2.299s] -- Using RMW implementation 'rmw_fastrtps_cpp' as default
[2.301s] -- Looking for pthread.h
[2.474s] -- Looking for pthread.h - found
[2.475s] -- Performing Test CMAKE_HAVE_LIBC_PTHREAD
[2.641s] -- Performing Test CMAKE_HAVE_LIBC_PTHREAD - Failed
[2.641s] -- Looking for pthread_create in pthreads
[2.829s] -- Looking for pthread_create in pthreads - not found
[2.830s] -- Looking for pthread_create in pthread
[2.994s] -- Looking for pthread_create in pthread - found
[2.994s] -- Found Threads: TRUE  
[3.284s] -- Found PkgConfig: /usr/bin/pkg-config (found version "0.29.1") 
[3.286s] -- Checking for module 'bullet>=2.82'
[3.361s] --   Found bullet, version 2.88
[4.251s] -- Found ccd: /usr/include (found suitable version "2.0", minimum required is "2.0") 
[4.681s] -- Found fcl: /usr/include (found suitable version "0.5.0", minimum required is "0.3.2") 
[5.153s] -- Found assimp: /usr/include (found version "5.0.0") 
[5.228s] -- Found DART: /usr/include (Required is at least version "6.6") found components: dart 
[5.368s] -- Found Boost: /usr/lib/x86_64-linux-gnu/cmake/Boost-1.71.0/BoostConfig.cmake (found suitable version "1.71.0", minimum required is "1.40.0") found components: thread system filesystem program_options regex iostreams date_time 
[5.471s] -- Found Protobuf: /usr/lib/x86_64-linux-gnu/libprotobuf.so;-lpthread (found version "3.6.1") 
[5.505s] -- Looking for ignition-math6 -- found version 6.8.0
[5.527s] -- Searching for dependencies of ignition-math6
[5.535s] -- Looking for OGRE...
[5.535s] -- OGRE_PREFIX_WATCH changed.
[5.557s] -- Checking for module 'OGRE'
[5.626s] --   Found OGRE, version 1.9.0
[5.993s] -- Found Ogre Ghadamon (1.9.0)
[6.040s] -- Found OGRE: optimized;/usr/lib/x86_64-linux-gnu/libOgreMain.so;debug;/usr/lib/x86_64-linux-gnu/libOgreMain.so
[6.096s] -- Looking for OGRE_Paging...
[6.149s] -- Found OGRE_Paging: optimized;/usr/lib/x86_64-linux-gnu/libOgrePaging.so;debug;/usr/lib/x86_64-linux-gnu/libOgrePaging.so
[6.149s] -- Looking for OGRE_Terrain...
[6.225s] -- Found OGRE_Terrain: optimized;/usr/lib/x86_64-linux-gnu/libOgreTerrain.so;debug;/usr/lib/x86_64-linux-gnu/libOgreTerrain.so
[6.258s] -- Looking for OGRE_Property...
[6.347s] -- Found OGRE_Property: optimized;/usr/lib/x86_64-linux-gnu/libOgreProperty.so;debug;/usr/lib/x86_64-linux-gnu/libOgreProperty.so
[6.347s] -- Looking for OGRE_RTShaderSystem...
[6.415s] -- Found OGRE_RTShaderSystem: optimized;/usr/lib/x86_64-linux-gnu/libOgreRTShaderSystem.so;debug;/usr/lib/x86_64-linux-gnu/libOgreRTShaderSystem.so
[6.415s] -- Looking for OGRE_Volume...
[6.485s] -- Found OGRE_Volume: optimized;/usr/lib/x86_64-linux-gnu/libOgreVolume.so;debug;/usr/lib/x86_64-linux-gnu/libOgreVolume.so
[6.485s] -- Looking for OGRE_Overlay...
[6.546s] -- Found OGRE_Overlay: optimized;/usr/lib/x86_64-linux-gnu/libOgreOverlay.so;debug;/usr/lib/x86_64-linux-gnu/libOgreOverlay.so
[7.962s] -- Looking for ignition-math6 -- found version 6.8.0
[7.979s] -- Looking for ignition-transport8 -- found version 8.2.0
[7.982s] -- Searching for dependencies of ignition-transport8
[8.055s] -- Found Protobuf: /usr/lib/x86_64-linux-gnu/libprotobuf.so;-lpthread (found suitable version "3.6.1", minimum required is "3") 
[8.099s] -- Config-file not installed for ZeroMQ -- checking for pkg-config
[8.121s] -- Checking for module 'libzmq >= 4'
[8.225s] --   Found libzmq , version 4.3.2
[8.717s] -- Found ZeroMQ: TRUE (Required is at least version "4") 
[8.758s] -- Checking for module 'uuid'
[8.901s] --   Found uuid, version 2.34.0
[9.297s] -- Found UUID: TRUE  
[9.314s] -- Looking for ignition-msgs5 -- found version 5.7.0
[9.317s] -- Searching for dependencies of ignition-msgs5
[9.391s] -- Looking for ignition-math6 -- found version 6.8.0
[9.410s] -- Checking for module 'tinyxml2'
[9.569s] --   Found tinyxml2, version 6.2.0
[10.175s] -- Looking for ignition-msgs5 -- found version 5.7.0
[10.219s] -- Looking for ignition-common3 -- found version 3.13.1
[10.220s] -- Searching for dependencies of ignition-common3
[10.223s] -- Looking for dlfcn.h - found
[10.231s] -- Looking for libdl - found
[10.243s] -- Found DL: TRUE  
[10.287s] -- Searching for <ignition-common3> component [graphics]
[10.313s] -- Looking for ignition-common3-graphics -- found version 3.13.1
[10.314s] -- Searching for dependencies of ignition-common3-graphics
[10.347s] -- Looking for ignition-math6 -- found version 6.8.0
[10.375s] -- Looking for ignition-fuel_tools4 -- found version 4.3.0
[10.377s] -- Searching for dependencies of ignition-fuel_tools4
[11.309s] -- Found CURL: /usr/lib/x86_64-linux-gnu/libcurl.so (found version "7.68.0")  
[11.406s] -- Checking for module 'jsoncpp'
[11.599s] --   Found jsoncpp, version 1.7.4
[12.034s] -- Found JSONCPP: TRUE  
[12.062s] -- Checking for module 'libzip'
[12.193s] --   Found libzip, version 1.5.1
[12.605s] -- Found ZIP: TRUE  
[12.605s] -- Looking for ignition-common3 -- found version 3.13.1
[12.606s] -- Looking for ignition-msgs5 -- found version 5.7.0
[12.614s] -- Gazebo version: 11.5
[12.860s] -- Configuring done
[12.878s] -- Generating done
[12.882s] -- Build files have been written to: /home/adas/Documents/Ayush/dev/straight_ws/build/aws_robomaker_small_warehouse_world
[12.901s] Invoked command in '/home/adas/Documents/Ayush/dev/straight_ws/build/aws_robomaker_small_warehouse_world' returned '0': CMAKE_PREFIX_PATH=${CMAKE_PREFIX_PATH}:/home/adas/Documents/Ayush/dev/straight_ws/install/examples_tf2_py:/home/adas/Documents/Ayush/dev/straight_ws/install/nav2_simple_commander:/home/adas/Documents/Ayush/dev/straight_ws/install/nav2_gazebo_spawner:/home/adas/Documents/Ayush/dev/straightline_ws/install/examples_tf2_py:/home/adas/Documents/Ayush/dev/straightline_ws/install/nav2_simple_commander:/home/adas/Documents/Ayush/dev/straightline_ws/install/nav2_gazebo_spawner:/opt/ros/foxy /usr/bin/cmake /home/adas/Documents/Ayush/dev/straight_ws/src/aws-robomaker-small-warehouse -DCMAKE_INSTALL_PREFIX=/home/adas/Documents/Ayush/dev/straight_ws/install/aws_robomaker_small_warehouse_world
[12.903s] Invoking command in '/home/adas/Documents/Ayush/dev/straight_ws/build/aws_robomaker_small_warehouse_world': CMAKE_PREFIX_PATH=${CMAKE_PREFIX_PATH}:/home/adas/Documents/Ayush/dev/straight_ws/install/examples_tf2_py:/home/adas/Documents/Ayush/dev/straight_ws/install/nav2_simple_commander:/home/adas/Documents/Ayush/dev/straight_ws/install/nav2_gazebo_spawner:/home/adas/Documents/Ayush/dev/straightline_ws/install/examples_tf2_py:/home/adas/Documents/Ayush/dev/straightline_ws/install/nav2_simple_commander:/home/adas/Documents/Ayush/dev/straightline_ws/install/nav2_gazebo_spawner:/opt/ros/foxy /usr/bin/cmake --build /home/adas/Documents/Ayush/dev/straight_ws/build/aws_robomaker_small_warehouse_world -- -j8 -l8
[13.085s] Invoked command in '/home/adas/Documents/Ayush/dev/straight_ws/build/aws_robomaker_small_warehouse_world' returned '0': CMAKE_PREFIX_PATH=${CMAKE_PREFIX_PATH}:/home/adas/Documents/Ayush/dev/straight_ws/install/examples_tf2_py:/home/adas/Documents/Ayush/dev/straight_ws/install/nav2_simple_commander:/home/adas/Documents/Ayush/dev/straight_ws/install/nav2_gazebo_spawner:/home/adas/Documents/Ayush/dev/straightline_ws/install/examples_tf2_py:/home/adas/Documents/Ayush/dev/straightline_ws/install/nav2_simple_commander:/home/adas/Documents/Ayush/dev/straightline_ws/install/nav2_gazebo_spawner:/opt/ros/foxy /usr/bin/cmake --build /home/adas/Documents/Ayush/dev/straight_ws/build/aws_robomaker_small_warehouse_world -- -j8 -l8
[13.405s] Invoking command in '/home/adas/Documents/Ayush/dev/straight_ws/build/aws_robomaker_small_warehouse_world': CMAKE_PREFIX_PATH=${CMAKE_PREFIX_PATH}:/home/adas/Documents/Ayush/dev/straight_ws/install/examples_tf2_py:/home/adas/Documents/Ayush/dev/straight_ws/install/nav2_simple_commander:/home/adas/Documents/Ayush/dev/straight_ws/install/nav2_gazebo_spawner:/home/adas/Documents/Ayush/dev/straightline_ws/install/examples_tf2_py:/home/adas/Documents/Ayush/dev/straightline_ws/install/nav2_simple_commander:/home/adas/Documents/Ayush/dev/straightline_ws/install/nav2_gazebo_spawner:/opt/ros/foxy /usr/bin/cmake --install /home/adas/Documents/Ayush/dev/straight_ws/build/aws_robomaker_small_warehouse_world
[13.456s] -- Install configuration: ""
[13.457s] -- Installing: /home/adas/Documents/Ayush/dev/straight_ws/install/aws_robomaker_small_warehouse_world/share/aws_robomaker_small_warehouse_world/launch
[13.457s] -- Installing: /home/adas/Documents/Ayush/dev/straight_ws/install/aws_robomaker_small_warehouse_world/share/aws_robomaker_small_warehouse_world/launch/no_roof_small_warehouse_launch.py
[13.457s] -- Installing: /home/adas/Documents/Ayush/dev/straight_ws/install/aws_robomaker_small_warehouse_world/share/aws_robomaker_small_warehouse_world/launch/small_warehouse_launch.py
[13.457s] -- Installing: /home/adas/Documents/Ayush/dev/straight_ws/install/aws_robomaker_small_warehouse_world/share/aws_robomaker_small_warehouse_world/models
[13.457s] -- Installing: /home/adas/Documents/Ayush/dev/straight_ws/install/aws_robomaker_small_warehouse_world/share/aws_robomaker_small_warehouse_world/models/aws_robomaker_warehouse_TrashCanC_01
[13.457s] -- Installing: /home/adas/Documents/Ayush/dev/straight_ws/install/aws_robomaker_small_warehouse_world/share/aws_robomaker_small_warehouse_world/models/aws_robomaker_warehouse_TrashCanC_01/materials
[13.457s] -- Installing: /home/adas/Documents/Ayush/dev/straight_ws/install/aws_robomaker_small_warehouse_world/share/aws_robomaker_small_warehouse_world/models/aws_robomaker_warehouse_TrashCanC_01/materials/textures
[13.458s] -- Installing: /home/adas/Documents/Ayush/dev/straight_ws/install/aws_robomaker_small_warehouse_world/share/aws_robomaker_small_warehouse_world/models/aws_robomaker_warehouse_TrashCanC_01/materials/textures/aws_robomaker_warehouse_TrashCanC_01.png
[13.458s] -- Installing: /home/adas/Documents/Ayush/dev/straight_ws/install/aws_robomaker_small_warehouse_world/share/aws_robomaker_small_warehouse_world/models/aws_robomaker_warehouse_TrashCanC_01/meshes
[13.458s] -- Installing: /home/adas/Documents/Ayush/dev/straight_ws/install/aws_robomaker_small_warehouse_world/share/aws_robomaker_small_warehouse_world/models/aws_robomaker_warehouse_TrashCanC_01/meshes/aws_robomaker_warehouse_TrashCanC_01_collision.DAE
[13.458s] -- Installing: /home/adas/Documents/Ayush/dev/straight_ws/install/aws_robomaker_small_warehouse_world/share/aws_robomaker_small_warehouse_world/models/aws_robomaker_warehouse_TrashCanC_01/meshes/aws_robomaker_warehouse_TrashCanC_01_visual.DAE
[13.458s] -- Installing: /home/adas/Documents/Ayush/dev/straight_ws/install/aws_robomaker_small_warehouse_world/share/aws_robomaker_small_warehouse_world/models/aws_robomaker_warehouse_TrashCanC_01/model.sdf
[13.458s] -- Installing: /home/adas/Documents/Ayush/dev/straight_ws/install/aws_robomaker_small_warehouse_world/share/aws_robomaker_small_warehouse_world/models/aws_robomaker_warehouse_TrashCanC_01/model.config
[13.458s] -- Installing: /home/adas/Documents/Ayush/dev/straight_ws/install/aws_robomaker_small_warehouse_world/share/aws_robomaker_small_warehouse_world/models/aws_robomaker_warehouse_ShelfD_01
[13.459s] -- Installing: /home/adas/Documents/Ayush/dev/straight_ws/install/aws_robomaker_small_warehouse_world/share/aws_robomaker_small_warehouse_world/models/aws_robomaker_warehouse_ShelfD_01/materials
[13.459s] -- Installing: /home/adas/Documents/Ayush/dev/straight_ws/install/aws_robomaker_small_warehouse_world/share/aws_robomaker_small_warehouse_world/models/aws_robomaker_warehouse_ShelfD_01/materials/textures
[13.467s] -- Installing: /home/adas/Documents/Ayush/dev/straight_ws/install/aws_robomaker_small_warehouse_world/share/aws_robomaker_small_warehouse_world/models/aws_robomaker_warehouse_ShelfD_01/materials/textures/aws_robomaker_warehouse_ShelfD_02.png
[13.467s] -- Installing: /home/adas/Documents/Ayush/dev/straight_ws/install/aws_robomaker_small_warehouse_world/share/aws_robomaker_small_warehouse_world/models/aws_robomaker_warehouse_ShelfD_01/materials/textures/aws_robomaker_warehouse_ShelfD_04.png
[13.467s] -- Installing: /home/adas/Documents/Ayush/dev/straight_ws/install/aws_robomaker_small_warehouse_world/share/aws_robomaker_small_warehouse_world/models/aws_robomaker_warehouse_ShelfD_01/materials/textures/aws_robomaker_warehouse_ShelfD_01.png
[13.468s] -- Installing: /home/adas/Documents/Ayush/dev/straight_ws/install/aws_robomaker_small_warehouse_world/share/aws_robomaker_small_warehouse_world/models/aws_robomaker_warehouse_ShelfD_01/materials/textures/aws_robomaker_warehouse_ShelfD_03.png
[13.468s] -- Installing: /home/adas/Documents/Ayush/dev/straight_ws/install/aws_robomaker_small_warehouse_world/share/aws_robomaker_small_warehouse_world/models/aws_robomaker_warehouse_ShelfD_01/meshes
[13.468s] -- Installing: /home/adas/Documents/Ayush/dev/straight_ws/install/aws_robomaker_small_warehouse_world/share/aws_robomaker_small_warehouse_world/models/aws_robomaker_warehouse_ShelfD_01/meshes/aws_robomaker_warehouse_ShelfD_01_collision.DAE
[13.468s] -- Installing: /home/adas/Documents/Ayush/dev/straight_ws/install/aws_robomaker_small_warehouse_world/share/aws_robomaker_small_warehouse_world/models/aws_robomaker_warehouse_ShelfD_01/meshes/aws_robomaker_warehouse_ShelfD_01_visual.DAE
[13.469s] -- Installing: /home/adas/Documents/Ayush/dev/straight_ws/install/aws_robomaker_small_warehouse_world/share/aws_robomaker_small_warehouse_world/models/aws_robomaker_warehouse_ShelfD_01/model.sdf
[13.469s] -- Installing: /home/adas/Documents/Ayush/dev/straight_ws/install/aws_robomaker_small_warehouse_world/share/aws_robomaker_small_warehouse_world/models/aws_robomaker_warehouse_ShelfD_01/model.config
[13.469s] -- Installing: /home/adas/Documents/Ayush/dev/straight_ws/install/aws_robomaker_small_warehouse_world/share/aws_robomaker_small_warehouse_world/models/aws_robomaker_warehouse_ClutteringA_01
[13.469s] -- Installing: /home/adas/Documents/Ayush/dev/straight_ws/install/aws_robomaker_small_warehouse_world/share/aws_robomaker_small_warehouse_world/models/aws_robomaker_warehouse_ClutteringA_01/.DS_Store
[13.469s] -- Installing: /home/adas/Documents/Ayush/dev/straight_ws/install/aws_robomaker_small_warehouse_world/share/aws_robomaker_small_warehouse_world/models/aws_robomaker_warehouse_ClutteringA_01/materials
[13.471s] -- Installing: /home/adas/Documents/Ayush/dev/straight_ws/install/aws_robomaker_small_warehouse_world/share/aws_robomaker_small_warehouse_world/models/aws_robomaker_warehouse_ClutteringA_01/materials/.DS_Store
[13.471s] -- Installing: /home/adas/Documents/Ayush/dev/straight_ws/install/aws_robomaker_small_warehouse_world/share/aws_robomaker_small_warehouse_world/models/aws_robomaker_warehouse_ClutteringA_01/materials/textures
[13.471s] -- Installing: /home/adas/Documents/Ayush/dev/straight_ws/install/aws_robomaker_small_warehouse_world/share/aws_robomaker_small_warehouse_world/models/aws_robomaker_warehouse_ClutteringA_01/materials/textures/.DS_Store
[13.471s] -- Installing: /home/adas/Documents/Ayush/dev/straight_ws/install/aws_robomaker_small_warehouse_world/share/aws_robomaker_small_warehouse_world/models/aws_robomaker_warehouse_ClutteringA_01/materials/textures/aws_robomaker_warehouse_ClutteringA_03.png
[13.474s] -- Installing: /home/adas/Documents/Ayush/dev/straight_ws/install/aws_robomaker_small_warehouse_world/share/aws_robomaker_small_warehouse_world/models/aws_robomaker_warehouse_ClutteringA_01/materials/textures/aws_robomaker_warehouse_ClutteringA_01.png
[13.475s] -- Installing: /home/adas/Documents/Ayush/dev/straight_ws/install/aws_robomaker_small_warehouse_world/share/aws_robomaker_small_warehouse_world/models/aws_robomaker_warehouse_ClutteringA_01/materials/textures/aws_robomaker_warehouse_ClutteringA_02.png
[13.475s] -- Installing: /home/adas/Documents/Ayush/dev/straight_ws/install/aws_robomaker_small_warehouse_world/share/aws_robomaker_small_warehouse_world/models/aws_robomaker_warehouse_ClutteringA_01/meshes
[13.475s] -- Installing: /home/adas/Documents/Ayush/dev/straight_ws/install/aws_robomaker_small_warehouse_world/share/aws_robomaker_small_warehouse_world/models/aws_robomaker_warehouse_ClutteringA_01/meshes/aws_robomaker_warehouse_ClutteringA_01_collision.DAE
[13.476s] -- Installing: /home/adas/Documents/Ayush/dev/straight_ws/install/aws_robomaker_small_warehouse_world/share/aws_robomaker_small_warehouse_world/models/aws_robomaker_warehouse_ClutteringA_01/meshes/aws_robomaker_warehouse_ClutteringA_01_visual.DAE
[13.476s] -- Installing: /home/adas/Documents/Ayush/dev/straight_ws/install/aws_robomaker_small_warehouse_world/share/aws_robomaker_small_warehouse_world/models/aws_robomaker_warehouse_ClutteringA_01/model.sdf
[13.476s] -- Installing: /home/adas/Documents/Ayush/dev/straight_ws/install/aws_robomaker_small_warehouse_world/share/aws_robomaker_small_warehouse_world/models/aws_robomaker_warehouse_ClutteringA_01/model.config
[13.476s] -- Installing: /home/adas/Documents/Ayush/dev/straight_ws/install/aws_robomaker_small_warehouse_world/share/aws_robomaker_small_warehouse_world/models/aws_robomaker_warehouse_DeskC_01
[13.476s] -- Installing: /home/adas/Documents/Ayush/dev/straight_ws/install/aws_robomaker_small_warehouse_world/share/aws_robomaker_small_warehouse_world/models/aws_robomaker_warehouse_DeskC_01/materials
[13.476s] -- Installing: /home/adas/Documents/Ayush/dev/straight_ws/install/aws_robomaker_small_warehouse_world/share/aws_robomaker_small_warehouse_world/models/aws_robomaker_warehouse_DeskC_01/materials/.DS_Store
[13.477s] -- Installing: /home/adas/Documents/Ayush/dev/straight_ws/install/aws_robomaker_small_warehouse_world/share/aws_robomaker_small_warehouse_world/models/aws_robomaker_warehouse_DeskC_01/materials/textures
[13.477s] -- Installing: /home/adas/Documents/Ayush/dev/straight_ws/install/aws_robomaker_small_warehouse_world/share/aws_robomaker_small_warehouse_world/models/aws_robomaker_warehouse_DeskC_01/materials/textures/aws_robomaker_warehouse_DeskC_03.psd
[13.487s] -- Installing: /home/adas/Documents/Ayush/dev/straight_ws/install/aws_robomaker_small_warehouse_world/share/aws_robomaker_small_warehouse_world/models/aws_robomaker_warehouse_DeskC_01/materials/textures/aws_robomaker_warehouse_DeskC_01.png
[13.488s] -- Installing: /home/adas/Documents/Ayush/dev/straight_ws/install/aws_robomaker_small_warehouse_world/share/aws_robomaker_small_warehouse_world/models/aws_robomaker_warehouse_DeskC_01/materials/textures/aws_robomaker_warehouse_DeskC_02.png
[13.489s] -- Installing: /home/adas/Documents/Ayush/dev/straight_ws/install/aws_robomaker_small_warehouse_world/share/aws_robomaker_small_warehouse_world/models/aws_robomaker_warehouse_DeskC_01/materials/textures/aws_robomaker_warehouse_DeskC_03.png
[13.489s] -- Installing: /home/adas/Documents/Ayush/dev/straight_ws/install/aws_robomaker_small_warehouse_world/share/aws_robomaker_small_warehouse_world/models/aws_robomaker_warehouse_DeskC_01/materials/textures/aws_robomaker_warehouse_DeskC_04.png
[13.489s] -- Installing: /home/adas/Documents/Ayush/dev/straight_ws/install/aws_robomaker_small_warehouse_world/share/aws_robomaker_small_warehouse_world/models/aws_robomaker_warehouse_DeskC_01/meshes
[13.489s] -- Installing: /home/adas/Documents/Ayush/dev/straight_ws/install/aws_robomaker_small_warehouse_world/share/aws_robomaker_small_warehouse_world/models/aws_robomaker_warehouse_DeskC_01/meshes/aws_robomaker_warehouse_DeskC_01_collision.DAE
[13.490s] -- Installing: /home/adas/Documents/Ayush/dev/straight_ws/install/aws_robomaker_small_warehouse_world/share/aws_robomaker_small_warehouse_world/models/aws_robomaker_warehouse_DeskC_01/meshes/aws_robomaker_warehouse_DeskC_01_visual.DAE
[13.490s] -- Installing: /home/adas/Documents/Ayush/dev/straight_ws/install/aws_robomaker_small_warehouse_world/share/aws_robomaker_small_warehouse_world/models/aws_robomaker_warehouse_DeskC_01/model.sdf
[13.490s] -- Installing: /home/adas/Documents/Ayush/dev/straight_ws/install/aws_robomaker_small_warehouse_world/share/aws_robomaker_small_warehouse_world/models/aws_robomaker_warehouse_DeskC_01/model.config
[13.490s] -- Installing: /home/adas/Documents/Ayush/dev/straight_ws/install/aws_robomaker_small_warehouse_world/share/aws_robomaker_small_warehouse_world/models/.DS_Store
[13.490s] -- Installing: /home/adas/Documents/Ayush/dev/straight_ws/install/aws_robomaker_small_warehouse_world/share/aws_robomaker_small_warehouse_world/models/aws_robomaker_warehouse_ClutteringD_01
[13.490s] -- Installing: /home/adas/Documents/Ayush/dev/straight_ws/install/aws_robomaker_small_warehouse_world/share/aws_robomaker_small_warehouse_world/models/aws_robomaker_warehouse_ClutteringD_01/materials
[13.491s] -- Installing: /home/adas/Documents/Ayush/dev/straight_ws/install/aws_robomaker_small_warehouse_world/share/aws_robomaker_small_warehouse_world/models/aws_robomaker_warehouse_ClutteringD_01/materials/textures
[13.491s] -- Installing: /home/adas/Documents/Ayush/dev/straight_ws/install/aws_robomaker_small_warehouse_world/share/aws_robomaker_small_warehouse_world/models/aws_robomaker_warehouse_ClutteringD_01/materials/textures/aws_robomaker_warehouse_ClutteringD_01.png
[13.491s] -- Installing: /home/adas/Documents/Ayush/dev/straight_ws/install/aws_robomaker_small_warehouse_world/share/aws_robomaker_small_warehouse_world/models/aws_robomaker_warehouse_ClutteringD_01/materials/textures/aws_robomaker_warehouse_ClutteringD_02.png
[13.491s] -- Installing: /home/adas/Documents/Ayush/dev/straight_ws/install/aws_robomaker_small_warehouse_world/share/aws_robomaker_small_warehouse_world/models/aws_robomaker_warehouse_ClutteringD_01/meshes
[13.492s] -- Installing: /home/adas/Documents/Ayush/dev/straight_ws/install/aws_robomaker_small_warehouse_world/share/aws_robomaker_small_warehouse_world/models/aws_robomaker_warehouse_ClutteringD_01/meshes/aws_robomaker_warehouse_ClutteringD_01_collision.DAE
[13.492s] -- Installing: /home/adas/Documents/Ayush/dev/straight_ws/install/aws_robomaker_small_warehouse_world/share/aws_robomaker_small_warehouse_world/models/aws_robomaker_warehouse_ClutteringD_01/meshes/aws_robomaker_warehouse_ClutteringD_01_visual.DAE
[13.492s] -- Installing: /home/adas/Documents/Ayush/dev/straight_ws/install/aws_robomaker_small_warehouse_world/share/aws_robomaker_small_warehouse_world/models/aws_robomaker_warehouse_ClutteringD_01/model.sdf
[13.492s] -- Installing: /home/adas/Documents/Ayush/dev/straight_ws/install/aws_robomaker_small_warehouse_world/share/aws_robomaker_small_warehouse_world/models/aws_robomaker_warehouse_ClutteringD_01/model.config
[13.492s] -- Installing: /home/adas/Documents/Ayush/dev/straight_ws/install/aws_robomaker_small_warehouse_world/share/aws_robomaker_small_warehouse_world/models/aws_robomaker_warehouse_RoofB_01
[13.492s] -- Installing: /home/adas/Documents/Ayush/dev/straight_ws/install/aws_robomaker_small_warehouse_world/share/aws_robomaker_small_warehouse_world/models/aws_robomaker_warehouse_RoofB_01/materials
[13.493s] -- Installing: /home/adas/Documents/Ayush/dev/straight_ws/install/aws_robomaker_small_warehouse_world/share/aws_robomaker_small_warehouse_world/models/aws_robomaker_warehouse_RoofB_01/materials/textures
[13.493s] -- Installing: /home/adas/Documents/Ayush/dev/straight_ws/install/aws_robomaker_small_warehouse_world/share/aws_robomaker_small_warehouse_world/models/aws_robomaker_warehouse_RoofB_01/materials/textures/aws_robomaker_warehouse_RoofB_01.png
[13.493s] -- Installing: /home/adas/Documents/Ayush/dev/straight_ws/install/aws_robomaker_small_warehouse_world/share/aws_robomaker_small_warehouse_world/models/aws_robomaker_warehouse_RoofB_01/meshes
[13.493s] -- Installing: /home/adas/Documents/Ayush/dev/straight_ws/install/aws_robomaker_small_warehouse_world/share/aws_robomaker_small_warehouse_world/models/aws_robomaker_warehouse_RoofB_01/meshes/aws_robomaker_warehouse_RoofB_01_visual.DAE
[13.493s] -- Installing: /home/adas/Documents/Ayush/dev/straight_ws/install/aws_robomaker_small_warehouse_world/share/aws_robomaker_small_warehouse_world/models/aws_robomaker_warehouse_RoofB_01/meshes/aws_robomaker_warehouse_RoofB_01_collision.DAE
[13.493s] -- Installing: /home/adas/Documents/Ayush/dev/straight_ws/install/aws_robomaker_small_warehouse_world/share/aws_robomaker_small_warehouse_world/models/aws_robomaker_warehouse_RoofB_01/model.sdf
[13.494s] -- Installing: /home/adas/Documents/Ayush/dev/straight_ws/install/aws_robomaker_small_warehouse_world/share/aws_robomaker_small_warehouse_world/models/aws_robomaker_warehouse_RoofB_01/model.config
[13.494s] -- Installing: /home/adas/Documents/Ayush/dev/straight_ws/install/aws_robomaker_small_warehouse_world/share/aws_robomaker_small_warehouse_world/models/aws_robomaker_warehouse_ShelfE_01
[13.494s] -- Installing: /home/adas/Documents/Ayush/dev/straight_ws/install/aws_robomaker_small_warehouse_world/share/aws_robomaker_small_warehouse_world/models/aws_robomaker_warehouse_ShelfE_01/.DS_Store
[13.494s] -- Installing: /home/adas/Documents/Ayush/dev/straight_ws/install/aws_robomaker_small_warehouse_world/share/aws_robomaker_small_warehouse_world/models/aws_robomaker_warehouse_ShelfE_01/materials
[13.494s] -- Installing: /home/adas/Documents/Ayush/dev/straight_ws/install/aws_robomaker_small_warehouse_world/share/aws_robomaker_small_warehouse_world/models/aws_robomaker_warehouse_ShelfE_01/materials/.DS_Store
[13.494s] -- Installing: /home/adas/Documents/Ayush/dev/straight_ws/install/aws_robomaker_small_warehouse_world/share/aws_robomaker_small_warehouse_world/models/aws_robomaker_warehouse_ShelfE_01/materials/textures
[13.494s] -- Installing: /home/adas/Documents/Ayush/dev/straight_ws/install/aws_robomaker_small_warehouse_world/share/aws_robomaker_small_warehouse_world/models/aws_robomaker_warehouse_ShelfE_01/materials/textures/aws_robomaker_warehouse_ShelfE_02.png
[13.499s] -- Installing: /home/adas/Documents/Ayush/dev/straight_ws/install/aws_robomaker_small_warehouse_world/share/aws_robomaker_small_warehouse_world/models/aws_robomaker_warehouse_ShelfE_01/materials/textures/aws_robomaker_warehouse_ShelfE_04.png
[13.499s] -- Installing: /home/adas/Documents/Ayush/dev/straight_ws/install/aws_robomaker_small_warehouse_world/share/aws_robomaker_small_warehouse_world/models/aws_robomaker_warehouse_ShelfE_01/materials/textures/aws_robomaker_warehouse_ShelfE_03.png
[13.500s] -- Installing: /home/adas/Documents/Ayush/dev/straight_ws/install/aws_robomaker_small_warehouse_world/share/aws_robomaker_small_warehouse_world/models/aws_robomaker_warehouse_ShelfE_01/materials/textures/aws_robomaker_warehouse_ShelfE_01.png
[13.500s] -- Installing: /home/adas/Documents/Ayush/dev/straight_ws/install/aws_robomaker_small_warehouse_world/share/aws_robomaker_small_warehouse_world/models/aws_robomaker_warehouse_ShelfE_01/meshes
[13.500s] -- Installing: /home/adas/Documents/Ayush/dev/straight_ws/install/aws_robomaker_small_warehouse_world/share/aws_robomaker_small_warehouse_world/models/aws_robomaker_warehouse_ShelfE_01/meshes/aws_robomaker_warehouse_ShelfE_01_visual.DAE
[13.501s] -- Installing: /home/adas/Documents/Ayush/dev/straight_ws/install/aws_robomaker_small_warehouse_world/share/aws_robomaker_small_warehouse_world/models/aws_robomaker_warehouse_ShelfE_01/meshes/aws_robomaker_warehouse_ShelfE_01_collision.DAE
[13.501s] -- Installing: /home/adas/Documents/Ayush/dev/straight_ws/install/aws_robomaker_small_warehouse_world/share/aws_robomaker_small_warehouse_world/models/aws_robomaker_warehouse_ShelfE_01/model.sdf
[13.501s] -- Installing: /home/adas/Documents/Ayush/dev/straight_ws/install/aws_robomaker_small_warehouse_world/share/aws_robomaker_small_warehouse_world/models/aws_robomaker_warehouse_ShelfE_01/model.config
[13.501s] -- Installing: /home/adas/Documents/Ayush/dev/straight_ws/install/aws_robomaker_small_warehouse_world/share/aws_robomaker_small_warehouse_world/models/aws_robomaker_warehouse_GroundB_01
[13.501s] -- Installing: /home/adas/Documents/Ayush/dev/straight_ws/install/aws_robomaker_small_warehouse_world/share/aws_robomaker_small_warehouse_world/models/aws_robomaker_warehouse_GroundB_01/materials
[13.501s] -- Installing: /home/adas/Documents/Ayush/dev/straight_ws/install/aws_robomaker_small_warehouse_world/share/aws_robomaker_small_warehouse_world/models/aws_robomaker_warehouse_GroundB_01/materials/textures
[13.501s] -- Installing: /home/adas/Documents/Ayush/dev/straight_ws/install/aws_robomaker_small_warehouse_world/share/aws_robomaker_small_warehouse_world/models/aws_robomaker_warehouse_GroundB_01/materials/textures/aws_robomaker_warehouse_GroundB_01.png
[13.504s] -- Installing: /home/adas/Documents/Ayush/dev/straight_ws/install/aws_robomaker_small_warehouse_world/share/aws_robomaker_small_warehouse_world/models/aws_robomaker_warehouse_GroundB_01/materials/textures/aws_robomaker_warehouse_GroundB_02.png
[13.504s] -- Installing: /home/adas/Documents/Ayush/dev/straight_ws/install/aws_robomaker_small_warehouse_world/share/aws_robomaker_small_warehouse_world/models/aws_robomaker_warehouse_GroundB_01/meshes
[13.504s] -- Installing: /home/adas/Documents/Ayush/dev/straight_ws/install/aws_robomaker_small_warehouse_world/share/aws_robomaker_small_warehouse_world/models/aws_robomaker_warehouse_GroundB_01/meshes/aws_robomaker_warehouse_GroundB_01_visual.DAE
[13.504s] -- Installing: /home/adas/Documents/Ayush/dev/straight_ws/install/aws_robomaker_small_warehouse_world/share/aws_robomaker_small_warehouse_world/models/aws_robomaker_warehouse_GroundB_01/meshes/aws_robomaker_warehouse_GroundB_01_collision.DAE
[13.504s] -- Installing: /home/adas/Documents/Ayush/dev/straight_ws/install/aws_robomaker_small_warehouse_world/share/aws_robomaker_small_warehouse_world/models/aws_robomaker_warehouse_GroundB_01/model.sdf
[13.504s] -- Installing: /home/adas/Documents/Ayush/dev/straight_ws/install/aws_robomaker_small_warehouse_world/share/aws_robomaker_small_warehouse_world/models/aws_robomaker_warehouse_GroundB_01/model.config
[13.504s] -- Installing: /home/adas/Documents/Ayush/dev/straight_ws/install/aws_robomaker_small_warehouse_world/share/aws_robomaker_small_warehouse_world/models/aws_robomaker_warehouse_PalletJackB_01
[13.505s] -- Installing: /home/adas/Documents/Ayush/dev/straight_ws/install/aws_robomaker_small_warehouse_world/share/aws_robomaker_small_warehouse_world/models/aws_robomaker_warehouse_PalletJackB_01/.DS_Store
[13.505s] -- Installing: /home/adas/Documents/Ayush/dev/straight_ws/install/aws_robomaker_small_warehouse_world/share/aws_robomaker_small_warehouse_world/models/aws_robomaker_warehouse_PalletJackB_01/materials
[13.505s] -- Installing: /home/adas/Documents/Ayush/dev/straight_ws/install/aws_robomaker_small_warehouse_world/share/aws_robomaker_small_warehouse_world/models/aws_robomaker_warehouse_PalletJackB_01/materials/.DS_Store
[13.505s] -- Installing: /home/adas/Documents/Ayush/dev/straight_ws/install/aws_robomaker_small_warehouse_world/share/aws_robomaker_small_warehouse_world/models/aws_robomaker_warehouse_PalletJackB_01/materials/textures
[13.505s] -- Installing: /home/adas/Documents/Ayush/dev/straight_ws/install/aws_robomaker_small_warehouse_world/share/aws_robomaker_small_warehouse_world/models/aws_robomaker_warehouse_PalletJackB_01/materials/textures/aws_robomaker_warehouse_PalletJackB_02.png
[13.505s] -- Installing: /home/adas/Documents/Ayush/dev/straight_ws/install/aws_robomaker_small_warehouse_world/share/aws_robomaker_small_warehouse_world/models/aws_robomaker_warehouse_PalletJackB_01/materials/textures/aws_robomaker_warehouse_PalletJackB_01.png
[13.510s] -- Installing: /home/adas/Documents/Ayush/dev/straight_ws/install/aws_robomaker_small_warehouse_world/share/aws_robomaker_small_warehouse_world/models/aws_robomaker_warehouse_PalletJackB_01/meshes
[13.510s] -- Installing: /home/adas/Documents/Ayush/dev/straight_ws/install/aws_robomaker_small_warehouse_world/share/aws_robomaker_small_warehouse_world/models/aws_robomaker_warehouse_PalletJackB_01/meshes/aws_robomaker_warehouse_PalletJackB_01_collision.DAE
[13.510s] -- Installing: /home/adas/Documents/Ayush/dev/straight_ws/install/aws_robomaker_small_warehouse_world/share/aws_robomaker_small_warehouse_world/models/aws_robomaker_warehouse_PalletJackB_01/meshes/aws_robomaker_warehouse_PalletJackB_01_visual.DAE
[13.511s] -- Installing: /home/adas/Documents/Ayush/dev/straight_ws/install/aws_robomaker_small_warehouse_world/share/aws_robomaker_small_warehouse_world/models/aws_robomaker_warehouse_PalletJackB_01/model.sdf
[13.512s] -- Installing: /home/adas/Documents/Ayush/dev/straight_ws/install/aws_robomaker_small_warehouse_world/share/aws_robomaker_small_warehouse_world/models/aws_robomaker_warehouse_PalletJackB_01/model.config
[13.512s] -- Installing: /home/adas/Documents/Ayush/dev/straight_ws/install/aws_robomaker_small_warehouse_world/share/aws_robomaker_small_warehouse_world/models/aws_robomaker_warehouse_WallB_01
[13.512s] -- Installing: /home/adas/Documents/Ayush/dev/straight_ws/install/aws_robomaker_small_warehouse_world/share/aws_robomaker_small_warehouse_world/models/aws_robomaker_warehouse_WallB_01/materials
[13.512s] -- Installing: /home/adas/Documents/Ayush/dev/straight_ws/install/aws_robomaker_small_warehouse_world/share/aws_robomaker_small_warehouse_world/models/aws_robomaker_warehouse_WallB_01/materials/textures
[13.512s] -- Installing: /home/adas/Documents/Ayush/dev/straight_ws/install/aws_robomaker_small_warehouse_world/share/aws_robomaker_small_warehouse_world/models/aws_robomaker_warehouse_WallB_01/materials/textures/aws_robomaker_warehouse_WallB_01.png
[13.512s] -- Installing: /home/adas/Documents/Ayush/dev/straight_ws/install/aws_robomaker_small_warehouse_world/share/aws_robomaker_small_warehouse_world/models/aws_robomaker_warehouse_WallB_01/meshes
[13.512s] -- Installing: /home/adas/Documents/Ayush/dev/straight_ws/install/aws_robomaker_small_warehouse_world/share/aws_robomaker_small_warehouse_world/models/aws_robomaker_warehouse_WallB_01/meshes/aws_robomaker_warehouse_WallB_01_collision.DAE
[13.513s] -- Installing: /home/adas/Documents/Ayush/dev/straight_ws/install/aws_robomaker_small_warehouse_world/share/aws_robomaker_small_warehouse_world/models/aws_robomaker_warehouse_WallB_01/meshes/aws_robomaker_warehouse_WallB_01_visual.DAE
[13.513s] -- Installing: /home/adas/Documents/Ayush/dev/straight_ws/install/aws_robomaker_small_warehouse_world/share/aws_robomaker_small_warehouse_world/models/aws_robomaker_warehouse_WallB_01/model.sdf
[13.513s] -- Installing: /home/adas/Documents/Ayush/dev/straight_ws/install/aws_robomaker_small_warehouse_world/share/aws_robomaker_small_warehouse_world/models/aws_robomaker_warehouse_WallB_01/model.config
[13.513s] -- Installing: /home/adas/Documents/Ayush/dev/straight_ws/install/aws_robomaker_small_warehouse_world/share/aws_robomaker_small_warehouse_world/models/aws_robomaker_warehouse_ClutteringC_01
[13.513s] -- Installing: /home/adas/Documents/Ayush/dev/straight_ws/install/aws_robomaker_small_warehouse_world/share/aws_robomaker_small_warehouse_world/models/aws_robomaker_warehouse_ClutteringC_01/materials
[13.513s] -- Installing: /home/adas/Documents/Ayush/dev/straight_ws/install/aws_robomaker_small_warehouse_world/share/aws_robomaker_small_warehouse_world/models/aws_robomaker_warehouse_ClutteringC_01/materials/textures
[13.514s] -- Installing: /home/adas/Documents/Ayush/dev/straight_ws/install/aws_robomaker_small_warehouse_world/share/aws_robomaker_small_warehouse_world/models/aws_robomaker_warehouse_ClutteringC_01/materials/textures/aws_robomaker_warehouse_ClutteringC_02.png
[13.514s] -- Installing: /home/adas/Documents/Ayush/dev/straight_ws/install/aws_robomaker_small_warehouse_world/share/aws_robomaker_small_warehouse_world/models/aws_robomaker_warehouse_ClutteringC_01/materials/textures/aws_robomaker_warehouse_ClutteringC_01.png
[13.514s] -- Installing: /home/adas/Documents/Ayush/dev/straight_ws/install/aws_robomaker_small_warehouse_world/share/aws_robomaker_small_warehouse_world/models/aws_robomaker_warehouse_ClutteringC_01/meshes
[13.514s] -- Installing: /home/adas/Documents/Ayush/dev/straight_ws/install/aws_robomaker_small_warehouse_world/share/aws_robomaker_small_warehouse_world/models/aws_robomaker_warehouse_ClutteringC_01/meshes/aws_robomaker_warehouse_ClutteringC_01_collision.DAE
[13.514s] -- Installing: /home/adas/Documents/Ayush/dev/straight_ws/install/aws_robomaker_small_warehouse_world/share/aws_robomaker_small_warehouse_world/models/aws_robomaker_warehouse_ClutteringC_01/meshes/aws_robomaker_warehouse_ClutteringC_01_visual.DAE
[13.514s] -- Installing: /home/adas/Documents/Ayush/dev/straight_ws/install/aws_robomaker_small_warehouse_world/share/aws_robomaker_small_warehouse_world/models/aws_robomaker_warehouse_ClutteringC_01/model.sdf
[13.515s] -- Installing: /home/adas/Documents/Ayush/dev/straight_ws/install/aws_robomaker_small_warehouse_world/share/aws_robomaker_small_warehouse_world/models/aws_robomaker_warehouse_ClutteringC_01/model.config
[13.515s] -- Installing: /home/adas/Documents/Ayush/dev/straight_ws/install/aws_robomaker_small_warehouse_world/share/aws_robomaker_small_warehouse_world/models/aws_robomaker_warehouse_Lamp_01
[13.515s] -- Installing: /home/adas/Documents/Ayush/dev/straight_ws/install/aws_robomaker_small_warehouse_world/share/aws_robomaker_small_warehouse_world/models/aws_robomaker_warehouse_Lamp_01/materials
[13.515s] -- Installing: /home/adas/Documents/Ayush/dev/straight_ws/install/aws_robomaker_small_warehouse_world/share/aws_robomaker_small_warehouse_world/models/aws_robomaker_warehouse_Lamp_01/materials/textures
[13.515s] -- Installing: /home/adas/Documents/Ayush/dev/straight_ws/install/aws_robomaker_small_warehouse_world/share/aws_robomaker_small_warehouse_world/models/aws_robomaker_warehouse_Lamp_01/materials/textures/aws_robomaker_warehouse_Lamp_01.png
[13.515s] -- Installing: /home/adas/Documents/Ayush/dev/straight_ws/install/aws_robomaker_small_warehouse_world/share/aws_robomaker_small_warehouse_world/models/aws_robomaker_warehouse_Lamp_01/meshes
[13.515s] -- Installing: /home/adas/Documents/Ayush/dev/straight_ws/install/aws_robomaker_small_warehouse_world/share/aws_robomaker_small_warehouse_world/models/aws_robomaker_warehouse_Lamp_01/meshes/aws_robomaker_warehouse_Lamp_01_collision.DAE
[13.516s] -- Installing: /home/adas/Documents/Ayush/dev/straight_ws/install/aws_robomaker_small_warehouse_world/share/aws_robomaker_small_warehouse_world/models/aws_robomaker_warehouse_Lamp_01/meshes/aws_robomaker_warehouse_Lamp_01_visual.DAE
[13.516s] -- Installing: /home/adas/Documents/Ayush/dev/straight_ws/install/aws_robomaker_small_warehouse_world/share/aws_robomaker_small_warehouse_world/models/aws_robomaker_warehouse_Lamp_01/model.sdf
[13.516s] -- Installing: /home/adas/Documents/Ayush/dev/straight_ws/install/aws_robomaker_small_warehouse_world/share/aws_robomaker_small_warehouse_world/models/aws_robomaker_warehouse_Lamp_01/model.config
[13.516s] -- Installing: /home/adas/Documents/Ayush/dev/straight_ws/install/aws_robomaker_small_warehouse_world/share/aws_robomaker_small_warehouse_world/models/aws_robomaker_warehouse_ShelfF_01
[13.516s] -- Installing: /home/adas/Documents/Ayush/dev/straight_ws/install/aws_robomaker_small_warehouse_world/share/aws_robomaker_small_warehouse_world/models/aws_robomaker_warehouse_ShelfF_01/materials
[13.516s] -- Installing: /home/adas/Documents/Ayush/dev/straight_ws/install/aws_robomaker_small_warehouse_world/share/aws_robomaker_small_warehouse_world/models/aws_robomaker_warehouse_ShelfF_01/materials/textures
[13.516s] -- Installing: /home/adas/Documents/Ayush/dev/straight_ws/install/aws_robomaker_small_warehouse_world/share/aws_robomaker_small_warehouse_world/models/aws_robomaker_warehouse_ShelfF_01/materials/textures/aws_robomaker_warehouse_ShelfF_03.png
[13.517s] -- Installing: /home/adas/Documents/Ayush/dev/straight_ws/install/aws_robomaker_small_warehouse_world/share/aws_robomaker_small_warehouse_world/models/aws_robomaker_warehouse_ShelfF_01/materials/textures/aws_robomaker_warehouse_ShelfF_02.png
[13.517s] -- Installing: /home/adas/Documents/Ayush/dev/straight_ws/install/aws_robomaker_small_warehouse_world/share/aws_robomaker_small_warehouse_world/models/aws_robomaker_warehouse_ShelfF_01/materials/textures/aws_robomaker_warehouse_ShelfF_01.png
[13.517s] -- Installing: /home/adas/Documents/Ayush/dev/straight_ws/install/aws_robomaker_small_warehouse_world/share/aws_robomaker_small_warehouse_world/models/aws_robomaker_warehouse_ShelfF_01/meshes
[13.517s] -- Installing: /home/adas/Documents/Ayush/dev/straight_ws/install/aws_robomaker_small_warehouse_world/share/aws_robomaker_small_warehouse_world/models/aws_robomaker_warehouse_ShelfF_01/meshes/aws_robomaker_warehouse_ShelfF_01_collision.DAE
[13.517s] -- Installing: /home/adas/Documents/Ayush/dev/straight_ws/install/aws_robomaker_small_warehouse_world/share/aws_robomaker_small_warehouse_world/models/aws_robomaker_warehouse_ShelfF_01/meshes/aws_robomaker_warehouse_ShelfF_01_visual.DAE
[13.527s] -- Installing: /home/adas/Documents/Ayush/dev/straight_ws/install/aws_robomaker_small_warehouse_world/share/aws_robomaker_small_warehouse_world/models/aws_robomaker_warehouse_ShelfF_01/model.sdf
[13.527s] -- Installing: /home/adas/Documents/Ayush/dev/straight_ws/install/aws_robomaker_small_warehouse_world/share/aws_robomaker_small_warehouse_world/models/aws_robomaker_warehouse_ShelfF_01/model.config
[13.528s] -- Installing: /home/adas/Documents/Ayush/dev/straight_ws/install/aws_robomaker_small_warehouse_world/share/aws_robomaker_small_warehouse_world/models/aws_robomaker_warehouse_Bucket_01
[13.528s] -- Installing: /home/adas/Documents/Ayush/dev/straight_ws/install/aws_robomaker_small_warehouse_world/share/aws_robomaker_small_warehouse_world/models/aws_robomaker_warehouse_Bucket_01/.DS_Store
[13.528s] -- Installing: /home/adas/Documents/Ayush/dev/straight_ws/install/aws_robomaker_small_warehouse_world/share/aws_robomaker_small_warehouse_world/models/aws_robomaker_warehouse_Bucket_01/materials
[13.528s] -- Installing: /home/adas/Documents/Ayush/dev/straight_ws/install/aws_robomaker_small_warehouse_world/share/aws_robomaker_small_warehouse_world/models/aws_robomaker_warehouse_Bucket_01/materials/.DS_Store
[13.528s] -- Installing: /home/adas/Documents/Ayush/dev/straight_ws/install/aws_robomaker_small_warehouse_world/share/aws_robomaker_small_warehouse_world/models/aws_robomaker_warehouse_Bucket_01/materials/textures
[13.528s] -- Installing: /home/adas/Documents/Ayush/dev/straight_ws/install/aws_robomaker_small_warehouse_world/share/aws_robomaker_small_warehouse_world/models/aws_robomaker_warehouse_Bucket_01/materials/textures/aws_robomaker_warehouse_Bucket_01.png
[13.535s] -- Installing: /home/adas/Documents/Ayush/dev/straight_ws/install/aws_robomaker_small_warehouse_world/share/aws_robomaker_small_warehouse_world/models/aws_robomaker_warehouse_Bucket_01/meshes
[13.535s] -- Installing: /home/adas/Documents/Ayush/dev/straight_ws/install/aws_robomaker_small_warehouse_world/share/aws_robomaker_small_warehouse_world/models/aws_robomaker_warehouse_Bucket_01/meshes/aws_robomaker_warehouse_Bucket_01_collision.DAE
[13.536s] -- Installing: /home/adas/Documents/Ayush/dev/straight_ws/install/aws_robomaker_small_warehouse_world/share/aws_robomaker_small_warehouse_world/models/aws_robomaker_warehouse_Bucket_01/meshes/aws_robomaker_warehouse_Bucket_01_visual.DAE
[13.536s] -- Installing: /home/adas/Documents/Ayush/dev/straight_ws/install/aws_robomaker_small_warehouse_world/share/aws_robomaker_small_warehouse_world/models/aws_robomaker_warehouse_Bucket_01/model.sdf
[13.536s] -- Installing: /home/adas/Documents/Ayush/dev/straight_ws/install/aws_robomaker_small_warehouse_world/share/aws_robomaker_small_warehouse_world/models/aws_robomaker_warehouse_Bucket_01/model.config
[13.536s] -- Installing: /home/adas/Documents/Ayush/dev/straight_ws/install/aws_robomaker_small_warehouse_world/share/aws_robomaker_small_warehouse_world/worlds
[13.536s] -- Installing: /home/adas/Documents/Ayush/dev/straight_ws/install/aws_robomaker_small_warehouse_world/share/aws_robomaker_small_warehouse_world/worlds/no_roof_small_warehouse
[13.536s] -- Installing: /home/adas/Documents/Ayush/dev/straight_ws/install/aws_robomaker_small_warehouse_world/share/aws_robomaker_small_warehouse_world/worlds/no_roof_small_warehouse/no_roof_small_warehouse.world
[13.537s] -- Installing: /home/adas/Documents/Ayush/dev/straight_ws/install/aws_robomaker_small_warehouse_world/share/aws_robomaker_small_warehouse_world/worlds/small_warehouse
[13.537s] -- Installing: /home/adas/Documents/Ayush/dev/straight_ws/install/aws_robomaker_small_warehouse_world/share/aws_robomaker_small_warehouse_world/worlds/small_warehouse/small_warehouse.world
[13.537s] -- Installing: /home/adas/Documents/Ayush/dev/straight_ws/install/aws_robomaker_small_warehouse_world/share/aws_robomaker_small_warehouse_world/maps
[13.537s] -- Installing: /home/adas/Documents/Ayush/dev/straight_ws/install/aws_robomaker_small_warehouse_world/share/aws_robomaker_small_warehouse_world/maps/.DS_Store
[13.537s] -- Installing: /home/adas/Documents/Ayush/dev/straight_ws/install/aws_robomaker_small_warehouse_world/share/aws_robomaker_small_warehouse_world/maps/002
[13.537s] -- Installing: /home/adas/Documents/Ayush/dev/straight_ws/install/aws_robomaker_small_warehouse_world/share/aws_robomaker_small_warehouse_world/maps/002/map.pgm
[13.541s] -- Installing: /home/adas/Documents/Ayush/dev/straight_ws/install/aws_robomaker_small_warehouse_world/share/aws_robomaker_small_warehouse_world/maps/002/map.yaml
[13.542s] -- Installing: /home/adas/Documents/Ayush/dev/straight_ws/install/aws_robomaker_small_warehouse_world/share/aws_robomaker_small_warehouse_world/maps/005
[13.542s] -- Installing: /home/adas/Documents/Ayush/dev/straight_ws/install/aws_robomaker_small_warehouse_world/share/aws_robomaker_small_warehouse_world/maps/005/map_rotated.pgm
[13.542s] -- Installing: /home/adas/Documents/Ayush/dev/straight_ws/install/aws_robomaker_small_warehouse_world/share/aws_robomaker_small_warehouse_world/maps/005/map_rotated.png
[13.542s] -- Installing: /home/adas/Documents/Ayush/dev/straight_ws/install/aws_robomaker_small_warehouse_world/share/aws_robomaker_small_warehouse_world/maps/005/map.pgm
[13.542s] -- Installing: /home/adas/Documents/Ayush/dev/straight_ws/install/aws_robomaker_small_warehouse_world/share/aws_robomaker_small_warehouse_world/maps/005/map.yaml
[13.543s] -- Installing: /home/adas/Documents/Ayush/dev/straight_ws/install/aws_robomaker_small_warehouse_world/share/aws_robomaker_small_warehouse_world/rviz
[13.543s] -- Installing: /home/adas/Documents/Ayush/dev/straight_ws/install/aws_robomaker_small_warehouse_world/share/aws_robomaker_small_warehouse_world/rviz/basic_data.rviz
[13.543s] -- Installing: /home/adas/Documents/Ayush/dev/straight_ws/install/aws_robomaker_small_warehouse_world/share/aws_robomaker_small_warehouse_world/environment/aws_robomaker_small_warehouse_world.dsv
[13.543s] -- Installing: /home/adas/Documents/Ayush/dev/straight_ws/install/aws_robomaker_small_warehouse_world/share/ament_index/resource_index/package_run_dependencies/aws_robomaker_small_warehouse_world
[13.543s] -- Installing: /home/adas/Documents/Ayush/dev/straight_ws/install/aws_robomaker_small_warehouse_world/share/ament_index/resource_index/parent_prefix_path/aws_robomaker_small_warehouse_world
[13.544s] -- Installing: /home/adas/Documents/Ayush/dev/straight_ws/install/aws_robomaker_small_warehouse_world/share/aws_robomaker_small_warehouse_world/environment/ament_prefix_path.sh
[13.544s] -- Installing: /home/adas/Documents/Ayush/dev/straight_ws/install/aws_robomaker_small_warehouse_world/share/aws_robomaker_small_warehouse_world/environment/ament_prefix_path.dsv
[13.544s] -- Installing: /home/adas/Documents/Ayush/dev/straight_ws/install/aws_robomaker_small_warehouse_world/share/aws_robomaker_small_warehouse_world/environment/path.sh
[13.544s] -- Installing: /home/adas/Documents/Ayush/dev/straight_ws/install/aws_robomaker_small_warehouse_world/share/aws_robomaker_small_warehouse_world/environment/path.dsv
[13.544s] -- Installing: /home/adas/Documents/Ayush/dev/straight_ws/install/aws_robomaker_small_warehouse_world/share/aws_robomaker_small_warehouse_world/local_setup.bash
[13.544s] -- Installing: /home/adas/Documents/Ayush/dev/straight_ws/install/aws_robomaker_small_warehouse_world/share/aws_robomaker_small_warehouse_world/local_setup.sh
[13.545s] -- Installing: /home/adas/Documents/Ayush/dev/straight_ws/install/aws_robomaker_small_warehouse_world/share/aws_robomaker_small_warehouse_world/local_setup.zsh
[13.545s] -- Installing: /home/adas/Documents/Ayush/dev/straight_ws/install/aws_robomaker_small_warehouse_world/share/aws_robomaker_small_warehouse_world/local_setup.dsv
[13.545s] -- Installing: /home/adas/Documents/Ayush/dev/straight_ws/install/aws_robomaker_small_warehouse_world/share/aws_robomaker_small_warehouse_world/package.dsv
[13.562s] -- Installing: /home/adas/Documents/Ayush/dev/straight_ws/install/aws_robomaker_small_warehouse_world/share/ament_index/resource_index/packages/aws_robomaker_small_warehouse_world
[13.563s] -- Installing: /home/adas/Documents/Ayush/dev/straight_ws/install/aws_robomaker_small_warehouse_world/share/aws_robomaker_small_warehouse_world/cmake/ament_cmake_export_dependencies-extras.cmake
[13.563s] -- Installing: /home/adas/Documents/Ayush/dev/straight_ws/install/aws_robomaker_small_warehouse_world/share/aws_robomaker_small_warehouse_world/cmake/aws_robomaker_small_warehouse_worldConfig.cmake
[13.563s] -- Installing: /home/adas/Documents/Ayush/dev/straight_ws/install/aws_robomaker_small_warehouse_world/share/aws_robomaker_small_warehouse_world/cmake/aws_robomaker_small_warehouse_worldConfig-version.cmake
[13.563s] -- Installing: /home/adas/Documents/Ayush/dev/straight_ws/install/aws_robomaker_small_warehouse_world/share/aws_robomaker_small_warehouse_world/package.xml
[13.568s] Invoked command in '/home/adas/Documents/Ayush/dev/straight_ws/build/aws_robomaker_small_warehouse_world' returned '0': CMAKE_PREFIX_PATH=${CMAKE_PREFIX_PATH}:/home/adas/Documents/Ayush/dev/straight_ws/install/examples_tf2_py:/home/adas/Documents/Ayush/dev/straight_ws/install/nav2_simple_commander:/home/adas/Documents/Ayush/dev/straight_ws/install/nav2_gazebo_spawner:/home/adas/Documents/Ayush/dev/straightline_ws/install/examples_tf2_py:/home/adas/Documents/Ayush/dev/straightline_ws/install/nav2_simple_commander:/home/adas/Documents/Ayush/dev/straightline_ws/install/nav2_gazebo_spawner:/opt/ros/foxy /usr/bin/cmake --install /home/adas/Documents/Ayush/dev/straight_ws/build/aws_robomaker_small_warehouse_world
