[0.121s] Invoking command in '/home/adas/Documents/Ayush/dev/straight_ws/build/nav2_costmap_2d': AMENT_PREFIX_PATH=/home/adas/Documents/Ayush/dev/straight_ws/install/nav2_map_server:/home/adas/Documents/Ayush/dev/straight_ws/install/nav2_lifecycle_manager:/home/adas/Documents/Ayush/dev/straight_ws/install/nav2_util:/home/adas/Documents/Ayush/dev/straight_ws/install/tf2_sensor_msgs:/home/adas/Documents/Ayush/dev/straight_ws/install/tf2_geometry_msgs:/home/adas/Documents/Ayush/dev/straight_ws/install/tf2_ros:/home/adas/Documents/Ayush/dev/straight_ws/install/tf2_py:/home/adas/Documents/Ayush/dev/straight_ws/install/nav2_voxel_grid:/home/adas/Documents/Ayush/dev/straight_ws/install/nav2_msgs:/home/adas/Documents/Ayush/dev/straight_ws/install/tf2_msgs:/home/adas/Documents/Ayush/dev/straight_ws/install/tf2:/home/adas/Documents/Ayush/dev/straight_ws/install/nav2_common:${AMENT_PREFIX_PATH} CMAKE_PREFIX_PATH=/home/adas/Documents/Ayush/dev/straight_ws/install/nav2_map_server:/home/adas/Documents/Ayush/dev/straight_ws/install/nav2_lifecycle_manager:/home/adas/Documents/Ayush/dev/straight_ws/install/nav2_util:/home/adas/Documents/Ayush/dev/straight_ws/install/tf2_sensor_msgs:/home/adas/Documents/Ayush/dev/straight_ws/install/tf2_geometry_msgs:/home/adas/Documents/Ayush/dev/straight_ws/install/tf2_ros:/home/adas/Documents/Ayush/dev/straight_ws/install/tf2_py:/home/adas/Documents/Ayush/dev/straight_ws/install/nav2_voxel_grid:/home/adas/Documents/Ayush/dev/straight_ws/install/nav2_msgs:/home/adas/Documents/Ayush/dev/straight_ws/install/tf2_msgs:/home/adas/Documents/Ayush/dev/straight_ws/install/tf2:/home/adas/Documents/Ayush/dev/straight_ws/install/nav2_common:/home/adas/Documents/Ayush/dev/straightline_ws/install/geometry2:/home/adas/Documents/Ayush/dev/straightline_ws/install/tf2_tools:/home/adas/Documents/Ayush/dev/straightline_ws/install/nav2_system_tests:/home/adas/Documents/Ayush/dev/straightline_ws/install/nav2_bringup:/home/adas/Documents/Ayush/dev/straightline_ws/install/navigation2:/home/adas/Documents/Ayush/dev/straightline_ws/install/smac_planner:/home/adas/Documents/Ayush/dev/straightline_ws/install/nav2_regulated_pure_pursuit_controller:/home/adas/Documents/Ayush/dev/straightline_ws/install/nav2_recoveries:/home/adas/Documents/Ayush/dev/straightline_ws/install/nav2_planner:/home/adas/Documents/Ayush/dev/straightline_ws/install/nav2_navfn_planner:/home/adas/Documents/Ayush/dev/straightline_ws/install/nav2_dwb_controller:/home/adas/Documents/Ayush/dev/straightline_ws/install/nav2_controller:/home/adas/Documents/Ayush/dev/straightline_ws/install/dwb_plugins:/home/adas/Documents/Ayush/dev/straightline_ws/install/dwb_critics:/home/adas/Documents/Ayush/dev/straightline_ws/install/dwb_core:/home/adas/Documents/Ayush/dev/straightline_ws/install/nav2_core:/home/adas/Documents/Ayush/dev/straightline_ws/install/costmap_queue:/home/adas/Documents/Ayush/dev/straightline_ws/install/nav2_costmap_2d:/home/adas/Documents/Ayush/dev/straightline_ws/install/tf2_sensor_msgs:/home/adas/Documents/Ayush/dev/straightline_ws/install/test_tf2:/home/adas/Documents/Ayush/dev/straightline_ws/install/tf2_kdl:/home/adas/Documents/Ayush/dev/straightline_ws/install/nav_2d_utils:/home/adas/Documents/Ayush/dev/straightline_ws/install/nav2_waypoint_follower:/home/adas/Documents/Ayush/dev/straightline_ws/install/nav2_rviz_plugins:/home/adas/Documents/Ayush/dev/straightline_ws/install/nav2_map_server:/home/adas/Documents/Ayush/dev/straightline_ws/install/nav2_lifecycle_manager:/home/adas/Documents/Ayush/dev/straightline_ws/install/nav2_bt_navigator:/home/adas/Documents/Ayush/dev/straightline_ws/install/nav2_behavior_tree:/home/adas/Documents/Ayush/dev/straightline_ws/install/nav2_amcl:/home/adas/Documents/Ayush/dev/straightline_ws/install/nav2_util:/home/adas/Documents/Ayush/dev/straightline_ws/install/tf2_geometry_msgs:/home/adas/Documents/Ayush/dev/straightline_ws/install/tf2_eigen:/home/adas/Documents/Ayush/dev/straightline_ws/install/tf2_bullet:/home/adas/Documents/Ayush/dev/straightline_ws/install/tf2_ros:/home/adas/Documents/Ayush/dev/straightline_ws/install/tf2_py:/home/adas/Documents/Ayush/dev/straightline_ws/install/tf2_msgs:/home/adas/Documents/Ayush/dev/straightline_ws/install/tf2_eigen_kdl:/home/adas/Documents/Ayush/dev/straightline_ws/install/tf2:/home/adas/Documents/Ayush/dev/straightline_ws/install/dwb_msgs:/home/adas/Documents/Ayush/dev/straightline_ws/install/nav_2d_msgs:/home/adas/Documents/Ayush/dev/straightline_ws/install/nav2_voxel_grid:/home/adas/Documents/Ayush/dev/straightline_ws/install/nav2_msgs:/home/adas/Documents/Ayush/dev/straightline_ws/install/nav2_common:/home/adas/Documents/Ayush/dev/straightline_ws/install/aws_robomaker_small_warehouse_world:/home/adas/Documents/Ayush/dev/straightline_ws/install/examples_tf2_py:/home/adas/Documents/Ayush/dev/straightline_ws/install/nav2_simple_commander:/home/adas/Documents/Ayush/dev/straightline_ws/install/nav2_gazebo_spawner:/opt/ros/foxy LD_LIBRARY_PATH=/home/adas/Documents/Ayush/dev/straight_ws/install/nav2_map_server/lib:/home/adas/Documents/Ayush/dev/straight_ws/install/nav2_lifecycle_manager/lib:/home/adas/Documents/Ayush/dev/straight_ws/install/nav2_util/lib:/home/adas/Documents/Ayush/dev/straight_ws/install/tf2_ros/lib:/home/adas/Documents/Ayush/dev/straight_ws/install/nav2_voxel_grid/lib:/home/adas/Documents/Ayush/dev/straight_ws/install/nav2_msgs/lib:/home/adas/Documents/Ayush/dev/straight_ws/install/tf2_msgs/lib:/home/adas/Documents/Ayush/dev/straight_ws/install/tf2/lib:${LD_LIBRARY_PATH} PYTHONPATH=/home/adas/Documents/Ayush/dev/straight_ws/install/tf2_ros/lib/python3.8/site-packages:/home/adas/Documents/Ayush/dev/straight_ws/install/tf2_py/lib/python3.8/site-packages:/home/adas/Documents/Ayush/dev/straight_ws/install/nav2_msgs/lib/python3.8/site-packages:/home/adas/Documents/Ayush/dev/straight_ws/install/tf2_msgs/lib/python3.8/site-packages:/home/adas/Documents/Ayush/dev/straight_ws/install/nav2_common/lib/python3.8/site-packages:${PYTHONPATH} /usr/bin/cmake /home/adas/Documents/Ayush/dev/straight_ws/src/navigation2/nav2_costmap_2d -DCMAKE_INSTALL_PREFIX=/home/adas/Documents/Ayush/dev/straight_ws/install/nav2_costmap_2d
[0.252s] -- The C compiler identification is GNU 9.3.0
[0.360s] -- The CXX compiler identification is GNU 9.3.0
[0.374s] -- Check for working C compiler: /usr/bin/cc
[0.537s] -- Check for working C compiler: /usr/bin/cc -- works
[0.539s] -- Detecting C compiler ABI info
[0.807s] -- Detecting C compiler ABI info - done
[0.831s] -- Detecting C compile features
[0.838s] -- Detecting C compile features - done
[0.845s] -- Check for working CXX compiler: /usr/bin/c++
[1.034s] -- Check for working CXX compiler: /usr/bin/c++ -- works
[1.037s] -- Detecting CXX compiler ABI info
[1.240s] -- Detecting CXX compiler ABI info - done
[1.291s] -- Detecting CXX compile features
[1.292s] -- Detecting CXX compile features - done
[1.304s] -- Found ament_cmake: 0.9.8 (/opt/ros/foxy/share/ament_cmake/cmake)
[1.457s] -- Found PythonInterp: /usr/bin/python3 (found suitable version "3.8.10", minimum required is "3") 
[1.457s] -- Using PYTHON_EXECUTABLE: /usr/bin/python3
[2.021s] -- Found geometry_msgs: 2.0.4 (/opt/ros/foxy/share/geometry_msgs/cmake)
[2.144s] -- Using all available rosidl_typesupport_c: rosidl_typesupport_fastrtps_c;rosidl_typesupport_introspection_c
[2.179s] -- Found rosidl_adapter: 1.2.1 (/opt/ros/foxy/share/rosidl_adapter/cmake)
[2.485s] -- Found OpenSSL: /usr/lib/x86_64-linux-gnu/libcrypto.so (found version "1.1.1f")  
[2.570s] -- Found FastRTPS: /opt/ros/foxy/include  
[2.743s] -- Using all available rosidl_typesupport_cpp: rosidl_typesupport_fastrtps_cpp;rosidl_typesupport_introspection_cpp
[2.924s] -- Found laser_geometry: 2.2.0 (/opt/ros/foxy/share/laser_geometry/cmake)
[2.958s] -- Found map_msgs: 2.0.2 (/opt/ros/foxy/share/map_msgs/cmake)
[3.633s] -- Found message_filters: 3.2.5 (/opt/ros/foxy/share/message_filters/cmake)
[3.639s] -- Found nav2_common: 0.4.7 (/home/adas/Documents/Ayush/dev/straight_ws/install/nav2_common/share/nav2_common/cmake)
[3.641s] -- Found nav2_msgs: 0.4.7 (/home/adas/Documents/Ayush/dev/straight_ws/install/nav2_msgs/share/nav2_msgs/cmake)
[4.143s] -- Found nav2_util: 0.4.7 (/home/adas/Documents/Ayush/dev/straight_ws/install/nav2_util/share/nav2_util/cmake)
[4.356s] -- Found rmw_implementation_cmake: 1.0.3 (/opt/ros/foxy/share/rmw_implementation_cmake/cmake)
[4.365s] -- Using RMW implementation 'rmw_fastrtps_cpp' as default
[4.366s] -- Looking for pthread.h
[4.493s] -- Looking for pthread.h - found
[4.493s] -- Performing Test CMAKE_HAVE_LIBC_PTHREAD
[4.619s] -- Performing Test CMAKE_HAVE_LIBC_PTHREAD - Failed
[4.619s] -- Looking for pthread_create in pthreads
[4.718s] -- Looking for pthread_create in pthreads - not found
[4.718s] -- Looking for pthread_create in pthread
[4.845s] -- Looking for pthread_create in pthread - found
[4.847s] -- Found Threads: TRUE  
[5.794s] -- Found Eigen3: TRUE (found version "3.3.7") 
[6.107s] -- Found nav2_voxel_grid: 0.4.7 (/home/adas/Documents/Ayush/dev/straight_ws/install/nav2_voxel_grid/share/nav2_voxel_grid/cmake)
[6.117s] -- Found pluginlib: 2.5.3 (/opt/ros/foxy/share/pluginlib/cmake)
[6.148s] -- Found tf2_sensor_msgs: 0.13.11 (/home/adas/Documents/Ayush/dev/straight_ws/install/tf2_sensor_msgs/share/tf2_sensor_msgs/cmake)
[6.171s] -- Found visualization_msgs: 2.0.4 (/opt/ros/foxy/share/visualization_msgs/cmake)
[6.256s] -- Found angles: 1.12.3 (/opt/ros/foxy/share/angles/cmake)
[6.259s] -- Setting build type to Release as none was specified.
[7.270s] -- Found ament_lint_auto: 0.9.6 (/opt/ros/foxy/share/ament_lint_auto/cmake)
[7.730s] -- Found gtest sources under '/opt/ros/foxy/src/gtest_vendor': C++ tests using 'Google Test' will be built
[7.733s] -- Check if compiler accepts -pthread
[7.836s] -- Check if compiler accepts -pthread - yes
[7.842s] -- Found gtest sources under '/opt/ros/foxy/src/gtest_vendor': C++ tests using 'Google Test' will be built
[8.877s] -- Added test 'cppcheck' to perform static code analysis on C / C++ code
[8.879s] -- Configured cppcheck include dirs: /home/adas/Documents/Ayush/dev/straight_ws/src/navigation2/nav2_costmap_2d/include
[8.879s] -- Configured cppcheck exclude dirs and/or files: 
[8.882s] -- Added test 'flake8' to check Python code syntax and style conventions
[8.885s] -- Added test 'lint_cmake' to check CMake code style
[8.888s] -- Added test 'pep257' to check Python code against some of the style conventions in PEP 257
[8.894s] -- Added test 'uncrustify' to check C / C++ code style
[8.894s] -- Configured uncrustify additional arguments: 
[8.896s] -- Added test 'xmllint' to check XML markup files
[8.910s] -- Configuring done
[9.646s] -- Generating done
[9.652s] -- Build files have been written to: /home/adas/Documents/Ayush/dev/straight_ws/build/nav2_costmap_2d
[9.675s] Invoked command in '/home/adas/Documents/Ayush/dev/straight_ws/build/nav2_costmap_2d' returned '0': AMENT_PREFIX_PATH=/home/adas/Documents/Ayush/dev/straight_ws/install/nav2_map_server:/home/adas/Documents/Ayush/dev/straight_ws/install/nav2_lifecycle_manager:/home/adas/Documents/Ayush/dev/straight_ws/install/nav2_util:/home/adas/Documents/Ayush/dev/straight_ws/install/tf2_sensor_msgs:/home/adas/Documents/Ayush/dev/straight_ws/install/tf2_geometry_msgs:/home/adas/Documents/Ayush/dev/straight_ws/install/tf2_ros:/home/adas/Documents/Ayush/dev/straight_ws/install/tf2_py:/home/adas/Documents/Ayush/dev/straight_ws/install/nav2_voxel_grid:/home/adas/Documents/Ayush/dev/straight_ws/install/nav2_msgs:/home/adas/Documents/Ayush/dev/straight_ws/install/tf2_msgs:/home/adas/Documents/Ayush/dev/straight_ws/install/tf2:/home/adas/Documents/Ayush/dev/straight_ws/install/nav2_common:${AMENT_PREFIX_PATH} CMAKE_PREFIX_PATH=/home/adas/Documents/Ayush/dev/straight_ws/install/nav2_map_server:/home/adas/Documents/Ayush/dev/straight_ws/install/nav2_lifecycle_manager:/home/adas/Documents/Ayush/dev/straight_ws/install/nav2_util:/home/adas/Documents/Ayush/dev/straight_ws/install/tf2_sensor_msgs:/home/adas/Documents/Ayush/dev/straight_ws/install/tf2_geometry_msgs:/home/adas/Documents/Ayush/dev/straight_ws/install/tf2_ros:/home/adas/Documents/Ayush/dev/straight_ws/install/tf2_py:/home/adas/Documents/Ayush/dev/straight_ws/install/nav2_voxel_grid:/home/adas/Documents/Ayush/dev/straight_ws/install/nav2_msgs:/home/adas/Documents/Ayush/dev/straight_ws/install/tf2_msgs:/home/adas/Documents/Ayush/dev/straight_ws/install/tf2:/home/adas/Documents/Ayush/dev/straight_ws/install/nav2_common:/home/adas/Documents/Ayush/dev/straightline_ws/install/geometry2:/home/adas/Documents/Ayush/dev/straightline_ws/install/tf2_tools:/home/adas/Documents/Ayush/dev/straightline_ws/install/nav2_system_tests:/home/adas/Documents/Ayush/dev/straightline_ws/install/nav2_bringup:/home/adas/Documents/Ayush/dev/straightline_ws/install/navigation2:/home/adas/Documents/Ayush/dev/straightline_ws/install/smac_planner:/home/adas/Documents/Ayush/dev/straightline_ws/install/nav2_regulated_pure_pursuit_controller:/home/adas/Documents/Ayush/dev/straightline_ws/install/nav2_recoveries:/home/adas/Documents/Ayush/dev/straightline_ws/install/nav2_planner:/home/adas/Documents/Ayush/dev/straightline_ws/install/nav2_navfn_planner:/home/adas/Documents/Ayush/dev/straightline_ws/install/nav2_dwb_controller:/home/adas/Documents/Ayush/dev/straightline_ws/install/nav2_controller:/home/adas/Documents/Ayush/dev/straightline_ws/install/dwb_plugins:/home/adas/Documents/Ayush/dev/straightline_ws/install/dwb_critics:/home/adas/Documents/Ayush/dev/straightline_ws/install/dwb_core:/home/adas/Documents/Ayush/dev/straightline_ws/install/nav2_core:/home/adas/Documents/Ayush/dev/straightline_ws/install/costmap_queue:/home/adas/Documents/Ayush/dev/straightline_ws/install/nav2_costmap_2d:/home/adas/Documents/Ayush/dev/straightline_ws/install/tf2_sensor_msgs:/home/adas/Documents/Ayush/dev/straightline_ws/install/test_tf2:/home/adas/Documents/Ayush/dev/straightline_ws/install/tf2_kdl:/home/adas/Documents/Ayush/dev/straightline_ws/install/nav_2d_utils:/home/adas/Documents/Ayush/dev/straightline_ws/install/nav2_waypoint_follower:/home/adas/Documents/Ayush/dev/straightline_ws/install/nav2_rviz_plugins:/home/adas/Documents/Ayush/dev/straightline_ws/install/nav2_map_server:/home/adas/Documents/Ayush/dev/straightline_ws/install/nav2_lifecycle_manager:/home/adas/Documents/Ayush/dev/straightline_ws/install/nav2_bt_navigator:/home/adas/Documents/Ayush/dev/straightline_ws/install/nav2_behavior_tree:/home/adas/Documents/Ayush/dev/straightline_ws/install/nav2_amcl:/home/adas/Documents/Ayush/dev/straightline_ws/install/nav2_util:/home/adas/Documents/Ayush/dev/straightline_ws/install/tf2_geometry_msgs:/home/adas/Documents/Ayush/dev/straightline_ws/install/tf2_eigen:/home/adas/Documents/Ayush/dev/straightline_ws/install/tf2_bullet:/home/adas/Documents/Ayush/dev/straightline_ws/install/tf2_ros:/home/adas/Documents/Ayush/dev/straightline_ws/install/tf2_py:/home/adas/Documents/Ayush/dev/straightline_ws/install/tf2_msgs:/home/adas/Documents/Ayush/dev/straightline_ws/install/tf2_eigen_kdl:/home/adas/Documents/Ayush/dev/straightline_ws/install/tf2:/home/adas/Documents/Ayush/dev/straightline_ws/install/dwb_msgs:/home/adas/Documents/Ayush/dev/straightline_ws/install/nav_2d_msgs:/home/adas/Documents/Ayush/dev/straightline_ws/install/nav2_voxel_grid:/home/adas/Documents/Ayush/dev/straightline_ws/install/nav2_msgs:/home/adas/Documents/Ayush/dev/straightline_ws/install/nav2_common:/home/adas/Documents/Ayush/dev/straightline_ws/install/aws_robomaker_small_warehouse_world:/home/adas/Documents/Ayush/dev/straightline_ws/install/examples_tf2_py:/home/adas/Documents/Ayush/dev/straightline_ws/install/nav2_simple_commander:/home/adas/Documents/Ayush/dev/straightline_ws/install/nav2_gazebo_spawner:/opt/ros/foxy LD_LIBRARY_PATH=/home/adas/Documents/Ayush/dev/straight_ws/install/nav2_map_server/lib:/home/adas/Documents/Ayush/dev/straight_ws/install/nav2_lifecycle_manager/lib:/home/adas/Documents/Ayush/dev/straight_ws/install/nav2_util/lib:/home/adas/Documents/Ayush/dev/straight_ws/install/tf2_ros/lib:/home/adas/Documents/Ayush/dev/straight_ws/install/nav2_voxel_grid/lib:/home/adas/Documents/Ayush/dev/straight_ws/install/nav2_msgs/lib:/home/adas/Documents/Ayush/dev/straight_ws/install/tf2_msgs/lib:/home/adas/Documents/Ayush/dev/straight_ws/install/tf2/lib:${LD_LIBRARY_PATH} PYTHONPATH=/home/adas/Documents/Ayush/dev/straight_ws/install/tf2_ros/lib/python3.8/site-packages:/home/adas/Documents/Ayush/dev/straight_ws/install/tf2_py/lib/python3.8/site-packages:/home/adas/Documents/Ayush/dev/straight_ws/install/nav2_msgs/lib/python3.8/site-packages:/home/adas/Documents/Ayush/dev/straight_ws/install/tf2_msgs/lib/python3.8/site-packages:/home/adas/Documents/Ayush/dev/straight_ws/install/nav2_common/lib/python3.8/site-packages:${PYTHONPATH} /usr/bin/cmake /home/adas/Documents/Ayush/dev/straight_ws/src/navigation2/nav2_costmap_2d -DCMAKE_INSTALL_PREFIX=/home/adas/Documents/Ayush/dev/straight_ws/install/nav2_costmap_2d
[9.679s] Invoking command in '/home/adas/Documents/Ayush/dev/straight_ws/build/nav2_costmap_2d': AMENT_PREFIX_PATH=/home/adas/Documents/Ayush/dev/straight_ws/install/nav2_map_server:/home/adas/Documents/Ayush/dev/straight_ws/install/nav2_lifecycle_manager:/home/adas/Documents/Ayush/dev/straight_ws/install/nav2_util:/home/adas/Documents/Ayush/dev/straight_ws/install/tf2_sensor_msgs:/home/adas/Documents/Ayush/dev/straight_ws/install/tf2_geometry_msgs:/home/adas/Documents/Ayush/dev/straight_ws/install/tf2_ros:/home/adas/Documents/Ayush/dev/straight_ws/install/tf2_py:/home/adas/Documents/Ayush/dev/straight_ws/install/nav2_voxel_grid:/home/adas/Documents/Ayush/dev/straight_ws/install/nav2_msgs:/home/adas/Documents/Ayush/dev/straight_ws/install/tf2_msgs:/home/adas/Documents/Ayush/dev/straight_ws/install/tf2:/home/adas/Documents/Ayush/dev/straight_ws/install/nav2_common:${AMENT_PREFIX_PATH} CMAKE_PREFIX_PATH=/home/adas/Documents/Ayush/dev/straight_ws/install/nav2_map_server:/home/adas/Documents/Ayush/dev/straight_ws/install/nav2_lifecycle_manager:/home/adas/Documents/Ayush/dev/straight_ws/install/nav2_util:/home/adas/Documents/Ayush/dev/straight_ws/install/tf2_sensor_msgs:/home/adas/Documents/Ayush/dev/straight_ws/install/tf2_geometry_msgs:/home/adas/Documents/Ayush/dev/straight_ws/install/tf2_ros:/home/adas/Documents/Ayush/dev/straight_ws/install/tf2_py:/home/adas/Documents/Ayush/dev/straight_ws/install/nav2_voxel_grid:/home/adas/Documents/Ayush/dev/straight_ws/install/nav2_msgs:/home/adas/Documents/Ayush/dev/straight_ws/install/tf2_msgs:/home/adas/Documents/Ayush/dev/straight_ws/install/tf2:/home/adas/Documents/Ayush/dev/straight_ws/install/nav2_common:/home/adas/Documents/Ayush/dev/straightline_ws/install/geometry2:/home/adas/Documents/Ayush/dev/straightline_ws/install/tf2_tools:/home/adas/Documents/Ayush/dev/straightline_ws/install/nav2_system_tests:/home/adas/Documents/Ayush/dev/straightline_ws/install/nav2_bringup:/home/adas/Documents/Ayush/dev/straightline_ws/install/navigation2:/home/adas/Documents/Ayush/dev/straightline_ws/install/smac_planner:/home/adas/Documents/Ayush/dev/straightline_ws/install/nav2_regulated_pure_pursuit_controller:/home/adas/Documents/Ayush/dev/straightline_ws/install/nav2_recoveries:/home/adas/Documents/Ayush/dev/straightline_ws/install/nav2_planner:/home/adas/Documents/Ayush/dev/straightline_ws/install/nav2_navfn_planner:/home/adas/Documents/Ayush/dev/straightline_ws/install/nav2_dwb_controller:/home/adas/Documents/Ayush/dev/straightline_ws/install/nav2_controller:/home/adas/Documents/Ayush/dev/straightline_ws/install/dwb_plugins:/home/adas/Documents/Ayush/dev/straightline_ws/install/dwb_critics:/home/adas/Documents/Ayush/dev/straightline_ws/install/dwb_core:/home/adas/Documents/Ayush/dev/straightline_ws/install/nav2_core:/home/adas/Documents/Ayush/dev/straightline_ws/install/costmap_queue:/home/adas/Documents/Ayush/dev/straightline_ws/install/nav2_costmap_2d:/home/adas/Documents/Ayush/dev/straightline_ws/install/tf2_sensor_msgs:/home/adas/Documents/Ayush/dev/straightline_ws/install/test_tf2:/home/adas/Documents/Ayush/dev/straightline_ws/install/tf2_kdl:/home/adas/Documents/Ayush/dev/straightline_ws/install/nav_2d_utils:/home/adas/Documents/Ayush/dev/straightline_ws/install/nav2_waypoint_follower:/home/adas/Documents/Ayush/dev/straightline_ws/install/nav2_rviz_plugins:/home/adas/Documents/Ayush/dev/straightline_ws/install/nav2_map_server:/home/adas/Documents/Ayush/dev/straightline_ws/install/nav2_lifecycle_manager:/home/adas/Documents/Ayush/dev/straightline_ws/install/nav2_bt_navigator:/home/adas/Documents/Ayush/dev/straightline_ws/install/nav2_behavior_tree:/home/adas/Documents/Ayush/dev/straightline_ws/install/nav2_amcl:/home/adas/Documents/Ayush/dev/straightline_ws/install/nav2_util:/home/adas/Documents/Ayush/dev/straightline_ws/install/tf2_geometry_msgs:/home/adas/Documents/Ayush/dev/straightline_ws/install/tf2_eigen:/home/adas/Documents/Ayush/dev/straightline_ws/install/tf2_bullet:/home/adas/Documents/Ayush/dev/straightline_ws/install/tf2_ros:/home/adas/Documents/Ayush/dev/straightline_ws/install/tf2_py:/home/adas/Documents/Ayush/dev/straightline_ws/install/tf2_msgs:/home/adas/Documents/Ayush/dev/straightline_ws/install/tf2_eigen_kdl:/home/adas/Documents/Ayush/dev/straightline_ws/install/tf2:/home/adas/Documents/Ayush/dev/straightline_ws/install/dwb_msgs:/home/adas/Documents/Ayush/dev/straightline_ws/install/nav_2d_msgs:/home/adas/Documents/Ayush/dev/straightline_ws/install/nav2_voxel_grid:/home/adas/Documents/Ayush/dev/straightline_ws/install/nav2_msgs:/home/adas/Documents/Ayush/dev/straightline_ws/install/nav2_common:/home/adas/Documents/Ayush/dev/straightline_ws/install/aws_robomaker_small_warehouse_world:/home/adas/Documents/Ayush/dev/straightline_ws/install/examples_tf2_py:/home/adas/Documents/Ayush/dev/straightline_ws/install/nav2_simple_commander:/home/adas/Documents/Ayush/dev/straightline_ws/install/nav2_gazebo_spawner:/opt/ros/foxy LD_LIBRARY_PATH=/home/adas/Documents/Ayush/dev/straight_ws/install/nav2_map_server/lib:/home/adas/Documents/Ayush/dev/straight_ws/install/nav2_lifecycle_manager/lib:/home/adas/Documents/Ayush/dev/straight_ws/install/nav2_util/lib:/home/adas/Documents/Ayush/dev/straight_ws/install/tf2_ros/lib:/home/adas/Documents/Ayush/dev/straight_ws/install/nav2_voxel_grid/lib:/home/adas/Documents/Ayush/dev/straight_ws/install/nav2_msgs/lib:/home/adas/Documents/Ayush/dev/straight_ws/install/tf2_msgs/lib:/home/adas/Documents/Ayush/dev/straight_ws/install/tf2/lib:${LD_LIBRARY_PATH} PYTHONPATH=/home/adas/Documents/Ayush/dev/straight_ws/install/tf2_ros/lib/python3.8/site-packages:/home/adas/Documents/Ayush/dev/straight_ws/install/tf2_py/lib/python3.8/site-packages:/home/adas/Documents/Ayush/dev/straight_ws/install/nav2_msgs/lib/python3.8/site-packages:/home/adas/Documents/Ayush/dev/straight_ws/install/tf2_msgs/lib/python3.8/site-packages:/home/adas/Documents/Ayush/dev/straight_ws/install/nav2_common/lib/python3.8/site-packages:${PYTHONPATH} /usr/bin/cmake --build /home/adas/Documents/Ayush/dev/straight_ws/build/nav2_costmap_2d -- -j8 -l8
[9.799s] [35m[1mScanning dependencies of target gtest[0m
[9.809s] [35m[1mScanning dependencies of target nav2_costmap_2d_core[0m
[9.867s] [  2%] [32mBuilding CXX object gtest/CMakeFiles/gtest.dir/src/gtest-all.cc.o[0m
[10.069s] [  4%] [32mBuilding CXX object CMakeFiles/nav2_costmap_2d_core.dir/src/array_parser.cpp.o[0m
[10.074s] [  6%] [32mBuilding CXX object CMakeFiles/nav2_costmap_2d_core.dir/src/costmap_2d.cpp.o[0m
[10.096s] [  8%] [32mBuilding CXX object CMakeFiles/nav2_costmap_2d_core.dir/src/layer.cpp.o[0m
[11.042s] [ 10%] [32mBuilding CXX object CMakeFiles/nav2_costmap_2d_core.dir/src/costmap_2d_publisher.cpp.o[0m
[11.057s] [ 12%] [32mBuilding CXX object CMakeFiles/nav2_costmap_2d_core.dir/src/costmap_math.cpp.o[0m
[11.115s] [ 14%] [32mBuilding CXX object CMakeFiles/nav2_costmap_2d_core.dir/src/footprint.cpp.o[0m
[11.784s] [ 16%] [32mBuilding CXX object CMakeFiles/nav2_costmap_2d_core.dir/src/costmap_2d_ros.cpp.o[0m
[12.867s] [ 18%] [32mBuilding CXX object CMakeFiles/nav2_costmap_2d_core.dir/src/costmap_layer.cpp.o[0m
[20.666s] [ 20%] [32mBuilding CXX object CMakeFiles/nav2_costmap_2d_core.dir/src/footprint_collision_checker.cpp.o[0m
[21.426s] [ 22%] [32m[1mLinking CXX static library libgtest.a[0m
[21.503s] [ 22%] Built target gtest
[21.532s] [35m[1mScanning dependencies of target gtest_main[0m
[21.565s] [ 25%] [32mBuilding CXX object gtest/CMakeFiles/gtest_main.dir/src/gtest_main.cc.o[0m
[22.739s] [ 27%] [32m[1mLinking CXX static library libgtest_main.a[0m
[22.835s] [ 27%] Built target gtest_main
[29.339s] [ 29%] [32mBuilding CXX object CMakeFiles/nav2_costmap_2d_core.dir/src/observation_buffer.cpp.o[0m
[29.341s] [ 31%] [32mBuilding CXX object CMakeFiles/nav2_costmap_2d_core.dir/src/clear_costmap_service.cpp.o[0m
[38.118s] [ 33%] [32mBuilding CXX object CMakeFiles/nav2_costmap_2d_core.dir/src/layered_costmap.cpp.o[0m
[43.009s] [ 35%] [32m[1mLinking CXX shared library libnav2_costmap_2d_core.so[0m
[43.826s] [ 35%] Built target nav2_costmap_2d_core
[43.843s] [35m[1mScanning dependencies of target layers[0m
[44.001s] [ 37%] [32mBuilding CXX object CMakeFiles/layers.dir/plugins/inflation_layer.cpp.o[0m
[47.542s] [ 39%] [32mBuilding CXX object CMakeFiles/layers.dir/plugins/obstacle_layer.cpp.o[0m
[49.564s] [ 41%] [32mBuilding CXX object CMakeFiles/layers.dir/src/observation_buffer.cpp.o[0m
[50.623s] [ 43%] [32mBuilding CXX object CMakeFiles/layers.dir/plugins/static_layer.cpp.o[0m
[70.205s] [ 45%] [32mBuilding CXX object CMakeFiles/layers.dir/plugins/range_sensor_layer.cpp.o[0m
[77.727s] [ 47%] [32mBuilding CXX object CMakeFiles/layers.dir/plugins/voxel_layer.cpp.o[0m
[85.771s] [ 50%] [32m[1mLinking CXX shared library liblayers.so[0m
[86.640s] [ 50%] Built target layers
[86.665s] [35m[1mScanning dependencies of target collision_footprint_test[0m
[86.665s] [35m[1mScanning dependencies of target nav2_costmap_2d_cloud[0m
[86.675s] [35m[1mScanning dependencies of target array_parser_test[0m
[86.733s] [ 52%] [32mBuilding CXX object test/unit/CMakeFiles/array_parser_test.dir/array_parser_test.cpp.o[0m
[86.759s] [ 54%] [32mBuilding CXX object CMakeFiles/nav2_costmap_2d_cloud.dir/src/costmap_2d_cloud.cpp.o[0m
[86.781s] [ 56%] [32mBuilding CXX object test/unit/CMakeFiles/collision_footprint_test.dir/footprint_collision_checker_test.cpp.o[0m
[87.775s] [35m[1mScanning dependencies of target obstacle_tests_exec[0m
[88.001s] [ 58%] [32mBuilding CXX object test/integration/CMakeFiles/obstacle_tests_exec.dir/obstacle_tests.cpp.o[0m
[88.856s] [ 60%] [32m[1mLinking CXX executable array_parser_test[0m
[89.046s] [35m[1mScanning dependencies of target range_tests_exec[0m
[89.365s] [ 62%] [32mBuilding CXX object test/integration/CMakeFiles/range_tests_exec.dir/range_tests.cpp.o[0m
[89.398s] [35m[1mScanning dependencies of target nav2_costmap_2d[0m
[89.520s] [ 62%] Built target array_parser_test
[89.612s] [35m[1mScanning dependencies of target nav2_costmap_2d_markers[0m
[89.687s] [ 64%] [32mBuilding CXX object CMakeFiles/nav2_costmap_2d.dir/src/costmap_2d_node.cpp.o[0m
[89.768s] [ 66%] [32mBuilding CXX object CMakeFiles/nav2_costmap_2d_markers.dir/src/costmap_2d_markers.cpp.o[0m
[90.780s] [35m[1mScanning dependencies of target inflation_tests_exec[0m
[91.158s] [35m[1mScanning dependencies of target nav2_costmap_2d_client[0m
[91.204s] [ 68%] [32mBuilding CXX object test/integration/CMakeFiles/inflation_tests_exec.dir/inflation_tests.cpp.o[0m
[91.360s] [ 70%] [32mBuilding CXX object CMakeFiles/nav2_costmap_2d_client.dir/src/footprint_subscriber.cpp.o[0m
[92.803s] [ 72%] [32m[1mLinking CXX executable collision_footprint_test[0m
[93.439s] [ 72%] Built target collision_footprint_test
[93.480s] [35m[1mScanning dependencies of target footprint_tests_exec[0m
[93.678s] [ 75%] [32mBuilding CXX object test/integration/CMakeFiles/footprint_tests_exec.dir/footprint_tests.cpp.o[0m
[96.491s] [ 77%] [32m[1mLinking CXX executable nav2_costmap_2d[0m
[97.323s] [ 77%] Built target nav2_costmap_2d
[100.164s] [ 79%] [32m[1mLinking CXX executable obstacle_tests_exec[0m
[101.030s] [ 81%] [32m[1mLinking CXX executable footprint_tests_exec[0m
[101.085s] [ 83%] [32m[1mLinking CXX executable nav2_costmap_2d_cloud[0m
[101.138s] [ 85%] [32m[1mLinking CXX executable range_tests_exec[0m
[101.495s] [ 85%] Built target obstacle_tests_exec
[101.558s] [ 85%] Built target nav2_costmap_2d_cloud
[101.770s] [ 85%] Built target footprint_tests_exec
[102.543s] [ 85%] Built target range_tests_exec
[103.491s] [ 87%] [32mBuilding CXX object CMakeFiles/nav2_costmap_2d_client.dir/src/costmap_topic_collision_checker.cpp.o[0m
[103.535s] [ 89%] [32m[1mLinking CXX executable inflation_tests_exec[0m
[104.408s] [ 91%] [32m[1mLinking CXX executable nav2_costmap_2d_markers[0m
[104.698s] [ 91%] Built target inflation_tests_exec
[104.774s] [ 91%] Built target nav2_costmap_2d_markers
[106.591s] [ 93%] [32mBuilding CXX object CMakeFiles/nav2_costmap_2d_client.dir/src/costmap_subscriber.cpp.o[0m
[112.853s] [ 95%] [32m[1mLinking CXX shared library libnav2_costmap_2d_client.so[0m
[113.203s] [ 95%] Built target nav2_costmap_2d_client
[113.219s] [35m[1mScanning dependencies of target test_collision_checker_exec[0m
[113.332s] [ 97%] [32mBuilding CXX object test/integration/CMakeFiles/test_collision_checker_exec.dir/test_costmap_topic_collision_checker.cpp.o[0m
[120.509s] [100%] [32m[1mLinking CXX executable test_collision_checker_exec[0m
[121.252s] [100%] Built target test_collision_checker_exec
[121.273s] Invoked command in '/home/adas/Documents/Ayush/dev/straight_ws/build/nav2_costmap_2d' returned '0': AMENT_PREFIX_PATH=/home/adas/Documents/Ayush/dev/straight_ws/install/nav2_map_server:/home/adas/Documents/Ayush/dev/straight_ws/install/nav2_lifecycle_manager:/home/adas/Documents/Ayush/dev/straight_ws/install/nav2_util:/home/adas/Documents/Ayush/dev/straight_ws/install/tf2_sensor_msgs:/home/adas/Documents/Ayush/dev/straight_ws/install/tf2_geometry_msgs:/home/adas/Documents/Ayush/dev/straight_ws/install/tf2_ros:/home/adas/Documents/Ayush/dev/straight_ws/install/tf2_py:/home/adas/Documents/Ayush/dev/straight_ws/install/nav2_voxel_grid:/home/adas/Documents/Ayush/dev/straight_ws/install/nav2_msgs:/home/adas/Documents/Ayush/dev/straight_ws/install/tf2_msgs:/home/adas/Documents/Ayush/dev/straight_ws/install/tf2:/home/adas/Documents/Ayush/dev/straight_ws/install/nav2_common:${AMENT_PREFIX_PATH} CMAKE_PREFIX_PATH=/home/adas/Documents/Ayush/dev/straight_ws/install/nav2_map_server:/home/adas/Documents/Ayush/dev/straight_ws/install/nav2_lifecycle_manager:/home/adas/Documents/Ayush/dev/straight_ws/install/nav2_util:/home/adas/Documents/Ayush/dev/straight_ws/install/tf2_sensor_msgs:/home/adas/Documents/Ayush/dev/straight_ws/install/tf2_geometry_msgs:/home/adas/Documents/Ayush/dev/straight_ws/install/tf2_ros:/home/adas/Documents/Ayush/dev/straight_ws/install/tf2_py:/home/adas/Documents/Ayush/dev/straight_ws/install/nav2_voxel_grid:/home/adas/Documents/Ayush/dev/straight_ws/install/nav2_msgs:/home/adas/Documents/Ayush/dev/straight_ws/install/tf2_msgs:/home/adas/Documents/Ayush/dev/straight_ws/install/tf2:/home/adas/Documents/Ayush/dev/straight_ws/install/nav2_common:/home/adas/Documents/Ayush/dev/straightline_ws/install/geometry2:/home/adas/Documents/Ayush/dev/straightline_ws/install/tf2_tools:/home/adas/Documents/Ayush/dev/straightline_ws/install/nav2_system_tests:/home/adas/Documents/Ayush/dev/straightline_ws/install/nav2_bringup:/home/adas/Documents/Ayush/dev/straightline_ws/install/navigation2:/home/adas/Documents/Ayush/dev/straightline_ws/install/smac_planner:/home/adas/Documents/Ayush/dev/straightline_ws/install/nav2_regulated_pure_pursuit_controller:/home/adas/Documents/Ayush/dev/straightline_ws/install/nav2_recoveries:/home/adas/Documents/Ayush/dev/straightline_ws/install/nav2_planner:/home/adas/Documents/Ayush/dev/straightline_ws/install/nav2_navfn_planner:/home/adas/Documents/Ayush/dev/straightline_ws/install/nav2_dwb_controller:/home/adas/Documents/Ayush/dev/straightline_ws/install/nav2_controller:/home/adas/Documents/Ayush/dev/straightline_ws/install/dwb_plugins:/home/adas/Documents/Ayush/dev/straightline_ws/install/dwb_critics:/home/adas/Documents/Ayush/dev/straightline_ws/install/dwb_core:/home/adas/Documents/Ayush/dev/straightline_ws/install/nav2_core:/home/adas/Documents/Ayush/dev/straightline_ws/install/costmap_queue:/home/adas/Documents/Ayush/dev/straightline_ws/install/nav2_costmap_2d:/home/adas/Documents/Ayush/dev/straightline_ws/install/tf2_sensor_msgs:/home/adas/Documents/Ayush/dev/straightline_ws/install/test_tf2:/home/adas/Documents/Ayush/dev/straightline_ws/install/tf2_kdl:/home/adas/Documents/Ayush/dev/straightline_ws/install/nav_2d_utils:/home/adas/Documents/Ayush/dev/straightline_ws/install/nav2_waypoint_follower:/home/adas/Documents/Ayush/dev/straightline_ws/install/nav2_rviz_plugins:/home/adas/Documents/Ayush/dev/straightline_ws/install/nav2_map_server:/home/adas/Documents/Ayush/dev/straightline_ws/install/nav2_lifecycle_manager:/home/adas/Documents/Ayush/dev/straightline_ws/install/nav2_bt_navigator:/home/adas/Documents/Ayush/dev/straightline_ws/install/nav2_behavior_tree:/home/adas/Documents/Ayush/dev/straightline_ws/install/nav2_amcl:/home/adas/Documents/Ayush/dev/straightline_ws/install/nav2_util:/home/adas/Documents/Ayush/dev/straightline_ws/install/tf2_geometry_msgs:/home/adas/Documents/Ayush/dev/straightline_ws/install/tf2_eigen:/home/adas/Documents/Ayush/dev/straightline_ws/install/tf2_bullet:/home/adas/Documents/Ayush/dev/straightline_ws/install/tf2_ros:/home/adas/Documents/Ayush/dev/straightline_ws/install/tf2_py:/home/adas/Documents/Ayush/dev/straightline_ws/install/tf2_msgs:/home/adas/Documents/Ayush/dev/straightline_ws/install/tf2_eigen_kdl:/home/adas/Documents/Ayush/dev/straightline_ws/install/tf2:/home/adas/Documents/Ayush/dev/straightline_ws/install/dwb_msgs:/home/adas/Documents/Ayush/dev/straightline_ws/install/nav_2d_msgs:/home/adas/Documents/Ayush/dev/straightline_ws/install/nav2_voxel_grid:/home/adas/Documents/Ayush/dev/straightline_ws/install/nav2_msgs:/home/adas/Documents/Ayush/dev/straightline_ws/install/nav2_common:/home/adas/Documents/Ayush/dev/straightline_ws/install/aws_robomaker_small_warehouse_world:/home/adas/Documents/Ayush/dev/straightline_ws/install/examples_tf2_py:/home/adas/Documents/Ayush/dev/straightline_ws/install/nav2_simple_commander:/home/adas/Documents/Ayush/dev/straightline_ws/install/nav2_gazebo_spawner:/opt/ros/foxy LD_LIBRARY_PATH=/home/adas/Documents/Ayush/dev/straight_ws/install/nav2_map_server/lib:/home/adas/Documents/Ayush/dev/straight_ws/install/nav2_lifecycle_manager/lib:/home/adas/Documents/Ayush/dev/straight_ws/install/nav2_util/lib:/home/adas/Documents/Ayush/dev/straight_ws/install/tf2_ros/lib:/home/adas/Documents/Ayush/dev/straight_ws/install/nav2_voxel_grid/lib:/home/adas/Documents/Ayush/dev/straight_ws/install/nav2_msgs/lib:/home/adas/Documents/Ayush/dev/straight_ws/install/tf2_msgs/lib:/home/adas/Documents/Ayush/dev/straight_ws/install/tf2/lib:${LD_LIBRARY_PATH} PYTHONPATH=/home/adas/Documents/Ayush/dev/straight_ws/install/tf2_ros/lib/python3.8/site-packages:/home/adas/Documents/Ayush/dev/straight_ws/install/tf2_py/lib/python3.8/site-packages:/home/adas/Documents/Ayush/dev/straight_ws/install/nav2_msgs/lib/python3.8/site-packages:/home/adas/Documents/Ayush/dev/straight_ws/install/tf2_msgs/lib/python3.8/site-packages:/home/adas/Documents/Ayush/dev/straight_ws/install/nav2_common/lib/python3.8/site-packages:${PYTHONPATH} /usr/bin/cmake --build /home/adas/Documents/Ayush/dev/straight_ws/build/nav2_costmap_2d -- -j8 -l8
[121.445s] Invoking command in '/home/adas/Documents/Ayush/dev/straight_ws/build/nav2_costmap_2d': AMENT_PREFIX_PATH=/home/adas/Documents/Ayush/dev/straight_ws/install/nav2_map_server:/home/adas/Documents/Ayush/dev/straight_ws/install/nav2_lifecycle_manager:/home/adas/Documents/Ayush/dev/straight_ws/install/nav2_util:/home/adas/Documents/Ayush/dev/straight_ws/install/tf2_sensor_msgs:/home/adas/Documents/Ayush/dev/straight_ws/install/tf2_geometry_msgs:/home/adas/Documents/Ayush/dev/straight_ws/install/tf2_ros:/home/adas/Documents/Ayush/dev/straight_ws/install/tf2_py:/home/adas/Documents/Ayush/dev/straight_ws/install/nav2_voxel_grid:/home/adas/Documents/Ayush/dev/straight_ws/install/nav2_msgs:/home/adas/Documents/Ayush/dev/straight_ws/install/tf2_msgs:/home/adas/Documents/Ayush/dev/straight_ws/install/tf2:/home/adas/Documents/Ayush/dev/straight_ws/install/nav2_common:${AMENT_PREFIX_PATH} CMAKE_PREFIX_PATH=/home/adas/Documents/Ayush/dev/straight_ws/install/nav2_map_server:/home/adas/Documents/Ayush/dev/straight_ws/install/nav2_lifecycle_manager:/home/adas/Documents/Ayush/dev/straight_ws/install/nav2_util:/home/adas/Documents/Ayush/dev/straight_ws/install/tf2_sensor_msgs:/home/adas/Documents/Ayush/dev/straight_ws/install/tf2_geometry_msgs:/home/adas/Documents/Ayush/dev/straight_ws/install/tf2_ros:/home/adas/Documents/Ayush/dev/straight_ws/install/tf2_py:/home/adas/Documents/Ayush/dev/straight_ws/install/nav2_voxel_grid:/home/adas/Documents/Ayush/dev/straight_ws/install/nav2_msgs:/home/adas/Documents/Ayush/dev/straight_ws/install/tf2_msgs:/home/adas/Documents/Ayush/dev/straight_ws/install/tf2:/home/adas/Documents/Ayush/dev/straight_ws/install/nav2_common:/home/adas/Documents/Ayush/dev/straightline_ws/install/geometry2:/home/adas/Documents/Ayush/dev/straightline_ws/install/tf2_tools:/home/adas/Documents/Ayush/dev/straightline_ws/install/nav2_system_tests:/home/adas/Documents/Ayush/dev/straightline_ws/install/nav2_bringup:/home/adas/Documents/Ayush/dev/straightline_ws/install/navigation2:/home/adas/Documents/Ayush/dev/straightline_ws/install/smac_planner:/home/adas/Documents/Ayush/dev/straightline_ws/install/nav2_regulated_pure_pursuit_controller:/home/adas/Documents/Ayush/dev/straightline_ws/install/nav2_recoveries:/home/adas/Documents/Ayush/dev/straightline_ws/install/nav2_planner:/home/adas/Documents/Ayush/dev/straightline_ws/install/nav2_navfn_planner:/home/adas/Documents/Ayush/dev/straightline_ws/install/nav2_dwb_controller:/home/adas/Documents/Ayush/dev/straightline_ws/install/nav2_controller:/home/adas/Documents/Ayush/dev/straightline_ws/install/dwb_plugins:/home/adas/Documents/Ayush/dev/straightline_ws/install/dwb_critics:/home/adas/Documents/Ayush/dev/straightline_ws/install/dwb_core:/home/adas/Documents/Ayush/dev/straightline_ws/install/nav2_core:/home/adas/Documents/Ayush/dev/straightline_ws/install/costmap_queue:/home/adas/Documents/Ayush/dev/straightline_ws/install/nav2_costmap_2d:/home/adas/Documents/Ayush/dev/straightline_ws/install/tf2_sensor_msgs:/home/adas/Documents/Ayush/dev/straightline_ws/install/test_tf2:/home/adas/Documents/Ayush/dev/straightline_ws/install/tf2_kdl:/home/adas/Documents/Ayush/dev/straightline_ws/install/nav_2d_utils:/home/adas/Documents/Ayush/dev/straightline_ws/install/nav2_waypoint_follower:/home/adas/Documents/Ayush/dev/straightline_ws/install/nav2_rviz_plugins:/home/adas/Documents/Ayush/dev/straightline_ws/install/nav2_map_server:/home/adas/Documents/Ayush/dev/straightline_ws/install/nav2_lifecycle_manager:/home/adas/Documents/Ayush/dev/straightline_ws/install/nav2_bt_navigator:/home/adas/Documents/Ayush/dev/straightline_ws/install/nav2_behavior_tree:/home/adas/Documents/Ayush/dev/straightline_ws/install/nav2_amcl:/home/adas/Documents/Ayush/dev/straightline_ws/install/nav2_util:/home/adas/Documents/Ayush/dev/straightline_ws/install/tf2_geometry_msgs:/home/adas/Documents/Ayush/dev/straightline_ws/install/tf2_eigen:/home/adas/Documents/Ayush/dev/straightline_ws/install/tf2_bullet:/home/adas/Documents/Ayush/dev/straightline_ws/install/tf2_ros:/home/adas/Documents/Ayush/dev/straightline_ws/install/tf2_py:/home/adas/Documents/Ayush/dev/straightline_ws/install/tf2_msgs:/home/adas/Documents/Ayush/dev/straightline_ws/install/tf2_eigen_kdl:/home/adas/Documents/Ayush/dev/straightline_ws/install/tf2:/home/adas/Documents/Ayush/dev/straightline_ws/install/dwb_msgs:/home/adas/Documents/Ayush/dev/straightline_ws/install/nav_2d_msgs:/home/adas/Documents/Ayush/dev/straightline_ws/install/nav2_voxel_grid:/home/adas/Documents/Ayush/dev/straightline_ws/install/nav2_msgs:/home/adas/Documents/Ayush/dev/straightline_ws/install/nav2_common:/home/adas/Documents/Ayush/dev/straightline_ws/install/aws_robomaker_small_warehouse_world:/home/adas/Documents/Ayush/dev/straightline_ws/install/examples_tf2_py:/home/adas/Documents/Ayush/dev/straightline_ws/install/nav2_simple_commander:/home/adas/Documents/Ayush/dev/straightline_ws/install/nav2_gazebo_spawner:/opt/ros/foxy LD_LIBRARY_PATH=/home/adas/Documents/Ayush/dev/straight_ws/install/nav2_map_server/lib:/home/adas/Documents/Ayush/dev/straight_ws/install/nav2_lifecycle_manager/lib:/home/adas/Documents/Ayush/dev/straight_ws/install/nav2_util/lib:/home/adas/Documents/Ayush/dev/straight_ws/install/tf2_ros/lib:/home/adas/Documents/Ayush/dev/straight_ws/install/nav2_voxel_grid/lib:/home/adas/Documents/Ayush/dev/straight_ws/install/nav2_msgs/lib:/home/adas/Documents/Ayush/dev/straight_ws/install/tf2_msgs/lib:/home/adas/Documents/Ayush/dev/straight_ws/install/tf2/lib:${LD_LIBRARY_PATH} PYTHONPATH=/home/adas/Documents/Ayush/dev/straight_ws/install/tf2_ros/lib/python3.8/site-packages:/home/adas/Documents/Ayush/dev/straight_ws/install/tf2_py/lib/python3.8/site-packages:/home/adas/Documents/Ayush/dev/straight_ws/install/nav2_msgs/lib/python3.8/site-packages:/home/adas/Documents/Ayush/dev/straight_ws/install/tf2_msgs/lib/python3.8/site-packages:/home/adas/Documents/Ayush/dev/straight_ws/install/nav2_common/lib/python3.8/site-packages:${PYTHONPATH} /usr/bin/cmake --install /home/adas/Documents/Ayush/dev/straight_ws/build/nav2_costmap_2d
[121.460s] -- Install configuration: "Release"
[121.460s] -- Installing: /home/adas/Documents/Ayush/dev/straight_ws/install/nav2_costmap_2d/lib/libnav2_costmap_2d_core.so
[121.463s] -- Set runtime path of "/home/adas/Documents/Ayush/dev/straight_ws/install/nav2_costmap_2d/lib/libnav2_costmap_2d_core.so" to ""
[121.463s] -- Installing: /home/adas/Documents/Ayush/dev/straight_ws/install/nav2_costmap_2d/lib/liblayers.so
[121.465s] -- Set runtime path of "/home/adas/Documents/Ayush/dev/straight_ws/install/nav2_costmap_2d/lib/liblayers.so" to ""
[121.465s] -- Installing: /home/adas/Documents/Ayush/dev/straight_ws/install/nav2_costmap_2d/lib/libnav2_costmap_2d_client.so
[121.466s] -- Set runtime path of "/home/adas/Documents/Ayush/dev/straight_ws/install/nav2_costmap_2d/lib/libnav2_costmap_2d_client.so" to ""
[121.467s] -- Installing: /home/adas/Documents/Ayush/dev/straight_ws/install/nav2_costmap_2d/lib/nav2_costmap_2d/nav2_costmap_2d
[121.467s] -- Set runtime path of "/home/adas/Documents/Ayush/dev/straight_ws/install/nav2_costmap_2d/lib/nav2_costmap_2d/nav2_costmap_2d" to ""
[121.467s] -- Installing: /home/adas/Documents/Ayush/dev/straight_ws/install/nav2_costmap_2d/lib/nav2_costmap_2d/nav2_costmap_2d_markers
[121.468s] -- Set runtime path of "/home/adas/Documents/Ayush/dev/straight_ws/install/nav2_costmap_2d/lib/nav2_costmap_2d/nav2_costmap_2d_markers" to ""
[121.468s] -- Installing: /home/adas/Documents/Ayush/dev/straight_ws/install/nav2_costmap_2d/lib/nav2_costmap_2d/nav2_costmap_2d_cloud
[121.469s] -- Set runtime path of "/home/adas/Documents/Ayush/dev/straight_ws/install/nav2_costmap_2d/lib/nav2_costmap_2d/nav2_costmap_2d_cloud" to ""
[121.470s] -- Installing: /home/adas/Documents/Ayush/dev/straight_ws/install/nav2_costmap_2d/share/nav2_costmap_2d/costmap_plugins.xml
[121.470s] -- Installing: /home/adas/Documents/Ayush/dev/straight_ws/install/nav2_costmap_2d/include/
[121.470s] -- Installing: /home/adas/Documents/Ayush/dev/straight_ws/install/nav2_costmap_2d/include//nav2_costmap_2d
[121.470s] -- Installing: /home/adas/Documents/Ayush/dev/straight_ws/install/nav2_costmap_2d/include//nav2_costmap_2d/costmap_topic_collision_checker.hpp
[121.470s] -- Installing: /home/adas/Documents/Ayush/dev/straight_ws/install/nav2_costmap_2d/include//nav2_costmap_2d/inflation_layer.hpp
[121.470s] -- Installing: /home/adas/Documents/Ayush/dev/straight_ws/install/nav2_costmap_2d/include//nav2_costmap_2d/array_parser.hpp
[121.471s] -- Installing: /home/adas/Documents/Ayush/dev/straight_ws/install/nav2_costmap_2d/include//nav2_costmap_2d/static_layer.hpp
[121.471s] -- Installing: /home/adas/Documents/Ayush/dev/straight_ws/install/nav2_costmap_2d/include//nav2_costmap_2d/footprint_subscriber.hpp
[121.471s] -- Installing: /home/adas/Documents/Ayush/dev/straight_ws/install/nav2_costmap_2d/include//nav2_costmap_2d/obstacle_layer.hpp
[121.471s] -- Installing: /home/adas/Documents/Ayush/dev/straight_ws/install/nav2_costmap_2d/include//nav2_costmap_2d/clear_costmap_service.hpp
[121.471s] -- Installing: /home/adas/Documents/Ayush/dev/straight_ws/install/nav2_costmap_2d/include//nav2_costmap_2d/voxel_layer.hpp
[121.471s] -- Installing: /home/adas/Documents/Ayush/dev/straight_ws/install/nav2_costmap_2d/include//nav2_costmap_2d/range_sensor_layer.hpp
[121.472s] -- Installing: /home/adas/Documents/Ayush/dev/straight_ws/install/nav2_costmap_2d/include//nav2_costmap_2d/cost_values.hpp
[121.472s] -- Installing: /home/adas/Documents/Ayush/dev/straight_ws/install/nav2_costmap_2d/include//nav2_costmap_2d/footprint.hpp
[121.472s] -- Installing: /home/adas/Documents/Ayush/dev/straight_ws/install/nav2_costmap_2d/include//nav2_costmap_2d/layer.hpp
[121.472s] -- Installing: /home/adas/Documents/Ayush/dev/straight_ws/install/nav2_costmap_2d/include//nav2_costmap_2d/observation.hpp
[121.472s] -- Installing: /home/adas/Documents/Ayush/dev/straight_ws/install/nav2_costmap_2d/include//nav2_costmap_2d/costmap_2d_publisher.hpp
[121.472s] -- Installing: /home/adas/Documents/Ayush/dev/straight_ws/install/nav2_costmap_2d/include//nav2_costmap_2d/costmap_2d.hpp
[121.473s] -- Installing: /home/adas/Documents/Ayush/dev/straight_ws/install/nav2_costmap_2d/include//nav2_costmap_2d/observation_buffer.hpp
[121.473s] -- Installing: /home/adas/Documents/Ayush/dev/straight_ws/install/nav2_costmap_2d/include//nav2_costmap_2d/exceptions.hpp
[121.473s] -- Installing: /home/adas/Documents/Ayush/dev/straight_ws/install/nav2_costmap_2d/include//nav2_costmap_2d/footprint_collision_checker.hpp
[121.473s] -- Installing: /home/adas/Documents/Ayush/dev/straight_ws/install/nav2_costmap_2d/include//nav2_costmap_2d/costmap_subscriber.hpp
[121.473s] -- Installing: /home/adas/Documents/Ayush/dev/straight_ws/install/nav2_costmap_2d/include//nav2_costmap_2d/layered_costmap.hpp
[121.473s] -- Installing: /home/adas/Documents/Ayush/dev/straight_ws/install/nav2_costmap_2d/include//nav2_costmap_2d/costmap_layer.hpp
[121.473s] -- Installing: /home/adas/Documents/Ayush/dev/straight_ws/install/nav2_costmap_2d/include//nav2_costmap_2d/costmap_2d_ros.hpp
[121.474s] -- Installing: /home/adas/Documents/Ayush/dev/straight_ws/install/nav2_costmap_2d/include//nav2_costmap_2d/costmap_math.hpp
[121.474s] -- Installing: /home/adas/Documents/Ayush/dev/straight_ws/install/nav2_costmap_2d/share/nav2_costmap_2d/environment/library_path.sh
[121.474s] -- Installing: /home/adas/Documents/Ayush/dev/straight_ws/install/nav2_costmap_2d/share/nav2_costmap_2d/environment/library_path.dsv
[121.474s] -- Up-to-date: /home/adas/Documents/Ayush/dev/straight_ws/install/nav2_costmap_2d/share/nav2_costmap_2d/costmap_plugins.xml
[121.474s] -- Installing: /home/adas/Documents/Ayush/dev/straight_ws/install/nav2_costmap_2d/share/ament_index/resource_index/package_run_dependencies/nav2_costmap_2d
[121.474s] -- Installing: /home/adas/Documents/Ayush/dev/straight_ws/install/nav2_costmap_2d/share/ament_index/resource_index/parent_prefix_path/nav2_costmap_2d
[121.474s] -- Installing: /home/adas/Documents/Ayush/dev/straight_ws/install/nav2_costmap_2d/share/nav2_costmap_2d/environment/ament_prefix_path.sh
[121.475s] -- Installing: /home/adas/Documents/Ayush/dev/straight_ws/install/nav2_costmap_2d/share/nav2_costmap_2d/environment/ament_prefix_path.dsv
[121.475s] -- Installing: /home/adas/Documents/Ayush/dev/straight_ws/install/nav2_costmap_2d/share/nav2_costmap_2d/environment/path.sh
[121.475s] -- Installing: /home/adas/Documents/Ayush/dev/straight_ws/install/nav2_costmap_2d/share/nav2_costmap_2d/environment/path.dsv
[121.475s] -- Installing: /home/adas/Documents/Ayush/dev/straight_ws/install/nav2_costmap_2d/share/nav2_costmap_2d/local_setup.bash
[121.475s] -- Installing: /home/adas/Documents/Ayush/dev/straight_ws/install/nav2_costmap_2d/share/nav2_costmap_2d/local_setup.sh
[121.476s] -- Installing: /home/adas/Documents/Ayush/dev/straight_ws/install/nav2_costmap_2d/share/nav2_costmap_2d/local_setup.zsh
[121.476s] -- Installing: /home/adas/Documents/Ayush/dev/straight_ws/install/nav2_costmap_2d/share/nav2_costmap_2d/local_setup.dsv
[121.476s] -- Installing: /home/adas/Documents/Ayush/dev/straight_ws/install/nav2_costmap_2d/share/nav2_costmap_2d/package.dsv
[121.476s] -- Installing: /home/adas/Documents/Ayush/dev/straight_ws/install/nav2_costmap_2d/share/ament_index/resource_index/packages/nav2_costmap_2d
[121.476s] -- Installing: /home/adas/Documents/Ayush/dev/straight_ws/install/nav2_costmap_2d/share/ament_index/resource_index/nav2_costmap_2d__pluginlib__plugin/nav2_costmap_2d
[121.477s] -- Installing: /home/adas/Documents/Ayush/dev/straight_ws/install/nav2_costmap_2d/share/nav2_costmap_2d/cmake/ament_cmake_export_include_directories-extras.cmake
[121.477s] -- Installing: /home/adas/Documents/Ayush/dev/straight_ws/install/nav2_costmap_2d/share/nav2_costmap_2d/cmake/ament_cmake_export_libraries-extras.cmake
[121.477s] -- Installing: /home/adas/Documents/Ayush/dev/straight_ws/install/nav2_costmap_2d/share/nav2_costmap_2d/cmake/ament_cmake_export_dependencies-extras.cmake
[121.477s] -- Installing: /home/adas/Documents/Ayush/dev/straight_ws/install/nav2_costmap_2d/share/nav2_costmap_2d/cmake/ament_cmake_export_definitions-extras.cmake
[121.477s] -- Installing: /home/adas/Documents/Ayush/dev/straight_ws/install/nav2_costmap_2d/share/nav2_costmap_2d/cmake/nav2_costmap_2dConfig.cmake
[121.478s] -- Installing: /home/adas/Documents/Ayush/dev/straight_ws/install/nav2_costmap_2d/share/nav2_costmap_2d/cmake/nav2_costmap_2dConfig-version.cmake
[121.478s] -- Installing: /home/adas/Documents/Ayush/dev/straight_ws/install/nav2_costmap_2d/share/nav2_costmap_2d/package.xml
[121.482s] Invoked command in '/home/adas/Documents/Ayush/dev/straight_ws/build/nav2_costmap_2d' returned '0': AMENT_PREFIX_PATH=/home/adas/Documents/Ayush/dev/straight_ws/install/nav2_map_server:/home/adas/Documents/Ayush/dev/straight_ws/install/nav2_lifecycle_manager:/home/adas/Documents/Ayush/dev/straight_ws/install/nav2_util:/home/adas/Documents/Ayush/dev/straight_ws/install/tf2_sensor_msgs:/home/adas/Documents/Ayush/dev/straight_ws/install/tf2_geometry_msgs:/home/adas/Documents/Ayush/dev/straight_ws/install/tf2_ros:/home/adas/Documents/Ayush/dev/straight_ws/install/tf2_py:/home/adas/Documents/Ayush/dev/straight_ws/install/nav2_voxel_grid:/home/adas/Documents/Ayush/dev/straight_ws/install/nav2_msgs:/home/adas/Documents/Ayush/dev/straight_ws/install/tf2_msgs:/home/adas/Documents/Ayush/dev/straight_ws/install/tf2:/home/adas/Documents/Ayush/dev/straight_ws/install/nav2_common:${AMENT_PREFIX_PATH} CMAKE_PREFIX_PATH=/home/adas/Documents/Ayush/dev/straight_ws/install/nav2_map_server:/home/adas/Documents/Ayush/dev/straight_ws/install/nav2_lifecycle_manager:/home/adas/Documents/Ayush/dev/straight_ws/install/nav2_util:/home/adas/Documents/Ayush/dev/straight_ws/install/tf2_sensor_msgs:/home/adas/Documents/Ayush/dev/straight_ws/install/tf2_geometry_msgs:/home/adas/Documents/Ayush/dev/straight_ws/install/tf2_ros:/home/adas/Documents/Ayush/dev/straight_ws/install/tf2_py:/home/adas/Documents/Ayush/dev/straight_ws/install/nav2_voxel_grid:/home/adas/Documents/Ayush/dev/straight_ws/install/nav2_msgs:/home/adas/Documents/Ayush/dev/straight_ws/install/tf2_msgs:/home/adas/Documents/Ayush/dev/straight_ws/install/tf2:/home/adas/Documents/Ayush/dev/straight_ws/install/nav2_common:/home/adas/Documents/Ayush/dev/straightline_ws/install/geometry2:/home/adas/Documents/Ayush/dev/straightline_ws/install/tf2_tools:/home/adas/Documents/Ayush/dev/straightline_ws/install/nav2_system_tests:/home/adas/Documents/Ayush/dev/straightline_ws/install/nav2_bringup:/home/adas/Documents/Ayush/dev/straightline_ws/install/navigation2:/home/adas/Documents/Ayush/dev/straightline_ws/install/smac_planner:/home/adas/Documents/Ayush/dev/straightline_ws/install/nav2_regulated_pure_pursuit_controller:/home/adas/Documents/Ayush/dev/straightline_ws/install/nav2_recoveries:/home/adas/Documents/Ayush/dev/straightline_ws/install/nav2_planner:/home/adas/Documents/Ayush/dev/straightline_ws/install/nav2_navfn_planner:/home/adas/Documents/Ayush/dev/straightline_ws/install/nav2_dwb_controller:/home/adas/Documents/Ayush/dev/straightline_ws/install/nav2_controller:/home/adas/Documents/Ayush/dev/straightline_ws/install/dwb_plugins:/home/adas/Documents/Ayush/dev/straightline_ws/install/dwb_critics:/home/adas/Documents/Ayush/dev/straightline_ws/install/dwb_core:/home/adas/Documents/Ayush/dev/straightline_ws/install/nav2_core:/home/adas/Documents/Ayush/dev/straightline_ws/install/costmap_queue:/home/adas/Documents/Ayush/dev/straightline_ws/install/nav2_costmap_2d:/home/adas/Documents/Ayush/dev/straightline_ws/install/tf2_sensor_msgs:/home/adas/Documents/Ayush/dev/straightline_ws/install/test_tf2:/home/adas/Documents/Ayush/dev/straightline_ws/install/tf2_kdl:/home/adas/Documents/Ayush/dev/straightline_ws/install/nav_2d_utils:/home/adas/Documents/Ayush/dev/straightline_ws/install/nav2_waypoint_follower:/home/adas/Documents/Ayush/dev/straightline_ws/install/nav2_rviz_plugins:/home/adas/Documents/Ayush/dev/straightline_ws/install/nav2_map_server:/home/adas/Documents/Ayush/dev/straightline_ws/install/nav2_lifecycle_manager:/home/adas/Documents/Ayush/dev/straightline_ws/install/nav2_bt_navigator:/home/adas/Documents/Ayush/dev/straightline_ws/install/nav2_behavior_tree:/home/adas/Documents/Ayush/dev/straightline_ws/install/nav2_amcl:/home/adas/Documents/Ayush/dev/straightline_ws/install/nav2_util:/home/adas/Documents/Ayush/dev/straightline_ws/install/tf2_geometry_msgs:/home/adas/Documents/Ayush/dev/straightline_ws/install/tf2_eigen:/home/adas/Documents/Ayush/dev/straightline_ws/install/tf2_bullet:/home/adas/Documents/Ayush/dev/straightline_ws/install/tf2_ros:/home/adas/Documents/Ayush/dev/straightline_ws/install/tf2_py:/home/adas/Documents/Ayush/dev/straightline_ws/install/tf2_msgs:/home/adas/Documents/Ayush/dev/straightline_ws/install/tf2_eigen_kdl:/home/adas/Documents/Ayush/dev/straightline_ws/install/tf2:/home/adas/Documents/Ayush/dev/straightline_ws/install/dwb_msgs:/home/adas/Documents/Ayush/dev/straightline_ws/install/nav_2d_msgs:/home/adas/Documents/Ayush/dev/straightline_ws/install/nav2_voxel_grid:/home/adas/Documents/Ayush/dev/straightline_ws/install/nav2_msgs:/home/adas/Documents/Ayush/dev/straightline_ws/install/nav2_common:/home/adas/Documents/Ayush/dev/straightline_ws/install/aws_robomaker_small_warehouse_world:/home/adas/Documents/Ayush/dev/straightline_ws/install/examples_tf2_py:/home/adas/Documents/Ayush/dev/straightline_ws/install/nav2_simple_commander:/home/adas/Documents/Ayush/dev/straightline_ws/install/nav2_gazebo_spawner:/opt/ros/foxy LD_LIBRARY_PATH=/home/adas/Documents/Ayush/dev/straight_ws/install/nav2_map_server/lib:/home/adas/Documents/Ayush/dev/straight_ws/install/nav2_lifecycle_manager/lib:/home/adas/Documents/Ayush/dev/straight_ws/install/nav2_util/lib:/home/adas/Documents/Ayush/dev/straight_ws/install/tf2_ros/lib:/home/adas/Documents/Ayush/dev/straight_ws/install/nav2_voxel_grid/lib:/home/adas/Documents/Ayush/dev/straight_ws/install/nav2_msgs/lib:/home/adas/Documents/Ayush/dev/straight_ws/install/tf2_msgs/lib:/home/adas/Documents/Ayush/dev/straight_ws/install/tf2/lib:${LD_LIBRARY_PATH} PYTHONPATH=/home/adas/Documents/Ayush/dev/straight_ws/install/tf2_ros/lib/python3.8/site-packages:/home/adas/Documents/Ayush/dev/straight_ws/install/tf2_py/lib/python3.8/site-packages:/home/adas/Documents/Ayush/dev/straight_ws/install/nav2_msgs/lib/python3.8/site-packages:/home/adas/Documents/Ayush/dev/straight_ws/install/tf2_msgs/lib/python3.8/site-packages:/home/adas/Documents/Ayush/dev/straight_ws/install/nav2_common/lib/python3.8/site-packages:${PYTHONPATH} /usr/bin/cmake --install /home/adas/Documents/Ayush/dev/straight_ws/build/nav2_costmap_2d
