[0.409s] Invoking command in '/home/adas/Documents/Ayush/dev/straight_ws/src/nav2_simple_commander': AMENT_PREFIX_PATH=/home/adas/Documents/Ayush/dev/straight_ws/install/nav2_msgs:${AMENT_PREFIX_PATH} CMAKE_PREFIX_PATH=/home/adas/Documents/Ayush/dev/straight_ws/install/nav2_msgs:${CMAKE_PREFIX_PATH} LD_LIBRARY_PATH=/home/adas/Documents/Ayush/dev/straight_ws/install/nav2_msgs/lib:${LD_LIBRARY_PATH} PYTHONPATH=/home/adas/Documents/Ayush/dev/straight_ws/install/nav2_simple_commander/lib/python3.8/site-packages:/home/adas/Documents/Ayush/dev/straight_ws/install/nav2_msgs/lib/python3.8/site-packages:${PYTHONPATH} /usr/bin/python3 setup.py egg_info --egg-base ../../build/nav2_simple_commander build --build-base /home/adas/Documents/Ayush/dev/straight_ws/build/nav2_simple_commander/build install --prefix /home/adas/Documents/Ayush/dev/straight_ws/install/nav2_simple_commander --record /home/adas/Documents/Ayush/dev/straight_ws/build/nav2_simple_commander/install.log --single-version-externally-managed
[0.658s] running egg_info
[0.658s] creating ../../build/nav2_simple_commander/nav2_simple_commander.egg-info
[0.659s] writing ../../build/nav2_simple_commander/nav2_simple_commander.egg-info/PKG-INFO
[0.659s] writing dependency_links to ../../build/nav2_simple_commander/nav2_simple_commander.egg-info/dependency_links.txt
[0.659s] writing entry points to ../../build/nav2_simple_commander/nav2_simple_commander.egg-info/entry_points.txt
[0.659s] writing requirements to ../../build/nav2_simple_commander/nav2_simple_commander.egg-info/requires.txt
[0.659s] writing top-level names to ../../build/nav2_simple_commander/nav2_simple_commander.egg-info/top_level.txt
[0.661s] writing manifest file '../../build/nav2_simple_commander/nav2_simple_commander.egg-info/SOURCES.txt'
[0.696s] reading manifest file '../../build/nav2_simple_commander/nav2_simple_commander.egg-info/SOURCES.txt'
[0.698s] writing manifest file '../../build/nav2_simple_commander/nav2_simple_commander.egg-info/SOURCES.txt'
[0.698s] running build
[0.698s] running build_py
[0.698s] creating /home/adas/Documents/Ayush/dev/straight_ws/build/nav2_simple_commander/build
[0.698s] creating /home/adas/Documents/Ayush/dev/straight_ws/build/nav2_simple_commander/build/lib
[0.698s] creating /home/adas/Documents/Ayush/dev/straight_ws/build/nav2_simple_commander/build/lib/nav2_simple_commander
[0.699s] copying nav2_simple_commander/robot_navigator.py -> /home/adas/Documents/Ayush/dev/straight_ws/build/nav2_simple_commander/build/lib/nav2_simple_commander
[0.699s] copying nav2_simple_commander/demo_security.py -> /home/adas/Documents/Ayush/dev/straight_ws/build/nav2_simple_commander/build/lib/nav2_simple_commander
[0.706s] copying nav2_simple_commander/example_nav_to_pose.py -> /home/adas/Documents/Ayush/dev/straight_ws/build/nav2_simple_commander/build/lib/nav2_simple_commander
[0.706s] copying nav2_simple_commander/example_straightline_to_pose.py -> /home/adas/Documents/Ayush/dev/straight_ws/build/nav2_simple_commander/build/lib/nav2_simple_commander
[0.706s] copying nav2_simple_commander/demo_inspection.py -> /home/adas/Documents/Ayush/dev/straight_ws/build/nav2_simple_commander/build/lib/nav2_simple_commander
[0.706s] copying nav2_simple_commander/example_nav_through_poses.py -> /home/adas/Documents/Ayush/dev/straight_ws/build/nav2_simple_commander/build/lib/nav2_simple_commander
[0.714s] copying nav2_simple_commander/__init__.py -> /home/adas/Documents/Ayush/dev/straight_ws/build/nav2_simple_commander/build/lib/nav2_simple_commander
[0.714s] copying nav2_simple_commander/example_waypoint_follower.py -> /home/adas/Documents/Ayush/dev/straight_ws/build/nav2_simple_commander/build/lib/nav2_simple_commander
[0.715s] running install
[0.716s] running install_lib
[0.717s] creating /home/adas/Documents/Ayush/dev/straight_ws/install/nav2_simple_commander/lib/python3.8/site-packages/nav2_simple_commander
[0.717s] copying /home/adas/Documents/Ayush/dev/straight_ws/build/nav2_simple_commander/build/lib/nav2_simple_commander/robot_navigator.py -> /home/adas/Documents/Ayush/dev/straight_ws/install/nav2_simple_commander/lib/python3.8/site-packages/nav2_simple_commander
[0.717s] copying /home/adas/Documents/Ayush/dev/straight_ws/build/nav2_simple_commander/build/lib/nav2_simple_commander/demo_security.py -> /home/adas/Documents/Ayush/dev/straight_ws/install/nav2_simple_commander/lib/python3.8/site-packages/nav2_simple_commander
[0.718s] copying /home/adas/Documents/Ayush/dev/straight_ws/build/nav2_simple_commander/build/lib/nav2_simple_commander/example_nav_to_pose.py -> /home/adas/Documents/Ayush/dev/straight_ws/install/nav2_simple_commander/lib/python3.8/site-packages/nav2_simple_commander
[0.718s] copying /home/adas/Documents/Ayush/dev/straight_ws/build/nav2_simple_commander/build/lib/nav2_simple_commander/example_straightline_to_pose.py -> /home/adas/Documents/Ayush/dev/straight_ws/install/nav2_simple_commander/lib/python3.8/site-packages/nav2_simple_commander
[0.718s] copying /home/adas/Documents/Ayush/dev/straight_ws/build/nav2_simple_commander/build/lib/nav2_simple_commander/demo_inspection.py -> /home/adas/Documents/Ayush/dev/straight_ws/install/nav2_simple_commander/lib/python3.8/site-packages/nav2_simple_commander
[0.718s] copying /home/adas/Documents/Ayush/dev/straight_ws/build/nav2_simple_commander/build/lib/nav2_simple_commander/example_nav_through_poses.py -> /home/adas/Documents/Ayush/dev/straight_ws/install/nav2_simple_commander/lib/python3.8/site-packages/nav2_simple_commander
[0.718s] copying /home/adas/Documents/Ayush/dev/straight_ws/build/nav2_simple_commander/build/lib/nav2_simple_commander/__init__.py -> /home/adas/Documents/Ayush/dev/straight_ws/install/nav2_simple_commander/lib/python3.8/site-packages/nav2_simple_commander
[0.718s] copying /home/adas/Documents/Ayush/dev/straight_ws/build/nav2_simple_commander/build/lib/nav2_simple_commander/example_waypoint_follower.py -> /home/adas/Documents/Ayush/dev/straight_ws/install/nav2_simple_commander/lib/python3.8/site-packages/nav2_simple_commander
[0.718s] byte-compiling /home/adas/Documents/Ayush/dev/straight_ws/install/nav2_simple_commander/lib/python3.8/site-packages/nav2_simple_commander/robot_navigator.py to robot_navigator.cpython-38.pyc
[0.722s] byte-compiling /home/adas/Documents/Ayush/dev/straight_ws/install/nav2_simple_commander/lib/python3.8/site-packages/nav2_simple_commander/demo_security.py to demo_security.cpython-38.pyc
[0.723s] byte-compiling /home/adas/Documents/Ayush/dev/straight_ws/install/nav2_simple_commander/lib/python3.8/site-packages/nav2_simple_commander/example_nav_to_pose.py to example_nav_to_pose.cpython-38.pyc
[0.723s] byte-compiling /home/adas/Documents/Ayush/dev/straight_ws/install/nav2_simple_commander/lib/python3.8/site-packages/nav2_simple_commander/example_straightline_to_pose.py to example_straightline_to_pose.cpython-38.pyc
[0.724s] byte-compiling /home/adas/Documents/Ayush/dev/straight_ws/install/nav2_simple_commander/lib/python3.8/site-packages/nav2_simple_commander/demo_inspection.py to demo_inspection.cpython-38.pyc
[0.724s] byte-compiling /home/adas/Documents/Ayush/dev/straight_ws/install/nav2_simple_commander/lib/python3.8/site-packages/nav2_simple_commander/example_nav_through_poses.py to example_nav_through_poses.cpython-38.pyc
[0.725s] byte-compiling /home/adas/Documents/Ayush/dev/straight_ws/install/nav2_simple_commander/lib/python3.8/site-packages/nav2_simple_commander/__init__.py to __init__.cpython-38.pyc
[0.725s] byte-compiling /home/adas/Documents/Ayush/dev/straight_ws/install/nav2_simple_commander/lib/python3.8/site-packages/nav2_simple_commander/example_waypoint_follower.py to example_waypoint_follower.cpython-38.pyc
[0.726s] running install_data
[0.726s] creating /home/adas/Documents/Ayush/dev/straight_ws/install/nav2_simple_commander/share/ament_index
[0.726s] creating /home/adas/Documents/Ayush/dev/straight_ws/install/nav2_simple_commander/share/ament_index/resource_index
[0.727s] creating /home/adas/Documents/Ayush/dev/straight_ws/install/nav2_simple_commander/share/ament_index/resource_index/packages
[0.727s] copying resource/nav2_simple_commander -> /home/adas/Documents/Ayush/dev/straight_ws/install/nav2_simple_commander/share/ament_index/resource_index/packages
[0.727s] copying package.xml -> /home/adas/Documents/Ayush/dev/straight_ws/install/nav2_simple_commander/share/nav2_simple_commander
[0.727s] creating /home/adas/Documents/Ayush/dev/straight_ws/install/nav2_simple_commander/${HOME}
[0.727s] creating /home/adas/Documents/Ayush/dev/straight_ws/install/nav2_simple_commander/${HOME}/Documents
[0.727s] creating /home/adas/Documents/Ayush/dev/straight_ws/install/nav2_simple_commander/${HOME}/Documents/Ayush
[0.727s] creating /home/adas/Documents/Ayush/dev/straight_ws/install/nav2_simple_commander/${HOME}/Documents/Ayush/dev
[0.728s] creating /home/adas/Documents/Ayush/dev/straight_ws/install/nav2_simple_commander/${HOME}/Documents/Ayush/dev/straightline_ws
[0.728s] creating /home/adas/Documents/Ayush/dev/straight_ws/install/nav2_simple_commander/${HOME}/Documents/Ayush/dev/straightline_ws/src
[0.728s] creating /home/adas/Documents/Ayush/dev/straight_ws/install/nav2_simple_commander/${HOME}/Documents/Ayush/dev/straightline_ws/src/nav2_simple_commander
[0.728s] copying launch/picking_demo_launch.py -> /home/adas/Documents/Ayush/dev/straight_ws/install/nav2_simple_commander/${HOME}/Documents/Ayush/dev/straightline_ws/src/nav2_simple_commander
[0.728s] copying launch/nav_to_pose_example_launch.py -> /home/adas/Documents/Ayush/dev/straight_ws/install/nav2_simple_commander/${HOME}/Documents/Ayush/dev/straightline_ws/src/nav2_simple_commander
[0.728s] copying launch/straightline_to_pose_example_launch.py -> /home/adas/Documents/Ayush/dev/straight_ws/install/nav2_simple_commander/${HOME}/Documents/Ayush/dev/straightline_ws/src/nav2_simple_commander
[0.728s] copying launch/nav_through_poses_example_launch.py -> /home/adas/Documents/Ayush/dev/straight_ws/install/nav2_simple_commander/${HOME}/Documents/Ayush/dev/straightline_ws/src/nav2_simple_commander
[0.728s] copying launch/waypoint_follower_example_launch.py -> /home/adas/Documents/Ayush/dev/straight_ws/install/nav2_simple_commander/${HOME}/Documents/Ayush/dev/straightline_ws/src/nav2_simple_commander
[0.747s] copying launch/security_demo_launch.py -> /home/adas/Documents/Ayush/dev/straight_ws/install/nav2_simple_commander/${HOME}/Documents/Ayush/dev/straightline_ws/src/nav2_simple_commander
[0.748s] copying launch/inspection_demo_launch.py -> /home/adas/Documents/Ayush/dev/straight_ws/install/nav2_simple_commander/${HOME}/Documents/Ayush/dev/straightline_ws/src/nav2_simple_commander
[0.750s] copying launch/warehouse.world -> /home/adas/Documents/Ayush/dev/straight_ws/install/nav2_simple_commander/${HOME}/Documents/Ayush/dev/straightline_ws/src/nav2_simple_commander
[0.751s] running install_egg_info
[0.753s] Copying ../../build/nav2_simple_commander/nav2_simple_commander.egg-info to /home/adas/Documents/Ayush/dev/straight_ws/install/nav2_simple_commander/lib/python3.8/site-packages/nav2_simple_commander-0.0.0-py3.8.egg-info
[0.754s] running install_scripts
[0.778s] Installing demo_inspection script to /home/adas/Documents/Ayush/dev/straight_ws/install/nav2_simple_commander/lib/nav2_simple_commander
[0.778s] Installing demo_picking script to /home/adas/Documents/Ayush/dev/straight_ws/install/nav2_simple_commander/lib/nav2_simple_commander
[0.778s] Installing demo_security script to /home/adas/Documents/Ayush/dev/straight_ws/install/nav2_simple_commander/lib/nav2_simple_commander
[0.778s] Installing example_nav_through_poses script to /home/adas/Documents/Ayush/dev/straight_ws/install/nav2_simple_commander/lib/nav2_simple_commander
[0.779s] Installing example_nav_to_pose script to /home/adas/Documents/Ayush/dev/straight_ws/install/nav2_simple_commander/lib/nav2_simple_commander
[0.779s] Installing example_straightline_to_pose script to /home/adas/Documents/Ayush/dev/straight_ws/install/nav2_simple_commander/lib/nav2_simple_commander
[0.779s] Installing example_waypoint_follower script to /home/adas/Documents/Ayush/dev/straight_ws/install/nav2_simple_commander/lib/nav2_simple_commander
[0.779s] writing list of installed files to '/home/adas/Documents/Ayush/dev/straight_ws/build/nav2_simple_commander/install.log'
[0.806s] Invoked command in '/home/adas/Documents/Ayush/dev/straight_ws/src/nav2_simple_commander' returned '0': AMENT_PREFIX_PATH=/home/adas/Documents/Ayush/dev/straight_ws/install/nav2_msgs:${AMENT_PREFIX_PATH} CMAKE_PREFIX_PATH=/home/adas/Documents/Ayush/dev/straight_ws/install/nav2_msgs:${CMAKE_PREFIX_PATH} LD_LIBRARY_PATH=/home/adas/Documents/Ayush/dev/straight_ws/install/nav2_msgs/lib:${LD_LIBRARY_PATH} PYTHONPATH=/home/adas/Documents/Ayush/dev/straight_ws/install/nav2_simple_commander/lib/python3.8/site-packages:/home/adas/Documents/Ayush/dev/straight_ws/install/nav2_msgs/lib/python3.8/site-packages:${PYTHONPATH} /usr/bin/python3 setup.py egg_info --egg-base ../../build/nav2_simple_commander build --build-base /home/adas/Documents/Ayush/dev/straight_ws/build/nav2_simple_commander/build install --prefix /home/adas/Documents/Ayush/dev/straight_ws/install/nav2_simple_commander --record /home/adas/Documents/Ayush/dev/straight_ws/build/nav2_simple_commander/install.log --single-version-externally-managed
