[0.055s] Invoking command in '/home/adas/Documents/Ayush/dev/straight_ws/build/nav2_common': CMAKE_PREFIX_PATH=${CMAKE_PREFIX_PATH}:/home/adas/Documents/Ayush/dev/straightline_ws/install/examples_tf2_py:/home/adas/Documents/Ayush/dev/straightline_ws/install/nav2_simple_commander:/home/adas/Documents/Ayush/dev/straightline_ws/install/nav2_gazebo_spawner:/opt/ros/foxy /usr/bin/cmake /home/adas/Documents/Ayush/dev/straight_ws/src/navigation2/nav2_common -DCMAKE_INSTALL_PREFIX=/home/adas/Documents/Ayush/dev/straight_ws/install/nav2_common
[0.092s] -- Found ament_cmake_core: 0.9.8 (/opt/ros/foxy/share/ament_cmake_core/cmake)
[0.120s] -- Found PythonInterp: /usr/bin/python3 (found suitable version "3.8.10", minimum required is "3") 
[0.120s] -- Using PYTHON_EXECUTABLE: /usr/bin/python3
[0.474s] -- Found ament_cmake_python: 0.9.8 (/opt/ros/foxy/share/ament_cmake_python/cmake)
[0.621s] -- Configuring done
[0.623s] -- Generating done
[0.624s] -- Build files have been written to: /home/adas/Documents/Ayush/dev/straight_ws/build/nav2_common
[0.631s] Invoked command in '/home/adas/Documents/Ayush/dev/straight_ws/build/nav2_common' returned '0': CMAKE_PREFIX_PATH=${CMAKE_PREFIX_PATH}:/home/adas/Documents/Ayush/dev/straightline_ws/install/examples_tf2_py:/home/adas/Documents/Ayush/dev/straightline_ws/install/nav2_simple_commander:/home/adas/Documents/Ayush/dev/straightline_ws/install/nav2_gazebo_spawner:/opt/ros/foxy /usr/bin/cmake /home/adas/Documents/Ayush/dev/straight_ws/src/navigation2/nav2_common -DCMAKE_INSTALL_PREFIX=/home/adas/Documents/Ayush/dev/straight_ws/install/nav2_common
[0.635s] Invoking command in '/home/adas/Documents/Ayush/dev/straight_ws/build/nav2_common': CMAKE_PREFIX_PATH=${CMAKE_PREFIX_PATH}:/home/adas/Documents/Ayush/dev/straightline_ws/install/examples_tf2_py:/home/adas/Documents/Ayush/dev/straightline_ws/install/nav2_simple_commander:/home/adas/Documents/Ayush/dev/straightline_ws/install/nav2_gazebo_spawner:/opt/ros/foxy /usr/bin/cmake --build /home/adas/Documents/Ayush/dev/straight_ws/build/nav2_common -- -j8 -l8
[0.751s] Invoked command in '/home/adas/Documents/Ayush/dev/straight_ws/build/nav2_common' returned '0': CMAKE_PREFIX_PATH=${CMAKE_PREFIX_PATH}:/home/adas/Documents/Ayush/dev/straightline_ws/install/examples_tf2_py:/home/adas/Documents/Ayush/dev/straightline_ws/install/nav2_simple_commander:/home/adas/Documents/Ayush/dev/straightline_ws/install/nav2_gazebo_spawner:/opt/ros/foxy /usr/bin/cmake --build /home/adas/Documents/Ayush/dev/straight_ws/build/nav2_common -- -j8 -l8
[0.880s] Invoking command in '/home/adas/Documents/Ayush/dev/straight_ws/build/nav2_common': CMAKE_PREFIX_PATH=${CMAKE_PREFIX_PATH}:/home/adas/Documents/Ayush/dev/straightline_ws/install/examples_tf2_py:/home/adas/Documents/Ayush/dev/straightline_ws/install/nav2_simple_commander:/home/adas/Documents/Ayush/dev/straightline_ws/install/nav2_gazebo_spawner:/opt/ros/foxy /usr/bin/cmake --install /home/adas/Documents/Ayush/dev/straight_ws/build/nav2_common
[0.916s] -- Install configuration: ""
[0.917s] -- Installing: /home/adas/Documents/Ayush/dev/straight_ws/install/nav2_common/share/nav2_common/environment/pythonpath.sh
[0.917s] -- Installing: /home/adas/Documents/Ayush/dev/straight_ws/install/nav2_common/share/nav2_common/environment/pythonpath.dsv
[0.917s] -- Installing: /home/adas/Documents/Ayush/dev/straight_ws/install/nav2_common/lib/python3.8/site-packages/nav2_common
[0.917s] -- Installing: /home/adas/Documents/Ayush/dev/straight_ws/install/nav2_common/lib/python3.8/site-packages/nav2_common/launch
[0.918s] -- Installing: /home/adas/Documents/Ayush/dev/straight_ws/install/nav2_common/lib/python3.8/site-packages/nav2_common/launch/rewritten_yaml.py
[0.918s] -- Installing: /home/adas/Documents/Ayush/dev/straight_ws/install/nav2_common/lib/python3.8/site-packages/nav2_common/launch/has_node_params.py
[0.918s] -- Installing: /home/adas/Documents/Ayush/dev/straight_ws/install/nav2_common/lib/python3.8/site-packages/nav2_common/launch/__init__.py
[0.918s] -- Installing: /home/adas/Documents/Ayush/dev/straight_ws/install/nav2_common/lib/python3.8/site-packages/nav2_common/launch/replace_string.py
[0.918s] -- Installing: /home/adas/Documents/Ayush/dev/straight_ws/install/nav2_common/lib/python3.8/site-packages/nav2_common/__init__.py
[0.989s] Listing '/home/adas/Documents/Ayush/dev/straight_ws/install/nav2_common/lib/python3.8/site-packages/nav2_common'...
[0.989s] Compiling '/home/adas/Documents/Ayush/dev/straight_ws/install/nav2_common/lib/python3.8/site-packages/nav2_common/__init__.py'...
[0.989s] Listing '/home/adas/Documents/Ayush/dev/straight_ws/install/nav2_common/lib/python3.8/site-packages/nav2_common/launch'...
[0.989s] Compiling '/home/adas/Documents/Ayush/dev/straight_ws/install/nav2_common/lib/python3.8/site-packages/nav2_common/launch/__init__.py'...
[0.989s] Compiling '/home/adas/Documents/Ayush/dev/straight_ws/install/nav2_common/lib/python3.8/site-packages/nav2_common/launch/has_node_params.py'...
[0.989s] Compiling '/home/adas/Documents/Ayush/dev/straight_ws/install/nav2_common/lib/python3.8/site-packages/nav2_common/launch/replace_string.py'...
[0.989s] Compiling '/home/adas/Documents/Ayush/dev/straight_ws/install/nav2_common/lib/python3.8/site-packages/nav2_common/launch/rewritten_yaml.py'...
[0.995s] -- Installing: /home/adas/Documents/Ayush/dev/straight_ws/install/nav2_common/share/ament_index/resource_index/package_run_dependencies/nav2_common
[0.995s] -- Installing: /home/adas/Documents/Ayush/dev/straight_ws/install/nav2_common/share/ament_index/resource_index/parent_prefix_path/nav2_common
[0.995s] -- Installing: /home/adas/Documents/Ayush/dev/straight_ws/install/nav2_common/share/nav2_common/environment/ament_prefix_path.sh
[0.995s] -- Installing: /home/adas/Documents/Ayush/dev/straight_ws/install/nav2_common/share/nav2_common/environment/ament_prefix_path.dsv
[0.995s] -- Installing: /home/adas/Documents/Ayush/dev/straight_ws/install/nav2_common/share/nav2_common/environment/path.sh
[0.995s] -- Installing: /home/adas/Documents/Ayush/dev/straight_ws/install/nav2_common/share/nav2_common/environment/path.dsv
[0.996s] -- Installing: /home/adas/Documents/Ayush/dev/straight_ws/install/nav2_common/share/nav2_common/local_setup.bash
[0.996s] -- Installing: /home/adas/Documents/Ayush/dev/straight_ws/install/nav2_common/share/nav2_common/local_setup.sh
[1.007s] -- Installing: /home/adas/Documents/Ayush/dev/straight_ws/install/nav2_common/share/nav2_common/local_setup.zsh
[1.008s] -- Installing: /home/adas/Documents/Ayush/dev/straight_ws/install/nav2_common/share/nav2_common/local_setup.dsv
[1.008s] -- Installing: /home/adas/Documents/Ayush/dev/straight_ws/install/nav2_common/share/nav2_common/package.dsv
[1.008s] -- Installing: /home/adas/Documents/Ayush/dev/straight_ws/install/nav2_common/share/ament_index/resource_index/packages/nav2_common
[1.008s] -- Installing: /home/adas/Documents/Ayush/dev/straight_ws/install/nav2_common/share/nav2_common/cmake/nav2_common-extras.cmake
[1.008s] -- Installing: /home/adas/Documents/Ayush/dev/straight_ws/install/nav2_common/share/nav2_common/cmake/nav2_commonConfig.cmake
[1.008s] -- Installing: /home/adas/Documents/Ayush/dev/straight_ws/install/nav2_common/share/nav2_common/cmake/nav2_commonConfig-version.cmake
[1.009s] -- Installing: /home/adas/Documents/Ayush/dev/straight_ws/install/nav2_common/share/nav2_common/package.xml
[1.009s] -- Up-to-date: /home/adas/Documents/Ayush/dev/straight_ws/install/nav2_common/share/nav2_common/cmake
[1.009s] -- Installing: /home/adas/Documents/Ayush/dev/straight_ws/install/nav2_common/share/nav2_common/cmake/nav2_package.cmake
[1.009s] Invoked command in '/home/adas/Documents/Ayush/dev/straight_ws/build/nav2_common' returned '0': CMAKE_PREFIX_PATH=${CMAKE_PREFIX_PATH}:/home/adas/Documents/Ayush/dev/straightline_ws/install/examples_tf2_py:/home/adas/Documents/Ayush/dev/straightline_ws/install/nav2_simple_commander:/home/adas/Documents/Ayush/dev/straightline_ws/install/nav2_gazebo_spawner:/opt/ros/foxy /usr/bin/cmake --install /home/adas/Documents/Ayush/dev/straight_ws/build/nav2_common
