[0.059s] Invoking command in '/home/adas/Documents/Ayush/dev/straight_ws/build/tf2_msgs': CMAKE_PREFIX_PATH=${CMAKE_PREFIX_PATH}:/home/adas/Documents/Ayush/dev/straightline_ws/install/examples_tf2_py:/home/adas/Documents/Ayush/dev/straightline_ws/install/nav2_simple_commander:/home/adas/Documents/Ayush/dev/straightline_ws/install/nav2_gazebo_spawner:/opt/ros/foxy /usr/bin/cmake /home/adas/Documents/Ayush/dev/straight_ws/src/geometry2/tf2_msgs -DCMAKE_INSTALL_PREFIX=/home/adas/Documents/Ayush/dev/straight_ws/install/tf2_msgs
[0.145s] -- The C compiler identification is GNU 9.3.0
[0.237s] -- The CXX compiler identification is GNU 9.3.0
[0.247s] -- Check for working C compiler: /usr/bin/cc
[0.407s] -- Check for working C compiler: /usr/bin/cc -- works
[0.408s] -- Detecting C compiler ABI info
[0.608s] -- Detecting C compiler ABI info - done
[0.626s] -- Detecting C compile features
[0.626s] -- Detecting C compile features - done
[0.630s] -- Check for working CXX compiler: /usr/bin/c++
[0.848s] -- Check for working CXX compiler: /usr/bin/c++ -- works
[0.849s] -- Detecting CXX compiler ABI info
[1.038s] -- Detecting CXX compiler ABI info - done
[1.052s] -- Detecting CXX compile features
[1.053s] -- Detecting CXX compile features - done
[1.062s] -- Found ament_cmake: 0.9.8 (/opt/ros/foxy/share/ament_cmake/cmake)
[1.114s] -- Found PythonInterp: /usr/bin/python3 (found suitable version "3.8.10", minimum required is "3") 
[1.115s] -- Using PYTHON_EXECUTABLE: /usr/bin/python3
[1.532s] -- Found rosidl_default_generators: 1.0.1 (/opt/ros/foxy/share/rosidl_default_generators/cmake)
[1.554s] -- Using all available rosidl_typesupport_c: rosidl_typesupport_fastrtps_c;rosidl_typesupport_introspection_c
[1.571s] -- Found rosidl_adapter: 1.2.1 (/opt/ros/foxy/share/rosidl_adapter/cmake)
[1.759s] -- Found OpenSSL: /usr/lib/x86_64-linux-gnu/libcrypto.so (found version "1.1.1f")  
[1.810s] -- Found FastRTPS: /opt/ros/foxy/include  
[1.968s] -- Using all available rosidl_typesupport_cpp: rosidl_typesupport_fastrtps_cpp;rosidl_typesupport_introspection_cpp
[2.026s] -- Found builtin_interfaces: 1.0.0 (/opt/ros/foxy/share/builtin_interfaces/cmake)
[2.056s] -- Found action_msgs: 1.0.0 (/opt/ros/foxy/share/action_msgs/cmake)
[2.128s] -- Found std_msgs: 2.0.4 (/opt/ros/foxy/share/std_msgs/cmake)
[2.157s] -- Found geometry_msgs: 2.0.4 (/opt/ros/foxy/share/geometry_msgs/cmake)
[2.245s] -- Found PythonInterp: /usr/bin/python3 (found version "3.8.10") 
[2.667s] -- Found ament_cmake_cppcheck: 0.9.6 (/opt/ros/foxy/share/ament_cmake_cppcheck/cmake)
[2.675s] -- Found ament_cmake_cpplint: 0.9.6 (/opt/ros/foxy/share/ament_cmake_cpplint/cmake)
[2.684s] -- Found ament_cmake_uncrustify: 0.9.6 (/opt/ros/foxy/share/ament_cmake_uncrustify/cmake)
[2.693s] -- Found ament_cmake_ros: 0.9.2 (/opt/ros/foxy/share/ament_cmake_ros/cmake)
[3.393s] -- Using all available rosidl_typesupport_c: rosidl_typesupport_fastrtps_c;rosidl_typesupport_introspection_c
[3.906s] -- Using all available rosidl_typesupport_cpp: rosidl_typesupport_fastrtps_cpp;rosidl_typesupport_introspection_cpp
[4.009s] -- Found PythonInterp: /usr/bin/python3 (found suitable version "3.8.10", minimum required is "3.5") 
[4.048s] -- Found python_cmake_module: 0.8.1 (/opt/ros/foxy/share/python_cmake_module/cmake)
[4.092s] -- Found PythonLibs: /usr/lib/x86_64-linux-gnu/libpython3.8.so (found suitable version "3.8.10", minimum required is "3.5") 
[4.092s] -- Using PYTHON_EXECUTABLE: /usr/bin/python3
[4.093s] -- Using PYTHON_INCLUDE_DIRS: /usr/include/python3.8
[4.093s] -- Using PYTHON_LIBRARIES: /usr/lib/x86_64-linux-gnu/libpython3.8.so
[4.184s] -- Found PythonExtra: .so  
[4.603s] -- Found ament_cmake_flake8: 0.9.6 (/opt/ros/foxy/share/ament_cmake_flake8/cmake)
[4.614s] -- Found ament_cmake_pep257: 0.9.6 (/opt/ros/foxy/share/ament_cmake_pep257/cmake)
[4.630s] -- Configuring done
[4.762s] -- Generating done
[4.775s] -- Build files have been written to: /home/adas/Documents/Ayush/dev/straight_ws/build/tf2_msgs
[4.810s] Invoked command in '/home/adas/Documents/Ayush/dev/straight_ws/build/tf2_msgs' returned '0': CMAKE_PREFIX_PATH=${CMAKE_PREFIX_PATH}:/home/adas/Documents/Ayush/dev/straightline_ws/install/examples_tf2_py:/home/adas/Documents/Ayush/dev/straightline_ws/install/nav2_simple_commander:/home/adas/Documents/Ayush/dev/straightline_ws/install/nav2_gazebo_spawner:/opt/ros/foxy /usr/bin/cmake /home/adas/Documents/Ayush/dev/straight_ws/src/geometry2/tf2_msgs -DCMAKE_INSTALL_PREFIX=/home/adas/Documents/Ayush/dev/straight_ws/install/tf2_msgs
[4.811s] Invoking command in '/home/adas/Documents/Ayush/dev/straight_ws/build/tf2_msgs': CMAKE_PREFIX_PATH=${CMAKE_PREFIX_PATH}:/home/adas/Documents/Ayush/dev/straightline_ws/install/examples_tf2_py:/home/adas/Documents/Ayush/dev/straightline_ws/install/nav2_simple_commander:/home/adas/Documents/Ayush/dev/straightline_ws/install/nav2_gazebo_spawner:/opt/ros/foxy /usr/bin/cmake --build /home/adas/Documents/Ayush/dev/straight_ws/build/tf2_msgs -- -j8 -l8
[4.926s] [35m[1mScanning dependencies of target tf2_msgs__cpp[0m
[4.966s] [  1%] [34m[1mGenerating C code for ROS interfaces[0m
[4.974s] [  3%] [34m[1mGenerating C++ code for ROS interfaces[0m
[6.391s] [  3%] Built target tf2_msgs__cpp
[6.419s] [  5%] [34m[1mGenerating C++ type support for eProsima Fast-RTPS[0m
[6.458s] [  7%] [34m[1mGenerating C++ type support dispatch for ROS interfaces[0m
[6.479s] [  9%] [34m[1mGenerating C++ introspection for ROS interfaces[0m
[6.811s] [35m[1mScanning dependencies of target tf2_msgs__rosidl_generator_c[0m
[6.910s] [ 10%] [32mBuilding C object CMakeFiles/tf2_msgs__rosidl_generator_c.dir/rosidl_generator_c/tf2_msgs/msg/detail/tf2_error__functions.c.o[0m
[6.930s] [ 12%] [32mBuilding C object CMakeFiles/tf2_msgs__rosidl_generator_c.dir/rosidl_generator_c/tf2_msgs/msg/detail/tf_message__functions.c.o[0m
[6.940s] [ 14%] [32mBuilding C object CMakeFiles/tf2_msgs__rosidl_generator_c.dir/rosidl_generator_c/tf2_msgs/srv/detail/frame_graph__functions.c.o[0m
[6.983s] [ 16%] [32mBuilding C object CMakeFiles/tf2_msgs__rosidl_generator_c.dir/rosidl_generator_c/tf2_msgs/action/detail/lookup_transform__functions.c.o[0m
[7.224s] [ 18%] [32m[1mLinking C shared library libtf2_msgs__rosidl_generator_c.so[0m
[7.427s] [ 18%] Built target tf2_msgs__rosidl_generator_c
[7.471s] [ 20%] [34m[1mGenerating C introspection for ROS interfaces[0m
[7.552s] [ 21%] [34m[1mGenerating C type support dispatch for ROS interfaces[0m
[7.575s] [35m[1mScanning dependencies of target tf2_msgs__rosidl_typesupport_cpp[0m
[7.659s] [ 23%] [32mBuilding CXX object CMakeFiles/tf2_msgs__rosidl_typesupport_cpp.dir/rosidl_typesupport_cpp/tf2_msgs/msg/tf2_error__type_support.cpp.o[0m
[7.678s] [ 25%] [32mBuilding CXX object CMakeFiles/tf2_msgs__rosidl_typesupport_cpp.dir/rosidl_typesupport_cpp/tf2_msgs/srv/frame_graph__type_support.cpp.o[0m
[7.690s] [ 27%] [32mBuilding CXX object CMakeFiles/tf2_msgs__rosidl_typesupport_cpp.dir/rosidl_typesupport_cpp/tf2_msgs/msg/tf_message__type_support.cpp.o[0m
[7.741s] [ 29%] [32mBuilding CXX object CMakeFiles/tf2_msgs__rosidl_typesupport_cpp.dir/rosidl_typesupport_cpp/tf2_msgs/action/lookup_transform__type_support.cpp.o[0m
[8.071s] [35m[1mScanning dependencies of target tf2_msgs__rosidl_typesupport_introspection_cpp[0m
[8.090s] [35m[1mScanning dependencies of target tf2_msgs__rosidl_typesupport_fastrtps_cpp[0m
[8.185s] [ 30%] [32mBuilding CXX object CMakeFiles/tf2_msgs__rosidl_typesupport_introspection_cpp.dir/rosidl_typesupport_introspection_cpp/tf2_msgs/msg/detail/tf2_error__type_support.cpp.o[0m
[8.214s] [ 32%] [32mBuilding CXX object CMakeFiles/tf2_msgs__rosidl_typesupport_fastrtps_cpp.dir/rosidl_typesupport_fastrtps_cpp/tf2_msgs/msg/detail/dds_fastrtps/tf2_error__type_support.cpp.o[0m
[8.921s] [ 34%] [32mBuilding CXX object CMakeFiles/tf2_msgs__rosidl_typesupport_fastrtps_cpp.dir/rosidl_typesupport_fastrtps_cpp/tf2_msgs/msg/detail/dds_fastrtps/tf_message__type_support.cpp.o[0m
[8.935s] [ 36%] [32mBuilding CXX object CMakeFiles/tf2_msgs__rosidl_typesupport_fastrtps_cpp.dir/rosidl_typesupport_fastrtps_cpp/tf2_msgs/srv/detail/dds_fastrtps/frame_graph__type_support.cpp.o[0m
[8.972s] [ 38%] [32mBuilding CXX object CMakeFiles/tf2_msgs__rosidl_typesupport_introspection_cpp.dir/rosidl_typesupport_introspection_cpp/tf2_msgs/msg/detail/tf_message__type_support.cpp.o[0m
[9.195s] [ 40%] [32m[1mLinking CXX shared library libtf2_msgs__rosidl_typesupport_cpp.so[0m
[9.388s] [35m[1mScanning dependencies of target tf2_msgs__rosidl_typesupport_c[0m
[9.442s] [ 40%] Built target tf2_msgs__rosidl_typesupport_cpp
[9.534s] [ 41%] [32mBuilding CXX object CMakeFiles/tf2_msgs__rosidl_typesupport_fastrtps_cpp.dir/rosidl_typesupport_fastrtps_cpp/tf2_msgs/action/detail/dds_fastrtps/lookup_transform__type_support.cpp.o[0m
[9.534s] [ 43%] [32mBuilding CXX object CMakeFiles/tf2_msgs__rosidl_typesupport_c.dir/rosidl_typesupport_c/tf2_msgs/msg/tf2_error__type_support.cpp.o[0m
[9.627s] [ 45%] [32mBuilding CXX object CMakeFiles/tf2_msgs__rosidl_typesupport_introspection_cpp.dir/rosidl_typesupport_introspection_cpp/tf2_msgs/srv/detail/frame_graph__type_support.cpp.o[0m
[9.676s] [35m[1mScanning dependencies of target tf2_msgs__rosidl_typesupport_introspection_c[0m
[9.719s] [ 47%] [32mBuilding CXX object CMakeFiles/tf2_msgs__rosidl_typesupport_c.dir/rosidl_typesupport_c/tf2_msgs/msg/tf_message__type_support.cpp.o[0m
[9.764s] [ 49%] [32mBuilding C object CMakeFiles/tf2_msgs__rosidl_typesupport_introspection_c.dir/rosidl_typesupport_introspection_c/tf2_msgs/msg/detail/tf2_error__type_support.c.o[0m
[9.947s] [ 50%] [32mBuilding CXX object CMakeFiles/tf2_msgs__rosidl_typesupport_c.dir/rosidl_typesupport_c/tf2_msgs/srv/frame_graph__type_support.cpp.o[0m
[9.998s] [ 52%] [32mBuilding C object CMakeFiles/tf2_msgs__rosidl_typesupport_introspection_c.dir/rosidl_typesupport_introspection_c/tf2_msgs/msg/detail/tf_message__type_support.c.o[0m
[10.027s] [ 54%] [32mBuilding CXX object CMakeFiles/tf2_msgs__rosidl_typesupport_introspection_cpp.dir/rosidl_typesupport_introspection_cpp/tf2_msgs/action/detail/lookup_transform__type_support.cpp.o[0m
[10.108s] [ 56%] [32mBuilding CXX object CMakeFiles/tf2_msgs__rosidl_typesupport_c.dir/rosidl_typesupport_c/tf2_msgs/action/lookup_transform__type_support.cpp.o[0m
[10.208s] [ 58%] [32mBuilding C object CMakeFiles/tf2_msgs__rosidl_typesupport_introspection_c.dir/rosidl_typesupport_introspection_c/tf2_msgs/action/detail/lookup_transform__type_support.c.o[0m
[10.221s] [ 60%] [32mBuilding C object CMakeFiles/tf2_msgs__rosidl_typesupport_introspection_c.dir/rosidl_typesupport_introspection_c/tf2_msgs/srv/detail/frame_graph__type_support.c.o[0m
[10.330s] [ 61%] [32m[1mLinking CXX shared library libtf2_msgs__rosidl_typesupport_c.so[0m
[10.406s] [ 61%] Built target tf2_msgs__rosidl_typesupport_c
[10.441s] [ 63%] [32m[1mLinking C shared library libtf2_msgs__rosidl_typesupport_introspection_c.so[0m
[10.650s] [ 63%] Built target tf2_msgs__rosidl_typesupport_introspection_c
[10.901s] [ 65%] [32m[1mLinking CXX shared library libtf2_msgs__rosidl_typesupport_fastrtps_cpp.so[0m
[10.989s] [ 67%] [32m[1mLinking CXX shared library libtf2_msgs__rosidl_typesupport_introspection_cpp.so[0m
[11.262s] [ 67%] Built target tf2_msgs__rosidl_typesupport_fastrtps_cpp
[11.285s] [ 67%] Built target tf2_msgs__rosidl_typesupport_introspection_cpp
[11.340s] [ 69%] [34m[1mGenerating C type support for eProsima Fast-RTPS[0m
[12.986s] [35m[1mScanning dependencies of target tf2_msgs__rosidl_typesupport_fastrtps_c[0m
[13.109s] [ 70%] [32mBuilding CXX object CMakeFiles/tf2_msgs__rosidl_typesupport_fastrtps_c.dir/rosidl_typesupport_fastrtps_c/tf2_msgs/msg/detail/tf2_error__type_support_c.cpp.o[0m
[13.130s] [ 72%] [32mBuilding CXX object CMakeFiles/tf2_msgs__rosidl_typesupport_fastrtps_c.dir/rosidl_typesupport_fastrtps_c/tf2_msgs/msg/detail/tf_message__type_support_c.cpp.o[0m
[13.155s] [ 74%] [32mBuilding CXX object CMakeFiles/tf2_msgs__rosidl_typesupport_fastrtps_c.dir/rosidl_typesupport_fastrtps_c/tf2_msgs/srv/detail/frame_graph__type_support_c.cpp.o[0m
[13.159s] [ 76%] [32mBuilding CXX object CMakeFiles/tf2_msgs__rosidl_typesupport_fastrtps_c.dir/rosidl_typesupport_fastrtps_c/tf2_msgs/action/detail/lookup_transform__type_support_c.cpp.o[0m
[14.484s] [ 78%] [32m[1mLinking CXX shared library libtf2_msgs__rosidl_typesupport_fastrtps_c.so[0m
[14.776s] [ 78%] Built target tf2_msgs__rosidl_typesupport_fastrtps_c
[14.803s] [35m[1mScanning dependencies of target tf2_msgs[0m
[14.849s] [ 78%] Built target tf2_msgs
[14.905s] [35m[1mScanning dependencies of target tf2_msgs__py[0m
[15.009s] [ 80%] [34m[1mGenerating Python code for ROS interfaces[0m
[17.429s] [ 80%] Built target tf2_msgs__py
[17.527s] [35m[1mScanning dependencies of target tf2_msgs__python[0m
[17.650s] [ 81%] [32mBuilding C object CMakeFiles/tf2_msgs__python.dir/rosidl_generator_py/tf2_msgs/msg/_tf2_error_s.c.o[0m
[17.661s] [ 83%] [32mBuilding C object CMakeFiles/tf2_msgs__python.dir/rosidl_generator_py/tf2_msgs/srv/_frame_graph_s.c.o[0m
[17.685s] [ 85%] [32mBuilding C object CMakeFiles/tf2_msgs__python.dir/rosidl_generator_py/tf2_msgs/msg/_tf_message_s.c.o[0m
[17.699s] [ 87%] [32mBuilding C object CMakeFiles/tf2_msgs__python.dir/rosidl_generator_py/tf2_msgs/action/_lookup_transform_s.c.o[0m
[18.024s] [ 89%] [32m[1mLinking C shared library rosidl_generator_py/tf2_msgs/libtf2_msgs__python.so[0m
[18.128s] [ 89%] Built target tf2_msgs__python
[18.193s] [35m[1mScanning dependencies of target tf2_msgs__rosidl_typesupport_introspection_c__pyext[0m
[18.218s] [35m[1mScanning dependencies of target tf2_msgs__rosidl_typesupport_c__pyext[0m
[18.226s] [35m[1mScanning dependencies of target tf2_msgs__rosidl_typesupport_fastrtps_c__pyext[0m
[18.293s] [ 90%] [32mBuilding C object CMakeFiles/tf2_msgs__rosidl_typesupport_introspection_c__pyext.dir/rosidl_generator_py/tf2_msgs/_tf2_msgs_s.ep.rosidl_typesupport_introspection_c.c.o[0m
[18.305s] [ 92%] [32mBuilding C object CMakeFiles/tf2_msgs__rosidl_typesupport_fastrtps_c__pyext.dir/rosidl_generator_py/tf2_msgs/_tf2_msgs_s.ep.rosidl_typesupport_fastrtps_c.c.o[0m
[18.318s] [ 94%] [32mBuilding C object CMakeFiles/tf2_msgs__rosidl_typesupport_c__pyext.dir/rosidl_generator_py/tf2_msgs/_tf2_msgs_s.ep.rosidl_typesupport_c.c.o[0m
[18.574s] [ 96%] [32m[1mLinking C shared library rosidl_generator_py/tf2_msgs/tf2_msgs_s__rosidl_typesupport_introspection_c.cpython-38-x86_64-linux-gnu.so[0m
[18.640s] [ 98%] [32m[1mLinking CXX shared library rosidl_generator_py/tf2_msgs/tf2_msgs_s__rosidl_typesupport_fastrtps_c.cpython-38-x86_64-linux-gnu.so[0m
[18.696s] [100%] [32m[1mLinking C shared library rosidl_generator_py/tf2_msgs/tf2_msgs_s__rosidl_typesupport_c.cpython-38-x86_64-linux-gnu.so[0m
[18.738s] [100%] Built target tf2_msgs__rosidl_typesupport_introspection_c__pyext
[18.840s] [100%] Built target tf2_msgs__rosidl_typesupport_fastrtps_c__pyext
[18.851s] [100%] Built target tf2_msgs__rosidl_typesupport_c__pyext
[18.889s] Invoked command in '/home/adas/Documents/Ayush/dev/straight_ws/build/tf2_msgs' returned '0': CMAKE_PREFIX_PATH=${CMAKE_PREFIX_PATH}:/home/adas/Documents/Ayush/dev/straightline_ws/install/examples_tf2_py:/home/adas/Documents/Ayush/dev/straightline_ws/install/nav2_simple_commander:/home/adas/Documents/Ayush/dev/straightline_ws/install/nav2_gazebo_spawner:/opt/ros/foxy /usr/bin/cmake --build /home/adas/Documents/Ayush/dev/straight_ws/build/tf2_msgs -- -j8 -l8
[20.338s] Invoking command in '/home/adas/Documents/Ayush/dev/straight_ws/build/tf2_msgs': CMAKE_PREFIX_PATH=${CMAKE_PREFIX_PATH}:/home/adas/Documents/Ayush/dev/straightline_ws/install/examples_tf2_py:/home/adas/Documents/Ayush/dev/straightline_ws/install/nav2_simple_commander:/home/adas/Documents/Ayush/dev/straightline_ws/install/nav2_gazebo_spawner:/opt/ros/foxy /usr/bin/cmake --install /home/adas/Documents/Ayush/dev/straight_ws/build/tf2_msgs
[20.373s] -- Install configuration: ""
[20.374s] -- Installing: /home/adas/Documents/Ayush/dev/straight_ws/install/tf2_msgs/share/ament_index/resource_index/rosidl_interfaces/tf2_msgs
[20.374s] -- Installing: /home/adas/Documents/Ayush/dev/straight_ws/install/tf2_msgs/include/tf2_msgs
[20.374s] -- Installing: /home/adas/Documents/Ayush/dev/straight_ws/install/tf2_msgs/include/tf2_msgs/srv
[20.374s] -- Installing: /home/adas/Documents/Ayush/dev/straight_ws/install/tf2_msgs/include/tf2_msgs/srv/frame_graph.h
[20.374s] -- Installing: /home/adas/Documents/Ayush/dev/straight_ws/install/tf2_msgs/include/tf2_msgs/srv/detail
[20.374s] -- Installing: /home/adas/Documents/Ayush/dev/straight_ws/install/tf2_msgs/include/tf2_msgs/srv/detail/frame_graph__functions.h
[20.375s] -- Installing: /home/adas/Documents/Ayush/dev/straight_ws/install/tf2_msgs/include/tf2_msgs/srv/detail/frame_graph__functions.c
[20.375s] -- Installing: /home/adas/Documents/Ayush/dev/straight_ws/install/tf2_msgs/include/tf2_msgs/srv/detail/frame_graph__type_support.h
[20.375s] -- Installing: /home/adas/Documents/Ayush/dev/straight_ws/install/tf2_msgs/include/tf2_msgs/srv/detail/frame_graph__struct.h
[20.375s] -- Installing: /home/adas/Documents/Ayush/dev/straight_ws/install/tf2_msgs/include/tf2_msgs/action
[20.375s] -- Installing: /home/adas/Documents/Ayush/dev/straight_ws/install/tf2_msgs/include/tf2_msgs/action/lookup_transform.h
[20.375s] -- Installing: /home/adas/Documents/Ayush/dev/straight_ws/install/tf2_msgs/include/tf2_msgs/action/detail
[20.376s] -- Installing: /home/adas/Documents/Ayush/dev/straight_ws/install/tf2_msgs/include/tf2_msgs/action/detail/lookup_transform__struct.h
[20.376s] -- Installing: /home/adas/Documents/Ayush/dev/straight_ws/install/tf2_msgs/include/tf2_msgs/action/detail/lookup_transform__functions.c
[20.376s] -- Installing: /home/adas/Documents/Ayush/dev/straight_ws/install/tf2_msgs/include/tf2_msgs/action/detail/lookup_transform__functions.h
[20.376s] -- Installing: /home/adas/Documents/Ayush/dev/straight_ws/install/tf2_msgs/include/tf2_msgs/action/detail/lookup_transform__type_support.h
[20.376s] -- Installing: /home/adas/Documents/Ayush/dev/straight_ws/install/tf2_msgs/include/tf2_msgs/msg
[20.376s] -- Installing: /home/adas/Documents/Ayush/dev/straight_ws/install/tf2_msgs/include/tf2_msgs/msg/tf_message.h
[20.377s] -- Installing: /home/adas/Documents/Ayush/dev/straight_ws/install/tf2_msgs/include/tf2_msgs/msg/tf2_error.h
[20.377s] -- Installing: /home/adas/Documents/Ayush/dev/straight_ws/install/tf2_msgs/include/tf2_msgs/msg/rosidl_generator_c__visibility_control.h
[20.377s] -- Installing: /home/adas/Documents/Ayush/dev/straight_ws/install/tf2_msgs/include/tf2_msgs/msg/detail
[20.377s] -- Installing: /home/adas/Documents/Ayush/dev/straight_ws/install/tf2_msgs/include/tf2_msgs/msg/detail/tf_message__functions.h
[20.377s] -- Installing: /home/adas/Documents/Ayush/dev/straight_ws/install/tf2_msgs/include/tf2_msgs/msg/detail/tf2_error__functions.c
[20.377s] -- Installing: /home/adas/Documents/Ayush/dev/straight_ws/install/tf2_msgs/include/tf2_msgs/msg/detail/tf2_error__functions.h
[20.378s] -- Installing: /home/adas/Documents/Ayush/dev/straight_ws/install/tf2_msgs/include/tf2_msgs/msg/detail/tf2_error__type_support.h
[20.378s] -- Installing: /home/adas/Documents/Ayush/dev/straight_ws/install/tf2_msgs/include/tf2_msgs/msg/detail/tf_message__functions.c
[20.378s] -- Installing: /home/adas/Documents/Ayush/dev/straight_ws/install/tf2_msgs/include/tf2_msgs/msg/detail/tf2_error__struct.h
[20.378s] -- Installing: /home/adas/Documents/Ayush/dev/straight_ws/install/tf2_msgs/include/tf2_msgs/msg/detail/tf_message__struct.h
[20.378s] -- Installing: /home/adas/Documents/Ayush/dev/straight_ws/install/tf2_msgs/include/tf2_msgs/msg/detail/tf_message__type_support.h
[20.379s] -- Installing: /home/adas/Documents/Ayush/dev/straight_ws/install/tf2_msgs/share/tf2_msgs/environment/library_path.sh
[20.379s] -- Installing: /home/adas/Documents/Ayush/dev/straight_ws/install/tf2_msgs/share/tf2_msgs/environment/library_path.dsv
[20.379s] -- Installing: /home/adas/Documents/Ayush/dev/straight_ws/install/tf2_msgs/lib/libtf2_msgs__rosidl_generator_c.so
[20.380s] -- Set runtime path of "/home/adas/Documents/Ayush/dev/straight_ws/install/tf2_msgs/lib/libtf2_msgs__rosidl_generator_c.so" to ""
[20.380s] -- Up-to-date: /home/adas/Documents/Ayush/dev/straight_ws/install/tf2_msgs/include/tf2_msgs
[20.380s] -- Up-to-date: /home/adas/Documents/Ayush/dev/straight_ws/install/tf2_msgs/include/tf2_msgs/srv
[20.380s] -- Up-to-date: /home/adas/Documents/Ayush/dev/straight_ws/install/tf2_msgs/include/tf2_msgs/srv/detail
[20.380s] -- Installing: /home/adas/Documents/Ayush/dev/straight_ws/install/tf2_msgs/include/tf2_msgs/srv/detail/frame_graph__rosidl_typesupport_fastrtps_c.h
[20.381s] -- Up-to-date: /home/adas/Documents/Ayush/dev/straight_ws/install/tf2_msgs/include/tf2_msgs/action
[20.381s] -- Up-to-date: /home/adas/Documents/Ayush/dev/straight_ws/install/tf2_msgs/include/tf2_msgs/action/detail
[20.381s] -- Installing: /home/adas/Documents/Ayush/dev/straight_ws/install/tf2_msgs/include/tf2_msgs/action/detail/lookup_transform__rosidl_typesupport_fastrtps_c.h
[20.381s] -- Up-to-date: /home/adas/Documents/Ayush/dev/straight_ws/install/tf2_msgs/include/tf2_msgs/msg
[20.381s] -- Installing: /home/adas/Documents/Ayush/dev/straight_ws/install/tf2_msgs/include/tf2_msgs/msg/rosidl_typesupport_fastrtps_c__visibility_control.h
[20.381s] -- Up-to-date: /home/adas/Documents/Ayush/dev/straight_ws/install/tf2_msgs/include/tf2_msgs/msg/detail
[20.381s] -- Installing: /home/adas/Documents/Ayush/dev/straight_ws/install/tf2_msgs/include/tf2_msgs/msg/detail/tf_message__rosidl_typesupport_fastrtps_c.h
[20.382s] -- Installing: /home/adas/Documents/Ayush/dev/straight_ws/install/tf2_msgs/include/tf2_msgs/msg/detail/tf2_error__rosidl_typesupport_fastrtps_c.h
[20.382s] -- Installing: /home/adas/Documents/Ayush/dev/straight_ws/install/tf2_msgs/lib/libtf2_msgs__rosidl_typesupport_fastrtps_c.so
[20.382s] -- Set runtime path of "/home/adas/Documents/Ayush/dev/straight_ws/install/tf2_msgs/lib/libtf2_msgs__rosidl_typesupport_fastrtps_c.so" to ""
[20.382s] -- Up-to-date: /home/adas/Documents/Ayush/dev/straight_ws/install/tf2_msgs/include/tf2_msgs
[20.382s] -- Up-to-date: /home/adas/Documents/Ayush/dev/straight_ws/install/tf2_msgs/include/tf2_msgs/srv
[20.383s] -- Up-to-date: /home/adas/Documents/Ayush/dev/straight_ws/install/tf2_msgs/include/tf2_msgs/srv/detail
[20.383s] -- Installing: /home/adas/Documents/Ayush/dev/straight_ws/install/tf2_msgs/include/tf2_msgs/srv/detail/dds_fastrtps
[20.383s] -- Installing: /home/adas/Documents/Ayush/dev/straight_ws/install/tf2_msgs/include/tf2_msgs/srv/detail/frame_graph__rosidl_typesupport_fastrtps_cpp.hpp
[20.383s] -- Up-to-date: /home/adas/Documents/Ayush/dev/straight_ws/install/tf2_msgs/include/tf2_msgs/action
[20.383s] -- Up-to-date: /home/adas/Documents/Ayush/dev/straight_ws/install/tf2_msgs/include/tf2_msgs/action/detail
[20.384s] -- Installing: /home/adas/Documents/Ayush/dev/straight_ws/install/tf2_msgs/include/tf2_msgs/action/detail/dds_fastrtps
[20.384s] -- Installing: /home/adas/Documents/Ayush/dev/straight_ws/install/tf2_msgs/include/tf2_msgs/action/detail/lookup_transform__rosidl_typesupport_fastrtps_cpp.hpp
[20.390s] -- Up-to-date: /home/adas/Documents/Ayush/dev/straight_ws/install/tf2_msgs/include/tf2_msgs/msg
[20.390s] -- Installing: /home/adas/Documents/Ayush/dev/straight_ws/install/tf2_msgs/include/tf2_msgs/msg/rosidl_typesupport_fastrtps_cpp__visibility_control.h
[20.390s] -- Up-to-date: /home/adas/Documents/Ayush/dev/straight_ws/install/tf2_msgs/include/tf2_msgs/msg/detail
[20.390s] -- Installing: /home/adas/Documents/Ayush/dev/straight_ws/install/tf2_msgs/include/tf2_msgs/msg/detail/dds_fastrtps
[20.391s] -- Installing: /home/adas/Documents/Ayush/dev/straight_ws/install/tf2_msgs/include/tf2_msgs/msg/detail/tf2_error__rosidl_typesupport_fastrtps_cpp.hpp
[20.391s] -- Installing: /home/adas/Documents/Ayush/dev/straight_ws/install/tf2_msgs/include/tf2_msgs/msg/detail/tf_message__rosidl_typesupport_fastrtps_cpp.hpp
[20.391s] -- Installing: /home/adas/Documents/Ayush/dev/straight_ws/install/tf2_msgs/lib/libtf2_msgs__rosidl_typesupport_fastrtps_cpp.so
[20.391s] -- Set runtime path of "/home/adas/Documents/Ayush/dev/straight_ws/install/tf2_msgs/lib/libtf2_msgs__rosidl_typesupport_fastrtps_cpp.so" to ""
[20.392s] -- Up-to-date: /home/adas/Documents/Ayush/dev/straight_ws/install/tf2_msgs/include/tf2_msgs
[20.392s] -- Up-to-date: /home/adas/Documents/Ayush/dev/straight_ws/install/tf2_msgs/include/tf2_msgs/srv
[20.392s] -- Up-to-date: /home/adas/Documents/Ayush/dev/straight_ws/install/tf2_msgs/include/tf2_msgs/srv/detail
[20.392s] -- Installing: /home/adas/Documents/Ayush/dev/straight_ws/install/tf2_msgs/include/tf2_msgs/srv/detail/frame_graph__type_support.c
[20.392s] -- Installing: /home/adas/Documents/Ayush/dev/straight_ws/install/tf2_msgs/include/tf2_msgs/srv/detail/frame_graph__rosidl_typesupport_introspection_c.h
[20.392s] -- Up-to-date: /home/adas/Documents/Ayush/dev/straight_ws/install/tf2_msgs/include/tf2_msgs/action
[20.392s] -- Up-to-date: /home/adas/Documents/Ayush/dev/straight_ws/install/tf2_msgs/include/tf2_msgs/action/detail
[20.392s] -- Installing: /home/adas/Documents/Ayush/dev/straight_ws/install/tf2_msgs/include/tf2_msgs/action/detail/lookup_transform__type_support.c
[20.393s] -- Installing: /home/adas/Documents/Ayush/dev/straight_ws/install/tf2_msgs/include/tf2_msgs/action/detail/lookup_transform__rosidl_typesupport_introspection_c.h
[20.393s] -- Up-to-date: /home/adas/Documents/Ayush/dev/straight_ws/install/tf2_msgs/include/tf2_msgs/msg
[20.393s] -- Installing: /home/adas/Documents/Ayush/dev/straight_ws/install/tf2_msgs/include/tf2_msgs/msg/rosidl_typesupport_introspection_c__visibility_control.h
[20.393s] -- Up-to-date: /home/adas/Documents/Ayush/dev/straight_ws/install/tf2_msgs/include/tf2_msgs/msg/detail
[20.393s] -- Installing: /home/adas/Documents/Ayush/dev/straight_ws/install/tf2_msgs/include/tf2_msgs/msg/detail/tf2_error__type_support.c
[20.393s] -- Installing: /home/adas/Documents/Ayush/dev/straight_ws/install/tf2_msgs/include/tf2_msgs/msg/detail/tf_message__rosidl_typesupport_introspection_c.h
[20.393s] -- Installing: /home/adas/Documents/Ayush/dev/straight_ws/install/tf2_msgs/include/tf2_msgs/msg/detail/tf_message__type_support.c
[20.394s] -- Installing: /home/adas/Documents/Ayush/dev/straight_ws/install/tf2_msgs/include/tf2_msgs/msg/detail/tf2_error__rosidl_typesupport_introspection_c.h
[20.394s] -- Installing: /home/adas/Documents/Ayush/dev/straight_ws/install/tf2_msgs/lib/libtf2_msgs__rosidl_typesupport_introspection_c.so
[20.394s] -- Set runtime path of "/home/adas/Documents/Ayush/dev/straight_ws/install/tf2_msgs/lib/libtf2_msgs__rosidl_typesupport_introspection_c.so" to ""
[20.394s] -- Installing: /home/adas/Documents/Ayush/dev/straight_ws/install/tf2_msgs/lib/libtf2_msgs__rosidl_typesupport_c.so
[20.394s] -- Set runtime path of "/home/adas/Documents/Ayush/dev/straight_ws/install/tf2_msgs/lib/libtf2_msgs__rosidl_typesupport_c.so" to ""
[20.395s] -- Up-to-date: /home/adas/Documents/Ayush/dev/straight_ws/install/tf2_msgs/include/tf2_msgs
[20.395s] -- Up-to-date: /home/adas/Documents/Ayush/dev/straight_ws/install/tf2_msgs/include/tf2_msgs/srv
[20.395s] -- Installing: /home/adas/Documents/Ayush/dev/straight_ws/install/tf2_msgs/include/tf2_msgs/srv/frame_graph.hpp
[20.395s] -- Up-to-date: /home/adas/Documents/Ayush/dev/straight_ws/install/tf2_msgs/include/tf2_msgs/srv/detail
[20.395s] -- Installing: /home/adas/Documents/Ayush/dev/straight_ws/install/tf2_msgs/include/tf2_msgs/srv/detail/frame_graph__traits.hpp
[20.395s] -- Installing: /home/adas/Documents/Ayush/dev/straight_ws/install/tf2_msgs/include/tf2_msgs/srv/detail/frame_graph__struct.hpp
[20.396s] -- Installing: /home/adas/Documents/Ayush/dev/straight_ws/install/tf2_msgs/include/tf2_msgs/srv/detail/frame_graph__builder.hpp
[20.396s] -- Up-to-date: /home/adas/Documents/Ayush/dev/straight_ws/install/tf2_msgs/include/tf2_msgs/action
[20.396s] -- Installing: /home/adas/Documents/Ayush/dev/straight_ws/install/tf2_msgs/include/tf2_msgs/action/lookup_transform.hpp
[20.396s] -- Up-to-date: /home/adas/Documents/Ayush/dev/straight_ws/install/tf2_msgs/include/tf2_msgs/action/detail
[20.396s] -- Installing: /home/adas/Documents/Ayush/dev/straight_ws/install/tf2_msgs/include/tf2_msgs/action/detail/lookup_transform__traits.hpp
[20.396s] -- Installing: /home/adas/Documents/Ayush/dev/straight_ws/install/tf2_msgs/include/tf2_msgs/action/detail/lookup_transform__struct.hpp
[20.396s] -- Installing: /home/adas/Documents/Ayush/dev/straight_ws/install/tf2_msgs/include/tf2_msgs/action/detail/lookup_transform__builder.hpp
[20.396s] -- Up-to-date: /home/adas/Documents/Ayush/dev/straight_ws/install/tf2_msgs/include/tf2_msgs/msg
[20.397s] -- Installing: /home/adas/Documents/Ayush/dev/straight_ws/install/tf2_msgs/include/tf2_msgs/msg/tf_message.hpp
[20.397s] -- Installing: /home/adas/Documents/Ayush/dev/straight_ws/install/tf2_msgs/include/tf2_msgs/msg/tf2_error.hpp
[20.397s] -- Up-to-date: /home/adas/Documents/Ayush/dev/straight_ws/install/tf2_msgs/include/tf2_msgs/msg/detail
[20.397s] -- Installing: /home/adas/Documents/Ayush/dev/straight_ws/install/tf2_msgs/include/tf2_msgs/msg/detail/tf_message__struct.hpp
[20.397s] -- Installing: /home/adas/Documents/Ayush/dev/straight_ws/install/tf2_msgs/include/tf2_msgs/msg/detail/tf2_error__struct.hpp
[20.397s] -- Installing: /home/adas/Documents/Ayush/dev/straight_ws/install/tf2_msgs/include/tf2_msgs/msg/detail/tf2_error__builder.hpp
[20.398s] -- Installing: /home/adas/Documents/Ayush/dev/straight_ws/install/tf2_msgs/include/tf2_msgs/msg/detail/tf2_error__traits.hpp
[20.398s] -- Installing: /home/adas/Documents/Ayush/dev/straight_ws/install/tf2_msgs/include/tf2_msgs/msg/detail/tf_message__traits.hpp
[20.398s] -- Installing: /home/adas/Documents/Ayush/dev/straight_ws/install/tf2_msgs/include/tf2_msgs/msg/detail/tf_message__builder.hpp
[20.398s] -- Up-to-date: /home/adas/Documents/Ayush/dev/straight_ws/install/tf2_msgs/include/tf2_msgs
[20.398s] -- Up-to-date: /home/adas/Documents/Ayush/dev/straight_ws/install/tf2_msgs/include/tf2_msgs/srv
[20.398s] -- Up-to-date: /home/adas/Documents/Ayush/dev/straight_ws/install/tf2_msgs/include/tf2_msgs/srv/detail
[20.398s] -- Installing: /home/adas/Documents/Ayush/dev/straight_ws/install/tf2_msgs/include/tf2_msgs/srv/detail/frame_graph__rosidl_typesupport_introspection_cpp.hpp
[20.398s] -- Installing: /home/adas/Documents/Ayush/dev/straight_ws/install/tf2_msgs/include/tf2_msgs/srv/detail/frame_graph__type_support.cpp
[20.399s] -- Up-to-date: /home/adas/Documents/Ayush/dev/straight_ws/install/tf2_msgs/include/tf2_msgs/action
[20.399s] -- Up-to-date: /home/adas/Documents/Ayush/dev/straight_ws/install/tf2_msgs/include/tf2_msgs/action/detail
[20.399s] -- Installing: /home/adas/Documents/Ayush/dev/straight_ws/install/tf2_msgs/include/tf2_msgs/action/detail/lookup_transform__rosidl_typesupport_introspection_cpp.hpp
[20.399s] -- Installing: /home/adas/Documents/Ayush/dev/straight_ws/install/tf2_msgs/include/tf2_msgs/action/detail/lookup_transform__type_support.cpp
[20.399s] -- Up-to-date: /home/adas/Documents/Ayush/dev/straight_ws/install/tf2_msgs/include/tf2_msgs/msg
[20.399s] -- Up-to-date: /home/adas/Documents/Ayush/dev/straight_ws/install/tf2_msgs/include/tf2_msgs/msg/detail
[20.399s] -- Installing: /home/adas/Documents/Ayush/dev/straight_ws/install/tf2_msgs/include/tf2_msgs/msg/detail/tf_message__rosidl_typesupport_introspection_cpp.hpp
[20.399s] -- Installing: /home/adas/Documents/Ayush/dev/straight_ws/install/tf2_msgs/include/tf2_msgs/msg/detail/tf_message__type_support.cpp
[20.399s] -- Installing: /home/adas/Documents/Ayush/dev/straight_ws/install/tf2_msgs/include/tf2_msgs/msg/detail/tf2_error__rosidl_typesupport_introspection_cpp.hpp
[20.399s] -- Installing: /home/adas/Documents/Ayush/dev/straight_ws/install/tf2_msgs/include/tf2_msgs/msg/detail/tf2_error__type_support.cpp
[20.400s] -- Installing: /home/adas/Documents/Ayush/dev/straight_ws/install/tf2_msgs/lib/libtf2_msgs__rosidl_typesupport_introspection_cpp.so
[20.400s] -- Set runtime path of "/home/adas/Documents/Ayush/dev/straight_ws/install/tf2_msgs/lib/libtf2_msgs__rosidl_typesupport_introspection_cpp.so" to ""
[20.401s] -- Installing: /home/adas/Documents/Ayush/dev/straight_ws/install/tf2_msgs/lib/libtf2_msgs__rosidl_typesupport_cpp.so
[20.402s] -- Set runtime path of "/home/adas/Documents/Ayush/dev/straight_ws/install/tf2_msgs/lib/libtf2_msgs__rosidl_typesupport_cpp.so" to ""
[20.402s] -- Installing: /home/adas/Documents/Ayush/dev/straight_ws/install/tf2_msgs/share/tf2_msgs/environment/pythonpath.sh
[20.402s] -- Installing: /home/adas/Documents/Ayush/dev/straight_ws/install/tf2_msgs/share/tf2_msgs/environment/pythonpath.dsv
[20.402s] -- Installing: /home/adas/Documents/Ayush/dev/straight_ws/install/tf2_msgs/lib/python3.8/site-packages/tf2_msgs/__init__.py
[20.515s] Compiling '/home/adas/Documents/Ayush/dev/straight_ws/install/tf2_msgs/lib/python3.8/site-packages/tf2_msgs/__init__.py'...
[20.537s] -- Installing: /home/adas/Documents/Ayush/dev/straight_ws/install/tf2_msgs/lib/python3.8/site-packages/tf2_msgs/msg
[20.542s] -- Installing: /home/adas/Documents/Ayush/dev/straight_ws/install/tf2_msgs/lib/python3.8/site-packages/tf2_msgs/msg/_tf2_error_s.c
[20.543s] -- Installing: /home/adas/Documents/Ayush/dev/straight_ws/install/tf2_msgs/lib/python3.8/site-packages/tf2_msgs/msg/_tf_message_s.c
[20.543s] -- Installing: /home/adas/Documents/Ayush/dev/straight_ws/install/tf2_msgs/lib/python3.8/site-packages/tf2_msgs/msg/_tf_message.py
[20.543s] -- Installing: /home/adas/Documents/Ayush/dev/straight_ws/install/tf2_msgs/lib/python3.8/site-packages/tf2_msgs/msg/_tf2_error.py
[20.544s] -- Installing: /home/adas/Documents/Ayush/dev/straight_ws/install/tf2_msgs/lib/python3.8/site-packages/tf2_msgs/msg/__init__.py
[20.544s] -- Installing: /home/adas/Documents/Ayush/dev/straight_ws/install/tf2_msgs/lib/python3.8/site-packages/tf2_msgs/srv
[20.544s] -- Installing: /home/adas/Documents/Ayush/dev/straight_ws/install/tf2_msgs/lib/python3.8/site-packages/tf2_msgs/srv/__init__.py
[20.544s] -- Installing: /home/adas/Documents/Ayush/dev/straight_ws/install/tf2_msgs/lib/python3.8/site-packages/tf2_msgs/srv/_frame_graph.py
[20.544s] -- Installing: /home/adas/Documents/Ayush/dev/straight_ws/install/tf2_msgs/lib/python3.8/site-packages/tf2_msgs/srv/_frame_graph_s.c
[20.544s] -- Installing: /home/adas/Documents/Ayush/dev/straight_ws/install/tf2_msgs/lib/python3.8/site-packages/tf2_msgs/action
[20.544s] -- Installing: /home/adas/Documents/Ayush/dev/straight_ws/install/tf2_msgs/lib/python3.8/site-packages/tf2_msgs/action/_lookup_transform.py
[20.544s] -- Installing: /home/adas/Documents/Ayush/dev/straight_ws/install/tf2_msgs/lib/python3.8/site-packages/tf2_msgs/action/_lookup_transform_s.c
[20.544s] -- Installing: /home/adas/Documents/Ayush/dev/straight_ws/install/tf2_msgs/lib/python3.8/site-packages/tf2_msgs/action/__init__.py
[20.545s] -- Installing: /home/adas/Documents/Ayush/dev/straight_ws/install/tf2_msgs/lib/python3.8/site-packages/tf2_msgs/tf2_msgs_s__rosidl_typesupport_fastrtps_c.cpython-38-x86_64-linux-gnu.so
[20.545s] -- Set runtime path of "/home/adas/Documents/Ayush/dev/straight_ws/install/tf2_msgs/lib/python3.8/site-packages/tf2_msgs/tf2_msgs_s__rosidl_typesupport_fastrtps_c.cpython-38-x86_64-linux-gnu.so" to ""
[20.547s] -- Installing: /home/adas/Documents/Ayush/dev/straight_ws/install/tf2_msgs/lib/python3.8/site-packages/tf2_msgs/tf2_msgs_s__rosidl_typesupport_introspection_c.cpython-38-x86_64-linux-gnu.so
[20.547s] -- Set runtime path of "/home/adas/Documents/Ayush/dev/straight_ws/install/tf2_msgs/lib/python3.8/site-packages/tf2_msgs/tf2_msgs_s__rosidl_typesupport_introspection_c.cpython-38-x86_64-linux-gnu.so" to ""
[20.547s] -- Installing: /home/adas/Documents/Ayush/dev/straight_ws/install/tf2_msgs/lib/python3.8/site-packages/tf2_msgs/tf2_msgs_s__rosidl_typesupport_c.cpython-38-x86_64-linux-gnu.so
[20.547s] -- Set runtime path of "/home/adas/Documents/Ayush/dev/straight_ws/install/tf2_msgs/lib/python3.8/site-packages/tf2_msgs/tf2_msgs_s__rosidl_typesupport_c.cpython-38-x86_64-linux-gnu.so" to ""
[20.548s] -- Installing: /home/adas/Documents/Ayush/dev/straight_ws/install/tf2_msgs/lib/libtf2_msgs__python.so
[20.548s] -- Set runtime path of "/home/adas/Documents/Ayush/dev/straight_ws/install/tf2_msgs/lib/libtf2_msgs__python.so" to ""
[20.548s] -- Installing: /home/adas/Documents/Ayush/dev/straight_ws/install/tf2_msgs/share/tf2_msgs/msg/TF2Error.idl
[20.548s] -- Installing: /home/adas/Documents/Ayush/dev/straight_ws/install/tf2_msgs/share/tf2_msgs/msg/TFMessage.idl
[20.548s] -- Installing: /home/adas/Documents/Ayush/dev/straight_ws/install/tf2_msgs/share/tf2_msgs/srv/FrameGraph.idl
[20.549s] -- Installing: /home/adas/Documents/Ayush/dev/straight_ws/install/tf2_msgs/share/tf2_msgs/action/LookupTransform.idl
[20.549s] -- Installing: /home/adas/Documents/Ayush/dev/straight_ws/install/tf2_msgs/share/tf2_msgs/msg/TF2Error.msg
[20.549s] -- Installing: /home/adas/Documents/Ayush/dev/straight_ws/install/tf2_msgs/share/tf2_msgs/msg/TFMessage.msg
[20.550s] -- Installing: /home/adas/Documents/Ayush/dev/straight_ws/install/tf2_msgs/share/tf2_msgs/srv/FrameGraph.srv
[20.550s] -- Installing: /home/adas/Documents/Ayush/dev/straight_ws/install/tf2_msgs/share/tf2_msgs/srv/FrameGraph_Request.msg
[20.550s] -- Installing: /home/adas/Documents/Ayush/dev/straight_ws/install/tf2_msgs/share/tf2_msgs/srv/FrameGraph_Response.msg
[20.550s] -- Installing: /home/adas/Documents/Ayush/dev/straight_ws/install/tf2_msgs/share/tf2_msgs/action/LookupTransform.action
[20.550s] -- Installing: /home/adas/Documents/Ayush/dev/straight_ws/install/tf2_msgs/share/tf2_msgs/tfmessage_bridge_mapping_rule.yaml
[20.550s] -- Installing: /home/adas/Documents/Ayush/dev/straight_ws/install/tf2_msgs/share/ament_index/resource_index/package_run_dependencies/tf2_msgs
[20.550s] -- Installing: /home/adas/Documents/Ayush/dev/straight_ws/install/tf2_msgs/share/ament_index/resource_index/parent_prefix_path/tf2_msgs
[20.551s] -- Installing: /home/adas/Documents/Ayush/dev/straight_ws/install/tf2_msgs/share/tf2_msgs/environment/ament_prefix_path.sh
[20.551s] -- Installing: /home/adas/Documents/Ayush/dev/straight_ws/install/tf2_msgs/share/tf2_msgs/environment/ament_prefix_path.dsv
[20.551s] -- Installing: /home/adas/Documents/Ayush/dev/straight_ws/install/tf2_msgs/share/tf2_msgs/environment/path.sh
[20.551s] -- Installing: /home/adas/Documents/Ayush/dev/straight_ws/install/tf2_msgs/share/tf2_msgs/environment/path.dsv
[20.551s] -- Installing: /home/adas/Documents/Ayush/dev/straight_ws/install/tf2_msgs/share/tf2_msgs/local_setup.bash
[20.552s] -- Installing: /home/adas/Documents/Ayush/dev/straight_ws/install/tf2_msgs/share/tf2_msgs/local_setup.sh
[20.552s] -- Installing: /home/adas/Documents/Ayush/dev/straight_ws/install/tf2_msgs/share/tf2_msgs/local_setup.zsh
[20.552s] -- Installing: /home/adas/Documents/Ayush/dev/straight_ws/install/tf2_msgs/share/tf2_msgs/local_setup.dsv
[20.552s] -- Installing: /home/adas/Documents/Ayush/dev/straight_ws/install/tf2_msgs/share/tf2_msgs/package.dsv
[20.552s] -- Installing: /home/adas/Documents/Ayush/dev/straight_ws/install/tf2_msgs/share/ament_index/resource_index/packages/tf2_msgs
[20.553s] -- Installing: /home/adas/Documents/Ayush/dev/straight_ws/install/tf2_msgs/share/tf2_msgs/cmake/tf2_msgs__rosidl_generator_cExport.cmake
[20.553s] -- Installing: /home/adas/Documents/Ayush/dev/straight_ws/install/tf2_msgs/share/tf2_msgs/cmake/tf2_msgs__rosidl_generator_cExport-noconfig.cmake
[20.553s] -- Installing: /home/adas/Documents/Ayush/dev/straight_ws/install/tf2_msgs/share/tf2_msgs/cmake/tf2_msgs__rosidl_typesupport_introspection_cExport.cmake
[20.553s] -- Installing: /home/adas/Documents/Ayush/dev/straight_ws/install/tf2_msgs/share/tf2_msgs/cmake/tf2_msgs__rosidl_typesupport_introspection_cExport-noconfig.cmake
[20.553s] -- Installing: /home/adas/Documents/Ayush/dev/straight_ws/install/tf2_msgs/share/tf2_msgs/cmake/tf2_msgs__rosidl_typesupport_cExport.cmake
[20.553s] -- Installing: /home/adas/Documents/Ayush/dev/straight_ws/install/tf2_msgs/share/tf2_msgs/cmake/tf2_msgs__rosidl_typesupport_cExport-noconfig.cmake
[20.554s] -- Installing: /home/adas/Documents/Ayush/dev/straight_ws/install/tf2_msgs/share/tf2_msgs/cmake/tf2_msgs__rosidl_generator_cppExport.cmake
[20.554s] -- Installing: /home/adas/Documents/Ayush/dev/straight_ws/install/tf2_msgs/share/tf2_msgs/cmake/tf2_msgs__rosidl_typesupport_introspection_cppExport.cmake
[20.554s] -- Installing: /home/adas/Documents/Ayush/dev/straight_ws/install/tf2_msgs/share/tf2_msgs/cmake/tf2_msgs__rosidl_typesupport_introspection_cppExport-noconfig.cmake
[20.554s] -- Installing: /home/adas/Documents/Ayush/dev/straight_ws/install/tf2_msgs/share/tf2_msgs/cmake/tf2_msgs__rosidl_typesupport_cppExport.cmake
[20.554s] -- Installing: /home/adas/Documents/Ayush/dev/straight_ws/install/tf2_msgs/share/tf2_msgs/cmake/tf2_msgs__rosidl_typesupport_cppExport-noconfig.cmake
[20.554s] -- Installing: /home/adas/Documents/Ayush/dev/straight_ws/install/tf2_msgs/share/tf2_msgs/cmake/rosidl_cmake-extras.cmake
[20.557s] -- Installing: /home/adas/Documents/Ayush/dev/straight_ws/install/tf2_msgs/share/tf2_msgs/cmake/ament_cmake_export_dependencies-extras.cmake
[20.557s] -- Installing: /home/adas/Documents/Ayush/dev/straight_ws/install/tf2_msgs/share/tf2_msgs/cmake/ament_cmake_export_libraries-extras.cmake
[20.575s] -- Installing: /home/adas/Documents/Ayush/dev/straight_ws/install/tf2_msgs/share/tf2_msgs/cmake/ament_cmake_export_targets-extras.cmake
[20.576s] -- Installing: /home/adas/Documents/Ayush/dev/straight_ws/install/tf2_msgs/share/tf2_msgs/cmake/ament_cmake_export_include_directories-extras.cmake
[20.576s] -- Installing: /home/adas/Documents/Ayush/dev/straight_ws/install/tf2_msgs/share/tf2_msgs/cmake/rosidl_cmake_export_typesupport_libraries-extras.cmake
[20.576s] -- Installing: /home/adas/Documents/Ayush/dev/straight_ws/install/tf2_msgs/share/tf2_msgs/cmake/rosidl_cmake_export_typesupport_targets-extras.cmake
[20.576s] -- Installing: /home/adas/Documents/Ayush/dev/straight_ws/install/tf2_msgs/share/tf2_msgs/cmake/tf2_msgsConfig.cmake
[20.576s] -- Installing: /home/adas/Documents/Ayush/dev/straight_ws/install/tf2_msgs/share/tf2_msgs/cmake/tf2_msgsConfig-version.cmake
[20.576s] -- Installing: /home/adas/Documents/Ayush/dev/straight_ws/install/tf2_msgs/share/tf2_msgs/package.xml
[20.581s] Invoked command in '/home/adas/Documents/Ayush/dev/straight_ws/build/tf2_msgs' returned '0': CMAKE_PREFIX_PATH=${CMAKE_PREFIX_PATH}:/home/adas/Documents/Ayush/dev/straightline_ws/install/examples_tf2_py:/home/adas/Documents/Ayush/dev/straightline_ws/install/nav2_simple_commander:/home/adas/Documents/Ayush/dev/straightline_ws/install/nav2_gazebo_spawner:/opt/ros/foxy /usr/bin/cmake --install /home/adas/Documents/Ayush/dev/straight_ws/build/tf2_msgs
