[0.052s] Invoking command in '/home/adas/Documents/Ayush/dev/straight_ws/build/aws_robomaker_small_warehouse_world': CMAKE_PREFIX_PATH=${CMAKE_PREFIX_PATH}:/home/adas/Documents/Ayush/dev/straightline_ws/install/examples_tf2_py:/home/adas/Documents/Ayush/dev/straightline_ws/install/nav2_simple_commander:/home/adas/Documents/Ayush/dev/straightline_ws/install/nav2_gazebo_spawner:/opt/ros/foxy /usr/bin/cmake /home/adas/Documents/Ayush/dev/straight_ws/src/aws-robomaker-small-warehouse -DCMAKE_INSTALL_PREFIX=/home/adas/Documents/Ayush/dev/straight_ws/install/aws_robomaker_small_warehouse_world
[0.150s] -- The C compiler identification is GNU 9.3.0
[0.258s] -- The CXX compiler identification is GNU 9.3.0
[0.264s] -- Check for working C compiler: /usr/bin/cc
[0.449s] -- Check for working C compiler: /usr/bin/cc -- works
[0.451s] -- Detecting C compiler ABI info
[0.628s] -- Detecting C compiler ABI info - done
[0.645s] -- Detecting C compile features
[0.646s] -- Detecting C compile features - done
[0.650s] -- Check for working CXX compiler: /usr/bin/c++
[0.816s] -- Check for working CXX compiler: /usr/bin/c++ -- works
[0.816s] -- Detecting CXX compiler ABI info
[1.009s] -- Detecting CXX compiler ABI info - done
[1.019s] -- Detecting CXX compile features
[1.020s] -- Detecting CXX compile features - done
[1.028s] -- Found ament_cmake: 0.9.8 (/opt/ros/foxy/share/ament_cmake/cmake)
[1.080s] -- Found PythonInterp: /usr/bin/python3 (found suitable version "3.8.10", minimum required is "3") 
[1.080s] -- Using PYTHON_EXECUTABLE: /usr/bin/python3
[1.504s] -- Found gazebo_ros: 3.5.3 (/opt/ros/foxy/share/gazebo_ros/cmake)
[1.636s] -- Using all available rosidl_typesupport_c: rosidl_typesupport_fastrtps_c;rosidl_typesupport_introspection_c
[1.661s] -- Found rosidl_adapter: 1.2.1 (/opt/ros/foxy/share/rosidl_adapter/cmake)
[1.858s] -- Found OpenSSL: /usr/lib/x86_64-linux-gnu/libcrypto.so (found version "1.1.1f")  
[1.916s] -- Found FastRTPS: /opt/ros/foxy/include  
[2.075s] -- Using all available rosidl_typesupport_cpp: rosidl_typesupport_fastrtps_cpp;rosidl_typesupport_introspection_cpp
[2.197s] -- Found rmw_implementation_cmake: 1.0.3 (/opt/ros/foxy/share/rmw_implementation_cmake/cmake)
[2.206s] -- Using RMW implementation 'rmw_fastrtps_cpp' as default
[2.206s] -- Looking for pthread.h
[2.403s] -- Looking for pthread.h - found
[2.403s] -- Performing Test CMAKE_HAVE_LIBC_PTHREAD
[2.559s] -- Performing Test CMAKE_HAVE_LIBC_PTHREAD - Failed
[2.559s] -- Looking for pthread_create in pthreads
[2.761s] -- Looking for pthread_create in pthreads - not found
[2.767s] -- Looking for pthread_create in pthread
[2.910s] -- Looking for pthread_create in pthread - found
[2.911s] -- Found Threads: TRUE  
[3.318s] -- Found PkgConfig: /usr/bin/pkg-config (found version "0.29.1") 
[3.320s] -- Checking for module 'bullet>=2.82'
[3.431s] --   Found bullet, version 2.88
[3.910s] -- Found ccd: /usr/include (found suitable version "2.0", minimum required is "2.0") 
[4.173s] -- Found fcl: /usr/include (found suitable version "0.5.0", minimum required is "0.3.2") 
[4.446s] -- Found assimp: /usr/include (found version "5.0.0") 
[4.521s] -- Found DART: /usr/include (Required is at least version "6.6") found components: dart 
[4.624s] -- Found Boost: /usr/lib/x86_64-linux-gnu/cmake/Boost-1.71.0/BoostConfig.cmake (found suitable version "1.71.0", minimum required is "1.40.0") found components: thread system filesystem program_options regex iostreams date_time 
[4.662s] -- Found Protobuf: /usr/lib/x86_64-linux-gnu/libprotobuf.so;-lpthread (found version "3.6.1") 
[4.683s] -- Looking for ignition-math6 -- found version 6.8.0
[4.700s] -- Searching for dependencies of ignition-math6
[4.703s] -- Looking for OGRE...
[4.704s] -- OGRE_PREFIX_WATCH changed.
[4.726s] -- Checking for module 'OGRE'
[4.843s] --   Found OGRE, version 1.9.0
[4.996s] -- Found Ogre Ghadamon (1.9.0)
[5.046s] -- Found OGRE: optimized;/usr/lib/x86_64-linux-gnu/libOgreMain.so;debug;/usr/lib/x86_64-linux-gnu/libOgreMain.so
[5.074s] -- Looking for OGRE_Paging...
[5.125s] -- Found OGRE_Paging: optimized;/usr/lib/x86_64-linux-gnu/libOgrePaging.so;debug;/usr/lib/x86_64-linux-gnu/libOgrePaging.so
[5.126s] -- Looking for OGRE_Terrain...
[5.170s] -- Found OGRE_Terrain: optimized;/usr/lib/x86_64-linux-gnu/libOgreTerrain.so;debug;/usr/lib/x86_64-linux-gnu/libOgreTerrain.so
[5.171s] -- Looking for OGRE_Property...
[5.209s] -- Found OGRE_Property: optimized;/usr/lib/x86_64-linux-gnu/libOgreProperty.so;debug;/usr/lib/x86_64-linux-gnu/libOgreProperty.so
[5.209s] -- Looking for OGRE_RTShaderSystem...
[5.231s] -- Found OGRE_RTShaderSystem: optimized;/usr/lib/x86_64-linux-gnu/libOgreRTShaderSystem.so;debug;/usr/lib/x86_64-linux-gnu/libOgreRTShaderSystem.so
[5.231s] -- Looking for OGRE_Volume...
[5.265s] -- Found OGRE_Volume: optimized;/usr/lib/x86_64-linux-gnu/libOgreVolume.so;debug;/usr/lib/x86_64-linux-gnu/libOgreVolume.so
[5.266s] -- Looking for OGRE_Overlay...
[5.306s] -- Found OGRE_Overlay: optimized;/usr/lib/x86_64-linux-gnu/libOgreOverlay.so;debug;/usr/lib/x86_64-linux-gnu/libOgreOverlay.so
[5.891s] -- Looking for ignition-math6 -- found version 6.8.0
[5.899s] -- Looking for ignition-transport8 -- found version 8.2.0
[5.900s] -- Searching for dependencies of ignition-transport8
[5.934s] -- Found Protobuf: /usr/lib/x86_64-linux-gnu/libprotobuf.so;-lpthread (found suitable version "3.6.1", minimum required is "3") 
[5.954s] -- Config-file not installed for ZeroMQ -- checking for pkg-config
[5.988s] -- Checking for module 'libzmq >= 4'
[6.123s] --   Found libzmq , version 4.3.2
[6.407s] -- Found ZeroMQ: TRUE (Required is at least version "4") 
[6.436s] -- Checking for module 'uuid'
[6.568s] --   Found uuid, version 2.34.0
[6.978s] -- Found UUID: TRUE  
[6.995s] -- Looking for ignition-msgs5 -- found version 5.7.0
[6.996s] -- Searching for dependencies of ignition-msgs5
[7.115s] -- Looking for ignition-math6 -- found version 6.8.0
[7.140s] -- Checking for module 'tinyxml2'
[7.316s] --   Found tinyxml2, version 6.2.0
[7.696s] -- Looking for ignition-msgs5 -- found version 5.7.0
[7.722s] -- Looking for ignition-common3 -- found version 3.13.1
[7.723s] -- Searching for dependencies of ignition-common3
[7.724s] -- Looking for dlfcn.h - found
[7.733s] -- Looking for libdl - found
[7.741s] -- Found DL: TRUE  
[7.779s] -- Searching for <ignition-common3> component [graphics]
[7.786s] -- Looking for ignition-common3-graphics -- found version 3.13.1
[7.807s] -- Searching for dependencies of ignition-common3-graphics
[7.816s] -- Looking for ignition-math6 -- found version 6.8.0
[7.832s] -- Looking for ignition-fuel_tools4 -- found version 4.3.0
[7.833s] -- Searching for dependencies of ignition-fuel_tools4
[8.510s] -- Found CURL: /usr/lib/x86_64-linux-gnu/libcurl.so (found version "7.68.0")  
[8.556s] -- Checking for module 'jsoncpp'
[8.611s] --   Found jsoncpp, version 1.7.4
[9.057s] -- Found JSONCPP: TRUE  
[9.084s] -- Checking for module 'libzip'
[9.239s] --   Found libzip, version 1.5.1
[9.558s] -- Found ZIP: TRUE  
[9.559s] -- Looking for ignition-common3 -- found version 3.13.1
[9.559s] -- Looking for ignition-msgs5 -- found version 5.7.0
[9.562s] -- Gazebo version: 11.5
[9.964s] -- Configuring done
[9.976s] -- Generating done
[9.980s] -- Build files have been written to: /home/adas/Documents/Ayush/dev/straight_ws/build/aws_robomaker_small_warehouse_world
[10.019s] Invoked command in '/home/adas/Documents/Ayush/dev/straight_ws/build/aws_robomaker_small_warehouse_world' returned '0': CMAKE_PREFIX_PATH=${CMAKE_PREFIX_PATH}:/home/adas/Documents/Ayush/dev/straightline_ws/install/examples_tf2_py:/home/adas/Documents/Ayush/dev/straightline_ws/install/nav2_simple_commander:/home/adas/Documents/Ayush/dev/straightline_ws/install/nav2_gazebo_spawner:/opt/ros/foxy /usr/bin/cmake /home/adas/Documents/Ayush/dev/straight_ws/src/aws-robomaker-small-warehouse -DCMAKE_INSTALL_PREFIX=/home/adas/Documents/Ayush/dev/straight_ws/install/aws_robomaker_small_warehouse_world
[10.020s] Invoking command in '/home/adas/Documents/Ayush/dev/straight_ws/build/aws_robomaker_small_warehouse_world': CMAKE_PREFIX_PATH=${CMAKE_PREFIX_PATH}:/home/adas/Documents/Ayush/dev/straightline_ws/install/examples_tf2_py:/home/adas/Documents/Ayush/dev/straightline_ws/install/nav2_simple_commander:/home/adas/Documents/Ayush/dev/straightline_ws/install/nav2_gazebo_spawner:/opt/ros/foxy /usr/bin/cmake --build /home/adas/Documents/Ayush/dev/straight_ws/build/aws_robomaker_small_warehouse_world -- -j8 -l8
[10.240s] Invoked command in '/home/adas/Documents/Ayush/dev/straight_ws/build/aws_robomaker_small_warehouse_world' returned '0': CMAKE_PREFIX_PATH=${CMAKE_PREFIX_PATH}:/home/adas/Documents/Ayush/dev/straightline_ws/install/examples_tf2_py:/home/adas/Documents/Ayush/dev/straightline_ws/install/nav2_simple_commander:/home/adas/Documents/Ayush/dev/straightline_ws/install/nav2_gazebo_spawner:/opt/ros/foxy /usr/bin/cmake --build /home/adas/Documents/Ayush/dev/straight_ws/build/aws_robomaker_small_warehouse_world -- -j8 -l8
[10.483s] Invoking command in '/home/adas/Documents/Ayush/dev/straight_ws/build/aws_robomaker_small_warehouse_world': CMAKE_PREFIX_PATH=${CMAKE_PREFIX_PATH}:/home/adas/Documents/Ayush/dev/straightline_ws/install/examples_tf2_py:/home/adas/Documents/Ayush/dev/straightline_ws/install/nav2_simple_commander:/home/adas/Documents/Ayush/dev/straightline_ws/install/nav2_gazebo_spawner:/opt/ros/foxy /usr/bin/cmake --install /home/adas/Documents/Ayush/dev/straight_ws/build/aws_robomaker_small_warehouse_world
[10.525s] -- Install configuration: ""
[10.525s] -- Installing: /home/adas/Documents/Ayush/dev/straight_ws/install/aws_robomaker_small_warehouse_world/share/aws_robomaker_small_warehouse_world/launch
[10.554s] -- Installing: /home/adas/Documents/Ayush/dev/straight_ws/install/aws_robomaker_small_warehouse_world/share/aws_robomaker_small_warehouse_world/launch/no_roof_small_warehouse_launch.py
[10.555s] -- Installing: /home/adas/Documents/Ayush/dev/straight_ws/install/aws_robomaker_small_warehouse_world/share/aws_robomaker_small_warehouse_world/launch/small_warehouse_launch.py
[10.555s] -- Installing: /home/adas/Documents/Ayush/dev/straight_ws/install/aws_robomaker_small_warehouse_world/share/aws_robomaker_small_warehouse_world/models
[10.555s] -- Installing: /home/adas/Documents/Ayush/dev/straight_ws/install/aws_robomaker_small_warehouse_world/share/aws_robomaker_small_warehouse_world/models/aws_robomaker_warehouse_TrashCanC_01
[10.555s] -- Installing: /home/adas/Documents/Ayush/dev/straight_ws/install/aws_robomaker_small_warehouse_world/share/aws_robomaker_small_warehouse_world/models/aws_robomaker_warehouse_TrashCanC_01/materials
[10.555s] -- Installing: /home/adas/Documents/Ayush/dev/straight_ws/install/aws_robomaker_small_warehouse_world/share/aws_robomaker_small_warehouse_world/models/aws_robomaker_warehouse_TrashCanC_01/materials/textures
[10.555s] -- Installing: /home/adas/Documents/Ayush/dev/straight_ws/install/aws_robomaker_small_warehouse_world/share/aws_robomaker_small_warehouse_world/models/aws_robomaker_warehouse_TrashCanC_01/materials/textures/aws_robomaker_warehouse_TrashCanC_01.png
[10.555s] -- Installing: /home/adas/Documents/Ayush/dev/straight_ws/install/aws_robomaker_small_warehouse_world/share/aws_robomaker_small_warehouse_world/models/aws_robomaker_warehouse_TrashCanC_01/meshes
[10.556s] -- Installing: /home/adas/Documents/Ayush/dev/straight_ws/install/aws_robomaker_small_warehouse_world/share/aws_robomaker_small_warehouse_world/models/aws_robomaker_warehouse_TrashCanC_01/meshes/aws_robomaker_warehouse_TrashCanC_01_collision.DAE
[10.556s] -- Installing: /home/adas/Documents/Ayush/dev/straight_ws/install/aws_robomaker_small_warehouse_world/share/aws_robomaker_small_warehouse_world/models/aws_robomaker_warehouse_TrashCanC_01/meshes/aws_robomaker_warehouse_TrashCanC_01_visual.DAE
[10.556s] -- Installing: /home/adas/Documents/Ayush/dev/straight_ws/install/aws_robomaker_small_warehouse_world/share/aws_robomaker_small_warehouse_world/models/aws_robomaker_warehouse_TrashCanC_01/model.sdf
[10.556s] -- Installing: /home/adas/Documents/Ayush/dev/straight_ws/install/aws_robomaker_small_warehouse_world/share/aws_robomaker_small_warehouse_world/models/aws_robomaker_warehouse_TrashCanC_01/model.config
[10.556s] -- Installing: /home/adas/Documents/Ayush/dev/straight_ws/install/aws_robomaker_small_warehouse_world/share/aws_robomaker_small_warehouse_world/models/aws_robomaker_warehouse_ShelfD_01
[10.556s] -- Installing: /home/adas/Documents/Ayush/dev/straight_ws/install/aws_robomaker_small_warehouse_world/share/aws_robomaker_small_warehouse_world/models/aws_robomaker_warehouse_ShelfD_01/materials
[10.556s] -- Installing: /home/adas/Documents/Ayush/dev/straight_ws/install/aws_robomaker_small_warehouse_world/share/aws_robomaker_small_warehouse_world/models/aws_robomaker_warehouse_ShelfD_01/materials/textures
[10.557s] -- Installing: /home/adas/Documents/Ayush/dev/straight_ws/install/aws_robomaker_small_warehouse_world/share/aws_robomaker_small_warehouse_world/models/aws_robomaker_warehouse_ShelfD_01/materials/textures/aws_robomaker_warehouse_ShelfD_02.png
[10.557s] -- Installing: /home/adas/Documents/Ayush/dev/straight_ws/install/aws_robomaker_small_warehouse_world/share/aws_robomaker_small_warehouse_world/models/aws_robomaker_warehouse_ShelfD_01/materials/textures/aws_robomaker_warehouse_ShelfD_04.png
[10.557s] -- Installing: /home/adas/Documents/Ayush/dev/straight_ws/install/aws_robomaker_small_warehouse_world/share/aws_robomaker_small_warehouse_world/models/aws_robomaker_warehouse_ShelfD_01/materials/textures/aws_robomaker_warehouse_ShelfD_01.png
[10.557s] -- Installing: /home/adas/Documents/Ayush/dev/straight_ws/install/aws_robomaker_small_warehouse_world/share/aws_robomaker_small_warehouse_world/models/aws_robomaker_warehouse_ShelfD_01/materials/textures/aws_robomaker_warehouse_ShelfD_03.png
[10.557s] -- Installing: /home/adas/Documents/Ayush/dev/straight_ws/install/aws_robomaker_small_warehouse_world/share/aws_robomaker_small_warehouse_world/models/aws_robomaker_warehouse_ShelfD_01/meshes
[10.557s] -- Installing: /home/adas/Documents/Ayush/dev/straight_ws/install/aws_robomaker_small_warehouse_world/share/aws_robomaker_small_warehouse_world/models/aws_robomaker_warehouse_ShelfD_01/meshes/aws_robomaker_warehouse_ShelfD_01_collision.DAE
[10.557s] -- Installing: /home/adas/Documents/Ayush/dev/straight_ws/install/aws_robomaker_small_warehouse_world/share/aws_robomaker_small_warehouse_world/models/aws_robomaker_warehouse_ShelfD_01/meshes/aws_robomaker_warehouse_ShelfD_01_visual.DAE
[10.557s] -- Installing: /home/adas/Documents/Ayush/dev/straight_ws/install/aws_robomaker_small_warehouse_world/share/aws_robomaker_small_warehouse_world/models/aws_robomaker_warehouse_ShelfD_01/model.sdf
[10.557s] -- Installing: /home/adas/Documents/Ayush/dev/straight_ws/install/aws_robomaker_small_warehouse_world/share/aws_robomaker_small_warehouse_world/models/aws_robomaker_warehouse_ShelfD_01/model.config
[10.557s] -- Installing: /home/adas/Documents/Ayush/dev/straight_ws/install/aws_robomaker_small_warehouse_world/share/aws_robomaker_small_warehouse_world/models/aws_robomaker_warehouse_ClutteringA_01
[10.558s] -- Installing: /home/adas/Documents/Ayush/dev/straight_ws/install/aws_robomaker_small_warehouse_world/share/aws_robomaker_small_warehouse_world/models/aws_robomaker_warehouse_ClutteringA_01/.DS_Store
[10.558s] -- Installing: /home/adas/Documents/Ayush/dev/straight_ws/install/aws_robomaker_small_warehouse_world/share/aws_robomaker_small_warehouse_world/models/aws_robomaker_warehouse_ClutteringA_01/materials
[10.558s] -- Installing: /home/adas/Documents/Ayush/dev/straight_ws/install/aws_robomaker_small_warehouse_world/share/aws_robomaker_small_warehouse_world/models/aws_robomaker_warehouse_ClutteringA_01/materials/.DS_Store
[10.558s] -- Installing: /home/adas/Documents/Ayush/dev/straight_ws/install/aws_robomaker_small_warehouse_world/share/aws_robomaker_small_warehouse_world/models/aws_robomaker_warehouse_ClutteringA_01/materials/textures
[10.558s] -- Installing: /home/adas/Documents/Ayush/dev/straight_ws/install/aws_robomaker_small_warehouse_world/share/aws_robomaker_small_warehouse_world/models/aws_robomaker_warehouse_ClutteringA_01/materials/textures/.DS_Store
[10.558s] -- Installing: /home/adas/Documents/Ayush/dev/straight_ws/install/aws_robomaker_small_warehouse_world/share/aws_robomaker_small_warehouse_world/models/aws_robomaker_warehouse_ClutteringA_01/materials/textures/aws_robomaker_warehouse_ClutteringA_03.png
[10.558s] -- Installing: /home/adas/Documents/Ayush/dev/straight_ws/install/aws_robomaker_small_warehouse_world/share/aws_robomaker_small_warehouse_world/models/aws_robomaker_warehouse_ClutteringA_01/materials/textures/aws_robomaker_warehouse_ClutteringA_01.png
[10.558s] -- Installing: /home/adas/Documents/Ayush/dev/straight_ws/install/aws_robomaker_small_warehouse_world/share/aws_robomaker_small_warehouse_world/models/aws_robomaker_warehouse_ClutteringA_01/materials/textures/aws_robomaker_warehouse_ClutteringA_02.png
[10.558s] -- Installing: /home/adas/Documents/Ayush/dev/straight_ws/install/aws_robomaker_small_warehouse_world/share/aws_robomaker_small_warehouse_world/models/aws_robomaker_warehouse_ClutteringA_01/meshes
[10.558s] -- Installing: /home/adas/Documents/Ayush/dev/straight_ws/install/aws_robomaker_small_warehouse_world/share/aws_robomaker_small_warehouse_world/models/aws_robomaker_warehouse_ClutteringA_01/meshes/aws_robomaker_warehouse_ClutteringA_01_collision.DAE
[10.559s] -- Installing: /home/adas/Documents/Ayush/dev/straight_ws/install/aws_robomaker_small_warehouse_world/share/aws_robomaker_small_warehouse_world/models/aws_robomaker_warehouse_ClutteringA_01/meshes/aws_robomaker_warehouse_ClutteringA_01_visual.DAE
[10.559s] -- Installing: /home/adas/Documents/Ayush/dev/straight_ws/install/aws_robomaker_small_warehouse_world/share/aws_robomaker_small_warehouse_world/models/aws_robomaker_warehouse_ClutteringA_01/model.sdf
[10.559s] -- Installing: /home/adas/Documents/Ayush/dev/straight_ws/install/aws_robomaker_small_warehouse_world/share/aws_robomaker_small_warehouse_world/models/aws_robomaker_warehouse_ClutteringA_01/model.config
[10.559s] -- Installing: /home/adas/Documents/Ayush/dev/straight_ws/install/aws_robomaker_small_warehouse_world/share/aws_robomaker_small_warehouse_world/models/aws_robomaker_warehouse_DeskC_01
[10.559s] -- Installing: /home/adas/Documents/Ayush/dev/straight_ws/install/aws_robomaker_small_warehouse_world/share/aws_robomaker_small_warehouse_world/models/aws_robomaker_warehouse_DeskC_01/materials
[10.559s] -- Installing: /home/adas/Documents/Ayush/dev/straight_ws/install/aws_robomaker_small_warehouse_world/share/aws_robomaker_small_warehouse_world/models/aws_robomaker_warehouse_DeskC_01/materials/.DS_Store
[10.559s] -- Installing: /home/adas/Documents/Ayush/dev/straight_ws/install/aws_robomaker_small_warehouse_world/share/aws_robomaker_small_warehouse_world/models/aws_robomaker_warehouse_DeskC_01/materials/textures
[10.559s] -- Installing: /home/adas/Documents/Ayush/dev/straight_ws/install/aws_robomaker_small_warehouse_world/share/aws_robomaker_small_warehouse_world/models/aws_robomaker_warehouse_DeskC_01/materials/textures/aws_robomaker_warehouse_DeskC_03.psd
[10.559s] -- Installing: /home/adas/Documents/Ayush/dev/straight_ws/install/aws_robomaker_small_warehouse_world/share/aws_robomaker_small_warehouse_world/models/aws_robomaker_warehouse_DeskC_01/materials/textures/aws_robomaker_warehouse_DeskC_01.png
[10.560s] -- Installing: /home/adas/Documents/Ayush/dev/straight_ws/install/aws_robomaker_small_warehouse_world/share/aws_robomaker_small_warehouse_world/models/aws_robomaker_warehouse_DeskC_01/materials/textures/aws_robomaker_warehouse_DeskC_02.png
[10.560s] -- Installing: /home/adas/Documents/Ayush/dev/straight_ws/install/aws_robomaker_small_warehouse_world/share/aws_robomaker_small_warehouse_world/models/aws_robomaker_warehouse_DeskC_01/materials/textures/aws_robomaker_warehouse_DeskC_03.png
[10.560s] -- Installing: /home/adas/Documents/Ayush/dev/straight_ws/install/aws_robomaker_small_warehouse_world/share/aws_robomaker_small_warehouse_world/models/aws_robomaker_warehouse_DeskC_01/materials/textures/aws_robomaker_warehouse_DeskC_04.png
[10.560s] -- Installing: /home/adas/Documents/Ayush/dev/straight_ws/install/aws_robomaker_small_warehouse_world/share/aws_robomaker_small_warehouse_world/models/aws_robomaker_warehouse_DeskC_01/meshes
[10.560s] -- Installing: /home/adas/Documents/Ayush/dev/straight_ws/install/aws_robomaker_small_warehouse_world/share/aws_robomaker_small_warehouse_world/models/aws_robomaker_warehouse_DeskC_01/meshes/aws_robomaker_warehouse_DeskC_01_collision.DAE
[10.560s] -- Installing: /home/adas/Documents/Ayush/dev/straight_ws/install/aws_robomaker_small_warehouse_world/share/aws_robomaker_small_warehouse_world/models/aws_robomaker_warehouse_DeskC_01/meshes/aws_robomaker_warehouse_DeskC_01_visual.DAE
[10.560s] -- Installing: /home/adas/Documents/Ayush/dev/straight_ws/install/aws_robomaker_small_warehouse_world/share/aws_robomaker_small_warehouse_world/models/aws_robomaker_warehouse_DeskC_01/model.sdf
[10.560s] -- Installing: /home/adas/Documents/Ayush/dev/straight_ws/install/aws_robomaker_small_warehouse_world/share/aws_robomaker_small_warehouse_world/models/aws_robomaker_warehouse_DeskC_01/model.config
[10.561s] -- Installing: /home/adas/Documents/Ayush/dev/straight_ws/install/aws_robomaker_small_warehouse_world/share/aws_robomaker_small_warehouse_world/models/.DS_Store
[10.561s] -- Installing: /home/adas/Documents/Ayush/dev/straight_ws/install/aws_robomaker_small_warehouse_world/share/aws_robomaker_small_warehouse_world/models/aws_robomaker_warehouse_ClutteringD_01
[10.561s] -- Installing: /home/adas/Documents/Ayush/dev/straight_ws/install/aws_robomaker_small_warehouse_world/share/aws_robomaker_small_warehouse_world/models/aws_robomaker_warehouse_ClutteringD_01/materials
[10.561s] -- Installing: /home/adas/Documents/Ayush/dev/straight_ws/install/aws_robomaker_small_warehouse_world/share/aws_robomaker_small_warehouse_world/models/aws_robomaker_warehouse_ClutteringD_01/materials/textures
[10.561s] -- Installing: /home/adas/Documents/Ayush/dev/straight_ws/install/aws_robomaker_small_warehouse_world/share/aws_robomaker_small_warehouse_world/models/aws_robomaker_warehouse_ClutteringD_01/materials/textures/aws_robomaker_warehouse_ClutteringD_01.png
[10.561s] -- Installing: /home/adas/Documents/Ayush/dev/straight_ws/install/aws_robomaker_small_warehouse_world/share/aws_robomaker_small_warehouse_world/models/aws_robomaker_warehouse_ClutteringD_01/materials/textures/aws_robomaker_warehouse_ClutteringD_02.png
[10.561s] -- Installing: /home/adas/Documents/Ayush/dev/straight_ws/install/aws_robomaker_small_warehouse_world/share/aws_robomaker_small_warehouse_world/models/aws_robomaker_warehouse_ClutteringD_01/meshes
[10.561s] -- Installing: /home/adas/Documents/Ayush/dev/straight_ws/install/aws_robomaker_small_warehouse_world/share/aws_robomaker_small_warehouse_world/models/aws_robomaker_warehouse_ClutteringD_01/meshes/aws_robomaker_warehouse_ClutteringD_01_collision.DAE
[10.561s] -- Installing: /home/adas/Documents/Ayush/dev/straight_ws/install/aws_robomaker_small_warehouse_world/share/aws_robomaker_small_warehouse_world/models/aws_robomaker_warehouse_ClutteringD_01/meshes/aws_robomaker_warehouse_ClutteringD_01_visual.DAE
[10.561s] -- Installing: /home/adas/Documents/Ayush/dev/straight_ws/install/aws_robomaker_small_warehouse_world/share/aws_robomaker_small_warehouse_world/models/aws_robomaker_warehouse_ClutteringD_01/model.sdf
[10.562s] -- Installing: /home/adas/Documents/Ayush/dev/straight_ws/install/aws_robomaker_small_warehouse_world/share/aws_robomaker_small_warehouse_world/models/aws_robomaker_warehouse_ClutteringD_01/model.config
[10.562s] -- Installing: /home/adas/Documents/Ayush/dev/straight_ws/install/aws_robomaker_small_warehouse_world/share/aws_robomaker_small_warehouse_world/models/aws_robomaker_warehouse_RoofB_01
[10.562s] -- Installing: /home/adas/Documents/Ayush/dev/straight_ws/install/aws_robomaker_small_warehouse_world/share/aws_robomaker_small_warehouse_world/models/aws_robomaker_warehouse_RoofB_01/materials
[10.562s] -- Installing: /home/adas/Documents/Ayush/dev/straight_ws/install/aws_robomaker_small_warehouse_world/share/aws_robomaker_small_warehouse_world/models/aws_robomaker_warehouse_RoofB_01/materials/textures
[10.562s] -- Installing: /home/adas/Documents/Ayush/dev/straight_ws/install/aws_robomaker_small_warehouse_world/share/aws_robomaker_small_warehouse_world/models/aws_robomaker_warehouse_RoofB_01/materials/textures/aws_robomaker_warehouse_RoofB_01.png
[10.562s] -- Installing: /home/adas/Documents/Ayush/dev/straight_ws/install/aws_robomaker_small_warehouse_world/share/aws_robomaker_small_warehouse_world/models/aws_robomaker_warehouse_RoofB_01/meshes
[10.562s] -- Installing: /home/adas/Documents/Ayush/dev/straight_ws/install/aws_robomaker_small_warehouse_world/share/aws_robomaker_small_warehouse_world/models/aws_robomaker_warehouse_RoofB_01/meshes/aws_robomaker_warehouse_RoofB_01_visual.DAE
[10.562s] -- Installing: /home/adas/Documents/Ayush/dev/straight_ws/install/aws_robomaker_small_warehouse_world/share/aws_robomaker_small_warehouse_world/models/aws_robomaker_warehouse_RoofB_01/meshes/aws_robomaker_warehouse_RoofB_01_collision.DAE
[10.562s] -- Installing: /home/adas/Documents/Ayush/dev/straight_ws/install/aws_robomaker_small_warehouse_world/share/aws_robomaker_small_warehouse_world/models/aws_robomaker_warehouse_RoofB_01/model.sdf
[10.562s] -- Installing: /home/adas/Documents/Ayush/dev/straight_ws/install/aws_robomaker_small_warehouse_world/share/aws_robomaker_small_warehouse_world/models/aws_robomaker_warehouse_RoofB_01/model.config
[10.562s] -- Installing: /home/adas/Documents/Ayush/dev/straight_ws/install/aws_robomaker_small_warehouse_world/share/aws_robomaker_small_warehouse_world/models/aws_robomaker_warehouse_ShelfE_01
[10.563s] -- Installing: /home/adas/Documents/Ayush/dev/straight_ws/install/aws_robomaker_small_warehouse_world/share/aws_robomaker_small_warehouse_world/models/aws_robomaker_warehouse_ShelfE_01/.DS_Store
[10.563s] -- Installing: /home/adas/Documents/Ayush/dev/straight_ws/install/aws_robomaker_small_warehouse_world/share/aws_robomaker_small_warehouse_world/models/aws_robomaker_warehouse_ShelfE_01/materials
[10.563s] -- Installing: /home/adas/Documents/Ayush/dev/straight_ws/install/aws_robomaker_small_warehouse_world/share/aws_robomaker_small_warehouse_world/models/aws_robomaker_warehouse_ShelfE_01/materials/.DS_Store
[10.563s] -- Installing: /home/adas/Documents/Ayush/dev/straight_ws/install/aws_robomaker_small_warehouse_world/share/aws_robomaker_small_warehouse_world/models/aws_robomaker_warehouse_ShelfE_01/materials/textures
[10.563s] -- Installing: /home/adas/Documents/Ayush/dev/straight_ws/install/aws_robomaker_small_warehouse_world/share/aws_robomaker_small_warehouse_world/models/aws_robomaker_warehouse_ShelfE_01/materials/textures/aws_robomaker_warehouse_ShelfE_02.png
[10.563s] -- Installing: /home/adas/Documents/Ayush/dev/straight_ws/install/aws_robomaker_small_warehouse_world/share/aws_robomaker_small_warehouse_world/models/aws_robomaker_warehouse_ShelfE_01/materials/textures/aws_robomaker_warehouse_ShelfE_04.png
[10.563s] -- Installing: /home/adas/Documents/Ayush/dev/straight_ws/install/aws_robomaker_small_warehouse_world/share/aws_robomaker_small_warehouse_world/models/aws_robomaker_warehouse_ShelfE_01/materials/textures/aws_robomaker_warehouse_ShelfE_03.png
[10.563s] -- Installing: /home/adas/Documents/Ayush/dev/straight_ws/install/aws_robomaker_small_warehouse_world/share/aws_robomaker_small_warehouse_world/models/aws_robomaker_warehouse_ShelfE_01/materials/textures/aws_robomaker_warehouse_ShelfE_01.png
[10.563s] -- Installing: /home/adas/Documents/Ayush/dev/straight_ws/install/aws_robomaker_small_warehouse_world/share/aws_robomaker_small_warehouse_world/models/aws_robomaker_warehouse_ShelfE_01/meshes
[10.563s] -- Installing: /home/adas/Documents/Ayush/dev/straight_ws/install/aws_robomaker_small_warehouse_world/share/aws_robomaker_small_warehouse_world/models/aws_robomaker_warehouse_ShelfE_01/meshes/aws_robomaker_warehouse_ShelfE_01_visual.DAE
[10.564s] -- Installing: /home/adas/Documents/Ayush/dev/straight_ws/install/aws_robomaker_small_warehouse_world/share/aws_robomaker_small_warehouse_world/models/aws_robomaker_warehouse_ShelfE_01/meshes/aws_robomaker_warehouse_ShelfE_01_collision.DAE
[10.564s] -- Installing: /home/adas/Documents/Ayush/dev/straight_ws/install/aws_robomaker_small_warehouse_world/share/aws_robomaker_small_warehouse_world/models/aws_robomaker_warehouse_ShelfE_01/model.sdf
[10.564s] -- Installing: /home/adas/Documents/Ayush/dev/straight_ws/install/aws_robomaker_small_warehouse_world/share/aws_robomaker_small_warehouse_world/models/aws_robomaker_warehouse_ShelfE_01/model.config
[10.564s] -- Installing: /home/adas/Documents/Ayush/dev/straight_ws/install/aws_robomaker_small_warehouse_world/share/aws_robomaker_small_warehouse_world/models/aws_robomaker_warehouse_GroundB_01
[10.564s] -- Installing: /home/adas/Documents/Ayush/dev/straight_ws/install/aws_robomaker_small_warehouse_world/share/aws_robomaker_small_warehouse_world/models/aws_robomaker_warehouse_GroundB_01/materials
[10.564s] -- Installing: /home/adas/Documents/Ayush/dev/straight_ws/install/aws_robomaker_small_warehouse_world/share/aws_robomaker_small_warehouse_world/models/aws_robomaker_warehouse_GroundB_01/materials/textures
[10.564s] -- Installing: /home/adas/Documents/Ayush/dev/straight_ws/install/aws_robomaker_small_warehouse_world/share/aws_robomaker_small_warehouse_world/models/aws_robomaker_warehouse_GroundB_01/materials/textures/aws_robomaker_warehouse_GroundB_01.png
[10.565s] -- Installing: /home/adas/Documents/Ayush/dev/straight_ws/install/aws_robomaker_small_warehouse_world/share/aws_robomaker_small_warehouse_world/models/aws_robomaker_warehouse_GroundB_01/materials/textures/aws_robomaker_warehouse_GroundB_02.png
[10.565s] -- Installing: /home/adas/Documents/Ayush/dev/straight_ws/install/aws_robomaker_small_warehouse_world/share/aws_robomaker_small_warehouse_world/models/aws_robomaker_warehouse_GroundB_01/meshes
[10.565s] -- Installing: /home/adas/Documents/Ayush/dev/straight_ws/install/aws_robomaker_small_warehouse_world/share/aws_robomaker_small_warehouse_world/models/aws_robomaker_warehouse_GroundB_01/meshes/aws_robomaker_warehouse_GroundB_01_visual.DAE
[10.566s] -- Installing: /home/adas/Documents/Ayush/dev/straight_ws/install/aws_robomaker_small_warehouse_world/share/aws_robomaker_small_warehouse_world/models/aws_robomaker_warehouse_GroundB_01/meshes/aws_robomaker_warehouse_GroundB_01_collision.DAE
[10.566s] -- Installing: /home/adas/Documents/Ayush/dev/straight_ws/install/aws_robomaker_small_warehouse_world/share/aws_robomaker_small_warehouse_world/models/aws_robomaker_warehouse_GroundB_01/model.sdf
[10.566s] -- Installing: /home/adas/Documents/Ayush/dev/straight_ws/install/aws_robomaker_small_warehouse_world/share/aws_robomaker_small_warehouse_world/models/aws_robomaker_warehouse_GroundB_01/model.config
[10.567s] -- Installing: /home/adas/Documents/Ayush/dev/straight_ws/install/aws_robomaker_small_warehouse_world/share/aws_robomaker_small_warehouse_world/models/aws_robomaker_warehouse_PalletJackB_01
[10.567s] -- Installing: /home/adas/Documents/Ayush/dev/straight_ws/install/aws_robomaker_small_warehouse_world/share/aws_robomaker_small_warehouse_world/models/aws_robomaker_warehouse_PalletJackB_01/.DS_Store
[10.567s] -- Installing: /home/adas/Documents/Ayush/dev/straight_ws/install/aws_robomaker_small_warehouse_world/share/aws_robomaker_small_warehouse_world/models/aws_robomaker_warehouse_PalletJackB_01/materials
[10.568s] -- Installing: /home/adas/Documents/Ayush/dev/straight_ws/install/aws_robomaker_small_warehouse_world/share/aws_robomaker_small_warehouse_world/models/aws_robomaker_warehouse_PalletJackB_01/materials/.DS_Store
[10.568s] -- Installing: /home/adas/Documents/Ayush/dev/straight_ws/install/aws_robomaker_small_warehouse_world/share/aws_robomaker_small_warehouse_world/models/aws_robomaker_warehouse_PalletJackB_01/materials/textures
[10.568s] -- Installing: /home/adas/Documents/Ayush/dev/straight_ws/install/aws_robomaker_small_warehouse_world/share/aws_robomaker_small_warehouse_world/models/aws_robomaker_warehouse_PalletJackB_01/materials/textures/aws_robomaker_warehouse_PalletJackB_02.png
[10.568s] -- Installing: /home/adas/Documents/Ayush/dev/straight_ws/install/aws_robomaker_small_warehouse_world/share/aws_robomaker_small_warehouse_world/models/aws_robomaker_warehouse_PalletJackB_01/materials/textures/aws_robomaker_warehouse_PalletJackB_01.png
[10.571s] -- Installing: /home/adas/Documents/Ayush/dev/straight_ws/install/aws_robomaker_small_warehouse_world/share/aws_robomaker_small_warehouse_world/models/aws_robomaker_warehouse_PalletJackB_01/meshes
[10.572s] -- Installing: /home/adas/Documents/Ayush/dev/straight_ws/install/aws_robomaker_small_warehouse_world/share/aws_robomaker_small_warehouse_world/models/aws_robomaker_warehouse_PalletJackB_01/meshes/aws_robomaker_warehouse_PalletJackB_01_collision.DAE
[10.572s] -- Installing: /home/adas/Documents/Ayush/dev/straight_ws/install/aws_robomaker_small_warehouse_world/share/aws_robomaker_small_warehouse_world/models/aws_robomaker_warehouse_PalletJackB_01/meshes/aws_robomaker_warehouse_PalletJackB_01_visual.DAE
[10.573s] -- Installing: /home/adas/Documents/Ayush/dev/straight_ws/install/aws_robomaker_small_warehouse_world/share/aws_robomaker_small_warehouse_world/models/aws_robomaker_warehouse_PalletJackB_01/model.sdf
[10.574s] -- Installing: /home/adas/Documents/Ayush/dev/straight_ws/install/aws_robomaker_small_warehouse_world/share/aws_robomaker_small_warehouse_world/models/aws_robomaker_warehouse_PalletJackB_01/model.config
[10.577s] -- Installing: /home/adas/Documents/Ayush/dev/straight_ws/install/aws_robomaker_small_warehouse_world/share/aws_robomaker_small_warehouse_world/models/aws_robomaker_warehouse_WallB_01
[10.577s] -- Installing: /home/adas/Documents/Ayush/dev/straight_ws/install/aws_robomaker_small_warehouse_world/share/aws_robomaker_small_warehouse_world/models/aws_robomaker_warehouse_WallB_01/materials
[10.578s] -- Installing: /home/adas/Documents/Ayush/dev/straight_ws/install/aws_robomaker_small_warehouse_world/share/aws_robomaker_small_warehouse_world/models/aws_robomaker_warehouse_WallB_01/materials/textures
[10.578s] -- Installing: /home/adas/Documents/Ayush/dev/straight_ws/install/aws_robomaker_small_warehouse_world/share/aws_robomaker_small_warehouse_world/models/aws_robomaker_warehouse_WallB_01/materials/textures/aws_robomaker_warehouse_WallB_01.png
[10.579s] -- Installing: /home/adas/Documents/Ayush/dev/straight_ws/install/aws_robomaker_small_warehouse_world/share/aws_robomaker_small_warehouse_world/models/aws_robomaker_warehouse_WallB_01/meshes
[10.579s] -- Installing: /home/adas/Documents/Ayush/dev/straight_ws/install/aws_robomaker_small_warehouse_world/share/aws_robomaker_small_warehouse_world/models/aws_robomaker_warehouse_WallB_01/meshes/aws_robomaker_warehouse_WallB_01_collision.DAE
[10.579s] -- Installing: /home/adas/Documents/Ayush/dev/straight_ws/install/aws_robomaker_small_warehouse_world/share/aws_robomaker_small_warehouse_world/models/aws_robomaker_warehouse_WallB_01/meshes/aws_robomaker_warehouse_WallB_01_visual.DAE
[10.580s] -- Installing: /home/adas/Documents/Ayush/dev/straight_ws/install/aws_robomaker_small_warehouse_world/share/aws_robomaker_small_warehouse_world/models/aws_robomaker_warehouse_WallB_01/model.sdf
[10.580s] -- Installing: /home/adas/Documents/Ayush/dev/straight_ws/install/aws_robomaker_small_warehouse_world/share/aws_robomaker_small_warehouse_world/models/aws_robomaker_warehouse_WallB_01/model.config
[10.580s] -- Installing: /home/adas/Documents/Ayush/dev/straight_ws/install/aws_robomaker_small_warehouse_world/share/aws_robomaker_small_warehouse_world/models/aws_robomaker_warehouse_ClutteringC_01
[10.581s] -- Installing: /home/adas/Documents/Ayush/dev/straight_ws/install/aws_robomaker_small_warehouse_world/share/aws_robomaker_small_warehouse_world/models/aws_robomaker_warehouse_ClutteringC_01/materials
[10.581s] -- Installing: /home/adas/Documents/Ayush/dev/straight_ws/install/aws_robomaker_small_warehouse_world/share/aws_robomaker_small_warehouse_world/models/aws_robomaker_warehouse_ClutteringC_01/materials/textures
[10.581s] -- Installing: /home/adas/Documents/Ayush/dev/straight_ws/install/aws_robomaker_small_warehouse_world/share/aws_robomaker_small_warehouse_world/models/aws_robomaker_warehouse_ClutteringC_01/materials/textures/aws_robomaker_warehouse_ClutteringC_02.png
[10.582s] -- Installing: /home/adas/Documents/Ayush/dev/straight_ws/install/aws_robomaker_small_warehouse_world/share/aws_robomaker_small_warehouse_world/models/aws_robomaker_warehouse_ClutteringC_01/materials/textures/aws_robomaker_warehouse_ClutteringC_01.png
[10.586s] -- Installing: /home/adas/Documents/Ayush/dev/straight_ws/install/aws_robomaker_small_warehouse_world/share/aws_robomaker_small_warehouse_world/models/aws_robomaker_warehouse_ClutteringC_01/meshes
[10.587s] -- Installing: /home/adas/Documents/Ayush/dev/straight_ws/install/aws_robomaker_small_warehouse_world/share/aws_robomaker_small_warehouse_world/models/aws_robomaker_warehouse_ClutteringC_01/meshes/aws_robomaker_warehouse_ClutteringC_01_collision.DAE
[10.587s] -- Installing: /home/adas/Documents/Ayush/dev/straight_ws/install/aws_robomaker_small_warehouse_world/share/aws_robomaker_small_warehouse_world/models/aws_robomaker_warehouse_ClutteringC_01/meshes/aws_robomaker_warehouse_ClutteringC_01_visual.DAE
[10.587s] -- Installing: /home/adas/Documents/Ayush/dev/straight_ws/install/aws_robomaker_small_warehouse_world/share/aws_robomaker_small_warehouse_world/models/aws_robomaker_warehouse_ClutteringC_01/model.sdf
[10.588s] -- Installing: /home/adas/Documents/Ayush/dev/straight_ws/install/aws_robomaker_small_warehouse_world/share/aws_robomaker_small_warehouse_world/models/aws_robomaker_warehouse_ClutteringC_01/model.config
[10.588s] -- Installing: /home/adas/Documents/Ayush/dev/straight_ws/install/aws_robomaker_small_warehouse_world/share/aws_robomaker_small_warehouse_world/models/aws_robomaker_warehouse_Lamp_01
[10.589s] -- Installing: /home/adas/Documents/Ayush/dev/straight_ws/install/aws_robomaker_small_warehouse_world/share/aws_robomaker_small_warehouse_world/models/aws_robomaker_warehouse_Lamp_01/materials
[10.589s] -- Installing: /home/adas/Documents/Ayush/dev/straight_ws/install/aws_robomaker_small_warehouse_world/share/aws_robomaker_small_warehouse_world/models/aws_robomaker_warehouse_Lamp_01/materials/textures
[10.589s] -- Installing: /home/adas/Documents/Ayush/dev/straight_ws/install/aws_robomaker_small_warehouse_world/share/aws_robomaker_small_warehouse_world/models/aws_robomaker_warehouse_Lamp_01/materials/textures/aws_robomaker_warehouse_Lamp_01.png
[10.589s] -- Installing: /home/adas/Documents/Ayush/dev/straight_ws/install/aws_robomaker_small_warehouse_world/share/aws_robomaker_small_warehouse_world/models/aws_robomaker_warehouse_Lamp_01/meshes
[10.590s] -- Installing: /home/adas/Documents/Ayush/dev/straight_ws/install/aws_robomaker_small_warehouse_world/share/aws_robomaker_small_warehouse_world/models/aws_robomaker_warehouse_Lamp_01/meshes/aws_robomaker_warehouse_Lamp_01_collision.DAE
[10.590s] -- Installing: /home/adas/Documents/Ayush/dev/straight_ws/install/aws_robomaker_small_warehouse_world/share/aws_robomaker_small_warehouse_world/models/aws_robomaker_warehouse_Lamp_01/meshes/aws_robomaker_warehouse_Lamp_01_visual.DAE
[10.591s] -- Installing: /home/adas/Documents/Ayush/dev/straight_ws/install/aws_robomaker_small_warehouse_world/share/aws_robomaker_small_warehouse_world/models/aws_robomaker_warehouse_Lamp_01/model.sdf
[10.591s] -- Installing: /home/adas/Documents/Ayush/dev/straight_ws/install/aws_robomaker_small_warehouse_world/share/aws_robomaker_small_warehouse_world/models/aws_robomaker_warehouse_Lamp_01/model.config
[10.591s] -- Installing: /home/adas/Documents/Ayush/dev/straight_ws/install/aws_robomaker_small_warehouse_world/share/aws_robomaker_small_warehouse_world/models/aws_robomaker_warehouse_ShelfF_01
[10.591s] -- Installing: /home/adas/Documents/Ayush/dev/straight_ws/install/aws_robomaker_small_warehouse_world/share/aws_robomaker_small_warehouse_world/models/aws_robomaker_warehouse_ShelfF_01/materials
[10.592s] -- Installing: /home/adas/Documents/Ayush/dev/straight_ws/install/aws_robomaker_small_warehouse_world/share/aws_robomaker_small_warehouse_world/models/aws_robomaker_warehouse_ShelfF_01/materials/textures
[10.592s] -- Installing: /home/adas/Documents/Ayush/dev/straight_ws/install/aws_robomaker_small_warehouse_world/share/aws_robomaker_small_warehouse_world/models/aws_robomaker_warehouse_ShelfF_01/materials/textures/aws_robomaker_warehouse_ShelfF_03.png
[10.593s] -- Installing: /home/adas/Documents/Ayush/dev/straight_ws/install/aws_robomaker_small_warehouse_world/share/aws_robomaker_small_warehouse_world/models/aws_robomaker_warehouse_ShelfF_01/materials/textures/aws_robomaker_warehouse_ShelfF_02.png
[10.593s] -- Installing: /home/adas/Documents/Ayush/dev/straight_ws/install/aws_robomaker_small_warehouse_world/share/aws_robomaker_small_warehouse_world/models/aws_robomaker_warehouse_ShelfF_01/materials/textures/aws_robomaker_warehouse_ShelfF_01.png
[10.594s] -- Installing: /home/adas/Documents/Ayush/dev/straight_ws/install/aws_robomaker_small_warehouse_world/share/aws_robomaker_small_warehouse_world/models/aws_robomaker_warehouse_ShelfF_01/meshes
[10.594s] -- Installing: /home/adas/Documents/Ayush/dev/straight_ws/install/aws_robomaker_small_warehouse_world/share/aws_robomaker_small_warehouse_world/models/aws_robomaker_warehouse_ShelfF_01/meshes/aws_robomaker_warehouse_ShelfF_01_collision.DAE
[10.594s] -- Installing: /home/adas/Documents/Ayush/dev/straight_ws/install/aws_robomaker_small_warehouse_world/share/aws_robomaker_small_warehouse_world/models/aws_robomaker_warehouse_ShelfF_01/meshes/aws_robomaker_warehouse_ShelfF_01_visual.DAE
[10.599s] -- Installing: /home/adas/Documents/Ayush/dev/straight_ws/install/aws_robomaker_small_warehouse_world/share/aws_robomaker_small_warehouse_world/models/aws_robomaker_warehouse_ShelfF_01/model.sdf
[10.600s] -- Installing: /home/adas/Documents/Ayush/dev/straight_ws/install/aws_robomaker_small_warehouse_world/share/aws_robomaker_small_warehouse_world/models/aws_robomaker_warehouse_ShelfF_01/model.config
[10.600s] -- Installing: /home/adas/Documents/Ayush/dev/straight_ws/install/aws_robomaker_small_warehouse_world/share/aws_robomaker_small_warehouse_world/models/aws_robomaker_warehouse_Bucket_01
[10.600s] -- Installing: /home/adas/Documents/Ayush/dev/straight_ws/install/aws_robomaker_small_warehouse_world/share/aws_robomaker_small_warehouse_world/models/aws_robomaker_warehouse_Bucket_01/.DS_Store
[10.600s] -- Installing: /home/adas/Documents/Ayush/dev/straight_ws/install/aws_robomaker_small_warehouse_world/share/aws_robomaker_small_warehouse_world/models/aws_robomaker_warehouse_Bucket_01/materials
[10.601s] -- Installing: /home/adas/Documents/Ayush/dev/straight_ws/install/aws_robomaker_small_warehouse_world/share/aws_robomaker_small_warehouse_world/models/aws_robomaker_warehouse_Bucket_01/materials/.DS_Store
[10.601s] -- Installing: /home/adas/Documents/Ayush/dev/straight_ws/install/aws_robomaker_small_warehouse_world/share/aws_robomaker_small_warehouse_world/models/aws_robomaker_warehouse_Bucket_01/materials/textures
[10.601s] -- Installing: /home/adas/Documents/Ayush/dev/straight_ws/install/aws_robomaker_small_warehouse_world/share/aws_robomaker_small_warehouse_world/models/aws_robomaker_warehouse_Bucket_01/materials/textures/aws_robomaker_warehouse_Bucket_01.png
[10.602s] -- Installing: /home/adas/Documents/Ayush/dev/straight_ws/install/aws_robomaker_small_warehouse_world/share/aws_robomaker_small_warehouse_world/models/aws_robomaker_warehouse_Bucket_01/meshes
[10.602s] -- Installing: /home/adas/Documents/Ayush/dev/straight_ws/install/aws_robomaker_small_warehouse_world/share/aws_robomaker_small_warehouse_world/models/aws_robomaker_warehouse_Bucket_01/meshes/aws_robomaker_warehouse_Bucket_01_collision.DAE
[10.603s] -- Installing: /home/adas/Documents/Ayush/dev/straight_ws/install/aws_robomaker_small_warehouse_world/share/aws_robomaker_small_warehouse_world/models/aws_robomaker_warehouse_Bucket_01/meshes/aws_robomaker_warehouse_Bucket_01_visual.DAE
[10.603s] -- Installing: /home/adas/Documents/Ayush/dev/straight_ws/install/aws_robomaker_small_warehouse_world/share/aws_robomaker_small_warehouse_world/models/aws_robomaker_warehouse_Bucket_01/model.sdf
[10.603s] -- Installing: /home/adas/Documents/Ayush/dev/straight_ws/install/aws_robomaker_small_warehouse_world/share/aws_robomaker_small_warehouse_world/models/aws_robomaker_warehouse_Bucket_01/model.config
[10.604s] -- Installing: /home/adas/Documents/Ayush/dev/straight_ws/install/aws_robomaker_small_warehouse_world/share/aws_robomaker_small_warehouse_world/worlds
[10.604s] -- Installing: /home/adas/Documents/Ayush/dev/straight_ws/install/aws_robomaker_small_warehouse_world/share/aws_robomaker_small_warehouse_world/worlds/no_roof_small_warehouse
[10.604s] -- Installing: /home/adas/Documents/Ayush/dev/straight_ws/install/aws_robomaker_small_warehouse_world/share/aws_robomaker_small_warehouse_world/worlds/no_roof_small_warehouse/no_roof_small_warehouse.world
[10.604s] -- Installing: /home/adas/Documents/Ayush/dev/straight_ws/install/aws_robomaker_small_warehouse_world/share/aws_robomaker_small_warehouse_world/worlds/small_warehouse
[10.605s] -- Installing: /home/adas/Documents/Ayush/dev/straight_ws/install/aws_robomaker_small_warehouse_world/share/aws_robomaker_small_warehouse_world/worlds/small_warehouse/small_warehouse.world
[10.605s] -- Installing: /home/adas/Documents/Ayush/dev/straight_ws/install/aws_robomaker_small_warehouse_world/share/aws_robomaker_small_warehouse_world/maps
[10.605s] -- Installing: /home/adas/Documents/Ayush/dev/straight_ws/install/aws_robomaker_small_warehouse_world/share/aws_robomaker_small_warehouse_world/maps/.DS_Store
[10.607s] -- Installing: /home/adas/Documents/Ayush/dev/straight_ws/install/aws_robomaker_small_warehouse_world/share/aws_robomaker_small_warehouse_world/maps/002
[10.607s] -- Installing: /home/adas/Documents/Ayush/dev/straight_ws/install/aws_robomaker_small_warehouse_world/share/aws_robomaker_small_warehouse_world/maps/002/map.pgm
[10.612s] -- Installing: /home/adas/Documents/Ayush/dev/straight_ws/install/aws_robomaker_small_warehouse_world/share/aws_robomaker_small_warehouse_world/maps/002/map.yaml
[10.613s] -- Installing: /home/adas/Documents/Ayush/dev/straight_ws/install/aws_robomaker_small_warehouse_world/share/aws_robomaker_small_warehouse_world/maps/005
[10.613s] -- Installing: /home/adas/Documents/Ayush/dev/straight_ws/install/aws_robomaker_small_warehouse_world/share/aws_robomaker_small_warehouse_world/maps/005/map_rotated.pgm
[10.614s] -- Installing: /home/adas/Documents/Ayush/dev/straight_ws/install/aws_robomaker_small_warehouse_world/share/aws_robomaker_small_warehouse_world/maps/005/map_rotated.png
[10.614s] -- Installing: /home/adas/Documents/Ayush/dev/straight_ws/install/aws_robomaker_small_warehouse_world/share/aws_robomaker_small_warehouse_world/maps/005/map.pgm
[10.615s] -- Installing: /home/adas/Documents/Ayush/dev/straight_ws/install/aws_robomaker_small_warehouse_world/share/aws_robomaker_small_warehouse_world/maps/005/map.yaml
[10.615s] -- Installing: /home/adas/Documents/Ayush/dev/straight_ws/install/aws_robomaker_small_warehouse_world/share/aws_robomaker_small_warehouse_world/rviz
[10.615s] -- Installing: /home/adas/Documents/Ayush/dev/straight_ws/install/aws_robomaker_small_warehouse_world/share/aws_robomaker_small_warehouse_world/rviz/basic_data.rviz
[10.616s] -- Installing: /home/adas/Documents/Ayush/dev/straight_ws/install/aws_robomaker_small_warehouse_world/share/aws_robomaker_small_warehouse_world/environment/aws_robomaker_small_warehouse_world.dsv
[10.617s] -- Installing: /home/adas/Documents/Ayush/dev/straight_ws/install/aws_robomaker_small_warehouse_world/share/ament_index/resource_index/package_run_dependencies/aws_robomaker_small_warehouse_world
[10.617s] -- Installing: /home/adas/Documents/Ayush/dev/straight_ws/install/aws_robomaker_small_warehouse_world/share/ament_index/resource_index/parent_prefix_path/aws_robomaker_small_warehouse_world
[10.617s] -- Installing: /home/adas/Documents/Ayush/dev/straight_ws/install/aws_robomaker_small_warehouse_world/share/aws_robomaker_small_warehouse_world/environment/ament_prefix_path.sh
[10.618s] -- Installing: /home/adas/Documents/Ayush/dev/straight_ws/install/aws_robomaker_small_warehouse_world/share/aws_robomaker_small_warehouse_world/environment/ament_prefix_path.dsv
[10.618s] -- Installing: /home/adas/Documents/Ayush/dev/straight_ws/install/aws_robomaker_small_warehouse_world/share/aws_robomaker_small_warehouse_world/environment/path.sh
[10.619s] -- Installing: /home/adas/Documents/Ayush/dev/straight_ws/install/aws_robomaker_small_warehouse_world/share/aws_robomaker_small_warehouse_world/environment/path.dsv
[10.619s] -- Installing: /home/adas/Documents/Ayush/dev/straight_ws/install/aws_robomaker_small_warehouse_world/share/aws_robomaker_small_warehouse_world/local_setup.bash
[10.620s] -- Installing: /home/adas/Documents/Ayush/dev/straight_ws/install/aws_robomaker_small_warehouse_world/share/aws_robomaker_small_warehouse_world/local_setup.sh
[10.620s] -- Installing: /home/adas/Documents/Ayush/dev/straight_ws/install/aws_robomaker_small_warehouse_world/share/aws_robomaker_small_warehouse_world/local_setup.zsh
[10.620s] -- Installing: /home/adas/Documents/Ayush/dev/straight_ws/install/aws_robomaker_small_warehouse_world/share/aws_robomaker_small_warehouse_world/local_setup.dsv
[10.621s] -- Installing: /home/adas/Documents/Ayush/dev/straight_ws/install/aws_robomaker_small_warehouse_world/share/aws_robomaker_small_warehouse_world/package.dsv
[10.622s] -- Installing: /home/adas/Documents/Ayush/dev/straight_ws/install/aws_robomaker_small_warehouse_world/share/ament_index/resource_index/packages/aws_robomaker_small_warehouse_world
[10.622s] -- Installing: /home/adas/Documents/Ayush/dev/straight_ws/install/aws_robomaker_small_warehouse_world/share/aws_robomaker_small_warehouse_world/cmake/ament_cmake_export_dependencies-extras.cmake
[10.623s] -- Installing: /home/adas/Documents/Ayush/dev/straight_ws/install/aws_robomaker_small_warehouse_world/share/aws_robomaker_small_warehouse_world/cmake/aws_robomaker_small_warehouse_worldConfig.cmake
[10.623s] -- Installing: /home/adas/Documents/Ayush/dev/straight_ws/install/aws_robomaker_small_warehouse_world/share/aws_robomaker_small_warehouse_world/cmake/aws_robomaker_small_warehouse_worldConfig-version.cmake
[10.623s] -- Installing: /home/adas/Documents/Ayush/dev/straight_ws/install/aws_robomaker_small_warehouse_world/share/aws_robomaker_small_warehouse_world/package.xml
[10.626s] Invoked command in '/home/adas/Documents/Ayush/dev/straight_ws/build/aws_robomaker_small_warehouse_world' returned '0': CMAKE_PREFIX_PATH=${CMAKE_PREFIX_PATH}:/home/adas/Documents/Ayush/dev/straightline_ws/install/examples_tf2_py:/home/adas/Documents/Ayush/dev/straightline_ws/install/nav2_simple_commander:/home/adas/Documents/Ayush/dev/straightline_ws/install/nav2_gazebo_spawner:/opt/ros/foxy /usr/bin/cmake --install /home/adas/Documents/Ayush/dev/straight_ws/build/aws_robomaker_small_warehouse_world
