[0.084s] Invoking command in '/home/adas/Documents/Ayush/dev/straight_ws/build/nav2_behavior_tree': AMENT_PREFIX_PATH=/home/adas/Documents/Ayush/dev/straight_ws/install/nav2_util:/home/adas/Documents/Ayush/dev/straight_ws/install/tf2_geometry_msgs:/home/adas/Documents/Ayush/dev/straight_ws/install/tf2_ros:/home/adas/Documents/Ayush/dev/straight_ws/install/tf2_py:/home/adas/Documents/Ayush/dev/straight_ws/install/nav2_msgs:/home/adas/Documents/Ayush/dev/straight_ws/install/tf2_msgs:/home/adas/Documents/Ayush/dev/straight_ws/install/tf2:/home/adas/Documents/Ayush/dev/straight_ws/install/nav2_common:${AMENT_PREFIX_PATH} CMAKE_PREFIX_PATH=/home/adas/Documents/Ayush/dev/straight_ws/install/nav2_util:/home/adas/Documents/Ayush/dev/straight_ws/install/tf2_geometry_msgs:/home/adas/Documents/Ayush/dev/straight_ws/install/tf2_ros:/home/adas/Documents/Ayush/dev/straight_ws/install/tf2_py:/home/adas/Documents/Ayush/dev/straight_ws/install/nav2_msgs:/home/adas/Documents/Ayush/dev/straight_ws/install/tf2_msgs:/home/adas/Documents/Ayush/dev/straight_ws/install/tf2:/home/adas/Documents/Ayush/dev/straight_ws/install/nav2_common:/home/adas/Documents/Ayush/dev/straightline_ws/install/geometry2:/home/adas/Documents/Ayush/dev/straightline_ws/install/tf2_tools:/home/adas/Documents/Ayush/dev/straightline_ws/install/nav2_system_tests:/home/adas/Documents/Ayush/dev/straightline_ws/install/nav2_bringup:/home/adas/Documents/Ayush/dev/straightline_ws/install/navigation2:/home/adas/Documents/Ayush/dev/straightline_ws/install/smac_planner:/home/adas/Documents/Ayush/dev/straightline_ws/install/nav2_regulated_pure_pursuit_controller:/home/adas/Documents/Ayush/dev/straightline_ws/install/nav2_recoveries:/home/adas/Documents/Ayush/dev/straightline_ws/install/nav2_planner:/home/adas/Documents/Ayush/dev/straightline_ws/install/nav2_navfn_planner:/home/adas/Documents/Ayush/dev/straightline_ws/install/nav2_dwb_controller:/home/adas/Documents/Ayush/dev/straightline_ws/install/nav2_controller:/home/adas/Documents/Ayush/dev/straightline_ws/install/dwb_plugins:/home/adas/Documents/Ayush/dev/straightline_ws/install/dwb_critics:/home/adas/Documents/Ayush/dev/straightline_ws/install/dwb_core:/home/adas/Documents/Ayush/dev/straightline_ws/install/nav2_core:/home/adas/Documents/Ayush/dev/straightline_ws/install/costmap_queue:/home/adas/Documents/Ayush/dev/straightline_ws/install/nav2_costmap_2d:/home/adas/Documents/Ayush/dev/straightline_ws/install/tf2_sensor_msgs:/home/adas/Documents/Ayush/dev/straightline_ws/install/test_tf2:/home/adas/Documents/Ayush/dev/straightline_ws/install/tf2_kdl:/home/adas/Documents/Ayush/dev/straightline_ws/install/nav_2d_utils:/home/adas/Documents/Ayush/dev/straightline_ws/install/nav2_waypoint_follower:/home/adas/Documents/Ayush/dev/straightline_ws/install/nav2_rviz_plugins:/home/adas/Documents/Ayush/dev/straightline_ws/install/nav2_map_server:/home/adas/Documents/Ayush/dev/straightline_ws/install/nav2_lifecycle_manager:/home/adas/Documents/Ayush/dev/straightline_ws/install/nav2_bt_navigator:/home/adas/Documents/Ayush/dev/straightline_ws/install/nav2_behavior_tree:/home/adas/Documents/Ayush/dev/straightline_ws/install/nav2_amcl:/home/adas/Documents/Ayush/dev/straightline_ws/install/nav2_util:/home/adas/Documents/Ayush/dev/straightline_ws/install/tf2_geometry_msgs:/home/adas/Documents/Ayush/dev/straightline_ws/install/tf2_eigen:/home/adas/Documents/Ayush/dev/straightline_ws/install/tf2_bullet:/home/adas/Documents/Ayush/dev/straightline_ws/install/tf2_ros:/home/adas/Documents/Ayush/dev/straightline_ws/install/tf2_py:/home/adas/Documents/Ayush/dev/straightline_ws/install/tf2_msgs:/home/adas/Documents/Ayush/dev/straightline_ws/install/tf2_eigen_kdl:/home/adas/Documents/Ayush/dev/straightline_ws/install/tf2:/home/adas/Documents/Ayush/dev/straightline_ws/install/dwb_msgs:/home/adas/Documents/Ayush/dev/straightline_ws/install/nav_2d_msgs:/home/adas/Documents/Ayush/dev/straightline_ws/install/nav2_voxel_grid:/home/adas/Documents/Ayush/dev/straightline_ws/install/nav2_msgs:/home/adas/Documents/Ayush/dev/straightline_ws/install/nav2_common:/home/adas/Documents/Ayush/dev/straightline_ws/install/aws_robomaker_small_warehouse_world:/home/adas/Documents/Ayush/dev/straightline_ws/install/examples_tf2_py:/home/adas/Documents/Ayush/dev/straightline_ws/install/nav2_simple_commander:/home/adas/Documents/Ayush/dev/straightline_ws/install/nav2_gazebo_spawner:/opt/ros/foxy LD_LIBRARY_PATH=/home/adas/Documents/Ayush/dev/straight_ws/install/nav2_util/lib:/home/adas/Documents/Ayush/dev/straight_ws/install/tf2_ros/lib:/home/adas/Documents/Ayush/dev/straight_ws/install/nav2_msgs/lib:/home/adas/Documents/Ayush/dev/straight_ws/install/tf2_msgs/lib:/home/adas/Documents/Ayush/dev/straight_ws/install/tf2/lib:${LD_LIBRARY_PATH} PYTHONPATH=/home/adas/Documents/Ayush/dev/straight_ws/install/tf2_ros/lib/python3.8/site-packages:/home/adas/Documents/Ayush/dev/straight_ws/install/tf2_py/lib/python3.8/site-packages:/home/adas/Documents/Ayush/dev/straight_ws/install/nav2_msgs/lib/python3.8/site-packages:/home/adas/Documents/Ayush/dev/straight_ws/install/tf2_msgs/lib/python3.8/site-packages:/home/adas/Documents/Ayush/dev/straight_ws/install/nav2_common/lib/python3.8/site-packages:${PYTHONPATH} /usr/bin/cmake /home/adas/Documents/Ayush/dev/straight_ws/src/navigation2/nav2_behavior_tree -DCMAKE_INSTALL_PREFIX=/home/adas/Documents/Ayush/dev/straight_ws/install/nav2_behavior_tree
[0.248s] -- The CXX compiler identification is GNU 9.3.0
[0.269s] -- Check for working CXX compiler: /usr/bin/c++
[0.484s] -- Check for working CXX compiler: /usr/bin/c++ -- works
[0.485s] -- Detecting CXX compiler ABI info
[0.663s] -- Detecting CXX compiler ABI info - done
[0.682s] -- Detecting CXX compile features
[0.685s] -- Detecting CXX compile features - done
[0.693s] -- Found ament_cmake: 0.9.8 (/opt/ros/foxy/share/ament_cmake/cmake)
[0.758s] -- Found PythonInterp: /usr/bin/python3 (found suitable version "3.8.10", minimum required is "3") 
[0.759s] -- Using PYTHON_EXECUTABLE: /usr/bin/python3
[1.255s] -- Found nav2_common: 0.4.7 (/home/adas/Documents/Ayush/dev/straight_ws/install/nav2_common/share/nav2_common/cmake)
[1.263s] -- Found rclcpp: 2.3.1 (/opt/ros/foxy/share/rclcpp/cmake)
[1.418s] -- Using all available rosidl_typesupport_c: rosidl_typesupport_fastrtps_c;rosidl_typesupport_introspection_c
[1.451s] -- Found rosidl_adapter: 1.2.1 (/opt/ros/foxy/share/rosidl_adapter/cmake)
[1.697s] -- Found OpenSSL: /usr/lib/x86_64-linux-gnu/libcrypto.so (found version "1.1.1f")  
[1.761s] -- Found FastRTPS: /opt/ros/foxy/include  
[1.992s] -- Using all available rosidl_typesupport_cpp: rosidl_typesupport_fastrtps_cpp;rosidl_typesupport_introspection_cpp
[2.151s] -- Found rmw_implementation_cmake: 1.0.3 (/opt/ros/foxy/share/rmw_implementation_cmake/cmake)
[2.161s] -- Using RMW implementation 'rmw_fastrtps_cpp' as default
[2.162s] -- Looking for C++ include pthread.h
[2.365s] -- Looking for C++ include pthread.h - found
[2.366s] -- Performing Test CMAKE_HAVE_LIBC_PTHREAD
[2.559s] -- Performing Test CMAKE_HAVE_LIBC_PTHREAD - Failed
[2.559s] -- Looking for pthread_create in pthreads
[2.752s] -- Looking for pthread_create in pthreads - not found
[2.752s] -- Looking for pthread_create in pthread
[3.082s] -- Looking for pthread_create in pthread - found
[3.084s] -- Found Threads: TRUE  
[3.450s] -- Found rclcpp_action: 2.3.1 (/opt/ros/foxy/share/rclcpp_action/cmake)
[3.629s] -- Found rclcpp_lifecycle: 2.3.1 (/opt/ros/foxy/share/rclcpp_lifecycle/cmake)
[3.708s] -- Found geometry_msgs: 2.0.4 (/opt/ros/foxy/share/geometry_msgs/cmake)
[3.773s] -- Found sensor_msgs: 2.0.4 (/opt/ros/foxy/share/sensor_msgs/cmake)
[3.910s] -- Found nav2_msgs: 0.4.7 (/home/adas/Documents/Ayush/dev/straight_ws/install/nav2_msgs/share/nav2_msgs/cmake)
[4.564s] -- Found behaviortree_cpp_v3: 3.5.6 (/opt/ros/foxy/share/behaviortree_cpp_v3/cmake)
[4.571s] -- Found tf2_ros: 0.13.11 (/home/adas/Documents/Ayush/dev/straight_ws/install/tf2_ros/share/tf2_ros/cmake)
[5.150s] -- Found tf2_geometry_msgs: 0.13.11 (/home/adas/Documents/Ayush/dev/straight_ws/install/tf2_geometry_msgs/share/tf2_geometry_msgs/cmake)
[5.179s] -- Found eigen3_cmake_module: 0.1.1 (/opt/ros/foxy/share/eigen3_cmake_module/cmake)
[5.191s] -- Found Eigen3: TRUE (found version "3.3.7") 
[5.253s] -- Found std_srvs: 2.0.4 (/opt/ros/foxy/share/std_srvs/cmake)
[5.269s] -- Found nav2_util: 0.4.7 (/home/adas/Documents/Ayush/dev/straight_ws/install/nav2_util/share/nav2_util/cmake)
[5.610s] -- Setting build type to Release as none was specified.
[15.937s] -- Found ament_lint_auto: 0.9.6 (/opt/ros/foxy/share/ament_lint_auto/cmake)
[16.178s] -- Found ament_cmake_gtest: 0.9.8 (/opt/ros/foxy/share/ament_cmake_gtest/cmake)
[16.201s] -- Found gtest sources under '/opt/ros/foxy/src/gtest_vendor': C++ tests using 'Google Test' will be built
[16.377s] -- The C compiler identification is GNU 9.3.0
[16.398s] -- Check for working C compiler: /usr/bin/cc
[16.716s] -- Check for working C compiler: /usr/bin/cc -- works
[16.718s] -- Detecting C compiler ABI info
[17.069s] -- Detecting C compiler ABI info - done
[17.120s] -- Detecting C compile features
[17.121s] -- Detecting C compile features - done
[17.121s] -- Check if compiler accepts -pthread
[17.421s] -- Check if compiler accepts -pthread - yes
[24.690s] -- Added test 'copyright' to check source files copyright and LICENSE
[24.696s] -- Added test 'cppcheck' to perform static code analysis on C / C++ code
[24.702s] -- Configured cppcheck include dirs: /home/adas/Documents/Ayush/dev/straight_ws/src/navigation2/nav2_behavior_tree/include
[24.702s] -- Configured cppcheck exclude dirs and/or files: 
[24.708s] -- Added test 'cpplint' to check C / C++ code against the Google style
[24.709s] -- Configured cpplint exclude dirs and/or files: 
[24.712s] -- Added test 'lint_cmake' to check CMake code style
[24.719s] -- Added test 'uncrustify' to check C / C++ code style
[24.720s] -- Configured uncrustify additional arguments: 
[24.722s] -- Added test 'xmllint' to check XML markup files
[24.734s] -- Configuring done
[26.603s] -- Generating done
[26.615s] -- Build files have been written to: /home/adas/Documents/Ayush/dev/straight_ws/build/nav2_behavior_tree
[26.653s] Invoked command in '/home/adas/Documents/Ayush/dev/straight_ws/build/nav2_behavior_tree' returned '0': AMENT_PREFIX_PATH=/home/adas/Documents/Ayush/dev/straight_ws/install/nav2_util:/home/adas/Documents/Ayush/dev/straight_ws/install/tf2_geometry_msgs:/home/adas/Documents/Ayush/dev/straight_ws/install/tf2_ros:/home/adas/Documents/Ayush/dev/straight_ws/install/tf2_py:/home/adas/Documents/Ayush/dev/straight_ws/install/nav2_msgs:/home/adas/Documents/Ayush/dev/straight_ws/install/tf2_msgs:/home/adas/Documents/Ayush/dev/straight_ws/install/tf2:/home/adas/Documents/Ayush/dev/straight_ws/install/nav2_common:${AMENT_PREFIX_PATH} CMAKE_PREFIX_PATH=/home/adas/Documents/Ayush/dev/straight_ws/install/nav2_util:/home/adas/Documents/Ayush/dev/straight_ws/install/tf2_geometry_msgs:/home/adas/Documents/Ayush/dev/straight_ws/install/tf2_ros:/home/adas/Documents/Ayush/dev/straight_ws/install/tf2_py:/home/adas/Documents/Ayush/dev/straight_ws/install/nav2_msgs:/home/adas/Documents/Ayush/dev/straight_ws/install/tf2_msgs:/home/adas/Documents/Ayush/dev/straight_ws/install/tf2:/home/adas/Documents/Ayush/dev/straight_ws/install/nav2_common:/home/adas/Documents/Ayush/dev/straightline_ws/install/geometry2:/home/adas/Documents/Ayush/dev/straightline_ws/install/tf2_tools:/home/adas/Documents/Ayush/dev/straightline_ws/install/nav2_system_tests:/home/adas/Documents/Ayush/dev/straightline_ws/install/nav2_bringup:/home/adas/Documents/Ayush/dev/straightline_ws/install/navigation2:/home/adas/Documents/Ayush/dev/straightline_ws/install/smac_planner:/home/adas/Documents/Ayush/dev/straightline_ws/install/nav2_regulated_pure_pursuit_controller:/home/adas/Documents/Ayush/dev/straightline_ws/install/nav2_recoveries:/home/adas/Documents/Ayush/dev/straightline_ws/install/nav2_planner:/home/adas/Documents/Ayush/dev/straightline_ws/install/nav2_navfn_planner:/home/adas/Documents/Ayush/dev/straightline_ws/install/nav2_dwb_controller:/home/adas/Documents/Ayush/dev/straightline_ws/install/nav2_controller:/home/adas/Documents/Ayush/dev/straightline_ws/install/dwb_plugins:/home/adas/Documents/Ayush/dev/straightline_ws/install/dwb_critics:/home/adas/Documents/Ayush/dev/straightline_ws/install/dwb_core:/home/adas/Documents/Ayush/dev/straightline_ws/install/nav2_core:/home/adas/Documents/Ayush/dev/straightline_ws/install/costmap_queue:/home/adas/Documents/Ayush/dev/straightline_ws/install/nav2_costmap_2d:/home/adas/Documents/Ayush/dev/straightline_ws/install/tf2_sensor_msgs:/home/adas/Documents/Ayush/dev/straightline_ws/install/test_tf2:/home/adas/Documents/Ayush/dev/straightline_ws/install/tf2_kdl:/home/adas/Documents/Ayush/dev/straightline_ws/install/nav_2d_utils:/home/adas/Documents/Ayush/dev/straightline_ws/install/nav2_waypoint_follower:/home/adas/Documents/Ayush/dev/straightline_ws/install/nav2_rviz_plugins:/home/adas/Documents/Ayush/dev/straightline_ws/install/nav2_map_server:/home/adas/Documents/Ayush/dev/straightline_ws/install/nav2_lifecycle_manager:/home/adas/Documents/Ayush/dev/straightline_ws/install/nav2_bt_navigator:/home/adas/Documents/Ayush/dev/straightline_ws/install/nav2_behavior_tree:/home/adas/Documents/Ayush/dev/straightline_ws/install/nav2_amcl:/home/adas/Documents/Ayush/dev/straightline_ws/install/nav2_util:/home/adas/Documents/Ayush/dev/straightline_ws/install/tf2_geometry_msgs:/home/adas/Documents/Ayush/dev/straightline_ws/install/tf2_eigen:/home/adas/Documents/Ayush/dev/straightline_ws/install/tf2_bullet:/home/adas/Documents/Ayush/dev/straightline_ws/install/tf2_ros:/home/adas/Documents/Ayush/dev/straightline_ws/install/tf2_py:/home/adas/Documents/Ayush/dev/straightline_ws/install/tf2_msgs:/home/adas/Documents/Ayush/dev/straightline_ws/install/tf2_eigen_kdl:/home/adas/Documents/Ayush/dev/straightline_ws/install/tf2:/home/adas/Documents/Ayush/dev/straightline_ws/install/dwb_msgs:/home/adas/Documents/Ayush/dev/straightline_ws/install/nav_2d_msgs:/home/adas/Documents/Ayush/dev/straightline_ws/install/nav2_voxel_grid:/home/adas/Documents/Ayush/dev/straightline_ws/install/nav2_msgs:/home/adas/Documents/Ayush/dev/straightline_ws/install/nav2_common:/home/adas/Documents/Ayush/dev/straightline_ws/install/aws_robomaker_small_warehouse_world:/home/adas/Documents/Ayush/dev/straightline_ws/install/examples_tf2_py:/home/adas/Documents/Ayush/dev/straightline_ws/install/nav2_simple_commander:/home/adas/Documents/Ayush/dev/straightline_ws/install/nav2_gazebo_spawner:/opt/ros/foxy LD_LIBRARY_PATH=/home/adas/Documents/Ayush/dev/straight_ws/install/nav2_util/lib:/home/adas/Documents/Ayush/dev/straight_ws/install/tf2_ros/lib:/home/adas/Documents/Ayush/dev/straight_ws/install/nav2_msgs/lib:/home/adas/Documents/Ayush/dev/straight_ws/install/tf2_msgs/lib:/home/adas/Documents/Ayush/dev/straight_ws/install/tf2/lib:${LD_LIBRARY_PATH} PYTHONPATH=/home/adas/Documents/Ayush/dev/straight_ws/install/tf2_ros/lib/python3.8/site-packages:/home/adas/Documents/Ayush/dev/straight_ws/install/tf2_py/lib/python3.8/site-packages:/home/adas/Documents/Ayush/dev/straight_ws/install/nav2_msgs/lib/python3.8/site-packages:/home/adas/Documents/Ayush/dev/straight_ws/install/tf2_msgs/lib/python3.8/site-packages:/home/adas/Documents/Ayush/dev/straight_ws/install/nav2_common/lib/python3.8/site-packages:${PYTHONPATH} /usr/bin/cmake /home/adas/Documents/Ayush/dev/straight_ws/src/navigation2/nav2_behavior_tree -DCMAKE_INSTALL_PREFIX=/home/adas/Documents/Ayush/dev/straight_ws/install/nav2_behavior_tree
[26.658s] Invoking command in '/home/adas/Documents/Ayush/dev/straight_ws/build/nav2_behavior_tree': AMENT_PREFIX_PATH=/home/adas/Documents/Ayush/dev/straight_ws/install/nav2_util:/home/adas/Documents/Ayush/dev/straight_ws/install/tf2_geometry_msgs:/home/adas/Documents/Ayush/dev/straight_ws/install/tf2_ros:/home/adas/Documents/Ayush/dev/straight_ws/install/tf2_py:/home/adas/Documents/Ayush/dev/straight_ws/install/nav2_msgs:/home/adas/Documents/Ayush/dev/straight_ws/install/tf2_msgs:/home/adas/Documents/Ayush/dev/straight_ws/install/tf2:/home/adas/Documents/Ayush/dev/straight_ws/install/nav2_common:${AMENT_PREFIX_PATH} CMAKE_PREFIX_PATH=/home/adas/Documents/Ayush/dev/straight_ws/install/nav2_util:/home/adas/Documents/Ayush/dev/straight_ws/install/tf2_geometry_msgs:/home/adas/Documents/Ayush/dev/straight_ws/install/tf2_ros:/home/adas/Documents/Ayush/dev/straight_ws/install/tf2_py:/home/adas/Documents/Ayush/dev/straight_ws/install/nav2_msgs:/home/adas/Documents/Ayush/dev/straight_ws/install/tf2_msgs:/home/adas/Documents/Ayush/dev/straight_ws/install/tf2:/home/adas/Documents/Ayush/dev/straight_ws/install/nav2_common:/home/adas/Documents/Ayush/dev/straightline_ws/install/geometry2:/home/adas/Documents/Ayush/dev/straightline_ws/install/tf2_tools:/home/adas/Documents/Ayush/dev/straightline_ws/install/nav2_system_tests:/home/adas/Documents/Ayush/dev/straightline_ws/install/nav2_bringup:/home/adas/Documents/Ayush/dev/straightline_ws/install/navigation2:/home/adas/Documents/Ayush/dev/straightline_ws/install/smac_planner:/home/adas/Documents/Ayush/dev/straightline_ws/install/nav2_regulated_pure_pursuit_controller:/home/adas/Documents/Ayush/dev/straightline_ws/install/nav2_recoveries:/home/adas/Documents/Ayush/dev/straightline_ws/install/nav2_planner:/home/adas/Documents/Ayush/dev/straightline_ws/install/nav2_navfn_planner:/home/adas/Documents/Ayush/dev/straightline_ws/install/nav2_dwb_controller:/home/adas/Documents/Ayush/dev/straightline_ws/install/nav2_controller:/home/adas/Documents/Ayush/dev/straightline_ws/install/dwb_plugins:/home/adas/Documents/Ayush/dev/straightline_ws/install/dwb_critics:/home/adas/Documents/Ayush/dev/straightline_ws/install/dwb_core:/home/adas/Documents/Ayush/dev/straightline_ws/install/nav2_core:/home/adas/Documents/Ayush/dev/straightline_ws/install/costmap_queue:/home/adas/Documents/Ayush/dev/straightline_ws/install/nav2_costmap_2d:/home/adas/Documents/Ayush/dev/straightline_ws/install/tf2_sensor_msgs:/home/adas/Documents/Ayush/dev/straightline_ws/install/test_tf2:/home/adas/Documents/Ayush/dev/straightline_ws/install/tf2_kdl:/home/adas/Documents/Ayush/dev/straightline_ws/install/nav_2d_utils:/home/adas/Documents/Ayush/dev/straightline_ws/install/nav2_waypoint_follower:/home/adas/Documents/Ayush/dev/straightline_ws/install/nav2_rviz_plugins:/home/adas/Documents/Ayush/dev/straightline_ws/install/nav2_map_server:/home/adas/Documents/Ayush/dev/straightline_ws/install/nav2_lifecycle_manager:/home/adas/Documents/Ayush/dev/straightline_ws/install/nav2_bt_navigator:/home/adas/Documents/Ayush/dev/straightline_ws/install/nav2_behavior_tree:/home/adas/Documents/Ayush/dev/straightline_ws/install/nav2_amcl:/home/adas/Documents/Ayush/dev/straightline_ws/install/nav2_util:/home/adas/Documents/Ayush/dev/straightline_ws/install/tf2_geometry_msgs:/home/adas/Documents/Ayush/dev/straightline_ws/install/tf2_eigen:/home/adas/Documents/Ayush/dev/straightline_ws/install/tf2_bullet:/home/adas/Documents/Ayush/dev/straightline_ws/install/tf2_ros:/home/adas/Documents/Ayush/dev/straightline_ws/install/tf2_py:/home/adas/Documents/Ayush/dev/straightline_ws/install/tf2_msgs:/home/adas/Documents/Ayush/dev/straightline_ws/install/tf2_eigen_kdl:/home/adas/Documents/Ayush/dev/straightline_ws/install/tf2:/home/adas/Documents/Ayush/dev/straightline_ws/install/dwb_msgs:/home/adas/Documents/Ayush/dev/straightline_ws/install/nav_2d_msgs:/home/adas/Documents/Ayush/dev/straightline_ws/install/nav2_voxel_grid:/home/adas/Documents/Ayush/dev/straightline_ws/install/nav2_msgs:/home/adas/Documents/Ayush/dev/straightline_ws/install/nav2_common:/home/adas/Documents/Ayush/dev/straightline_ws/install/aws_robomaker_small_warehouse_world:/home/adas/Documents/Ayush/dev/straightline_ws/install/examples_tf2_py:/home/adas/Documents/Ayush/dev/straightline_ws/install/nav2_simple_commander:/home/adas/Documents/Ayush/dev/straightline_ws/install/nav2_gazebo_spawner:/opt/ros/foxy LD_LIBRARY_PATH=/home/adas/Documents/Ayush/dev/straight_ws/install/nav2_util/lib:/home/adas/Documents/Ayush/dev/straight_ws/install/tf2_ros/lib:/home/adas/Documents/Ayush/dev/straight_ws/install/nav2_msgs/lib:/home/adas/Documents/Ayush/dev/straight_ws/install/tf2_msgs/lib:/home/adas/Documents/Ayush/dev/straight_ws/install/tf2/lib:${LD_LIBRARY_PATH} PYTHONPATH=/home/adas/Documents/Ayush/dev/straight_ws/install/tf2_ros/lib/python3.8/site-packages:/home/adas/Documents/Ayush/dev/straight_ws/install/tf2_py/lib/python3.8/site-packages:/home/adas/Documents/Ayush/dev/straight_ws/install/nav2_msgs/lib/python3.8/site-packages:/home/adas/Documents/Ayush/dev/straight_ws/install/tf2_msgs/lib/python3.8/site-packages:/home/adas/Documents/Ayush/dev/straight_ws/install/nav2_common/lib/python3.8/site-packages:${PYTHONPATH} /usr/bin/cmake --build /home/adas/Documents/Ayush/dev/straight_ws/build/nav2_behavior_tree -- -j8 -l8
[26.746s] [35m[1mScanning dependencies of target nav2_transform_available_condition_bt_node[0m
[26.836s] [  1%] [32mBuilding CXX object CMakeFiles/nav2_transform_available_condition_bt_node.dir/plugins/condition/transform_available_condition.cpp.o[0m
[31.404s] [  2%] [32m[1mLinking CXX shared library libnav2_transform_available_condition_bt_node.so[0m
[31.655s] [  2%] Built target nav2_transform_available_condition_bt_node
[31.678s] [35m[1mScanning dependencies of target nav2_behavior_tree[0m
[31.759s] [  3%] [32mBuilding CXX object CMakeFiles/nav2_behavior_tree.dir/src/behavior_tree_engine.cpp.o[0m
[35.054s] [  4%] [32m[1mLinking CXX shared library libnav2_behavior_tree.so[0m
[35.327s] [  4%] Built target nav2_behavior_tree
[35.350s] [35m[1mScanning dependencies of target nav2_goal_updater_node_bt_node[0m
[35.433s] [  5%] [32mBuilding CXX object CMakeFiles/nav2_goal_updater_node_bt_node.dir/plugins/decorator/goal_updater_node.cpp.o[0m
[46.870s] [  6%] [32m[1mLinking CXX shared library libnav2_goal_updater_node_bt_node.so[0m
[47.139s] [  6%] Built target nav2_goal_updater_node_bt_node
[47.156s] [35m[1mScanning dependencies of target nav2_follow_path_action_bt_node[0m
[47.225s] [  7%] [32mBuilding CXX object CMakeFiles/nav2_follow_path_action_bt_node.dir/plugins/action/follow_path_action.cpp.o[0m
[53.116s] [  8%] [32m[1mLinking CXX shared library libnav2_follow_path_action_bt_node.so[0m
[53.346s] [  8%] Built target nav2_follow_path_action_bt_node
[53.362s] [35m[1mScanning dependencies of target nav2_goal_reached_condition_bt_node[0m
[53.429s] [  9%] [32mBuilding CXX object CMakeFiles/nav2_goal_reached_condition_bt_node.dir/plugins/condition/goal_reached_condition.cpp.o[0m
[54.425s] [35m[1mScanning dependencies of target nav2_initial_pose_received_condition_bt_node[0m
[54.455s] [ 10%] [32mBuilding CXX object CMakeFiles/nav2_initial_pose_received_condition_bt_node.dir/plugins/condition/initial_pose_received_condition.cpp.o[0m
[55.458s] [35m[1mScanning dependencies of target nav2_is_stuck_condition_bt_node[0m
[55.539s] [35m[1mScanning dependencies of target nav2_goal_updated_condition_bt_node[0m
[55.553s] [ 11%] [32mBuilding CXX object CMakeFiles/nav2_is_stuck_condition_bt_node.dir/plugins/condition/is_stuck_condition.cpp.o[0m
[55.596s] [ 12%] [32mBuilding CXX object CMakeFiles/nav2_goal_updated_condition_bt_node.dir/plugins/condition/goal_updated_condition.cpp.o[0m
[56.632s] [35m[1mScanning dependencies of target nav2_compute_path_to_pose_action_bt_node[0m
[56.844s] [ 13%] [32m[1mLinking CXX shared library libnav2_initial_pose_received_condition_bt_node.so[0m
[56.857s] [ 14%] [32mBuilding CXX object CMakeFiles/nav2_compute_path_to_pose_action_bt_node.dir/plugins/action/compute_path_to_pose_action.cpp.o[0m
[57.210s] [ 14%] Built target nav2_initial_pose_received_condition_bt_node
[57.274s] [35m[1mScanning dependencies of target nav2_spin_action_bt_node[0m
[57.401s] [ 15%] [32mBuilding CXX object CMakeFiles/nav2_spin_action_bt_node.dir/plugins/action/spin_action.cpp.o[0m
[58.400s] [ 16%] [32m[1mLinking CXX shared library libnav2_goal_updated_condition_bt_node.so[0m
[58.440s] [35m[1mScanning dependencies of target nav2_time_expired_condition_bt_node[0m
[58.589s] [ 17%] [32mBuilding CXX object CMakeFiles/nav2_time_expired_condition_bt_node.dir/plugins/condition/time_expired_condition.cpp.o[0m
[58.601s] [35m[1mScanning dependencies of target nav2_wait_action_bt_node[0m
[58.738s] [ 18%] [32mBuilding CXX object CMakeFiles/nav2_wait_action_bt_node.dir/plugins/action/wait_action.cpp.o[0m
[58.886s] [ 18%] Built target nav2_goal_updated_condition_bt_node
[58.966s] [35m[1mScanning dependencies of target nav2_pipeline_sequence_bt_node[0m
[59.075s] [ 19%] [32mBuilding CXX object CMakeFiles/nav2_pipeline_sequence_bt_node.dir/plugins/control/pipeline_sequence.cpp.o[0m
[60.703s] [ 20%] [32m[1mLinking CXX shared library libnav2_goal_reached_condition_bt_node.so[0m
[61.252s] [ 20%] Built target nav2_goal_reached_condition_bt_node
[62.743s] [ 21%] [32m[1mLinking CXX shared library libnav2_pipeline_sequence_bt_node.so[0m
[63.195s] [ 21%] Built target nav2_pipeline_sequence_bt_node
[66.744s] [ 22%] [32m[1mLinking CXX shared library libnav2_time_expired_condition_bt_node.so[0m
[67.285s] [ 22%] Built target nav2_time_expired_condition_bt_node
[67.608s] [ 23%] [32m[1mLinking CXX shared library libnav2_compute_path_to_pose_action_bt_node.so[0m
[68.025s] [ 23%] Built target nav2_compute_path_to_pose_action_bt_node
[68.605s] [ 24%] [32m[1mLinking CXX shared library libnav2_spin_action_bt_node.so[0m
[68.938s] [ 24%] Built target nav2_spin_action_bt_node
[69.233s] [ 25%] [32m[1mLinking CXX shared library libnav2_wait_action_bt_node.so[0m
[69.383s] [ 26%] [32m[1mLinking CXX shared library libnav2_is_stuck_condition_bt_node.so[0m
[69.512s] [ 26%] Built target nav2_wait_action_bt_node
[69.686s] [ 26%] Built target nav2_is_stuck_condition_bt_node
[69.703s] [35m[1mScanning dependencies of target nav2_clear_costmap_service_bt_node[0m
[69.763s] [ 27%] [32mBuilding CXX object CMakeFiles/nav2_clear_costmap_service_bt_node.dir/plugins/action/clear_costmap_service.cpp.o[0m
[74.237s] [ 28%] [32m[1mLinking CXX shared library libnav2_clear_costmap_service_bt_node.so[0m
[74.456s] [ 28%] Built target nav2_clear_costmap_service_bt_node
[74.472s] [35m[1mScanning dependencies of target nav2_speed_controller_bt_node[0m
[74.536s] [ 29%] [32mBuilding CXX object CMakeFiles/nav2_speed_controller_bt_node.dir/plugins/decorator/speed_controller.cpp.o[0m
[78.729s] [ 30%] [32m[1mLinking CXX shared library libnav2_speed_controller_bt_node.so[0m
[78.941s] [ 30%] Built target nav2_speed_controller_bt_node
[78.957s] [35m[1mScanning dependencies of target nav2_truncate_path_action_bt_node[0m
[79.019s] [ 31%] [32mBuilding CXX object CMakeFiles/nav2_truncate_path_action_bt_node.dir/plugins/action/truncate_path_action.cpp.o[0m
[80.013s] [35m[1mScanning dependencies of target nav2_navigate_to_pose_action_bt_node[0m
[80.092s] [ 32%] [32mBuilding CXX object CMakeFiles/nav2_navigate_to_pose_action_bt_node.dir/plugins/action/navigate_to_pose_action.cpp.o[0m
[81.082s] [35m[1mScanning dependencies of target nav2_round_robin_node_bt_node[0m
[81.113s] [ 33%] [32mBuilding CXX object CMakeFiles/nav2_round_robin_node_bt_node.dir/plugins/control/round_robin_node.cpp.o[0m
[82.113s] [35m[1mScanning dependencies of target nav2_distance_controller_bt_node[0m
[82.205s] [ 34%] [32mBuilding CXX object CMakeFiles/nav2_distance_controller_bt_node.dir/plugins/decorator/distance_controller.cpp.o[0m
[83.198s] [35m[1mScanning dependencies of target nav2_rate_controller_bt_node[0m
[83.227s] [ 35%] [32m[1mLinking CXX shared library libnav2_round_robin_node_bt_node.so[0m
[83.238s] [ 36%] [32mBuilding CXX object CMakeFiles/nav2_rate_controller_bt_node.dir/plugins/decorator/rate_controller.cpp.o[0m
[83.565s] [ 36%] Built target nav2_round_robin_node_bt_node
[83.601s] [35m[1mScanning dependencies of target nav2_is_battery_low_condition_bt_node[0m
[83.605s] [35m[1mScanning dependencies of target nav2_reinitialize_global_localization_service_bt_node[0m
[83.684s] [ 37%] [32mBuilding CXX object CMakeFiles/nav2_is_battery_low_condition_bt_node.dir/plugins/condition/is_battery_low_condition.cpp.o[0m
[83.778s] [ 38%] [32mBuilding CXX object CMakeFiles/nav2_reinitialize_global_localization_service_bt_node.dir/plugins/action/reinitialize_global_localization_service.cpp.o[0m
[84.840s] [ 39%] [32m[1mLinking CXX shared library libnav2_truncate_path_action_bt_node.so[0m
[85.355s] [ 39%] Built target nav2_truncate_path_action_bt_node
[86.469s] [ 40%] [32m[1mLinking CXX shared library libnav2_rate_controller_bt_node.so[0m
[86.707s] [ 40%] Built target nav2_rate_controller_bt_node
[89.197s] [ 41%] [32m[1mLinking CXX shared library libnav2_navigate_to_pose_action_bt_node.so[0m
[89.417s] [ 42%] [32m[1mLinking CXX shared library libnav2_distance_controller_bt_node.so[0m
[89.492s] [ 42%] Built target nav2_navigate_to_pose_action_bt_node
[89.688s] [ 42%] Built target nav2_distance_controller_bt_node
[91.166s] [ 43%] [32m[1mLinking CXX shared library libnav2_reinitialize_global_localization_service_bt_node.so[0m
[91.375s] [ 43%] Built target nav2_reinitialize_global_localization_service_bt_node
[94.223s] [ 44%] [32m[1mLinking CXX shared library libnav2_is_battery_low_condition_bt_node.so[0m
[94.524s] [ 44%] Built target nav2_is_battery_low_condition_bt_node
[94.543s] [35m[1mScanning dependencies of target gtest[0m
[94.545s] [35m[1mScanning dependencies of target gtest_main[0m
[94.573s] [ 45%] [32mBuilding CXX object gtest/CMakeFiles/gtest_main.dir/src/gtest_main.cc.o[0m
[94.580s] [ 46%] [32mBuilding CXX object gtest/CMakeFiles/gtest.dir/src/gtest-all.cc.o[0m
[95.712s] [ 47%] [32m[1mLinking CXX static library libgtest_main.a[0m
[95.926s] [ 47%] Built target gtest_main
[95.995s] [35m[1mScanning dependencies of target nav2_recovery_node_bt_node[0m
[96.087s] [ 48%] [32mBuilding CXX object CMakeFiles/nav2_recovery_node_bt_node.dir/plugins/control/recovery_node.cpp.o[0m
[99.792s] [ 50%] [32m[1mLinking CXX shared library libnav2_recovery_node_bt_node.so[0m
[100.175s] [ 50%] Built target nav2_recovery_node_bt_node
[105.954s] [ 51%] [32m[1mLinking CXX static library libgtest.a[0m
[106.026s] [ 51%] Built target gtest
[106.050s] [35m[1mScanning dependencies of target nav2_back_up_action_bt_node[0m
[106.058s] [35m[1mScanning dependencies of target nav2_distance_traveled_condition_bt_node[0m
[106.144s] [ 52%] [32mBuilding CXX object CMakeFiles/nav2_back_up_action_bt_node.dir/plugins/action/back_up_action.cpp.o[0m
[106.169s] [ 53%] [32mBuilding CXX object CMakeFiles/nav2_distance_traveled_condition_bt_node.dir/plugins/condition/distance_traveled_condition.cpp.o[0m
[108.147s] [35m[1mScanning dependencies of target test_condition_transform_available[0m
[108.259s] [ 54%] [32mBuilding CXX object test/plugins/condition/CMakeFiles/test_condition_transform_available.dir/test_transform_available.cpp.o[0m
[111.563s] [ 55%] [32m[1mLinking CXX shared library libnav2_distance_traveled_condition_bt_node.so[0m
[111.875s] [ 55%] Built target nav2_distance_traveled_condition_bt_node
[114.900s] [35m[1mScanning dependencies of target test_condition_is_stuck[0m
[114.984s] [ 56%] [32m[1mLinking CXX shared library libnav2_back_up_action_bt_node.so[0m
[115.045s] [ 57%] [32mBuilding CXX object test/plugins/condition/CMakeFiles/test_condition_is_stuck.dir/test_is_stuck.cpp.o[0m
[115.273s] [ 57%] Built target nav2_back_up_action_bt_node
[115.299s] [35m[1mScanning dependencies of target test_condition_is_battery_low[0m
[115.396s] [ 58%] [32mBuilding CXX object test/plugins/condition/CMakeFiles/test_condition_is_battery_low.dir/test_is_battery_low.cpp.o[0m
[115.566s] [ 59%] [32m[1mLinking CXX executable test_condition_transform_available[0m
[116.137s] [ 59%] Built target test_condition_transform_available
[116.142s] [35m[1mScanning dependencies of target test_condition_goal_reached[0m
[116.193s] [35m[1mScanning dependencies of target test_condition_initial_pose_received[0m
[116.268s] [ 60%] [32mBuilding CXX object test/plugins/condition/CMakeFiles/test_condition_goal_reached.dir/test_goal_reached.cpp.o[0m
[116.354s] [ 61%] [32mBuilding CXX object test/plugins/condition/CMakeFiles/test_condition_initial_pose_received.dir/test_initial_pose_received.cpp.o[0m
[117.328s] [35m[1mScanning dependencies of target test_goal_updater_node[0m
[117.466s] [ 62%] [32mBuilding CXX object test/plugins/decorator/CMakeFiles/test_goal_updater_node.dir/test_goal_updater_node.cpp.o[0m
[118.480s] [35m[1mScanning dependencies of target test_condition_goal_updated[0m
[118.748s] [35m[1mScanning dependencies of target test_condition_time_expired[0m
[118.764s] [ 63%] [32mBuilding CXX object test/plugins/condition/CMakeFiles/test_condition_goal_updated.dir/test_goal_updated.cpp.o[0m
[118.928s] [ 64%] [32mBuilding CXX object test/plugins/condition/CMakeFiles/test_condition_time_expired.dir/test_time_expired.cpp.o[0m
[126.572s] [ 65%] [32m[1mLinking CXX executable test_condition_is_battery_low[0m
[127.041s] [ 66%] [32m[1mLinking CXX executable test_condition_initial_pose_received[0m
[127.122s] [ 67%] [32m[1mLinking CXX executable test_condition_is_stuck[0m
[127.155s] [ 68%] [32m[1mLinking CXX executable test_goal_updater_node[0m
[127.317s] [ 68%] Built target test_condition_is_battery_low
[127.815s] [ 68%] Built target test_goal_updater_node
[128.142s] [ 68%] Built target test_condition_initial_pose_received
[128.224s] [ 68%] Built target test_condition_is_stuck
[128.552s] [ 69%] [32m[1mLinking CXX executable test_condition_goal_reached[0m
[129.145s] [ 69%] Built target test_condition_goal_reached
[129.504s] [ 70%] [32m[1mLinking CXX executable test_condition_time_expired[0m
[129.804s] [ 71%] [32m[1mLinking CXX executable test_condition_goal_updated[0m
[129.976s] [ 71%] Built target test_condition_time_expired
[130.269s] [ 71%] Built target test_condition_goal_updated
[130.287s] [35m[1mScanning dependencies of target test_control_recovery_node[0m
[130.358s] [ 72%] [32mBuilding CXX object test/plugins/control/CMakeFiles/test_control_recovery_node.dir/test_recovery_node.cpp.o[0m
[134.362s] [35m[1mScanning dependencies of target test_truncate_path_action[0m
[134.473s] [ 73%] [32mBuilding CXX object test/plugins/action/CMakeFiles/test_truncate_path_action.dir/test_truncate_path_action.cpp.o[0m
[135.465s] [35m[1mScanning dependencies of target test_control_pipeline_sequence[0m
[135.553s] [35m[1mScanning dependencies of target test_control_round_robin_node[0m
[135.560s] [ 74%] [32mBuilding CXX object test/plugins/control/CMakeFiles/test_control_pipeline_sequence.dir/test_pipeline_sequence.cpp.o[0m
[135.674s] [ 75%] [32mBuilding CXX object test/plugins/control/CMakeFiles/test_control_round_robin_node.dir/test_round_robin_node.cpp.o[0m
[136.685s] [ 76%] [32m[1mLinking CXX executable test_control_recovery_node[0m
[136.727s] [35m[1mScanning dependencies of target test_decorator_distance_controller[0m
[136.968s] [ 77%] [32mBuilding CXX object test/plugins/decorator/CMakeFiles/test_decorator_distance_controller.dir/test_distance_controller.cpp.o[0m
[137.694s] [ 77%] Built target test_control_recovery_node
[137.717s] [35m[1mScanning dependencies of target test_decorator_speed_controller[0m
[137.760s] [35m[1mScanning dependencies of target test_decorator_rate_controller[0m
[137.900s] [ 78%] [32mBuilding CXX object test/plugins/decorator/CMakeFiles/test_decorator_speed_controller.dir/test_speed_controller.cpp.o[0m
[137.992s] [ 79%] [32mBuilding CXX object test/plugins/decorator/CMakeFiles/test_decorator_rate_controller.dir/test_rate_controller.cpp.o[0m
[138.954s] [35m[1mScanning dependencies of target test_action_navigate_to_pose_action[0m
[139.220s] [ 80%] [32mBuilding CXX object test/plugins/action/CMakeFiles/test_action_navigate_to_pose_action.dir/test_navigate_to_pose_action.cpp.o[0m
[143.120s] [ 81%] [32m[1mLinking CXX executable test_truncate_path_action[0m
[143.897s] [ 81%] Built target test_truncate_path_action
[146.332s] [ 82%] [32m[1mLinking CXX executable test_control_pipeline_sequence[0m
[147.247s] [ 82%] Built target test_control_pipeline_sequence
[147.599s] [ 83%] [32m[1mLinking CXX executable test_control_round_robin_node[0m
[148.404s] [ 83%] Built target test_control_round_robin_node
[149.007s] [ 84%] [32m[1mLinking CXX executable test_decorator_distance_controller[0m
[149.429s] [ 85%] [32m[1mLinking CXX executable test_decorator_rate_controller[0m
[149.799s] [ 85%] Built target test_decorator_distance_controller
[150.247s] [ 85%] Built target test_decorator_rate_controller
[150.951s] [ 86%] [32m[1mLinking CXX executable test_decorator_speed_controller[0m
[151.618s] [ 86%] Built target test_decorator_speed_controller
[151.882s] [ 87%] [32m[1mLinking CXX executable test_action_navigate_to_pose_action[0m
[152.184s] [ 87%] Built target test_action_navigate_to_pose_action
[152.202s] [35m[1mScanning dependencies of target test_condition_distance_traveled[0m
[152.282s] [ 88%] [32mBuilding CXX object test/plugins/condition/CMakeFiles/test_condition_distance_traveled.dir/test_distance_traveled.cpp.o[0m
[157.772s] [ 89%] [32m[1mLinking CXX executable test_condition_distance_traveled[0m
[158.202s] [ 89%] Built target test_condition_distance_traveled
[158.218s] [35m[1mScanning dependencies of target test_action_clear_costmap_service[0m
[158.280s] [ 90%] [32mBuilding CXX object test/plugins/action/CMakeFiles/test_action_clear_costmap_service.dir/test_clear_costmap_service.cpp.o[0m
[163.118s] [ 91%] [32m[1mLinking CXX executable test_action_clear_costmap_service[0m
[163.390s] [ 91%] Built target test_action_clear_costmap_service
[163.406s] [35m[1mScanning dependencies of target test_action_reinitialize_global_localization_service[0m
[163.474s] [ 92%] [32mBuilding CXX object test/plugins/action/CMakeFiles/test_action_reinitialize_global_localization_service.dir/test_reinitialize_global_localization_service.cpp.o[0m
[168.177s] [ 93%] [32m[1mLinking CXX executable test_action_reinitialize_global_localization_service[0m
[168.503s] [ 93%] Built target test_action_reinitialize_global_localization_service
[168.528s] [35m[1mScanning dependencies of target test_action_follow_path_action[0m
[168.528s] [35m[1mScanning dependencies of target test_action_compute_path_to_pose_action[0m
[168.617s] [ 94%] [32mBuilding CXX object test/plugins/action/CMakeFiles/test_action_follow_path_action.dir/test_follow_path_action.cpp.o[0m
[168.640s] [ 95%] [32mBuilding CXX object test/plugins/action/CMakeFiles/test_action_compute_path_to_pose_action.dir/test_compute_path_to_pose_action.cpp.o[0m
[179.032s] [ 96%] [32m[1mLinking CXX executable test_action_follow_path_action[0m
[179.815s] [ 96%] Built target test_action_follow_path_action
[180.923s] [ 97%] [32m[1mLinking CXX executable test_action_compute_path_to_pose_action[0m
[181.469s] [ 97%] Built target test_action_compute_path_to_pose_action
[181.561s] [35m[1mScanning dependencies of target test_bt_conversions[0m
[181.668s] [ 98%] [32mBuilding CXX object test/CMakeFiles/test_bt_conversions.dir/test_bt_conversions.cpp.o[0m
[188.164s] [100%] [32m[1mLinking CXX executable test_bt_conversions[0m
[188.511s] [100%] Built target test_bt_conversions
[188.540s] Invoked command in '/home/adas/Documents/Ayush/dev/straight_ws/build/nav2_behavior_tree' returned '0': AMENT_PREFIX_PATH=/home/adas/Documents/Ayush/dev/straight_ws/install/nav2_util:/home/adas/Documents/Ayush/dev/straight_ws/install/tf2_geometry_msgs:/home/adas/Documents/Ayush/dev/straight_ws/install/tf2_ros:/home/adas/Documents/Ayush/dev/straight_ws/install/tf2_py:/home/adas/Documents/Ayush/dev/straight_ws/install/nav2_msgs:/home/adas/Documents/Ayush/dev/straight_ws/install/tf2_msgs:/home/adas/Documents/Ayush/dev/straight_ws/install/tf2:/home/adas/Documents/Ayush/dev/straight_ws/install/nav2_common:${AMENT_PREFIX_PATH} CMAKE_PREFIX_PATH=/home/adas/Documents/Ayush/dev/straight_ws/install/nav2_util:/home/adas/Documents/Ayush/dev/straight_ws/install/tf2_geometry_msgs:/home/adas/Documents/Ayush/dev/straight_ws/install/tf2_ros:/home/adas/Documents/Ayush/dev/straight_ws/install/tf2_py:/home/adas/Documents/Ayush/dev/straight_ws/install/nav2_msgs:/home/adas/Documents/Ayush/dev/straight_ws/install/tf2_msgs:/home/adas/Documents/Ayush/dev/straight_ws/install/tf2:/home/adas/Documents/Ayush/dev/straight_ws/install/nav2_common:/home/adas/Documents/Ayush/dev/straightline_ws/install/geometry2:/home/adas/Documents/Ayush/dev/straightline_ws/install/tf2_tools:/home/adas/Documents/Ayush/dev/straightline_ws/install/nav2_system_tests:/home/adas/Documents/Ayush/dev/straightline_ws/install/nav2_bringup:/home/adas/Documents/Ayush/dev/straightline_ws/install/navigation2:/home/adas/Documents/Ayush/dev/straightline_ws/install/smac_planner:/home/adas/Documents/Ayush/dev/straightline_ws/install/nav2_regulated_pure_pursuit_controller:/home/adas/Documents/Ayush/dev/straightline_ws/install/nav2_recoveries:/home/adas/Documents/Ayush/dev/straightline_ws/install/nav2_planner:/home/adas/Documents/Ayush/dev/straightline_ws/install/nav2_navfn_planner:/home/adas/Documents/Ayush/dev/straightline_ws/install/nav2_dwb_controller:/home/adas/Documents/Ayush/dev/straightline_ws/install/nav2_controller:/home/adas/Documents/Ayush/dev/straightline_ws/install/dwb_plugins:/home/adas/Documents/Ayush/dev/straightline_ws/install/dwb_critics:/home/adas/Documents/Ayush/dev/straightline_ws/install/dwb_core:/home/adas/Documents/Ayush/dev/straightline_ws/install/nav2_core:/home/adas/Documents/Ayush/dev/straightline_ws/install/costmap_queue:/home/adas/Documents/Ayush/dev/straightline_ws/install/nav2_costmap_2d:/home/adas/Documents/Ayush/dev/straightline_ws/install/tf2_sensor_msgs:/home/adas/Documents/Ayush/dev/straightline_ws/install/test_tf2:/home/adas/Documents/Ayush/dev/straightline_ws/install/tf2_kdl:/home/adas/Documents/Ayush/dev/straightline_ws/install/nav_2d_utils:/home/adas/Documents/Ayush/dev/straightline_ws/install/nav2_waypoint_follower:/home/adas/Documents/Ayush/dev/straightline_ws/install/nav2_rviz_plugins:/home/adas/Documents/Ayush/dev/straightline_ws/install/nav2_map_server:/home/adas/Documents/Ayush/dev/straightline_ws/install/nav2_lifecycle_manager:/home/adas/Documents/Ayush/dev/straightline_ws/install/nav2_bt_navigator:/home/adas/Documents/Ayush/dev/straightline_ws/install/nav2_behavior_tree:/home/adas/Documents/Ayush/dev/straightline_ws/install/nav2_amcl:/home/adas/Documents/Ayush/dev/straightline_ws/install/nav2_util:/home/adas/Documents/Ayush/dev/straightline_ws/install/tf2_geometry_msgs:/home/adas/Documents/Ayush/dev/straightline_ws/install/tf2_eigen:/home/adas/Documents/Ayush/dev/straightline_ws/install/tf2_bullet:/home/adas/Documents/Ayush/dev/straightline_ws/install/tf2_ros:/home/adas/Documents/Ayush/dev/straightline_ws/install/tf2_py:/home/adas/Documents/Ayush/dev/straightline_ws/install/tf2_msgs:/home/adas/Documents/Ayush/dev/straightline_ws/install/tf2_eigen_kdl:/home/adas/Documents/Ayush/dev/straightline_ws/install/tf2:/home/adas/Documents/Ayush/dev/straightline_ws/install/dwb_msgs:/home/adas/Documents/Ayush/dev/straightline_ws/install/nav_2d_msgs:/home/adas/Documents/Ayush/dev/straightline_ws/install/nav2_voxel_grid:/home/adas/Documents/Ayush/dev/straightline_ws/install/nav2_msgs:/home/adas/Documents/Ayush/dev/straightline_ws/install/nav2_common:/home/adas/Documents/Ayush/dev/straightline_ws/install/aws_robomaker_small_warehouse_world:/home/adas/Documents/Ayush/dev/straightline_ws/install/examples_tf2_py:/home/adas/Documents/Ayush/dev/straightline_ws/install/nav2_simple_commander:/home/adas/Documents/Ayush/dev/straightline_ws/install/nav2_gazebo_spawner:/opt/ros/foxy LD_LIBRARY_PATH=/home/adas/Documents/Ayush/dev/straight_ws/install/nav2_util/lib:/home/adas/Documents/Ayush/dev/straight_ws/install/tf2_ros/lib:/home/adas/Documents/Ayush/dev/straight_ws/install/nav2_msgs/lib:/home/adas/Documents/Ayush/dev/straight_ws/install/tf2_msgs/lib:/home/adas/Documents/Ayush/dev/straight_ws/install/tf2/lib:${LD_LIBRARY_PATH} PYTHONPATH=/home/adas/Documents/Ayush/dev/straight_ws/install/tf2_ros/lib/python3.8/site-packages:/home/adas/Documents/Ayush/dev/straight_ws/install/tf2_py/lib/python3.8/site-packages:/home/adas/Documents/Ayush/dev/straight_ws/install/nav2_msgs/lib/python3.8/site-packages:/home/adas/Documents/Ayush/dev/straight_ws/install/tf2_msgs/lib/python3.8/site-packages:/home/adas/Documents/Ayush/dev/straight_ws/install/nav2_common/lib/python3.8/site-packages:${PYTHONPATH} /usr/bin/cmake --build /home/adas/Documents/Ayush/dev/straight_ws/build/nav2_behavior_tree -- -j8 -l8
[188.872s] Invoking command in '/home/adas/Documents/Ayush/dev/straight_ws/build/nav2_behavior_tree': AMENT_PREFIX_PATH=/home/adas/Documents/Ayush/dev/straight_ws/install/nav2_util:/home/adas/Documents/Ayush/dev/straight_ws/install/tf2_geometry_msgs:/home/adas/Documents/Ayush/dev/straight_ws/install/tf2_ros:/home/adas/Documents/Ayush/dev/straight_ws/install/tf2_py:/home/adas/Documents/Ayush/dev/straight_ws/install/nav2_msgs:/home/adas/Documents/Ayush/dev/straight_ws/install/tf2_msgs:/home/adas/Documents/Ayush/dev/straight_ws/install/tf2:/home/adas/Documents/Ayush/dev/straight_ws/install/nav2_common:${AMENT_PREFIX_PATH} CMAKE_PREFIX_PATH=/home/adas/Documents/Ayush/dev/straight_ws/install/nav2_util:/home/adas/Documents/Ayush/dev/straight_ws/install/tf2_geometry_msgs:/home/adas/Documents/Ayush/dev/straight_ws/install/tf2_ros:/home/adas/Documents/Ayush/dev/straight_ws/install/tf2_py:/home/adas/Documents/Ayush/dev/straight_ws/install/nav2_msgs:/home/adas/Documents/Ayush/dev/straight_ws/install/tf2_msgs:/home/adas/Documents/Ayush/dev/straight_ws/install/tf2:/home/adas/Documents/Ayush/dev/straight_ws/install/nav2_common:/home/adas/Documents/Ayush/dev/straightline_ws/install/geometry2:/home/adas/Documents/Ayush/dev/straightline_ws/install/tf2_tools:/home/adas/Documents/Ayush/dev/straightline_ws/install/nav2_system_tests:/home/adas/Documents/Ayush/dev/straightline_ws/install/nav2_bringup:/home/adas/Documents/Ayush/dev/straightline_ws/install/navigation2:/home/adas/Documents/Ayush/dev/straightline_ws/install/smac_planner:/home/adas/Documents/Ayush/dev/straightline_ws/install/nav2_regulated_pure_pursuit_controller:/home/adas/Documents/Ayush/dev/straightline_ws/install/nav2_recoveries:/home/adas/Documents/Ayush/dev/straightline_ws/install/nav2_planner:/home/adas/Documents/Ayush/dev/straightline_ws/install/nav2_navfn_planner:/home/adas/Documents/Ayush/dev/straightline_ws/install/nav2_dwb_controller:/home/adas/Documents/Ayush/dev/straightline_ws/install/nav2_controller:/home/adas/Documents/Ayush/dev/straightline_ws/install/dwb_plugins:/home/adas/Documents/Ayush/dev/straightline_ws/install/dwb_critics:/home/adas/Documents/Ayush/dev/straightline_ws/install/dwb_core:/home/adas/Documents/Ayush/dev/straightline_ws/install/nav2_core:/home/adas/Documents/Ayush/dev/straightline_ws/install/costmap_queue:/home/adas/Documents/Ayush/dev/straightline_ws/install/nav2_costmap_2d:/home/adas/Documents/Ayush/dev/straightline_ws/install/tf2_sensor_msgs:/home/adas/Documents/Ayush/dev/straightline_ws/install/test_tf2:/home/adas/Documents/Ayush/dev/straightline_ws/install/tf2_kdl:/home/adas/Documents/Ayush/dev/straightline_ws/install/nav_2d_utils:/home/adas/Documents/Ayush/dev/straightline_ws/install/nav2_waypoint_follower:/home/adas/Documents/Ayush/dev/straightline_ws/install/nav2_rviz_plugins:/home/adas/Documents/Ayush/dev/straightline_ws/install/nav2_map_server:/home/adas/Documents/Ayush/dev/straightline_ws/install/nav2_lifecycle_manager:/home/adas/Documents/Ayush/dev/straightline_ws/install/nav2_bt_navigator:/home/adas/Documents/Ayush/dev/straightline_ws/install/nav2_behavior_tree:/home/adas/Documents/Ayush/dev/straightline_ws/install/nav2_amcl:/home/adas/Documents/Ayush/dev/straightline_ws/install/nav2_util:/home/adas/Documents/Ayush/dev/straightline_ws/install/tf2_geometry_msgs:/home/adas/Documents/Ayush/dev/straightline_ws/install/tf2_eigen:/home/adas/Documents/Ayush/dev/straightline_ws/install/tf2_bullet:/home/adas/Documents/Ayush/dev/straightline_ws/install/tf2_ros:/home/adas/Documents/Ayush/dev/straightline_ws/install/tf2_py:/home/adas/Documents/Ayush/dev/straightline_ws/install/tf2_msgs:/home/adas/Documents/Ayush/dev/straightline_ws/install/tf2_eigen_kdl:/home/adas/Documents/Ayush/dev/straightline_ws/install/tf2:/home/adas/Documents/Ayush/dev/straightline_ws/install/dwb_msgs:/home/adas/Documents/Ayush/dev/straightline_ws/install/nav_2d_msgs:/home/adas/Documents/Ayush/dev/straightline_ws/install/nav2_voxel_grid:/home/adas/Documents/Ayush/dev/straightline_ws/install/nav2_msgs:/home/adas/Documents/Ayush/dev/straightline_ws/install/nav2_common:/home/adas/Documents/Ayush/dev/straightline_ws/install/aws_robomaker_small_warehouse_world:/home/adas/Documents/Ayush/dev/straightline_ws/install/examples_tf2_py:/home/adas/Documents/Ayush/dev/straightline_ws/install/nav2_simple_commander:/home/adas/Documents/Ayush/dev/straightline_ws/install/nav2_gazebo_spawner:/opt/ros/foxy LD_LIBRARY_PATH=/home/adas/Documents/Ayush/dev/straight_ws/install/nav2_util/lib:/home/adas/Documents/Ayush/dev/straight_ws/install/tf2_ros/lib:/home/adas/Documents/Ayush/dev/straight_ws/install/nav2_msgs/lib:/home/adas/Documents/Ayush/dev/straight_ws/install/tf2_msgs/lib:/home/adas/Documents/Ayush/dev/straight_ws/install/tf2/lib:${LD_LIBRARY_PATH} PYTHONPATH=/home/adas/Documents/Ayush/dev/straight_ws/install/tf2_ros/lib/python3.8/site-packages:/home/adas/Documents/Ayush/dev/straight_ws/install/tf2_py/lib/python3.8/site-packages:/home/adas/Documents/Ayush/dev/straight_ws/install/nav2_msgs/lib/python3.8/site-packages:/home/adas/Documents/Ayush/dev/straight_ws/install/tf2_msgs/lib/python3.8/site-packages:/home/adas/Documents/Ayush/dev/straight_ws/install/nav2_common/lib/python3.8/site-packages:${PYTHONPATH} /usr/bin/cmake --install /home/adas/Documents/Ayush/dev/straight_ws/build/nav2_behavior_tree
[188.895s] -- Install configuration: "Release"
[188.895s] -- Installing: /home/adas/Documents/Ayush/dev/straight_ws/install/nav2_behavior_tree/lib/libnav2_behavior_tree.so
[188.896s] -- Set runtime path of "/home/adas/Documents/Ayush/dev/straight_ws/install/nav2_behavior_tree/lib/libnav2_behavior_tree.so" to ""
[188.896s] -- Installing: /home/adas/Documents/Ayush/dev/straight_ws/install/nav2_behavior_tree/lib/libnav2_compute_path_to_pose_action_bt_node.so
[188.897s] -- Set runtime path of "/home/adas/Documents/Ayush/dev/straight_ws/install/nav2_behavior_tree/lib/libnav2_compute_path_to_pose_action_bt_node.so" to ""
[188.897s] -- Installing: /home/adas/Documents/Ayush/dev/straight_ws/install/nav2_behavior_tree/lib/libnav2_follow_path_action_bt_node.so
[188.898s] -- Set runtime path of "/home/adas/Documents/Ayush/dev/straight_ws/install/nav2_behavior_tree/lib/libnav2_follow_path_action_bt_node.so" to ""
[188.898s] -- Installing: /home/adas/Documents/Ayush/dev/straight_ws/install/nav2_behavior_tree/lib/libnav2_back_up_action_bt_node.so
[188.900s] -- Set runtime path of "/home/adas/Documents/Ayush/dev/straight_ws/install/nav2_behavior_tree/lib/libnav2_back_up_action_bt_node.so" to ""
[188.900s] -- Installing: /home/adas/Documents/Ayush/dev/straight_ws/install/nav2_behavior_tree/lib/libnav2_spin_action_bt_node.so
[188.901s] -- Set runtime path of "/home/adas/Documents/Ayush/dev/straight_ws/install/nav2_behavior_tree/lib/libnav2_spin_action_bt_node.so" to ""
[188.901s] -- Installing: /home/adas/Documents/Ayush/dev/straight_ws/install/nav2_behavior_tree/lib/libnav2_wait_action_bt_node.so
[188.902s] -- Set runtime path of "/home/adas/Documents/Ayush/dev/straight_ws/install/nav2_behavior_tree/lib/libnav2_wait_action_bt_node.so" to ""
[188.902s] -- Installing: /home/adas/Documents/Ayush/dev/straight_ws/install/nav2_behavior_tree/lib/libnav2_clear_costmap_service_bt_node.so
[188.903s] -- Set runtime path of "/home/adas/Documents/Ayush/dev/straight_ws/install/nav2_behavior_tree/lib/libnav2_clear_costmap_service_bt_node.so" to ""
[188.903s] -- Installing: /home/adas/Documents/Ayush/dev/straight_ws/install/nav2_behavior_tree/lib/libnav2_is_stuck_condition_bt_node.so
[188.905s] -- Set runtime path of "/home/adas/Documents/Ayush/dev/straight_ws/install/nav2_behavior_tree/lib/libnav2_is_stuck_condition_bt_node.so" to ""
[188.905s] -- Installing: /home/adas/Documents/Ayush/dev/straight_ws/install/nav2_behavior_tree/lib/libnav2_transform_available_condition_bt_node.so
[188.905s] -- Set runtime path of "/home/adas/Documents/Ayush/dev/straight_ws/install/nav2_behavior_tree/lib/libnav2_transform_available_condition_bt_node.so" to ""
[188.906s] -- Installing: /home/adas/Documents/Ayush/dev/straight_ws/install/nav2_behavior_tree/lib/libnav2_goal_reached_condition_bt_node.so
[188.906s] -- Set runtime path of "/home/adas/Documents/Ayush/dev/straight_ws/install/nav2_behavior_tree/lib/libnav2_goal_reached_condition_bt_node.so" to ""
[188.907s] -- Installing: /home/adas/Documents/Ayush/dev/straight_ws/install/nav2_behavior_tree/lib/libnav2_goal_updated_condition_bt_node.so
[188.908s] -- Set runtime path of "/home/adas/Documents/Ayush/dev/straight_ws/install/nav2_behavior_tree/lib/libnav2_goal_updated_condition_bt_node.so" to ""
[188.908s] -- Installing: /home/adas/Documents/Ayush/dev/straight_ws/install/nav2_behavior_tree/lib/libnav2_time_expired_condition_bt_node.so
[188.908s] -- Set runtime path of "/home/adas/Documents/Ayush/dev/straight_ws/install/nav2_behavior_tree/lib/libnav2_time_expired_condition_bt_node.so" to ""
[188.908s] -- Installing: /home/adas/Documents/Ayush/dev/straight_ws/install/nav2_behavior_tree/lib/libnav2_distance_traveled_condition_bt_node.so
[188.909s] -- Set runtime path of "/home/adas/Documents/Ayush/dev/straight_ws/install/nav2_behavior_tree/lib/libnav2_distance_traveled_condition_bt_node.so" to ""
[188.909s] -- Installing: /home/adas/Documents/Ayush/dev/straight_ws/install/nav2_behavior_tree/lib/libnav2_initial_pose_received_condition_bt_node.so
[188.910s] -- Set runtime path of "/home/adas/Documents/Ayush/dev/straight_ws/install/nav2_behavior_tree/lib/libnav2_initial_pose_received_condition_bt_node.so" to ""
[188.910s] -- Installing: /home/adas/Documents/Ayush/dev/straight_ws/install/nav2_behavior_tree/lib/libnav2_is_battery_low_condition_bt_node.so
[188.911s] -- Set runtime path of "/home/adas/Documents/Ayush/dev/straight_ws/install/nav2_behavior_tree/lib/libnav2_is_battery_low_condition_bt_node.so" to ""
[188.912s] -- Installing: /home/adas/Documents/Ayush/dev/straight_ws/install/nav2_behavior_tree/lib/libnav2_reinitialize_global_localization_service_bt_node.so
[188.912s] -- Set runtime path of "/home/adas/Documents/Ayush/dev/straight_ws/install/nav2_behavior_tree/lib/libnav2_reinitialize_global_localization_service_bt_node.so" to ""
[188.913s] -- Installing: /home/adas/Documents/Ayush/dev/straight_ws/install/nav2_behavior_tree/lib/libnav2_rate_controller_bt_node.so
[188.913s] -- Set runtime path of "/home/adas/Documents/Ayush/dev/straight_ws/install/nav2_behavior_tree/lib/libnav2_rate_controller_bt_node.so" to ""
[188.913s] -- Installing: /home/adas/Documents/Ayush/dev/straight_ws/install/nav2_behavior_tree/lib/libnav2_distance_controller_bt_node.so
[188.914s] -- Set runtime path of "/home/adas/Documents/Ayush/dev/straight_ws/install/nav2_behavior_tree/lib/libnav2_distance_controller_bt_node.so" to ""
[188.914s] -- Installing: /home/adas/Documents/Ayush/dev/straight_ws/install/nav2_behavior_tree/lib/libnav2_speed_controller_bt_node.so
[188.915s] -- Set runtime path of "/home/adas/Documents/Ayush/dev/straight_ws/install/nav2_behavior_tree/lib/libnav2_speed_controller_bt_node.so" to ""
[188.915s] -- Installing: /home/adas/Documents/Ayush/dev/straight_ws/install/nav2_behavior_tree/lib/libnav2_truncate_path_action_bt_node.so
[188.916s] -- Set runtime path of "/home/adas/Documents/Ayush/dev/straight_ws/install/nav2_behavior_tree/lib/libnav2_truncate_path_action_bt_node.so" to ""
[188.916s] -- Installing: /home/adas/Documents/Ayush/dev/straight_ws/install/nav2_behavior_tree/lib/libnav2_goal_updater_node_bt_node.so
[188.918s] -- Set runtime path of "/home/adas/Documents/Ayush/dev/straight_ws/install/nav2_behavior_tree/lib/libnav2_goal_updater_node_bt_node.so" to ""
[188.918s] -- Installing: /home/adas/Documents/Ayush/dev/straight_ws/install/nav2_behavior_tree/lib/libnav2_recovery_node_bt_node.so
[188.919s] -- Set runtime path of "/home/adas/Documents/Ayush/dev/straight_ws/install/nav2_behavior_tree/lib/libnav2_recovery_node_bt_node.so" to ""
[188.919s] -- Installing: /home/adas/Documents/Ayush/dev/straight_ws/install/nav2_behavior_tree/lib/libnav2_navigate_to_pose_action_bt_node.so
[188.920s] -- Set runtime path of "/home/adas/Documents/Ayush/dev/straight_ws/install/nav2_behavior_tree/lib/libnav2_navigate_to_pose_action_bt_node.so" to ""
[188.920s] -- Installing: /home/adas/Documents/Ayush/dev/straight_ws/install/nav2_behavior_tree/lib/libnav2_pipeline_sequence_bt_node.so
[188.921s] -- Set runtime path of "/home/adas/Documents/Ayush/dev/straight_ws/install/nav2_behavior_tree/lib/libnav2_pipeline_sequence_bt_node.so" to ""
[188.921s] -- Installing: /home/adas/Documents/Ayush/dev/straight_ws/install/nav2_behavior_tree/lib/libnav2_round_robin_node_bt_node.so
[188.922s] -- Set runtime path of "/home/adas/Documents/Ayush/dev/straight_ws/install/nav2_behavior_tree/lib/libnav2_round_robin_node_bt_node.so" to ""
[188.922s] -- Installing: /home/adas/Documents/Ayush/dev/straight_ws/install/nav2_behavior_tree/include/
[188.922s] -- Installing: /home/adas/Documents/Ayush/dev/straight_ws/install/nav2_behavior_tree/include//nav2_behavior_tree
[188.922s] -- Installing: /home/adas/Documents/Ayush/dev/straight_ws/install/nav2_behavior_tree/include//nav2_behavior_tree/bt_action_node.hpp
[188.922s] -- Installing: /home/adas/Documents/Ayush/dev/straight_ws/install/nav2_behavior_tree/include//nav2_behavior_tree/behavior_tree_engine.hpp
[188.923s] -- Installing: /home/adas/Documents/Ayush/dev/straight_ws/install/nav2_behavior_tree/include//nav2_behavior_tree/bt_service_node.hpp
[188.923s] -- Installing: /home/adas/Documents/Ayush/dev/straight_ws/install/nav2_behavior_tree/include//nav2_behavior_tree/bt_conversions.hpp
[188.923s] -- Installing: /home/adas/Documents/Ayush/dev/straight_ws/install/nav2_behavior_tree/include//nav2_behavior_tree/plugins
[188.923s] -- Installing: /home/adas/Documents/Ayush/dev/straight_ws/install/nav2_behavior_tree/include//nav2_behavior_tree/plugins/decorator
[188.923s] -- Installing: /home/adas/Documents/Ayush/dev/straight_ws/install/nav2_behavior_tree/include//nav2_behavior_tree/plugins/decorator/rate_controller.hpp
[188.923s] -- Installing: /home/adas/Documents/Ayush/dev/straight_ws/install/nav2_behavior_tree/include//nav2_behavior_tree/plugins/decorator/distance_controller.hpp
[188.924s] -- Installing: /home/adas/Documents/Ayush/dev/straight_ws/install/nav2_behavior_tree/include//nav2_behavior_tree/plugins/decorator/goal_updater_node.hpp
[188.924s] -- Installing: /home/adas/Documents/Ayush/dev/straight_ws/install/nav2_behavior_tree/include//nav2_behavior_tree/plugins/decorator/speed_controller.hpp
[188.924s] -- Installing: /home/adas/Documents/Ayush/dev/straight_ws/install/nav2_behavior_tree/include//nav2_behavior_tree/plugins/control
[188.925s] -- Installing: /home/adas/Documents/Ayush/dev/straight_ws/install/nav2_behavior_tree/include//nav2_behavior_tree/plugins/control/recovery_node.hpp
[188.925s] -- Installing: /home/adas/Documents/Ayush/dev/straight_ws/install/nav2_behavior_tree/include//nav2_behavior_tree/plugins/control/round_robin_node.hpp
[188.925s] -- Installing: /home/adas/Documents/Ayush/dev/straight_ws/install/nav2_behavior_tree/include//nav2_behavior_tree/plugins/control/pipeline_sequence.hpp
[188.925s] -- Installing: /home/adas/Documents/Ayush/dev/straight_ws/install/nav2_behavior_tree/include//nav2_behavior_tree/plugins/condition
[188.925s] -- Installing: /home/adas/Documents/Ayush/dev/straight_ws/install/nav2_behavior_tree/include//nav2_behavior_tree/plugins/condition/is_stuck_condition.hpp
[188.925s] -- Installing: /home/adas/Documents/Ayush/dev/straight_ws/install/nav2_behavior_tree/include//nav2_behavior_tree/plugins/condition/initial_pose_received_condition.hpp
[188.925s] -- Installing: /home/adas/Documents/Ayush/dev/straight_ws/install/nav2_behavior_tree/include//nav2_behavior_tree/plugins/condition/time_expired_condition.hpp
[188.926s] -- Installing: /home/adas/Documents/Ayush/dev/straight_ws/install/nav2_behavior_tree/include//nav2_behavior_tree/plugins/condition/distance_traveled_condition.hpp
[188.926s] -- Installing: /home/adas/Documents/Ayush/dev/straight_ws/install/nav2_behavior_tree/include//nav2_behavior_tree/plugins/condition/is_battery_low_condition.hpp
[188.926s] -- Installing: /home/adas/Documents/Ayush/dev/straight_ws/install/nav2_behavior_tree/include//nav2_behavior_tree/plugins/condition/transform_available_condition.hpp
[188.926s] -- Installing: /home/adas/Documents/Ayush/dev/straight_ws/install/nav2_behavior_tree/include//nav2_behavior_tree/plugins/condition/goal_updated_condition.hpp
[188.926s] -- Installing: /home/adas/Documents/Ayush/dev/straight_ws/install/nav2_behavior_tree/include//nav2_behavior_tree/plugins/condition/goal_reached_condition.hpp
[188.926s] -- Installing: /home/adas/Documents/Ayush/dev/straight_ws/install/nav2_behavior_tree/include//nav2_behavior_tree/plugins/action
[188.927s] -- Installing: /home/adas/Documents/Ayush/dev/straight_ws/install/nav2_behavior_tree/include//nav2_behavior_tree/plugins/action/spin_action.hpp
[188.927s] -- Installing: /home/adas/Documents/Ayush/dev/straight_ws/install/nav2_behavior_tree/include//nav2_behavior_tree/plugins/action/back_up_action.hpp
[188.927s] -- Installing: /home/adas/Documents/Ayush/dev/straight_ws/install/nav2_behavior_tree/include//nav2_behavior_tree/plugins/action/follow_path_action.hpp
[188.927s] -- Installing: /home/adas/Documents/Ayush/dev/straight_ws/install/nav2_behavior_tree/include//nav2_behavior_tree/plugins/action/navigate_to_pose_action.hpp
[188.928s] -- Installing: /home/adas/Documents/Ayush/dev/straight_ws/install/nav2_behavior_tree/include//nav2_behavior_tree/plugins/action/clear_costmap_service.hpp
[188.928s] -- Installing: /home/adas/Documents/Ayush/dev/straight_ws/install/nav2_behavior_tree/include//nav2_behavior_tree/plugins/action/truncate_path_action.hpp
[188.928s] -- Installing: /home/adas/Documents/Ayush/dev/straight_ws/install/nav2_behavior_tree/include//nav2_behavior_tree/plugins/action/reinitialize_global_localization_service.hpp
[188.928s] -- Installing: /home/adas/Documents/Ayush/dev/straight_ws/install/nav2_behavior_tree/include//nav2_behavior_tree/plugins/action/compute_path_to_pose_action.hpp
[188.928s] -- Installing: /home/adas/Documents/Ayush/dev/straight_ws/install/nav2_behavior_tree/include//nav2_behavior_tree/plugins/action/wait_action.hpp
[188.928s] -- Installing: /home/adas/Documents/Ayush/dev/straight_ws/install/nav2_behavior_tree/share/nav2_behavior_tree/nav2_tree_nodes.xml
[188.928s] -- Installing: /home/adas/Documents/Ayush/dev/straight_ws/install/nav2_behavior_tree/share/nav2_behavior_tree/environment/library_path.sh
[188.929s] -- Installing: /home/adas/Documents/Ayush/dev/straight_ws/install/nav2_behavior_tree/share/nav2_behavior_tree/environment/library_path.dsv
[188.929s] -- Installing: /home/adas/Documents/Ayush/dev/straight_ws/install/nav2_behavior_tree/share/ament_index/resource_index/package_run_dependencies/nav2_behavior_tree
[188.929s] -- Installing: /home/adas/Documents/Ayush/dev/straight_ws/install/nav2_behavior_tree/share/ament_index/resource_index/parent_prefix_path/nav2_behavior_tree
[188.929s] -- Installing: /home/adas/Documents/Ayush/dev/straight_ws/install/nav2_behavior_tree/share/nav2_behavior_tree/environment/ament_prefix_path.sh
[188.929s] -- Installing: /home/adas/Documents/Ayush/dev/straight_ws/install/nav2_behavior_tree/share/nav2_behavior_tree/environment/ament_prefix_path.dsv
[188.929s] -- Installing: /home/adas/Documents/Ayush/dev/straight_ws/install/nav2_behavior_tree/share/nav2_behavior_tree/environment/path.sh
[188.930s] -- Installing: /home/adas/Documents/Ayush/dev/straight_ws/install/nav2_behavior_tree/share/nav2_behavior_tree/environment/path.dsv
[188.930s] -- Installing: /home/adas/Documents/Ayush/dev/straight_ws/install/nav2_behavior_tree/share/nav2_behavior_tree/local_setup.bash
[188.930s] -- Installing: /home/adas/Documents/Ayush/dev/straight_ws/install/nav2_behavior_tree/share/nav2_behavior_tree/local_setup.sh
[188.930s] -- Installing: /home/adas/Documents/Ayush/dev/straight_ws/install/nav2_behavior_tree/share/nav2_behavior_tree/local_setup.zsh
[188.930s] -- Installing: /home/adas/Documents/Ayush/dev/straight_ws/install/nav2_behavior_tree/share/nav2_behavior_tree/local_setup.dsv
[188.931s] -- Installing: /home/adas/Documents/Ayush/dev/straight_ws/install/nav2_behavior_tree/share/nav2_behavior_tree/package.dsv
[188.931s] -- Installing: /home/adas/Documents/Ayush/dev/straight_ws/install/nav2_behavior_tree/share/ament_index/resource_index/packages/nav2_behavior_tree
[188.931s] -- Installing: /home/adas/Documents/Ayush/dev/straight_ws/install/nav2_behavior_tree/share/nav2_behavior_tree/cmake/ament_cmake_export_include_directories-extras.cmake
[188.931s] -- Installing: /home/adas/Documents/Ayush/dev/straight_ws/install/nav2_behavior_tree/share/nav2_behavior_tree/cmake/ament_cmake_export_libraries-extras.cmake
[188.932s] -- Installing: /home/adas/Documents/Ayush/dev/straight_ws/install/nav2_behavior_tree/share/nav2_behavior_tree/cmake/ament_cmake_export_dependencies-extras.cmake
[188.932s] -- Installing: /home/adas/Documents/Ayush/dev/straight_ws/install/nav2_behavior_tree/share/nav2_behavior_tree/cmake/nav2_behavior_treeConfig.cmake
[188.932s] -- Installing: /home/adas/Documents/Ayush/dev/straight_ws/install/nav2_behavior_tree/share/nav2_behavior_tree/cmake/nav2_behavior_treeConfig-version.cmake
[188.932s] -- Installing: /home/adas/Documents/Ayush/dev/straight_ws/install/nav2_behavior_tree/share/nav2_behavior_tree/package.xml
[188.938s] Invoked command in '/home/adas/Documents/Ayush/dev/straight_ws/build/nav2_behavior_tree' returned '0': AMENT_PREFIX_PATH=/home/adas/Documents/Ayush/dev/straight_ws/install/nav2_util:/home/adas/Documents/Ayush/dev/straight_ws/install/tf2_geometry_msgs:/home/adas/Documents/Ayush/dev/straight_ws/install/tf2_ros:/home/adas/Documents/Ayush/dev/straight_ws/install/tf2_py:/home/adas/Documents/Ayush/dev/straight_ws/install/nav2_msgs:/home/adas/Documents/Ayush/dev/straight_ws/install/tf2_msgs:/home/adas/Documents/Ayush/dev/straight_ws/install/tf2:/home/adas/Documents/Ayush/dev/straight_ws/install/nav2_common:${AMENT_PREFIX_PATH} CMAKE_PREFIX_PATH=/home/adas/Documents/Ayush/dev/straight_ws/install/nav2_util:/home/adas/Documents/Ayush/dev/straight_ws/install/tf2_geometry_msgs:/home/adas/Documents/Ayush/dev/straight_ws/install/tf2_ros:/home/adas/Documents/Ayush/dev/straight_ws/install/tf2_py:/home/adas/Documents/Ayush/dev/straight_ws/install/nav2_msgs:/home/adas/Documents/Ayush/dev/straight_ws/install/tf2_msgs:/home/adas/Documents/Ayush/dev/straight_ws/install/tf2:/home/adas/Documents/Ayush/dev/straight_ws/install/nav2_common:/home/adas/Documents/Ayush/dev/straightline_ws/install/geometry2:/home/adas/Documents/Ayush/dev/straightline_ws/install/tf2_tools:/home/adas/Documents/Ayush/dev/straightline_ws/install/nav2_system_tests:/home/adas/Documents/Ayush/dev/straightline_ws/install/nav2_bringup:/home/adas/Documents/Ayush/dev/straightline_ws/install/navigation2:/home/adas/Documents/Ayush/dev/straightline_ws/install/smac_planner:/home/adas/Documents/Ayush/dev/straightline_ws/install/nav2_regulated_pure_pursuit_controller:/home/adas/Documents/Ayush/dev/straightline_ws/install/nav2_recoveries:/home/adas/Documents/Ayush/dev/straightline_ws/install/nav2_planner:/home/adas/Documents/Ayush/dev/straightline_ws/install/nav2_navfn_planner:/home/adas/Documents/Ayush/dev/straightline_ws/install/nav2_dwb_controller:/home/adas/Documents/Ayush/dev/straightline_ws/install/nav2_controller:/home/adas/Documents/Ayush/dev/straightline_ws/install/dwb_plugins:/home/adas/Documents/Ayush/dev/straightline_ws/install/dwb_critics:/home/adas/Documents/Ayush/dev/straightline_ws/install/dwb_core:/home/adas/Documents/Ayush/dev/straightline_ws/install/nav2_core:/home/adas/Documents/Ayush/dev/straightline_ws/install/costmap_queue:/home/adas/Documents/Ayush/dev/straightline_ws/install/nav2_costmap_2d:/home/adas/Documents/Ayush/dev/straightline_ws/install/tf2_sensor_msgs:/home/adas/Documents/Ayush/dev/straightline_ws/install/test_tf2:/home/adas/Documents/Ayush/dev/straightline_ws/install/tf2_kdl:/home/adas/Documents/Ayush/dev/straightline_ws/install/nav_2d_utils:/home/adas/Documents/Ayush/dev/straightline_ws/install/nav2_waypoint_follower:/home/adas/Documents/Ayush/dev/straightline_ws/install/nav2_rviz_plugins:/home/adas/Documents/Ayush/dev/straightline_ws/install/nav2_map_server:/home/adas/Documents/Ayush/dev/straightline_ws/install/nav2_lifecycle_manager:/home/adas/Documents/Ayush/dev/straightline_ws/install/nav2_bt_navigator:/home/adas/Documents/Ayush/dev/straightline_ws/install/nav2_behavior_tree:/home/adas/Documents/Ayush/dev/straightline_ws/install/nav2_amcl:/home/adas/Documents/Ayush/dev/straightline_ws/install/nav2_util:/home/adas/Documents/Ayush/dev/straightline_ws/install/tf2_geometry_msgs:/home/adas/Documents/Ayush/dev/straightline_ws/install/tf2_eigen:/home/adas/Documents/Ayush/dev/straightline_ws/install/tf2_bullet:/home/adas/Documents/Ayush/dev/straightline_ws/install/tf2_ros:/home/adas/Documents/Ayush/dev/straightline_ws/install/tf2_py:/home/adas/Documents/Ayush/dev/straightline_ws/install/tf2_msgs:/home/adas/Documents/Ayush/dev/straightline_ws/install/tf2_eigen_kdl:/home/adas/Documents/Ayush/dev/straightline_ws/install/tf2:/home/adas/Documents/Ayush/dev/straightline_ws/install/dwb_msgs:/home/adas/Documents/Ayush/dev/straightline_ws/install/nav_2d_msgs:/home/adas/Documents/Ayush/dev/straightline_ws/install/nav2_voxel_grid:/home/adas/Documents/Ayush/dev/straightline_ws/install/nav2_msgs:/home/adas/Documents/Ayush/dev/straightline_ws/install/nav2_common:/home/adas/Documents/Ayush/dev/straightline_ws/install/aws_robomaker_small_warehouse_world:/home/adas/Documents/Ayush/dev/straightline_ws/install/examples_tf2_py:/home/adas/Documents/Ayush/dev/straightline_ws/install/nav2_simple_commander:/home/adas/Documents/Ayush/dev/straightline_ws/install/nav2_gazebo_spawner:/opt/ros/foxy LD_LIBRARY_PATH=/home/adas/Documents/Ayush/dev/straight_ws/install/nav2_util/lib:/home/adas/Documents/Ayush/dev/straight_ws/install/tf2_ros/lib:/home/adas/Documents/Ayush/dev/straight_ws/install/nav2_msgs/lib:/home/adas/Documents/Ayush/dev/straight_ws/install/tf2_msgs/lib:/home/adas/Documents/Ayush/dev/straight_ws/install/tf2/lib:${LD_LIBRARY_PATH} PYTHONPATH=/home/adas/Documents/Ayush/dev/straight_ws/install/tf2_ros/lib/python3.8/site-packages:/home/adas/Documents/Ayush/dev/straight_ws/install/tf2_py/lib/python3.8/site-packages:/home/adas/Documents/Ayush/dev/straight_ws/install/nav2_msgs/lib/python3.8/site-packages:/home/adas/Documents/Ayush/dev/straight_ws/install/tf2_msgs/lib/python3.8/site-packages:/home/adas/Documents/Ayush/dev/straight_ws/install/nav2_common/lib/python3.8/site-packages:${PYTHONPATH} /usr/bin/cmake --install /home/adas/Documents/Ayush/dev/straight_ws/build/nav2_behavior_tree
