[0.528s] Invoking command in '/home/adas/Documents/Ayush/dev/straight_ws/build/smac_planner': AMENT_PREFIX_PATH=/home/adas/Documents/Ayush/dev/straight_ws/install/nav2_core:/home/adas/Documents/Ayush/dev/straight_ws/install/nav2_costmap_2d:/home/adas/Documents/Ayush/dev/straight_ws/install/nav2_util:/home/adas/Documents/Ayush/dev/straight_ws/install/tf2_sensor_msgs:/home/adas/Documents/Ayush/dev/straight_ws/install/tf2_geometry_msgs:/home/adas/Documents/Ayush/dev/straight_ws/install/tf2_ros:/home/adas/Documents/Ayush/dev/straight_ws/install/tf2_py:/home/adas/Documents/Ayush/dev/straight_ws/install/nav2_voxel_grid:/home/adas/Documents/Ayush/dev/straight_ws/install/nav2_msgs:/home/adas/Documents/Ayush/dev/straight_ws/install/tf2_msgs:/home/adas/Documents/Ayush/dev/straight_ws/install/tf2:/home/adas/Documents/Ayush/dev/straight_ws/install/nav2_common:${AMENT_PREFIX_PATH} CMAKE_PREFIX_PATH=/home/adas/Documents/Ayush/dev/straight_ws/install/nav2_core:/home/adas/Documents/Ayush/dev/straight_ws/install/nav2_costmap_2d:/home/adas/Documents/Ayush/dev/straight_ws/install/nav2_util:/home/adas/Documents/Ayush/dev/straight_ws/install/tf2_sensor_msgs:/home/adas/Documents/Ayush/dev/straight_ws/install/tf2_geometry_msgs:/home/adas/Documents/Ayush/dev/straight_ws/install/tf2_ros:/home/adas/Documents/Ayush/dev/straight_ws/install/tf2_py:/home/adas/Documents/Ayush/dev/straight_ws/install/nav2_voxel_grid:/home/adas/Documents/Ayush/dev/straight_ws/install/nav2_msgs:/home/adas/Documents/Ayush/dev/straight_ws/install/tf2_msgs:/home/adas/Documents/Ayush/dev/straight_ws/install/tf2:/home/adas/Documents/Ayush/dev/straight_ws/install/nav2_common:/home/adas/Documents/Ayush/dev/straightline_ws/install/geometry2:/home/adas/Documents/Ayush/dev/straightline_ws/install/tf2_tools:/home/adas/Documents/Ayush/dev/straightline_ws/install/nav2_system_tests:/home/adas/Documents/Ayush/dev/straightline_ws/install/nav2_bringup:/home/adas/Documents/Ayush/dev/straightline_ws/install/navigation2:/home/adas/Documents/Ayush/dev/straightline_ws/install/smac_planner:/home/adas/Documents/Ayush/dev/straightline_ws/install/nav2_regulated_pure_pursuit_controller:/home/adas/Documents/Ayush/dev/straightline_ws/install/nav2_recoveries:/home/adas/Documents/Ayush/dev/straightline_ws/install/nav2_planner:/home/adas/Documents/Ayush/dev/straightline_ws/install/nav2_navfn_planner:/home/adas/Documents/Ayush/dev/straightline_ws/install/nav2_dwb_controller:/home/adas/Documents/Ayush/dev/straightline_ws/install/nav2_controller:/home/adas/Documents/Ayush/dev/straightline_ws/install/dwb_plugins:/home/adas/Documents/Ayush/dev/straightline_ws/install/dwb_critics:/home/adas/Documents/Ayush/dev/straightline_ws/install/dwb_core:/home/adas/Documents/Ayush/dev/straightline_ws/install/nav2_core:/home/adas/Documents/Ayush/dev/straightline_ws/install/costmap_queue:/home/adas/Documents/Ayush/dev/straightline_ws/install/nav2_costmap_2d:/home/adas/Documents/Ayush/dev/straightline_ws/install/tf2_sensor_msgs:/home/adas/Documents/Ayush/dev/straightline_ws/install/test_tf2:/home/adas/Documents/Ayush/dev/straightline_ws/install/tf2_kdl:/home/adas/Documents/Ayush/dev/straightline_ws/install/nav_2d_utils:/home/adas/Documents/Ayush/dev/straightline_ws/install/nav2_waypoint_follower:/home/adas/Documents/Ayush/dev/straightline_ws/install/nav2_rviz_plugins:/home/adas/Documents/Ayush/dev/straightline_ws/install/nav2_map_server:/home/adas/Documents/Ayush/dev/straightline_ws/install/nav2_lifecycle_manager:/home/adas/Documents/Ayush/dev/straightline_ws/install/nav2_bt_navigator:/home/adas/Documents/Ayush/dev/straightline_ws/install/nav2_behavior_tree:/home/adas/Documents/Ayush/dev/straightline_ws/install/nav2_amcl:/home/adas/Documents/Ayush/dev/straightline_ws/install/nav2_util:/home/adas/Documents/Ayush/dev/straightline_ws/install/tf2_geometry_msgs:/home/adas/Documents/Ayush/dev/straightline_ws/install/tf2_eigen:/home/adas/Documents/Ayush/dev/straightline_ws/install/tf2_bullet:/home/adas/Documents/Ayush/dev/straightline_ws/install/tf2_ros:/home/adas/Documents/Ayush/dev/straightline_ws/install/tf2_py:/home/adas/Documents/Ayush/dev/straightline_ws/install/tf2_msgs:/home/adas/Documents/Ayush/dev/straightline_ws/install/tf2_eigen_kdl:/home/adas/Documents/Ayush/dev/straightline_ws/install/tf2:/home/adas/Documents/Ayush/dev/straightline_ws/install/dwb_msgs:/home/adas/Documents/Ayush/dev/straightline_ws/install/nav_2d_msgs:/home/adas/Documents/Ayush/dev/straightline_ws/install/nav2_voxel_grid:/home/adas/Documents/Ayush/dev/straightline_ws/install/nav2_msgs:/home/adas/Documents/Ayush/dev/straightline_ws/install/nav2_common:/home/adas/Documents/Ayush/dev/straightline_ws/install/aws_robomaker_small_warehouse_world:/home/adas/Documents/Ayush/dev/straightline_ws/install/examples_tf2_py:/home/adas/Documents/Ayush/dev/straightline_ws/install/nav2_simple_commander:/home/adas/Documents/Ayush/dev/straightline_ws/install/nav2_gazebo_spawner:/opt/ros/foxy LD_LIBRARY_PATH=/home/adas/Documents/Ayush/dev/straight_ws/install/nav2_costmap_2d/lib:/home/adas/Documents/Ayush/dev/straight_ws/install/nav2_util/lib:/home/adas/Documents/Ayush/dev/straight_ws/install/tf2_ros/lib:/home/adas/Documents/Ayush/dev/straight_ws/install/nav2_voxel_grid/lib:/home/adas/Documents/Ayush/dev/straight_ws/install/nav2_msgs/lib:/home/adas/Documents/Ayush/dev/straight_ws/install/tf2_msgs/lib:/home/adas/Documents/Ayush/dev/straight_ws/install/tf2/lib:${LD_LIBRARY_PATH} PYTHONPATH=/home/adas/Documents/Ayush/dev/straight_ws/install/tf2_ros/lib/python3.8/site-packages:/home/adas/Documents/Ayush/dev/straight_ws/install/tf2_py/lib/python3.8/site-packages:/home/adas/Documents/Ayush/dev/straight_ws/install/nav2_msgs/lib/python3.8/site-packages:/home/adas/Documents/Ayush/dev/straight_ws/install/tf2_msgs/lib/python3.8/site-packages:/home/adas/Documents/Ayush/dev/straight_ws/install/nav2_common/lib/python3.8/site-packages:${PYTHONPATH} /usr/bin/cmake /home/adas/Documents/Ayush/dev/straight_ws/src/navigation2/smac_planner -DCMAKE_INSTALL_PREFIX=/home/adas/Documents/Ayush/dev/straight_ws/install/smac_planner
[9.147s] -- The C compiler identification is GNU 9.3.0
[9.147s] -- The CXX compiler identification is GNU 9.3.0
[9.147s] -- Check for working C compiler: /usr/bin/cc
[9.147s] -- Check for working C compiler: /usr/bin/cc -- works
[9.147s] -- Detecting C compiler ABI info
[9.148s] -- Detecting C compiler ABI info - done
[9.148s] -- Detecting C compile features
[9.148s] -- Detecting C compile features - done
[9.148s] -- Check for working CXX compiler: /usr/bin/c++
[9.148s] -- Check for working CXX compiler: /usr/bin/c++ -- works
[9.148s] -- Detecting CXX compiler ABI info
[9.148s] -- Detecting CXX compiler ABI info - done
[9.148s] -- Detecting CXX compile features
[9.149s] -- Detecting CXX compile features - done
[9.149s] -- Found ament_cmake: 0.9.8 (/opt/ros/foxy/share/ament_cmake/cmake)
[9.149s] -- Found PythonInterp: /usr/bin/python3 (found suitable version "3.8.10", minimum required is "3") 
[9.149s] -- Using PYTHON_EXECUTABLE: /usr/bin/python3
[9.149s] -- Found nav2_common: 0.4.7 (/home/adas/Documents/Ayush/dev/straight_ws/install/nav2_common/share/nav2_common/cmake)
[9.149s] -- Found rclcpp: 2.3.1 (/opt/ros/foxy/share/rclcpp/cmake)
[9.149s] -- Using all available rosidl_typesupport_c: rosidl_typesupport_fastrtps_c;rosidl_typesupport_introspection_c
[9.149s] -- Found rosidl_adapter: 1.2.1 (/opt/ros/foxy/share/rosidl_adapter/cmake)
[9.150s] -- Found OpenSSL: /usr/lib/x86_64-linux-gnu/libcrypto.so (found version "1.1.1f")  
[9.150s] -- Found FastRTPS: /opt/ros/foxy/include  
[9.150s] -- Using all available rosidl_typesupport_cpp: rosidl_typesupport_fastrtps_cpp;rosidl_typesupport_introspection_cpp
[9.150s] -- Found rmw_implementation_cmake: 1.0.3 (/opt/ros/foxy/share/rmw_implementation_cmake/cmake)
[9.150s] -- Using RMW implementation 'rmw_fastrtps_cpp' as default
[9.150s] -- Looking for pthread.h
[9.150s] -- Looking for pthread.h - found
[9.150s] -- Performing Test CMAKE_HAVE_LIBC_PTHREAD
[9.151s] -- Performing Test CMAKE_HAVE_LIBC_PTHREAD - Failed
[9.151s] -- Looking for pthread_create in pthreads
[9.151s] -- Looking for pthread_create in pthreads - not found
[9.151s] -- Looking for pthread_create in pthread
[9.151s] -- Looking for pthread_create in pthread - found
[9.151s] -- Found Threads: TRUE  
[9.151s] -- Found rclcpp_action: 2.3.1 (/opt/ros/foxy/share/rclcpp_action/cmake)
[9.151s] -- Found rclcpp_lifecycle: 2.3.1 (/opt/ros/foxy/share/rclcpp_lifecycle/cmake)
[9.152s] -- Found visualization_msgs: 2.0.4 (/opt/ros/foxy/share/visualization_msgs/cmake)
[9.152s] -- Found nav2_util: 0.4.7 (/home/adas/Documents/Ayush/dev/straight_ws/install/nav2_util/share/nav2_util/cmake)
[9.342s] -- Found eigen3_cmake_module: 0.1.1 (/opt/ros/foxy/share/eigen3_cmake_module/cmake)
[9.353s] -- Found Eigen3: TRUE (found version "3.3.7") 
[9.636s] -- Found nav2_core: 0.4.7 (/home/adas/Documents/Ayush/dev/straight_ws/install/nav2_core/share/nav2_core/cmake)
[12.336s] -- Found installed version of Eigen: /usr/lib/cmake/eigen3
[12.338s] -- Found required Ceres dependency: Eigen version 3.3.7 in /usr/include/eigen3
[12.353s] -- Found required Ceres dependency: glog
[12.357s] -- Found installed version of gflags: /usr/lib/x86_64-linux-gnu/cmake/gflags
[12.357s] -- Detected gflags version: 2.2.2
[12.360s] -- Found required Ceres dependency: gflags
[12.361s] -- Found Ceres version: 1.14.0 installed in: /usr with components: [EigenSparse, SparseLinearAlgebraLibrary, LAPACK, SuiteSparse, CXSparse, SchurSpecializations, OpenMP, Multithreading]
[12.375s] -- Found ompl: /opt/ros/foxy/include/ompl-1.5;/usr/include/eigen3  
[13.348s] -- Found OpenMP_C: -fopenmp (found version "4.5") 
[13.709s] -- Found OpenMP_CXX: -fopenmp (found version "4.5") 
[13.710s] -- Found OpenMP: TRUE (found version "4.5")  
[22.674s] -- Found ament_lint_auto: 0.9.6 (/opt/ros/foxy/share/ament_lint_auto/cmake)
[22.914s] -- Found ament_cmake_gtest: 0.9.8 (/opt/ros/foxy/share/ament_cmake_gtest/cmake)
[22.914s] -- Found gtest sources under '/opt/ros/foxy/src/gtest_vendor': C++ tests using 'Google Test' will be built
[22.914s] -- Check if compiler accepts -pthread
[23.096s] -- Check if compiler accepts -pthread - yes
[54.250s] -- Added test 'copyright' to check source files copyright and LICENSE
[54.252s] -- Added test 'cppcheck' to perform static code analysis on C / C++ code
[54.253s] -- Configured cppcheck include dirs: /home/adas/Documents/Ayush/dev/straight_ws/src/navigation2/smac_planner/include
[54.253s] -- Configured cppcheck exclude dirs and/or files: 
[54.258s] -- Added test 'cpplint' to check C / C++ code against the Google style
[54.258s] -- Configured cpplint exclude dirs and/or files: 
[54.261s] -- Added test 'lint_cmake' to check CMake code style
[54.265s] -- Added test 'uncrustify' to check C / C++ code style
[54.266s] -- Configured uncrustify additional arguments: 
[54.268s] -- Added test 'xmllint' to check XML markup files
[54.280s] -- Configuring done
[55.274s] -- Generating done
[55.279s] -- Build files have been written to: /home/adas/Documents/Ayush/dev/straight_ws/build/smac_planner
[55.301s] Invoked command in '/home/adas/Documents/Ayush/dev/straight_ws/build/smac_planner' returned '0': AMENT_PREFIX_PATH=/home/adas/Documents/Ayush/dev/straight_ws/install/nav2_core:/home/adas/Documents/Ayush/dev/straight_ws/install/nav2_costmap_2d:/home/adas/Documents/Ayush/dev/straight_ws/install/nav2_util:/home/adas/Documents/Ayush/dev/straight_ws/install/tf2_sensor_msgs:/home/adas/Documents/Ayush/dev/straight_ws/install/tf2_geometry_msgs:/home/adas/Documents/Ayush/dev/straight_ws/install/tf2_ros:/home/adas/Documents/Ayush/dev/straight_ws/install/tf2_py:/home/adas/Documents/Ayush/dev/straight_ws/install/nav2_voxel_grid:/home/adas/Documents/Ayush/dev/straight_ws/install/nav2_msgs:/home/adas/Documents/Ayush/dev/straight_ws/install/tf2_msgs:/home/adas/Documents/Ayush/dev/straight_ws/install/tf2:/home/adas/Documents/Ayush/dev/straight_ws/install/nav2_common:${AMENT_PREFIX_PATH} CMAKE_PREFIX_PATH=/home/adas/Documents/Ayush/dev/straight_ws/install/nav2_core:/home/adas/Documents/Ayush/dev/straight_ws/install/nav2_costmap_2d:/home/adas/Documents/Ayush/dev/straight_ws/install/nav2_util:/home/adas/Documents/Ayush/dev/straight_ws/install/tf2_sensor_msgs:/home/adas/Documents/Ayush/dev/straight_ws/install/tf2_geometry_msgs:/home/adas/Documents/Ayush/dev/straight_ws/install/tf2_ros:/home/adas/Documents/Ayush/dev/straight_ws/install/tf2_py:/home/adas/Documents/Ayush/dev/straight_ws/install/nav2_voxel_grid:/home/adas/Documents/Ayush/dev/straight_ws/install/nav2_msgs:/home/adas/Documents/Ayush/dev/straight_ws/install/tf2_msgs:/home/adas/Documents/Ayush/dev/straight_ws/install/tf2:/home/adas/Documents/Ayush/dev/straight_ws/install/nav2_common:/home/adas/Documents/Ayush/dev/straightline_ws/install/geometry2:/home/adas/Documents/Ayush/dev/straightline_ws/install/tf2_tools:/home/adas/Documents/Ayush/dev/straightline_ws/install/nav2_system_tests:/home/adas/Documents/Ayush/dev/straightline_ws/install/nav2_bringup:/home/adas/Documents/Ayush/dev/straightline_ws/install/navigation2:/home/adas/Documents/Ayush/dev/straightline_ws/install/smac_planner:/home/adas/Documents/Ayush/dev/straightline_ws/install/nav2_regulated_pure_pursuit_controller:/home/adas/Documents/Ayush/dev/straightline_ws/install/nav2_recoveries:/home/adas/Documents/Ayush/dev/straightline_ws/install/nav2_planner:/home/adas/Documents/Ayush/dev/straightline_ws/install/nav2_navfn_planner:/home/adas/Documents/Ayush/dev/straightline_ws/install/nav2_dwb_controller:/home/adas/Documents/Ayush/dev/straightline_ws/install/nav2_controller:/home/adas/Documents/Ayush/dev/straightline_ws/install/dwb_plugins:/home/adas/Documents/Ayush/dev/straightline_ws/install/dwb_critics:/home/adas/Documents/Ayush/dev/straightline_ws/install/dwb_core:/home/adas/Documents/Ayush/dev/straightline_ws/install/nav2_core:/home/adas/Documents/Ayush/dev/straightline_ws/install/costmap_queue:/home/adas/Documents/Ayush/dev/straightline_ws/install/nav2_costmap_2d:/home/adas/Documents/Ayush/dev/straightline_ws/install/tf2_sensor_msgs:/home/adas/Documents/Ayush/dev/straightline_ws/install/test_tf2:/home/adas/Documents/Ayush/dev/straightline_ws/install/tf2_kdl:/home/adas/Documents/Ayush/dev/straightline_ws/install/nav_2d_utils:/home/adas/Documents/Ayush/dev/straightline_ws/install/nav2_waypoint_follower:/home/adas/Documents/Ayush/dev/straightline_ws/install/nav2_rviz_plugins:/home/adas/Documents/Ayush/dev/straightline_ws/install/nav2_map_server:/home/adas/Documents/Ayush/dev/straightline_ws/install/nav2_lifecycle_manager:/home/adas/Documents/Ayush/dev/straightline_ws/install/nav2_bt_navigator:/home/adas/Documents/Ayush/dev/straightline_ws/install/nav2_behavior_tree:/home/adas/Documents/Ayush/dev/straightline_ws/install/nav2_amcl:/home/adas/Documents/Ayush/dev/straightline_ws/install/nav2_util:/home/adas/Documents/Ayush/dev/straightline_ws/install/tf2_geometry_msgs:/home/adas/Documents/Ayush/dev/straightline_ws/install/tf2_eigen:/home/adas/Documents/Ayush/dev/straightline_ws/install/tf2_bullet:/home/adas/Documents/Ayush/dev/straightline_ws/install/tf2_ros:/home/adas/Documents/Ayush/dev/straightline_ws/install/tf2_py:/home/adas/Documents/Ayush/dev/straightline_ws/install/tf2_msgs:/home/adas/Documents/Ayush/dev/straightline_ws/install/tf2_eigen_kdl:/home/adas/Documents/Ayush/dev/straightline_ws/install/tf2:/home/adas/Documents/Ayush/dev/straightline_ws/install/dwb_msgs:/home/adas/Documents/Ayush/dev/straightline_ws/install/nav_2d_msgs:/home/adas/Documents/Ayush/dev/straightline_ws/install/nav2_voxel_grid:/home/adas/Documents/Ayush/dev/straightline_ws/install/nav2_msgs:/home/adas/Documents/Ayush/dev/straightline_ws/install/nav2_common:/home/adas/Documents/Ayush/dev/straightline_ws/install/aws_robomaker_small_warehouse_world:/home/adas/Documents/Ayush/dev/straightline_ws/install/examples_tf2_py:/home/adas/Documents/Ayush/dev/straightline_ws/install/nav2_simple_commander:/home/adas/Documents/Ayush/dev/straightline_ws/install/nav2_gazebo_spawner:/opt/ros/foxy LD_LIBRARY_PATH=/home/adas/Documents/Ayush/dev/straight_ws/install/nav2_costmap_2d/lib:/home/adas/Documents/Ayush/dev/straight_ws/install/nav2_util/lib:/home/adas/Documents/Ayush/dev/straight_ws/install/tf2_ros/lib:/home/adas/Documents/Ayush/dev/straight_ws/install/nav2_voxel_grid/lib:/home/adas/Documents/Ayush/dev/straight_ws/install/nav2_msgs/lib:/home/adas/Documents/Ayush/dev/straight_ws/install/tf2_msgs/lib:/home/adas/Documents/Ayush/dev/straight_ws/install/tf2/lib:${LD_LIBRARY_PATH} PYTHONPATH=/home/adas/Documents/Ayush/dev/straight_ws/install/tf2_ros/lib/python3.8/site-packages:/home/adas/Documents/Ayush/dev/straight_ws/install/tf2_py/lib/python3.8/site-packages:/home/adas/Documents/Ayush/dev/straight_ws/install/nav2_msgs/lib/python3.8/site-packages:/home/adas/Documents/Ayush/dev/straight_ws/install/tf2_msgs/lib/python3.8/site-packages:/home/adas/Documents/Ayush/dev/straight_ws/install/nav2_common/lib/python3.8/site-packages:${PYTHONPATH} /usr/bin/cmake /home/adas/Documents/Ayush/dev/straight_ws/src/navigation2/smac_planner -DCMAKE_INSTALL_PREFIX=/home/adas/Documents/Ayush/dev/straight_ws/install/smac_planner
[55.306s] Invoking command in '/home/adas/Documents/Ayush/dev/straight_ws/build/smac_planner': AMENT_PREFIX_PATH=/home/adas/Documents/Ayush/dev/straight_ws/install/nav2_core:/home/adas/Documents/Ayush/dev/straight_ws/install/nav2_costmap_2d:/home/adas/Documents/Ayush/dev/straight_ws/install/nav2_util:/home/adas/Documents/Ayush/dev/straight_ws/install/tf2_sensor_msgs:/home/adas/Documents/Ayush/dev/straight_ws/install/tf2_geometry_msgs:/home/adas/Documents/Ayush/dev/straight_ws/install/tf2_ros:/home/adas/Documents/Ayush/dev/straight_ws/install/tf2_py:/home/adas/Documents/Ayush/dev/straight_ws/install/nav2_voxel_grid:/home/adas/Documents/Ayush/dev/straight_ws/install/nav2_msgs:/home/adas/Documents/Ayush/dev/straight_ws/install/tf2_msgs:/home/adas/Documents/Ayush/dev/straight_ws/install/tf2:/home/adas/Documents/Ayush/dev/straight_ws/install/nav2_common:${AMENT_PREFIX_PATH} CMAKE_PREFIX_PATH=/home/adas/Documents/Ayush/dev/straight_ws/install/nav2_core:/home/adas/Documents/Ayush/dev/straight_ws/install/nav2_costmap_2d:/home/adas/Documents/Ayush/dev/straight_ws/install/nav2_util:/home/adas/Documents/Ayush/dev/straight_ws/install/tf2_sensor_msgs:/home/adas/Documents/Ayush/dev/straight_ws/install/tf2_geometry_msgs:/home/adas/Documents/Ayush/dev/straight_ws/install/tf2_ros:/home/adas/Documents/Ayush/dev/straight_ws/install/tf2_py:/home/adas/Documents/Ayush/dev/straight_ws/install/nav2_voxel_grid:/home/adas/Documents/Ayush/dev/straight_ws/install/nav2_msgs:/home/adas/Documents/Ayush/dev/straight_ws/install/tf2_msgs:/home/adas/Documents/Ayush/dev/straight_ws/install/tf2:/home/adas/Documents/Ayush/dev/straight_ws/install/nav2_common:/home/adas/Documents/Ayush/dev/straightline_ws/install/geometry2:/home/adas/Documents/Ayush/dev/straightline_ws/install/tf2_tools:/home/adas/Documents/Ayush/dev/straightline_ws/install/nav2_system_tests:/home/adas/Documents/Ayush/dev/straightline_ws/install/nav2_bringup:/home/adas/Documents/Ayush/dev/straightline_ws/install/navigation2:/home/adas/Documents/Ayush/dev/straightline_ws/install/smac_planner:/home/adas/Documents/Ayush/dev/straightline_ws/install/nav2_regulated_pure_pursuit_controller:/home/adas/Documents/Ayush/dev/straightline_ws/install/nav2_recoveries:/home/adas/Documents/Ayush/dev/straightline_ws/install/nav2_planner:/home/adas/Documents/Ayush/dev/straightline_ws/install/nav2_navfn_planner:/home/adas/Documents/Ayush/dev/straightline_ws/install/nav2_dwb_controller:/home/adas/Documents/Ayush/dev/straightline_ws/install/nav2_controller:/home/adas/Documents/Ayush/dev/straightline_ws/install/dwb_plugins:/home/adas/Documents/Ayush/dev/straightline_ws/install/dwb_critics:/home/adas/Documents/Ayush/dev/straightline_ws/install/dwb_core:/home/adas/Documents/Ayush/dev/straightline_ws/install/nav2_core:/home/adas/Documents/Ayush/dev/straightline_ws/install/costmap_queue:/home/adas/Documents/Ayush/dev/straightline_ws/install/nav2_costmap_2d:/home/adas/Documents/Ayush/dev/straightline_ws/install/tf2_sensor_msgs:/home/adas/Documents/Ayush/dev/straightline_ws/install/test_tf2:/home/adas/Documents/Ayush/dev/straightline_ws/install/tf2_kdl:/home/adas/Documents/Ayush/dev/straightline_ws/install/nav_2d_utils:/home/adas/Documents/Ayush/dev/straightline_ws/install/nav2_waypoint_follower:/home/adas/Documents/Ayush/dev/straightline_ws/install/nav2_rviz_plugins:/home/adas/Documents/Ayush/dev/straightline_ws/install/nav2_map_server:/home/adas/Documents/Ayush/dev/straightline_ws/install/nav2_lifecycle_manager:/home/adas/Documents/Ayush/dev/straightline_ws/install/nav2_bt_navigator:/home/adas/Documents/Ayush/dev/straightline_ws/install/nav2_behavior_tree:/home/adas/Documents/Ayush/dev/straightline_ws/install/nav2_amcl:/home/adas/Documents/Ayush/dev/straightline_ws/install/nav2_util:/home/adas/Documents/Ayush/dev/straightline_ws/install/tf2_geometry_msgs:/home/adas/Documents/Ayush/dev/straightline_ws/install/tf2_eigen:/home/adas/Documents/Ayush/dev/straightline_ws/install/tf2_bullet:/home/adas/Documents/Ayush/dev/straightline_ws/install/tf2_ros:/home/adas/Documents/Ayush/dev/straightline_ws/install/tf2_py:/home/adas/Documents/Ayush/dev/straightline_ws/install/tf2_msgs:/home/adas/Documents/Ayush/dev/straightline_ws/install/tf2_eigen_kdl:/home/adas/Documents/Ayush/dev/straightline_ws/install/tf2:/home/adas/Documents/Ayush/dev/straightline_ws/install/dwb_msgs:/home/adas/Documents/Ayush/dev/straightline_ws/install/nav_2d_msgs:/home/adas/Documents/Ayush/dev/straightline_ws/install/nav2_voxel_grid:/home/adas/Documents/Ayush/dev/straightline_ws/install/nav2_msgs:/home/adas/Documents/Ayush/dev/straightline_ws/install/nav2_common:/home/adas/Documents/Ayush/dev/straightline_ws/install/aws_robomaker_small_warehouse_world:/home/adas/Documents/Ayush/dev/straightline_ws/install/examples_tf2_py:/home/adas/Documents/Ayush/dev/straightline_ws/install/nav2_simple_commander:/home/adas/Documents/Ayush/dev/straightline_ws/install/nav2_gazebo_spawner:/opt/ros/foxy LD_LIBRARY_PATH=/home/adas/Documents/Ayush/dev/straight_ws/install/nav2_costmap_2d/lib:/home/adas/Documents/Ayush/dev/straight_ws/install/nav2_util/lib:/home/adas/Documents/Ayush/dev/straight_ws/install/tf2_ros/lib:/home/adas/Documents/Ayush/dev/straight_ws/install/nav2_voxel_grid/lib:/home/adas/Documents/Ayush/dev/straight_ws/install/nav2_msgs/lib:/home/adas/Documents/Ayush/dev/straight_ws/install/tf2_msgs/lib:/home/adas/Documents/Ayush/dev/straight_ws/install/tf2/lib:${LD_LIBRARY_PATH} PYTHONPATH=/home/adas/Documents/Ayush/dev/straight_ws/install/tf2_ros/lib/python3.8/site-packages:/home/adas/Documents/Ayush/dev/straight_ws/install/tf2_py/lib/python3.8/site-packages:/home/adas/Documents/Ayush/dev/straight_ws/install/nav2_msgs/lib/python3.8/site-packages:/home/adas/Documents/Ayush/dev/straight_ws/install/tf2_msgs/lib/python3.8/site-packages:/home/adas/Documents/Ayush/dev/straight_ws/install/nav2_common/lib/python3.8/site-packages:${PYTHONPATH} /usr/bin/cmake --build /home/adas/Documents/Ayush/dev/straight_ws/build/smac_planner -- -j8 -l8
[55.419s] [35m[1mScanning dependencies of target smac_planner_2d[0m
[55.637s] [  2%] [32mBuilding CXX object CMakeFiles/smac_planner_2d.dir/src/smac_planner_2d.cpp.o[0m
[67.689s] [  5%] [32mBuilding CXX object CMakeFiles/smac_planner_2d.dir/src/node_2d.cpp.o[0m
[70.770s] [  8%] [32mBuilding CXX object CMakeFiles/smac_planner_2d.dir/src/costmap_downsampler.cpp.o[0m
[75.571s] [ 11%] [32mBuilding CXX object CMakeFiles/smac_planner_2d.dir/src/node_se2.cpp.o[0m
[81.859s] [ 14%] [32mBuilding CXX object CMakeFiles/smac_planner_2d.dir/src/a_star.cpp.o[0m
[87.385s] [ 17%] [32m[1mLinking CXX shared library libsmac_planner_2d.so[0m
[88.254s] [ 17%] Built target smac_planner_2d
[88.272s] [35m[1mScanning dependencies of target gtest[0m
[88.300s] [ 20%] [32mBuilding CXX object gtest/CMakeFiles/gtest.dir/src/gtest-all.cc.o[0m
[97.610s] [ 23%] [32m[1mLinking CXX static library libgtest.a[0m
[97.687s] [ 23%] Built target gtest
[97.711s] [35m[1mScanning dependencies of target gtest_main[0m
[97.741s] [ 26%] [32mBuilding CXX object gtest/CMakeFiles/gtest_main.dir/src/gtest_main.cc.o[0m
[98.887s] [ 29%] [32m[1mLinking CXX static library libgtest_main.a[0m
[98.956s] [ 29%] Built target gtest_main
[98.979s] [35m[1mScanning dependencies of target smac_planner[0m
[99.178s] [ 32%] [32mBuilding CXX object CMakeFiles/smac_planner.dir/src/smac_planner.cpp.o[0m
[110.240s] [ 38%] [32mBuilding CXX object CMakeFiles/smac_planner.dir/src/costmap_downsampler.cpp.o[0m
[110.240s] [ 38%] [32mBuilding CXX object CMakeFiles/smac_planner.dir/src/node_2d.cpp.o[0m
[113.378s] [ 41%] [32mBuilding CXX object CMakeFiles/smac_planner.dir/src/node_se2.cpp.o[0m
[118.215s] [ 44%] [32mBuilding CXX object CMakeFiles/smac_planner.dir/src/a_star.cpp.o[0m
[122.907s] [ 47%] [32m[1mLinking CXX shared library libsmac_planner.so[0m
[123.946s] [ 47%] Built target smac_planner
[123.965s] [35m[1mScanning dependencies of target test_costmap_downsampler[0m
[123.975s] [35m[1mScanning dependencies of target test_smoother[0m
[123.975s] [35m[1mScanning dependencies of target test_smac_2d[0m
[124.075s] [ 50%] [32mBuilding CXX object test/CMakeFiles/test_costmap_downsampler.dir/test_costmap_downsampler.cpp.o[0m
[124.102s] [ 52%] [32mBuilding CXX object test/CMakeFiles/test_smoother.dir/test_smoother.cpp.o[0m
[124.145s] [ 55%] [32mBuilding CXX object test/CMakeFiles/test_smac_2d.dir/test_smac_2d.cpp.o[0m
[125.127s] [35m[1mScanning dependencies of target test_nodebasic[0m
[125.128s] [35m[1mScanning dependencies of target test_smac_se2[0m
[125.272s] [ 58%] [32mBuilding CXX object test/CMakeFiles/test_nodebasic.dir/test_nodebasic.cpp.o[0m
[125.289s] [ 61%] [32mBuilding CXX object test/CMakeFiles/test_smac_se2.dir/test_smac_se2.cpp.o[0m
[126.288s] [35m[1mScanning dependencies of target test_node2d[0m
[126.305s] [35m[1mScanning dependencies of target test_nodese2[0m
[126.459s] [ 64%] [32mBuilding CXX object test/CMakeFiles/test_nodese2.dir/test_nodese2.cpp.o[0m
[126.526s] [ 67%] [32mBuilding CXX object test/CMakeFiles/test_node2d.dir/test_node2d.cpp.o[0m
[127.542s] [35m[1mScanning dependencies of target test_a_star[0m
[127.839s] [ 70%] [32mBuilding CXX object test/CMakeFiles/test_a_star.dir/test_a_star.cpp.o[0m
[130.505s] [ 73%] [32m[1mLinking CXX executable test_costmap_downsampler[0m
[131.429s] [ 76%] [32m[1mLinking CXX executable test_nodebasic[0m
[131.601s] [ 76%] Built target test_costmap_downsampler
[131.682s] [35m[1mScanning dependencies of target test_collision_checker[0m
[131.922s] [ 79%] [32mBuilding CXX object test/CMakeFiles/test_collision_checker.dir/test_collision_checker.cpp.o[0m
[132.105s] [ 79%] Built target test_nodebasic
[132.161s] [ 82%] [32m[1mLinking CXX executable test_node2d[0m
[133.150s] [ 82%] Built target test_node2d
[133.857s] [ 85%] [32m[1mLinking CXX executable test_smac_2d[0m
[133.940s] [ 88%] [32m[1mLinking CXX executable test_nodese2[0m
[134.008s] [ 91%] [32m[1mLinking CXX executable test_smoother[0m
[134.970s] [ 91%] Built target test_smac_2d
[134.988s] [ 91%] Built target test_nodese2
[135.129s] [ 91%] Built target test_smoother
[135.267s] [ 94%] [32m[1mLinking CXX executable test_a_star[0m
[135.914s] [ 97%] [32m[1mLinking CXX executable test_smac_se2[0m
[135.917s] [ 97%] Built target test_a_star
[136.077s] [100%] [32m[1mLinking CXX executable test_collision_checker[0m
[136.427s] [100%] Built target test_smac_se2
[136.435s] [100%] Built target test_collision_checker
[136.451s] Invoked command in '/home/adas/Documents/Ayush/dev/straight_ws/build/smac_planner' returned '0': AMENT_PREFIX_PATH=/home/adas/Documents/Ayush/dev/straight_ws/install/nav2_core:/home/adas/Documents/Ayush/dev/straight_ws/install/nav2_costmap_2d:/home/adas/Documents/Ayush/dev/straight_ws/install/nav2_util:/home/adas/Documents/Ayush/dev/straight_ws/install/tf2_sensor_msgs:/home/adas/Documents/Ayush/dev/straight_ws/install/tf2_geometry_msgs:/home/adas/Documents/Ayush/dev/straight_ws/install/tf2_ros:/home/adas/Documents/Ayush/dev/straight_ws/install/tf2_py:/home/adas/Documents/Ayush/dev/straight_ws/install/nav2_voxel_grid:/home/adas/Documents/Ayush/dev/straight_ws/install/nav2_msgs:/home/adas/Documents/Ayush/dev/straight_ws/install/tf2_msgs:/home/adas/Documents/Ayush/dev/straight_ws/install/tf2:/home/adas/Documents/Ayush/dev/straight_ws/install/nav2_common:${AMENT_PREFIX_PATH} CMAKE_PREFIX_PATH=/home/adas/Documents/Ayush/dev/straight_ws/install/nav2_core:/home/adas/Documents/Ayush/dev/straight_ws/install/nav2_costmap_2d:/home/adas/Documents/Ayush/dev/straight_ws/install/nav2_util:/home/adas/Documents/Ayush/dev/straight_ws/install/tf2_sensor_msgs:/home/adas/Documents/Ayush/dev/straight_ws/install/tf2_geometry_msgs:/home/adas/Documents/Ayush/dev/straight_ws/install/tf2_ros:/home/adas/Documents/Ayush/dev/straight_ws/install/tf2_py:/home/adas/Documents/Ayush/dev/straight_ws/install/nav2_voxel_grid:/home/adas/Documents/Ayush/dev/straight_ws/install/nav2_msgs:/home/adas/Documents/Ayush/dev/straight_ws/install/tf2_msgs:/home/adas/Documents/Ayush/dev/straight_ws/install/tf2:/home/adas/Documents/Ayush/dev/straight_ws/install/nav2_common:/home/adas/Documents/Ayush/dev/straightline_ws/install/geometry2:/home/adas/Documents/Ayush/dev/straightline_ws/install/tf2_tools:/home/adas/Documents/Ayush/dev/straightline_ws/install/nav2_system_tests:/home/adas/Documents/Ayush/dev/straightline_ws/install/nav2_bringup:/home/adas/Documents/Ayush/dev/straightline_ws/install/navigation2:/home/adas/Documents/Ayush/dev/straightline_ws/install/smac_planner:/home/adas/Documents/Ayush/dev/straightline_ws/install/nav2_regulated_pure_pursuit_controller:/home/adas/Documents/Ayush/dev/straightline_ws/install/nav2_recoveries:/home/adas/Documents/Ayush/dev/straightline_ws/install/nav2_planner:/home/adas/Documents/Ayush/dev/straightline_ws/install/nav2_navfn_planner:/home/adas/Documents/Ayush/dev/straightline_ws/install/nav2_dwb_controller:/home/adas/Documents/Ayush/dev/straightline_ws/install/nav2_controller:/home/adas/Documents/Ayush/dev/straightline_ws/install/dwb_plugins:/home/adas/Documents/Ayush/dev/straightline_ws/install/dwb_critics:/home/adas/Documents/Ayush/dev/straightline_ws/install/dwb_core:/home/adas/Documents/Ayush/dev/straightline_ws/install/nav2_core:/home/adas/Documents/Ayush/dev/straightline_ws/install/costmap_queue:/home/adas/Documents/Ayush/dev/straightline_ws/install/nav2_costmap_2d:/home/adas/Documents/Ayush/dev/straightline_ws/install/tf2_sensor_msgs:/home/adas/Documents/Ayush/dev/straightline_ws/install/test_tf2:/home/adas/Documents/Ayush/dev/straightline_ws/install/tf2_kdl:/home/adas/Documents/Ayush/dev/straightline_ws/install/nav_2d_utils:/home/adas/Documents/Ayush/dev/straightline_ws/install/nav2_waypoint_follower:/home/adas/Documents/Ayush/dev/straightline_ws/install/nav2_rviz_plugins:/home/adas/Documents/Ayush/dev/straightline_ws/install/nav2_map_server:/home/adas/Documents/Ayush/dev/straightline_ws/install/nav2_lifecycle_manager:/home/adas/Documents/Ayush/dev/straightline_ws/install/nav2_bt_navigator:/home/adas/Documents/Ayush/dev/straightline_ws/install/nav2_behavior_tree:/home/adas/Documents/Ayush/dev/straightline_ws/install/nav2_amcl:/home/adas/Documents/Ayush/dev/straightline_ws/install/nav2_util:/home/adas/Documents/Ayush/dev/straightline_ws/install/tf2_geometry_msgs:/home/adas/Documents/Ayush/dev/straightline_ws/install/tf2_eigen:/home/adas/Documents/Ayush/dev/straightline_ws/install/tf2_bullet:/home/adas/Documents/Ayush/dev/straightline_ws/install/tf2_ros:/home/adas/Documents/Ayush/dev/straightline_ws/install/tf2_py:/home/adas/Documents/Ayush/dev/straightline_ws/install/tf2_msgs:/home/adas/Documents/Ayush/dev/straightline_ws/install/tf2_eigen_kdl:/home/adas/Documents/Ayush/dev/straightline_ws/install/tf2:/home/adas/Documents/Ayush/dev/straightline_ws/install/dwb_msgs:/home/adas/Documents/Ayush/dev/straightline_ws/install/nav_2d_msgs:/home/adas/Documents/Ayush/dev/straightline_ws/install/nav2_voxel_grid:/home/adas/Documents/Ayush/dev/straightline_ws/install/nav2_msgs:/home/adas/Documents/Ayush/dev/straightline_ws/install/nav2_common:/home/adas/Documents/Ayush/dev/straightline_ws/install/aws_robomaker_small_warehouse_world:/home/adas/Documents/Ayush/dev/straightline_ws/install/examples_tf2_py:/home/adas/Documents/Ayush/dev/straightline_ws/install/nav2_simple_commander:/home/adas/Documents/Ayush/dev/straightline_ws/install/nav2_gazebo_spawner:/opt/ros/foxy LD_LIBRARY_PATH=/home/adas/Documents/Ayush/dev/straight_ws/install/nav2_costmap_2d/lib:/home/adas/Documents/Ayush/dev/straight_ws/install/nav2_util/lib:/home/adas/Documents/Ayush/dev/straight_ws/install/tf2_ros/lib:/home/adas/Documents/Ayush/dev/straight_ws/install/nav2_voxel_grid/lib:/home/adas/Documents/Ayush/dev/straight_ws/install/nav2_msgs/lib:/home/adas/Documents/Ayush/dev/straight_ws/install/tf2_msgs/lib:/home/adas/Documents/Ayush/dev/straight_ws/install/tf2/lib:${LD_LIBRARY_PATH} PYTHONPATH=/home/adas/Documents/Ayush/dev/straight_ws/install/tf2_ros/lib/python3.8/site-packages:/home/adas/Documents/Ayush/dev/straight_ws/install/tf2_py/lib/python3.8/site-packages:/home/adas/Documents/Ayush/dev/straight_ws/install/nav2_msgs/lib/python3.8/site-packages:/home/adas/Documents/Ayush/dev/straight_ws/install/tf2_msgs/lib/python3.8/site-packages:/home/adas/Documents/Ayush/dev/straight_ws/install/nav2_common/lib/python3.8/site-packages:${PYTHONPATH} /usr/bin/cmake --build /home/adas/Documents/Ayush/dev/straight_ws/build/smac_planner -- -j8 -l8
[136.514s] Invoking command in '/home/adas/Documents/Ayush/dev/straight_ws/build/smac_planner': AMENT_PREFIX_PATH=/home/adas/Documents/Ayush/dev/straight_ws/install/nav2_core:/home/adas/Documents/Ayush/dev/straight_ws/install/nav2_costmap_2d:/home/adas/Documents/Ayush/dev/straight_ws/install/nav2_util:/home/adas/Documents/Ayush/dev/straight_ws/install/tf2_sensor_msgs:/home/adas/Documents/Ayush/dev/straight_ws/install/tf2_geometry_msgs:/home/adas/Documents/Ayush/dev/straight_ws/install/tf2_ros:/home/adas/Documents/Ayush/dev/straight_ws/install/tf2_py:/home/adas/Documents/Ayush/dev/straight_ws/install/nav2_voxel_grid:/home/adas/Documents/Ayush/dev/straight_ws/install/nav2_msgs:/home/adas/Documents/Ayush/dev/straight_ws/install/tf2_msgs:/home/adas/Documents/Ayush/dev/straight_ws/install/tf2:/home/adas/Documents/Ayush/dev/straight_ws/install/nav2_common:${AMENT_PREFIX_PATH} CMAKE_PREFIX_PATH=/home/adas/Documents/Ayush/dev/straight_ws/install/nav2_core:/home/adas/Documents/Ayush/dev/straight_ws/install/nav2_costmap_2d:/home/adas/Documents/Ayush/dev/straight_ws/install/nav2_util:/home/adas/Documents/Ayush/dev/straight_ws/install/tf2_sensor_msgs:/home/adas/Documents/Ayush/dev/straight_ws/install/tf2_geometry_msgs:/home/adas/Documents/Ayush/dev/straight_ws/install/tf2_ros:/home/adas/Documents/Ayush/dev/straight_ws/install/tf2_py:/home/adas/Documents/Ayush/dev/straight_ws/install/nav2_voxel_grid:/home/adas/Documents/Ayush/dev/straight_ws/install/nav2_msgs:/home/adas/Documents/Ayush/dev/straight_ws/install/tf2_msgs:/home/adas/Documents/Ayush/dev/straight_ws/install/tf2:/home/adas/Documents/Ayush/dev/straight_ws/install/nav2_common:/home/adas/Documents/Ayush/dev/straightline_ws/install/geometry2:/home/adas/Documents/Ayush/dev/straightline_ws/install/tf2_tools:/home/adas/Documents/Ayush/dev/straightline_ws/install/nav2_system_tests:/home/adas/Documents/Ayush/dev/straightline_ws/install/nav2_bringup:/home/adas/Documents/Ayush/dev/straightline_ws/install/navigation2:/home/adas/Documents/Ayush/dev/straightline_ws/install/smac_planner:/home/adas/Documents/Ayush/dev/straightline_ws/install/nav2_regulated_pure_pursuit_controller:/home/adas/Documents/Ayush/dev/straightline_ws/install/nav2_recoveries:/home/adas/Documents/Ayush/dev/straightline_ws/install/nav2_planner:/home/adas/Documents/Ayush/dev/straightline_ws/install/nav2_navfn_planner:/home/adas/Documents/Ayush/dev/straightline_ws/install/nav2_dwb_controller:/home/adas/Documents/Ayush/dev/straightline_ws/install/nav2_controller:/home/adas/Documents/Ayush/dev/straightline_ws/install/dwb_plugins:/home/adas/Documents/Ayush/dev/straightline_ws/install/dwb_critics:/home/adas/Documents/Ayush/dev/straightline_ws/install/dwb_core:/home/adas/Documents/Ayush/dev/straightline_ws/install/nav2_core:/home/adas/Documents/Ayush/dev/straightline_ws/install/costmap_queue:/home/adas/Documents/Ayush/dev/straightline_ws/install/nav2_costmap_2d:/home/adas/Documents/Ayush/dev/straightline_ws/install/tf2_sensor_msgs:/home/adas/Documents/Ayush/dev/straightline_ws/install/test_tf2:/home/adas/Documents/Ayush/dev/straightline_ws/install/tf2_kdl:/home/adas/Documents/Ayush/dev/straightline_ws/install/nav_2d_utils:/home/adas/Documents/Ayush/dev/straightline_ws/install/nav2_waypoint_follower:/home/adas/Documents/Ayush/dev/straightline_ws/install/nav2_rviz_plugins:/home/adas/Documents/Ayush/dev/straightline_ws/install/nav2_map_server:/home/adas/Documents/Ayush/dev/straightline_ws/install/nav2_lifecycle_manager:/home/adas/Documents/Ayush/dev/straightline_ws/install/nav2_bt_navigator:/home/adas/Documents/Ayush/dev/straightline_ws/install/nav2_behavior_tree:/home/adas/Documents/Ayush/dev/straightline_ws/install/nav2_amcl:/home/adas/Documents/Ayush/dev/straightline_ws/install/nav2_util:/home/adas/Documents/Ayush/dev/straightline_ws/install/tf2_geometry_msgs:/home/adas/Documents/Ayush/dev/straightline_ws/install/tf2_eigen:/home/adas/Documents/Ayush/dev/straightline_ws/install/tf2_bullet:/home/adas/Documents/Ayush/dev/straightline_ws/install/tf2_ros:/home/adas/Documents/Ayush/dev/straightline_ws/install/tf2_py:/home/adas/Documents/Ayush/dev/straightline_ws/install/tf2_msgs:/home/adas/Documents/Ayush/dev/straightline_ws/install/tf2_eigen_kdl:/home/adas/Documents/Ayush/dev/straightline_ws/install/tf2:/home/adas/Documents/Ayush/dev/straightline_ws/install/dwb_msgs:/home/adas/Documents/Ayush/dev/straightline_ws/install/nav_2d_msgs:/home/adas/Documents/Ayush/dev/straightline_ws/install/nav2_voxel_grid:/home/adas/Documents/Ayush/dev/straightline_ws/install/nav2_msgs:/home/adas/Documents/Ayush/dev/straightline_ws/install/nav2_common:/home/adas/Documents/Ayush/dev/straightline_ws/install/aws_robomaker_small_warehouse_world:/home/adas/Documents/Ayush/dev/straightline_ws/install/examples_tf2_py:/home/adas/Documents/Ayush/dev/straightline_ws/install/nav2_simple_commander:/home/adas/Documents/Ayush/dev/straightline_ws/install/nav2_gazebo_spawner:/opt/ros/foxy LD_LIBRARY_PATH=/home/adas/Documents/Ayush/dev/straight_ws/install/nav2_costmap_2d/lib:/home/adas/Documents/Ayush/dev/straight_ws/install/nav2_util/lib:/home/adas/Documents/Ayush/dev/straight_ws/install/tf2_ros/lib:/home/adas/Documents/Ayush/dev/straight_ws/install/nav2_voxel_grid/lib:/home/adas/Documents/Ayush/dev/straight_ws/install/nav2_msgs/lib:/home/adas/Documents/Ayush/dev/straight_ws/install/tf2_msgs/lib:/home/adas/Documents/Ayush/dev/straight_ws/install/tf2/lib:${LD_LIBRARY_PATH} PYTHONPATH=/home/adas/Documents/Ayush/dev/straight_ws/install/tf2_ros/lib/python3.8/site-packages:/home/adas/Documents/Ayush/dev/straight_ws/install/tf2_py/lib/python3.8/site-packages:/home/adas/Documents/Ayush/dev/straight_ws/install/nav2_msgs/lib/python3.8/site-packages:/home/adas/Documents/Ayush/dev/straight_ws/install/tf2_msgs/lib/python3.8/site-packages:/home/adas/Documents/Ayush/dev/straight_ws/install/nav2_common/lib/python3.8/site-packages:${PYTHONPATH} /usr/bin/cmake --install /home/adas/Documents/Ayush/dev/straight_ws/build/smac_planner
[136.527s] -- Install configuration: "Release"
[136.527s] -- Installing: /home/adas/Documents/Ayush/dev/straight_ws/install/smac_planner/share/smac_planner/smac_plugin.xml
[136.527s] -- Installing: /home/adas/Documents/Ayush/dev/straight_ws/install/smac_planner/share/smac_planner/smac_plugin_2d.xml
[136.527s] -- Installing: /home/adas/Documents/Ayush/dev/straight_ws/install/smac_planner/lib/libsmac_planner.so
[136.528s] -- Set runtime path of "/home/adas/Documents/Ayush/dev/straight_ws/install/smac_planner/lib/libsmac_planner.so" to ""
[136.528s] -- Installing: /home/adas/Documents/Ayush/dev/straight_ws/install/smac_planner/lib/libsmac_planner_2d.so
[136.528s] -- Set runtime path of "/home/adas/Documents/Ayush/dev/straight_ws/install/smac_planner/lib/libsmac_planner_2d.so" to ""
[136.529s] -- Installing: /home/adas/Documents/Ayush/dev/straight_ws/install/smac_planner/include/
[136.529s] -- Installing: /home/adas/Documents/Ayush/dev/straight_ws/install/smac_planner/include//smac_planner
[136.529s] -- Installing: /home/adas/Documents/Ayush/dev/straight_ws/install/smac_planner/include//smac_planner/options.hpp
[136.529s] -- Installing: /home/adas/Documents/Ayush/dev/straight_ws/install/smac_planner/include//smac_planner/smoother_cost_function.hpp
[136.529s] -- Installing: /home/adas/Documents/Ayush/dev/straight_ws/install/smac_planner/include//smac_planner/collision_checker.hpp
[136.529s] -- Installing: /home/adas/Documents/Ayush/dev/straight_ws/install/smac_planner/include//smac_planner/smac_planner_2d.hpp
[136.529s] -- Installing: /home/adas/Documents/Ayush/dev/straight_ws/install/smac_planner/include//smac_planner/node_2d.hpp
[136.529s] -- Installing: /home/adas/Documents/Ayush/dev/straight_ws/install/smac_planner/include//smac_planner/node_se2.hpp
[136.530s] -- Installing: /home/adas/Documents/Ayush/dev/straight_ws/install/smac_planner/include//smac_planner/smac_planner.hpp
[136.530s] -- Installing: /home/adas/Documents/Ayush/dev/straight_ws/install/smac_planner/include//smac_planner/node_basic.hpp
[136.530s] -- Installing: /home/adas/Documents/Ayush/dev/straight_ws/install/smac_planner/include//smac_planner/costmap_downsampler.hpp
[136.530s] -- Installing: /home/adas/Documents/Ayush/dev/straight_ws/install/smac_planner/include//smac_planner/types.hpp
[136.530s] -- Installing: /home/adas/Documents/Ayush/dev/straight_ws/install/smac_planner/include//smac_planner/smoother.hpp
[136.530s] -- Installing: /home/adas/Documents/Ayush/dev/straight_ws/install/smac_planner/include//smac_planner/a_star.hpp
[136.530s] -- Installing: /home/adas/Documents/Ayush/dev/straight_ws/install/smac_planner/include//smac_planner/constants.hpp
[136.531s] -- Installing: /home/adas/Documents/Ayush/dev/straight_ws/install/smac_planner/share/smac_planner/environment/library_path.sh
[136.531s] -- Installing: /home/adas/Documents/Ayush/dev/straight_ws/install/smac_planner/share/smac_planner/environment/library_path.dsv
[136.531s] -- Installing: /home/adas/Documents/Ayush/dev/straight_ws/install/smac_planner/share/ament_index/resource_index/package_run_dependencies/smac_planner
[136.531s] -- Installing: /home/adas/Documents/Ayush/dev/straight_ws/install/smac_planner/share/ament_index/resource_index/parent_prefix_path/smac_planner
[136.531s] -- Installing: /home/adas/Documents/Ayush/dev/straight_ws/install/smac_planner/share/smac_planner/environment/ament_prefix_path.sh
[136.531s] -- Installing: /home/adas/Documents/Ayush/dev/straight_ws/install/smac_planner/share/smac_planner/environment/ament_prefix_path.dsv
[136.531s] -- Installing: /home/adas/Documents/Ayush/dev/straight_ws/install/smac_planner/share/smac_planner/environment/path.sh
[136.532s] -- Installing: /home/adas/Documents/Ayush/dev/straight_ws/install/smac_planner/share/smac_planner/environment/path.dsv
[136.532s] -- Installing: /home/adas/Documents/Ayush/dev/straight_ws/install/smac_planner/share/smac_planner/local_setup.bash
[136.532s] -- Installing: /home/adas/Documents/Ayush/dev/straight_ws/install/smac_planner/share/smac_planner/local_setup.sh
[136.532s] -- Installing: /home/adas/Documents/Ayush/dev/straight_ws/install/smac_planner/share/smac_planner/local_setup.zsh
[136.532s] -- Installing: /home/adas/Documents/Ayush/dev/straight_ws/install/smac_planner/share/smac_planner/local_setup.dsv
[136.532s] -- Installing: /home/adas/Documents/Ayush/dev/straight_ws/install/smac_planner/share/smac_planner/package.dsv
[136.532s] -- Installing: /home/adas/Documents/Ayush/dev/straight_ws/install/smac_planner/share/ament_index/resource_index/packages/smac_planner
[136.533s] -- Installing: /home/adas/Documents/Ayush/dev/straight_ws/install/smac_planner/share/ament_index/resource_index/nav2_core__pluginlib__plugin/smac_planner
[136.533s] -- Installing: /home/adas/Documents/Ayush/dev/straight_ws/install/smac_planner/share/smac_planner/cmake/ament_cmake_export_include_directories-extras.cmake
[136.533s] -- Installing: /home/adas/Documents/Ayush/dev/straight_ws/install/smac_planner/share/smac_planner/cmake/ament_cmake_export_libraries-extras.cmake
[136.533s] -- Installing: /home/adas/Documents/Ayush/dev/straight_ws/install/smac_planner/share/smac_planner/cmake/ament_cmake_export_dependencies-extras.cmake
[136.533s] -- Installing: /home/adas/Documents/Ayush/dev/straight_ws/install/smac_planner/share/smac_planner/cmake/ament_cmake_export_definitions-extras.cmake
[136.533s] -- Installing: /home/adas/Documents/Ayush/dev/straight_ws/install/smac_planner/share/smac_planner/cmake/smac_plannerConfig.cmake
[136.533s] -- Installing: /home/adas/Documents/Ayush/dev/straight_ws/install/smac_planner/share/smac_planner/cmake/smac_plannerConfig-version.cmake
[136.533s] -- Installing: /home/adas/Documents/Ayush/dev/straight_ws/install/smac_planner/share/smac_planner/package.xml
[136.537s] Invoked command in '/home/adas/Documents/Ayush/dev/straight_ws/build/smac_planner' returned '0': AMENT_PREFIX_PATH=/home/adas/Documents/Ayush/dev/straight_ws/install/nav2_core:/home/adas/Documents/Ayush/dev/straight_ws/install/nav2_costmap_2d:/home/adas/Documents/Ayush/dev/straight_ws/install/nav2_util:/home/adas/Documents/Ayush/dev/straight_ws/install/tf2_sensor_msgs:/home/adas/Documents/Ayush/dev/straight_ws/install/tf2_geometry_msgs:/home/adas/Documents/Ayush/dev/straight_ws/install/tf2_ros:/home/adas/Documents/Ayush/dev/straight_ws/install/tf2_py:/home/adas/Documents/Ayush/dev/straight_ws/install/nav2_voxel_grid:/home/adas/Documents/Ayush/dev/straight_ws/install/nav2_msgs:/home/adas/Documents/Ayush/dev/straight_ws/install/tf2_msgs:/home/adas/Documents/Ayush/dev/straight_ws/install/tf2:/home/adas/Documents/Ayush/dev/straight_ws/install/nav2_common:${AMENT_PREFIX_PATH} CMAKE_PREFIX_PATH=/home/adas/Documents/Ayush/dev/straight_ws/install/nav2_core:/home/adas/Documents/Ayush/dev/straight_ws/install/nav2_costmap_2d:/home/adas/Documents/Ayush/dev/straight_ws/install/nav2_util:/home/adas/Documents/Ayush/dev/straight_ws/install/tf2_sensor_msgs:/home/adas/Documents/Ayush/dev/straight_ws/install/tf2_geometry_msgs:/home/adas/Documents/Ayush/dev/straight_ws/install/tf2_ros:/home/adas/Documents/Ayush/dev/straight_ws/install/tf2_py:/home/adas/Documents/Ayush/dev/straight_ws/install/nav2_voxel_grid:/home/adas/Documents/Ayush/dev/straight_ws/install/nav2_msgs:/home/adas/Documents/Ayush/dev/straight_ws/install/tf2_msgs:/home/adas/Documents/Ayush/dev/straight_ws/install/tf2:/home/adas/Documents/Ayush/dev/straight_ws/install/nav2_common:/home/adas/Documents/Ayush/dev/straightline_ws/install/geometry2:/home/adas/Documents/Ayush/dev/straightline_ws/install/tf2_tools:/home/adas/Documents/Ayush/dev/straightline_ws/install/nav2_system_tests:/home/adas/Documents/Ayush/dev/straightline_ws/install/nav2_bringup:/home/adas/Documents/Ayush/dev/straightline_ws/install/navigation2:/home/adas/Documents/Ayush/dev/straightline_ws/install/smac_planner:/home/adas/Documents/Ayush/dev/straightline_ws/install/nav2_regulated_pure_pursuit_controller:/home/adas/Documents/Ayush/dev/straightline_ws/install/nav2_recoveries:/home/adas/Documents/Ayush/dev/straightline_ws/install/nav2_planner:/home/adas/Documents/Ayush/dev/straightline_ws/install/nav2_navfn_planner:/home/adas/Documents/Ayush/dev/straightline_ws/install/nav2_dwb_controller:/home/adas/Documents/Ayush/dev/straightline_ws/install/nav2_controller:/home/adas/Documents/Ayush/dev/straightline_ws/install/dwb_plugins:/home/adas/Documents/Ayush/dev/straightline_ws/install/dwb_critics:/home/adas/Documents/Ayush/dev/straightline_ws/install/dwb_core:/home/adas/Documents/Ayush/dev/straightline_ws/install/nav2_core:/home/adas/Documents/Ayush/dev/straightline_ws/install/costmap_queue:/home/adas/Documents/Ayush/dev/straightline_ws/install/nav2_costmap_2d:/home/adas/Documents/Ayush/dev/straightline_ws/install/tf2_sensor_msgs:/home/adas/Documents/Ayush/dev/straightline_ws/install/test_tf2:/home/adas/Documents/Ayush/dev/straightline_ws/install/tf2_kdl:/home/adas/Documents/Ayush/dev/straightline_ws/install/nav_2d_utils:/home/adas/Documents/Ayush/dev/straightline_ws/install/nav2_waypoint_follower:/home/adas/Documents/Ayush/dev/straightline_ws/install/nav2_rviz_plugins:/home/adas/Documents/Ayush/dev/straightline_ws/install/nav2_map_server:/home/adas/Documents/Ayush/dev/straightline_ws/install/nav2_lifecycle_manager:/home/adas/Documents/Ayush/dev/straightline_ws/install/nav2_bt_navigator:/home/adas/Documents/Ayush/dev/straightline_ws/install/nav2_behavior_tree:/home/adas/Documents/Ayush/dev/straightline_ws/install/nav2_amcl:/home/adas/Documents/Ayush/dev/straightline_ws/install/nav2_util:/home/adas/Documents/Ayush/dev/straightline_ws/install/tf2_geometry_msgs:/home/adas/Documents/Ayush/dev/straightline_ws/install/tf2_eigen:/home/adas/Documents/Ayush/dev/straightline_ws/install/tf2_bullet:/home/adas/Documents/Ayush/dev/straightline_ws/install/tf2_ros:/home/adas/Documents/Ayush/dev/straightline_ws/install/tf2_py:/home/adas/Documents/Ayush/dev/straightline_ws/install/tf2_msgs:/home/adas/Documents/Ayush/dev/straightline_ws/install/tf2_eigen_kdl:/home/adas/Documents/Ayush/dev/straightline_ws/install/tf2:/home/adas/Documents/Ayush/dev/straightline_ws/install/dwb_msgs:/home/adas/Documents/Ayush/dev/straightline_ws/install/nav_2d_msgs:/home/adas/Documents/Ayush/dev/straightline_ws/install/nav2_voxel_grid:/home/adas/Documents/Ayush/dev/straightline_ws/install/nav2_msgs:/home/adas/Documents/Ayush/dev/straightline_ws/install/nav2_common:/home/adas/Documents/Ayush/dev/straightline_ws/install/aws_robomaker_small_warehouse_world:/home/adas/Documents/Ayush/dev/straightline_ws/install/examples_tf2_py:/home/adas/Documents/Ayush/dev/straightline_ws/install/nav2_simple_commander:/home/adas/Documents/Ayush/dev/straightline_ws/install/nav2_gazebo_spawner:/opt/ros/foxy LD_LIBRARY_PATH=/home/adas/Documents/Ayush/dev/straight_ws/install/nav2_costmap_2d/lib:/home/adas/Documents/Ayush/dev/straight_ws/install/nav2_util/lib:/home/adas/Documents/Ayush/dev/straight_ws/install/tf2_ros/lib:/home/adas/Documents/Ayush/dev/straight_ws/install/nav2_voxel_grid/lib:/home/adas/Documents/Ayush/dev/straight_ws/install/nav2_msgs/lib:/home/adas/Documents/Ayush/dev/straight_ws/install/tf2_msgs/lib:/home/adas/Documents/Ayush/dev/straight_ws/install/tf2/lib:${LD_LIBRARY_PATH} PYTHONPATH=/home/adas/Documents/Ayush/dev/straight_ws/install/tf2_ros/lib/python3.8/site-packages:/home/adas/Documents/Ayush/dev/straight_ws/install/tf2_py/lib/python3.8/site-packages:/home/adas/Documents/Ayush/dev/straight_ws/install/nav2_msgs/lib/python3.8/site-packages:/home/adas/Documents/Ayush/dev/straight_ws/install/tf2_msgs/lib/python3.8/site-packages:/home/adas/Documents/Ayush/dev/straight_ws/install/nav2_common/lib/python3.8/site-packages:${PYTHONPATH} /usr/bin/cmake --install /home/adas/Documents/Ayush/dev/straight_ws/build/smac_planner
