[0.079s] Invoking command in '/home/adas/Documents/Ayush/dev/straight_ws/build/nav2_amcl': AMENT_PREFIX_PATH=/home/adas/Documents/Ayush/dev/straight_ws/install/nav2_util:/home/adas/Documents/Ayush/dev/straight_ws/install/tf2_geometry_msgs:/home/adas/Documents/Ayush/dev/straight_ws/install/tf2_ros:/home/adas/Documents/Ayush/dev/straight_ws/install/tf2_py:/home/adas/Documents/Ayush/dev/straight_ws/install/nav2_msgs:/home/adas/Documents/Ayush/dev/straight_ws/install/tf2_msgs:/home/adas/Documents/Ayush/dev/straight_ws/install/tf2:/home/adas/Documents/Ayush/dev/straight_ws/install/nav2_common:${AMENT_PREFIX_PATH} CMAKE_PREFIX_PATH=/home/adas/Documents/Ayush/dev/straight_ws/install/nav2_util:/home/adas/Documents/Ayush/dev/straight_ws/install/tf2_geometry_msgs:/home/adas/Documents/Ayush/dev/straight_ws/install/tf2_ros:/home/adas/Documents/Ayush/dev/straight_ws/install/tf2_py:/home/adas/Documents/Ayush/dev/straight_ws/install/nav2_msgs:/home/adas/Documents/Ayush/dev/straight_ws/install/tf2_msgs:/home/adas/Documents/Ayush/dev/straight_ws/install/tf2:/home/adas/Documents/Ayush/dev/straight_ws/install/nav2_common:/home/adas/Documents/Ayush/dev/straightline_ws/install/geometry2:/home/adas/Documents/Ayush/dev/straightline_ws/install/tf2_tools:/home/adas/Documents/Ayush/dev/straightline_ws/install/nav2_system_tests:/home/adas/Documents/Ayush/dev/straightline_ws/install/nav2_bringup:/home/adas/Documents/Ayush/dev/straightline_ws/install/navigation2:/home/adas/Documents/Ayush/dev/straightline_ws/install/smac_planner:/home/adas/Documents/Ayush/dev/straightline_ws/install/nav2_regulated_pure_pursuit_controller:/home/adas/Documents/Ayush/dev/straightline_ws/install/nav2_recoveries:/home/adas/Documents/Ayush/dev/straightline_ws/install/nav2_planner:/home/adas/Documents/Ayush/dev/straightline_ws/install/nav2_navfn_planner:/home/adas/Documents/Ayush/dev/straightline_ws/install/nav2_dwb_controller:/home/adas/Documents/Ayush/dev/straightline_ws/install/nav2_controller:/home/adas/Documents/Ayush/dev/straightline_ws/install/dwb_plugins:/home/adas/Documents/Ayush/dev/straightline_ws/install/dwb_critics:/home/adas/Documents/Ayush/dev/straightline_ws/install/dwb_core:/home/adas/Documents/Ayush/dev/straightline_ws/install/nav2_core:/home/adas/Documents/Ayush/dev/straightline_ws/install/costmap_queue:/home/adas/Documents/Ayush/dev/straightline_ws/install/nav2_costmap_2d:/home/adas/Documents/Ayush/dev/straightline_ws/install/tf2_sensor_msgs:/home/adas/Documents/Ayush/dev/straightline_ws/install/test_tf2:/home/adas/Documents/Ayush/dev/straightline_ws/install/tf2_kdl:/home/adas/Documents/Ayush/dev/straightline_ws/install/nav_2d_utils:/home/adas/Documents/Ayush/dev/straightline_ws/install/nav2_waypoint_follower:/home/adas/Documents/Ayush/dev/straightline_ws/install/nav2_rviz_plugins:/home/adas/Documents/Ayush/dev/straightline_ws/install/nav2_map_server:/home/adas/Documents/Ayush/dev/straightline_ws/install/nav2_lifecycle_manager:/home/adas/Documents/Ayush/dev/straightline_ws/install/nav2_bt_navigator:/home/adas/Documents/Ayush/dev/straightline_ws/install/nav2_behavior_tree:/home/adas/Documents/Ayush/dev/straightline_ws/install/nav2_amcl:/home/adas/Documents/Ayush/dev/straightline_ws/install/nav2_util:/home/adas/Documents/Ayush/dev/straightline_ws/install/tf2_geometry_msgs:/home/adas/Documents/Ayush/dev/straightline_ws/install/tf2_eigen:/home/adas/Documents/Ayush/dev/straightline_ws/install/tf2_bullet:/home/adas/Documents/Ayush/dev/straightline_ws/install/tf2_ros:/home/adas/Documents/Ayush/dev/straightline_ws/install/tf2_py:/home/adas/Documents/Ayush/dev/straightline_ws/install/tf2_msgs:/home/adas/Documents/Ayush/dev/straightline_ws/install/tf2_eigen_kdl:/home/adas/Documents/Ayush/dev/straightline_ws/install/tf2:/home/adas/Documents/Ayush/dev/straightline_ws/install/dwb_msgs:/home/adas/Documents/Ayush/dev/straightline_ws/install/nav_2d_msgs:/home/adas/Documents/Ayush/dev/straightline_ws/install/nav2_voxel_grid:/home/adas/Documents/Ayush/dev/straightline_ws/install/nav2_msgs:/home/adas/Documents/Ayush/dev/straightline_ws/install/nav2_common:/home/adas/Documents/Ayush/dev/straightline_ws/install/aws_robomaker_small_warehouse_world:/home/adas/Documents/Ayush/dev/straightline_ws/install/examples_tf2_py:/home/adas/Documents/Ayush/dev/straightline_ws/install/nav2_simple_commander:/home/adas/Documents/Ayush/dev/straightline_ws/install/nav2_gazebo_spawner:/opt/ros/foxy LD_LIBRARY_PATH=/home/adas/Documents/Ayush/dev/straight_ws/install/nav2_util/lib:/home/adas/Documents/Ayush/dev/straight_ws/install/tf2_ros/lib:/home/adas/Documents/Ayush/dev/straight_ws/install/nav2_msgs/lib:/home/adas/Documents/Ayush/dev/straight_ws/install/tf2_msgs/lib:/home/adas/Documents/Ayush/dev/straight_ws/install/tf2/lib:${LD_LIBRARY_PATH} PYTHONPATH=/home/adas/Documents/Ayush/dev/straight_ws/install/tf2_ros/lib/python3.8/site-packages:/home/adas/Documents/Ayush/dev/straight_ws/install/tf2_py/lib/python3.8/site-packages:/home/adas/Documents/Ayush/dev/straight_ws/install/nav2_msgs/lib/python3.8/site-packages:/home/adas/Documents/Ayush/dev/straight_ws/install/tf2_msgs/lib/python3.8/site-packages:/home/adas/Documents/Ayush/dev/straight_ws/install/nav2_common/lib/python3.8/site-packages:${PYTHONPATH} /usr/bin/cmake /home/adas/Documents/Ayush/dev/straight_ws/src/navigation2/nav2_amcl -DCMAKE_INSTALL_PREFIX=/home/adas/Documents/Ayush/dev/straight_ws/install/nav2_amcl
[0.245s] -- The C compiler identification is GNU 9.3.0
[0.400s] -- The CXX compiler identification is GNU 9.3.0
[0.413s] -- Check for working C compiler: /usr/bin/cc
[0.638s] -- Check for working C compiler: /usr/bin/cc -- works
[0.638s] -- Detecting C compiler ABI info
[0.860s] -- Detecting C compiler ABI info - done
[0.878s] -- Detecting C compile features
[0.879s] -- Detecting C compile features - done
[0.882s] -- Check for working CXX compiler: /usr/bin/c++
[1.100s] -- Check for working CXX compiler: /usr/bin/c++ -- works
[1.103s] -- Detecting CXX compiler ABI info
[1.274s] -- Detecting CXX compiler ABI info - done
[1.297s] -- Detecting CXX compile features
[1.298s] -- Detecting CXX compile features - done
[1.308s] -- Found ament_cmake: 0.9.8 (/opt/ros/foxy/share/ament_cmake/cmake)
[1.371s] -- Found PythonInterp: /usr/bin/python3 (found suitable version "3.8.10", minimum required is "3") 
[1.371s] -- Using PYTHON_EXECUTABLE: /usr/bin/python3
[1.876s] -- Found nav2_common: 0.4.7 (/home/adas/Documents/Ayush/dev/straight_ws/install/nav2_common/share/nav2_common/cmake)
[1.888s] -- Found rclcpp: 2.3.1 (/opt/ros/foxy/share/rclcpp/cmake)
[2.049s] -- Using all available rosidl_typesupport_c: rosidl_typesupport_fastrtps_c;rosidl_typesupport_introspection_c
[2.083s] -- Found rosidl_adapter: 1.2.1 (/opt/ros/foxy/share/rosidl_adapter/cmake)
[2.346s] -- Found OpenSSL: /usr/lib/x86_64-linux-gnu/libcrypto.so (found version "1.1.1f")  
[2.410s] -- Found FastRTPS: /opt/ros/foxy/include  
[2.685s] -- Using all available rosidl_typesupport_cpp: rosidl_typesupport_fastrtps_cpp;rosidl_typesupport_introspection_cpp
[2.846s] -- Found rmw_implementation_cmake: 1.0.3 (/opt/ros/foxy/share/rmw_implementation_cmake/cmake)
[2.854s] -- Using RMW implementation 'rmw_fastrtps_cpp' as default
[2.864s] -- Looking for pthread.h
[3.086s] -- Looking for pthread.h - found
[3.087s] -- Performing Test CMAKE_HAVE_LIBC_PTHREAD
[3.299s] -- Performing Test CMAKE_HAVE_LIBC_PTHREAD - Failed
[3.300s] -- Looking for pthread_create in pthreads
[3.482s] -- Looking for pthread_create in pthreads - not found
[3.484s] -- Looking for pthread_create in pthread
[3.682s] -- Looking for pthread_create in pthread - found
[3.683s] -- Found Threads: TRUE  
[4.034s] -- Found rclcpp_lifecycle: 2.3.1 (/opt/ros/foxy/share/rclcpp_lifecycle/cmake)
[4.114s] -- Found message_filters: 3.2.5 (/opt/ros/foxy/share/message_filters/cmake)
[4.118s] -- Found tf2_geometry_msgs: 0.13.11 (/home/adas/Documents/Ayush/dev/straight_ws/install/tf2_geometry_msgs/share/tf2_geometry_msgs/cmake)
[4.227s] -- Found eigen3_cmake_module: 0.1.1 (/opt/ros/foxy/share/eigen3_cmake_module/cmake)
[4.243s] -- Found Eigen3: TRUE (found version "3.3.7") 
[5.171s] -- Found nav_msgs: 2.0.4 (/opt/ros/foxy/share/nav_msgs/cmake)
[5.322s] -- Found sensor_msgs: 2.0.4 (/opt/ros/foxy/share/sensor_msgs/cmake)
[5.477s] -- Found std_srvs: 2.0.4 (/opt/ros/foxy/share/std_srvs/cmake)
[5.494s] -- Found nav2_util: 0.4.7 (/home/adas/Documents/Ayush/dev/straight_ws/install/nav2_util/share/nav2_util/cmake)
[6.345s] -- Setting build type to Release as none was specified.
[6.346s] -- Looking for drand48
[6.479s] -- Looking for drand48 - found
[8.623s] -- Found ament_lint_auto: 0.9.6 (/opt/ros/foxy/share/ament_lint_auto/cmake)
[9.027s] -- Added test 'cppcheck' to perform static code analysis on C / C++ code
[9.032s] -- Configured cppcheck include dirs: /home/adas/Documents/Ayush/dev/straight_ws/src/navigation2/nav2_amcl/include;/home/adas/Documents/Ayush/dev/straight_ws/src/navigation2/nav2_amcl/src/include
[9.032s] -- Configured cppcheck exclude dirs and/or files: 
[9.040s] -- Added test 'lint_cmake' to check CMake code style
[9.052s] -- Added test 'uncrustify' to check C / C++ code style
[9.052s] -- Configured uncrustify additional arguments: 
[9.055s] -- Added test 'xmllint' to check XML markup files
[9.079s] -- Configuring done
[9.406s] -- Generating done
[9.410s] -- Build files have been written to: /home/adas/Documents/Ayush/dev/straight_ws/build/nav2_amcl
[9.432s] Invoked command in '/home/adas/Documents/Ayush/dev/straight_ws/build/nav2_amcl' returned '0': AMENT_PREFIX_PATH=/home/adas/Documents/Ayush/dev/straight_ws/install/nav2_util:/home/adas/Documents/Ayush/dev/straight_ws/install/tf2_geometry_msgs:/home/adas/Documents/Ayush/dev/straight_ws/install/tf2_ros:/home/adas/Documents/Ayush/dev/straight_ws/install/tf2_py:/home/adas/Documents/Ayush/dev/straight_ws/install/nav2_msgs:/home/adas/Documents/Ayush/dev/straight_ws/install/tf2_msgs:/home/adas/Documents/Ayush/dev/straight_ws/install/tf2:/home/adas/Documents/Ayush/dev/straight_ws/install/nav2_common:${AMENT_PREFIX_PATH} CMAKE_PREFIX_PATH=/home/adas/Documents/Ayush/dev/straight_ws/install/nav2_util:/home/adas/Documents/Ayush/dev/straight_ws/install/tf2_geometry_msgs:/home/adas/Documents/Ayush/dev/straight_ws/install/tf2_ros:/home/adas/Documents/Ayush/dev/straight_ws/install/tf2_py:/home/adas/Documents/Ayush/dev/straight_ws/install/nav2_msgs:/home/adas/Documents/Ayush/dev/straight_ws/install/tf2_msgs:/home/adas/Documents/Ayush/dev/straight_ws/install/tf2:/home/adas/Documents/Ayush/dev/straight_ws/install/nav2_common:/home/adas/Documents/Ayush/dev/straightline_ws/install/geometry2:/home/adas/Documents/Ayush/dev/straightline_ws/install/tf2_tools:/home/adas/Documents/Ayush/dev/straightline_ws/install/nav2_system_tests:/home/adas/Documents/Ayush/dev/straightline_ws/install/nav2_bringup:/home/adas/Documents/Ayush/dev/straightline_ws/install/navigation2:/home/adas/Documents/Ayush/dev/straightline_ws/install/smac_planner:/home/adas/Documents/Ayush/dev/straightline_ws/install/nav2_regulated_pure_pursuit_controller:/home/adas/Documents/Ayush/dev/straightline_ws/install/nav2_recoveries:/home/adas/Documents/Ayush/dev/straightline_ws/install/nav2_planner:/home/adas/Documents/Ayush/dev/straightline_ws/install/nav2_navfn_planner:/home/adas/Documents/Ayush/dev/straightline_ws/install/nav2_dwb_controller:/home/adas/Documents/Ayush/dev/straightline_ws/install/nav2_controller:/home/adas/Documents/Ayush/dev/straightline_ws/install/dwb_plugins:/home/adas/Documents/Ayush/dev/straightline_ws/install/dwb_critics:/home/adas/Documents/Ayush/dev/straightline_ws/install/dwb_core:/home/adas/Documents/Ayush/dev/straightline_ws/install/nav2_core:/home/adas/Documents/Ayush/dev/straightline_ws/install/costmap_queue:/home/adas/Documents/Ayush/dev/straightline_ws/install/nav2_costmap_2d:/home/adas/Documents/Ayush/dev/straightline_ws/install/tf2_sensor_msgs:/home/adas/Documents/Ayush/dev/straightline_ws/install/test_tf2:/home/adas/Documents/Ayush/dev/straightline_ws/install/tf2_kdl:/home/adas/Documents/Ayush/dev/straightline_ws/install/nav_2d_utils:/home/adas/Documents/Ayush/dev/straightline_ws/install/nav2_waypoint_follower:/home/adas/Documents/Ayush/dev/straightline_ws/install/nav2_rviz_plugins:/home/adas/Documents/Ayush/dev/straightline_ws/install/nav2_map_server:/home/adas/Documents/Ayush/dev/straightline_ws/install/nav2_lifecycle_manager:/home/adas/Documents/Ayush/dev/straightline_ws/install/nav2_bt_navigator:/home/adas/Documents/Ayush/dev/straightline_ws/install/nav2_behavior_tree:/home/adas/Documents/Ayush/dev/straightline_ws/install/nav2_amcl:/home/adas/Documents/Ayush/dev/straightline_ws/install/nav2_util:/home/adas/Documents/Ayush/dev/straightline_ws/install/tf2_geometry_msgs:/home/adas/Documents/Ayush/dev/straightline_ws/install/tf2_eigen:/home/adas/Documents/Ayush/dev/straightline_ws/install/tf2_bullet:/home/adas/Documents/Ayush/dev/straightline_ws/install/tf2_ros:/home/adas/Documents/Ayush/dev/straightline_ws/install/tf2_py:/home/adas/Documents/Ayush/dev/straightline_ws/install/tf2_msgs:/home/adas/Documents/Ayush/dev/straightline_ws/install/tf2_eigen_kdl:/home/adas/Documents/Ayush/dev/straightline_ws/install/tf2:/home/adas/Documents/Ayush/dev/straightline_ws/install/dwb_msgs:/home/adas/Documents/Ayush/dev/straightline_ws/install/nav_2d_msgs:/home/adas/Documents/Ayush/dev/straightline_ws/install/nav2_voxel_grid:/home/adas/Documents/Ayush/dev/straightline_ws/install/nav2_msgs:/home/adas/Documents/Ayush/dev/straightline_ws/install/nav2_common:/home/adas/Documents/Ayush/dev/straightline_ws/install/aws_robomaker_small_warehouse_world:/home/adas/Documents/Ayush/dev/straightline_ws/install/examples_tf2_py:/home/adas/Documents/Ayush/dev/straightline_ws/install/nav2_simple_commander:/home/adas/Documents/Ayush/dev/straightline_ws/install/nav2_gazebo_spawner:/opt/ros/foxy LD_LIBRARY_PATH=/home/adas/Documents/Ayush/dev/straight_ws/install/nav2_util/lib:/home/adas/Documents/Ayush/dev/straight_ws/install/tf2_ros/lib:/home/adas/Documents/Ayush/dev/straight_ws/install/nav2_msgs/lib:/home/adas/Documents/Ayush/dev/straight_ws/install/tf2_msgs/lib:/home/adas/Documents/Ayush/dev/straight_ws/install/tf2/lib:${LD_LIBRARY_PATH} PYTHONPATH=/home/adas/Documents/Ayush/dev/straight_ws/install/tf2_ros/lib/python3.8/site-packages:/home/adas/Documents/Ayush/dev/straight_ws/install/tf2_py/lib/python3.8/site-packages:/home/adas/Documents/Ayush/dev/straight_ws/install/nav2_msgs/lib/python3.8/site-packages:/home/adas/Documents/Ayush/dev/straight_ws/install/tf2_msgs/lib/python3.8/site-packages:/home/adas/Documents/Ayush/dev/straight_ws/install/nav2_common/lib/python3.8/site-packages:${PYTHONPATH} /usr/bin/cmake /home/adas/Documents/Ayush/dev/straight_ws/src/navigation2/nav2_amcl -DCMAKE_INSTALL_PREFIX=/home/adas/Documents/Ayush/dev/straight_ws/install/nav2_amcl
[9.433s] Invoking command in '/home/adas/Documents/Ayush/dev/straight_ws/build/nav2_amcl': AMENT_PREFIX_PATH=/home/adas/Documents/Ayush/dev/straight_ws/install/nav2_util:/home/adas/Documents/Ayush/dev/straight_ws/install/tf2_geometry_msgs:/home/adas/Documents/Ayush/dev/straight_ws/install/tf2_ros:/home/adas/Documents/Ayush/dev/straight_ws/install/tf2_py:/home/adas/Documents/Ayush/dev/straight_ws/install/nav2_msgs:/home/adas/Documents/Ayush/dev/straight_ws/install/tf2_msgs:/home/adas/Documents/Ayush/dev/straight_ws/install/tf2:/home/adas/Documents/Ayush/dev/straight_ws/install/nav2_common:${AMENT_PREFIX_PATH} CMAKE_PREFIX_PATH=/home/adas/Documents/Ayush/dev/straight_ws/install/nav2_util:/home/adas/Documents/Ayush/dev/straight_ws/install/tf2_geometry_msgs:/home/adas/Documents/Ayush/dev/straight_ws/install/tf2_ros:/home/adas/Documents/Ayush/dev/straight_ws/install/tf2_py:/home/adas/Documents/Ayush/dev/straight_ws/install/nav2_msgs:/home/adas/Documents/Ayush/dev/straight_ws/install/tf2_msgs:/home/adas/Documents/Ayush/dev/straight_ws/install/tf2:/home/adas/Documents/Ayush/dev/straight_ws/install/nav2_common:/home/adas/Documents/Ayush/dev/straightline_ws/install/geometry2:/home/adas/Documents/Ayush/dev/straightline_ws/install/tf2_tools:/home/adas/Documents/Ayush/dev/straightline_ws/install/nav2_system_tests:/home/adas/Documents/Ayush/dev/straightline_ws/install/nav2_bringup:/home/adas/Documents/Ayush/dev/straightline_ws/install/navigation2:/home/adas/Documents/Ayush/dev/straightline_ws/install/smac_planner:/home/adas/Documents/Ayush/dev/straightline_ws/install/nav2_regulated_pure_pursuit_controller:/home/adas/Documents/Ayush/dev/straightline_ws/install/nav2_recoveries:/home/adas/Documents/Ayush/dev/straightline_ws/install/nav2_planner:/home/adas/Documents/Ayush/dev/straightline_ws/install/nav2_navfn_planner:/home/adas/Documents/Ayush/dev/straightline_ws/install/nav2_dwb_controller:/home/adas/Documents/Ayush/dev/straightline_ws/install/nav2_controller:/home/adas/Documents/Ayush/dev/straightline_ws/install/dwb_plugins:/home/adas/Documents/Ayush/dev/straightline_ws/install/dwb_critics:/home/adas/Documents/Ayush/dev/straightline_ws/install/dwb_core:/home/adas/Documents/Ayush/dev/straightline_ws/install/nav2_core:/home/adas/Documents/Ayush/dev/straightline_ws/install/costmap_queue:/home/adas/Documents/Ayush/dev/straightline_ws/install/nav2_costmap_2d:/home/adas/Documents/Ayush/dev/straightline_ws/install/tf2_sensor_msgs:/home/adas/Documents/Ayush/dev/straightline_ws/install/test_tf2:/home/adas/Documents/Ayush/dev/straightline_ws/install/tf2_kdl:/home/adas/Documents/Ayush/dev/straightline_ws/install/nav_2d_utils:/home/adas/Documents/Ayush/dev/straightline_ws/install/nav2_waypoint_follower:/home/adas/Documents/Ayush/dev/straightline_ws/install/nav2_rviz_plugins:/home/adas/Documents/Ayush/dev/straightline_ws/install/nav2_map_server:/home/adas/Documents/Ayush/dev/straightline_ws/install/nav2_lifecycle_manager:/home/adas/Documents/Ayush/dev/straightline_ws/install/nav2_bt_navigator:/home/adas/Documents/Ayush/dev/straightline_ws/install/nav2_behavior_tree:/home/adas/Documents/Ayush/dev/straightline_ws/install/nav2_amcl:/home/adas/Documents/Ayush/dev/straightline_ws/install/nav2_util:/home/adas/Documents/Ayush/dev/straightline_ws/install/tf2_geometry_msgs:/home/adas/Documents/Ayush/dev/straightline_ws/install/tf2_eigen:/home/adas/Documents/Ayush/dev/straightline_ws/install/tf2_bullet:/home/adas/Documents/Ayush/dev/straightline_ws/install/tf2_ros:/home/adas/Documents/Ayush/dev/straightline_ws/install/tf2_py:/home/adas/Documents/Ayush/dev/straightline_ws/install/tf2_msgs:/home/adas/Documents/Ayush/dev/straightline_ws/install/tf2_eigen_kdl:/home/adas/Documents/Ayush/dev/straightline_ws/install/tf2:/home/adas/Documents/Ayush/dev/straightline_ws/install/dwb_msgs:/home/adas/Documents/Ayush/dev/straightline_ws/install/nav_2d_msgs:/home/adas/Documents/Ayush/dev/straightline_ws/install/nav2_voxel_grid:/home/adas/Documents/Ayush/dev/straightline_ws/install/nav2_msgs:/home/adas/Documents/Ayush/dev/straightline_ws/install/nav2_common:/home/adas/Documents/Ayush/dev/straightline_ws/install/aws_robomaker_small_warehouse_world:/home/adas/Documents/Ayush/dev/straightline_ws/install/examples_tf2_py:/home/adas/Documents/Ayush/dev/straightline_ws/install/nav2_simple_commander:/home/adas/Documents/Ayush/dev/straightline_ws/install/nav2_gazebo_spawner:/opt/ros/foxy LD_LIBRARY_PATH=/home/adas/Documents/Ayush/dev/straight_ws/install/nav2_util/lib:/home/adas/Documents/Ayush/dev/straight_ws/install/tf2_ros/lib:/home/adas/Documents/Ayush/dev/straight_ws/install/nav2_msgs/lib:/home/adas/Documents/Ayush/dev/straight_ws/install/tf2_msgs/lib:/home/adas/Documents/Ayush/dev/straight_ws/install/tf2/lib:${LD_LIBRARY_PATH} PYTHONPATH=/home/adas/Documents/Ayush/dev/straight_ws/install/tf2_ros/lib/python3.8/site-packages:/home/adas/Documents/Ayush/dev/straight_ws/install/tf2_py/lib/python3.8/site-packages:/home/adas/Documents/Ayush/dev/straight_ws/install/nav2_msgs/lib/python3.8/site-packages:/home/adas/Documents/Ayush/dev/straight_ws/install/tf2_msgs/lib/python3.8/site-packages:/home/adas/Documents/Ayush/dev/straight_ws/install/nav2_common/lib/python3.8/site-packages:${PYTHONPATH} /usr/bin/cmake --build /home/adas/Documents/Ayush/dev/straight_ws/build/nav2_amcl -- -j8 -l8
[9.659s] [35m[1mScanning dependencies of target map_lib[0m
[9.735s] [  3%] [32mBuilding C object src/map/CMakeFiles/map_lib.dir/map.c.o[0m
[9.849s] [  7%] [32mBuilding CXX object src/map/CMakeFiles/map_lib.dir/map_cspace.cpp.o[0m
[10.492s] [ 11%] [32mBuilding C object src/map/CMakeFiles/map_lib.dir/map_draw.c.o[0m
[10.645s] [ 15%] [32mBuilding C object src/map/CMakeFiles/map_lib.dir/map_range.c.o[0m
[10.960s] [ 19%] [32mBuilding C object src/map/CMakeFiles/map_lib.dir/map_store.c.o[0m
[11.195s] [ 23%] [32m[1mLinking CXX shared library libmap_lib.so[0m
[11.577s] [ 23%] Built target map_lib
[11.662s] [35m[1mScanning dependencies of target pf_lib[0m
[11.761s] [ 26%] [32mBuilding C object src/pf/CMakeFiles/pf_lib.dir/pf.c.o[0m
[12.244s] [ 30%] [32mBuilding C object src/pf/CMakeFiles/pf_lib.dir/pf_draw.c.o[0m
[12.397s] [ 34%] [32mBuilding C object src/pf/CMakeFiles/pf_lib.dir/eig3.c.o[0m
[12.709s] [ 38%] [32mBuilding C object src/pf/CMakeFiles/pf_lib.dir/pf_vector.c.o[0m
[12.997s] [ 42%] [32mBuilding C object src/pf/CMakeFiles/pf_lib.dir/pf_pdf.c.o[0m
[13.283s] [ 46%] [32mBuilding C object src/pf/CMakeFiles/pf_lib.dir/pf_kdtree.c.o[0m
[13.709s] [ 50%] [32m[1mLinking C shared library libpf_lib.so[0m
[13.928s] [ 50%] Built target pf_lib
[14.013s] [35m[1mScanning dependencies of target sensors_lib[0m
[14.092s] [ 53%] [32mBuilding CXX object src/sensors/CMakeFiles/sensors_lib.dir/laser/laser.cpp.o[0m
[14.665s] [ 57%] [32mBuilding CXX object src/sensors/CMakeFiles/sensors_lib.dir/laser/likelihood_field_model_prob.cpp.o[0m
[15.325s] [ 61%] [32mBuilding CXX object src/sensors/CMakeFiles/sensors_lib.dir/laser/likelihood_field_model.cpp.o[0m
[15.993s] [ 65%] [32mBuilding CXX object src/sensors/CMakeFiles/sensors_lib.dir/laser/beam_model.cpp.o[0m
[16.452s] [ 69%] [32m[1mLinking CXX shared library libsensors_lib.so[0m
[16.675s] [ 69%] Built target sensors_lib
[16.716s] [35m[1mScanning dependencies of target motions_lib[0m
[16.789s] [ 73%] [32mBuilding CXX object src/motion_model/CMakeFiles/motions_lib.dir/omni_motion_model.cpp.o[0m
[17.329s] [ 76%] [32mBuilding CXX object src/motion_model/CMakeFiles/motions_lib.dir/motion_model.cpp.o[0m
[17.727s] [ 80%] [32mBuilding CXX object src/motion_model/CMakeFiles/motions_lib.dir/differential_motion_model.cpp.o[0m
[18.282s] [ 84%] [32m[1mLinking CXX shared library libmotions_lib.so[0m
[18.575s] [ 84%] Built target motions_lib
[18.600s] [35m[1mScanning dependencies of target amcl_core[0m
[18.712s] [ 88%] [32mBuilding CXX object CMakeFiles/amcl_core.dir/src/amcl_node.cpp.o[0m
[46.477s] [ 92%] [32m[1mLinking CXX shared library libamcl_core.so[0m
[47.413s] [ 92%] Built target amcl_core
[47.413s] [35m[1mScanning dependencies of target amcl[0m
[47.505s] [ 96%] [32mBuilding CXX object CMakeFiles/amcl.dir/src/main.cpp.o[0m
[51.339s] [100%] [32m[1mLinking CXX executable amcl[0m
[51.677s] [100%] Built target amcl
[51.699s] Invoked command in '/home/adas/Documents/Ayush/dev/straight_ws/build/nav2_amcl' returned '0': AMENT_PREFIX_PATH=/home/adas/Documents/Ayush/dev/straight_ws/install/nav2_util:/home/adas/Documents/Ayush/dev/straight_ws/install/tf2_geometry_msgs:/home/adas/Documents/Ayush/dev/straight_ws/install/tf2_ros:/home/adas/Documents/Ayush/dev/straight_ws/install/tf2_py:/home/adas/Documents/Ayush/dev/straight_ws/install/nav2_msgs:/home/adas/Documents/Ayush/dev/straight_ws/install/tf2_msgs:/home/adas/Documents/Ayush/dev/straight_ws/install/tf2:/home/adas/Documents/Ayush/dev/straight_ws/install/nav2_common:${AMENT_PREFIX_PATH} CMAKE_PREFIX_PATH=/home/adas/Documents/Ayush/dev/straight_ws/install/nav2_util:/home/adas/Documents/Ayush/dev/straight_ws/install/tf2_geometry_msgs:/home/adas/Documents/Ayush/dev/straight_ws/install/tf2_ros:/home/adas/Documents/Ayush/dev/straight_ws/install/tf2_py:/home/adas/Documents/Ayush/dev/straight_ws/install/nav2_msgs:/home/adas/Documents/Ayush/dev/straight_ws/install/tf2_msgs:/home/adas/Documents/Ayush/dev/straight_ws/install/tf2:/home/adas/Documents/Ayush/dev/straight_ws/install/nav2_common:/home/adas/Documents/Ayush/dev/straightline_ws/install/geometry2:/home/adas/Documents/Ayush/dev/straightline_ws/install/tf2_tools:/home/adas/Documents/Ayush/dev/straightline_ws/install/nav2_system_tests:/home/adas/Documents/Ayush/dev/straightline_ws/install/nav2_bringup:/home/adas/Documents/Ayush/dev/straightline_ws/install/navigation2:/home/adas/Documents/Ayush/dev/straightline_ws/install/smac_planner:/home/adas/Documents/Ayush/dev/straightline_ws/install/nav2_regulated_pure_pursuit_controller:/home/adas/Documents/Ayush/dev/straightline_ws/install/nav2_recoveries:/home/adas/Documents/Ayush/dev/straightline_ws/install/nav2_planner:/home/adas/Documents/Ayush/dev/straightline_ws/install/nav2_navfn_planner:/home/adas/Documents/Ayush/dev/straightline_ws/install/nav2_dwb_controller:/home/adas/Documents/Ayush/dev/straightline_ws/install/nav2_controller:/home/adas/Documents/Ayush/dev/straightline_ws/install/dwb_plugins:/home/adas/Documents/Ayush/dev/straightline_ws/install/dwb_critics:/home/adas/Documents/Ayush/dev/straightline_ws/install/dwb_core:/home/adas/Documents/Ayush/dev/straightline_ws/install/nav2_core:/home/adas/Documents/Ayush/dev/straightline_ws/install/costmap_queue:/home/adas/Documents/Ayush/dev/straightline_ws/install/nav2_costmap_2d:/home/adas/Documents/Ayush/dev/straightline_ws/install/tf2_sensor_msgs:/home/adas/Documents/Ayush/dev/straightline_ws/install/test_tf2:/home/adas/Documents/Ayush/dev/straightline_ws/install/tf2_kdl:/home/adas/Documents/Ayush/dev/straightline_ws/install/nav_2d_utils:/home/adas/Documents/Ayush/dev/straightline_ws/install/nav2_waypoint_follower:/home/adas/Documents/Ayush/dev/straightline_ws/install/nav2_rviz_plugins:/home/adas/Documents/Ayush/dev/straightline_ws/install/nav2_map_server:/home/adas/Documents/Ayush/dev/straightline_ws/install/nav2_lifecycle_manager:/home/adas/Documents/Ayush/dev/straightline_ws/install/nav2_bt_navigator:/home/adas/Documents/Ayush/dev/straightline_ws/install/nav2_behavior_tree:/home/adas/Documents/Ayush/dev/straightline_ws/install/nav2_amcl:/home/adas/Documents/Ayush/dev/straightline_ws/install/nav2_util:/home/adas/Documents/Ayush/dev/straightline_ws/install/tf2_geometry_msgs:/home/adas/Documents/Ayush/dev/straightline_ws/install/tf2_eigen:/home/adas/Documents/Ayush/dev/straightline_ws/install/tf2_bullet:/home/adas/Documents/Ayush/dev/straightline_ws/install/tf2_ros:/home/adas/Documents/Ayush/dev/straightline_ws/install/tf2_py:/home/adas/Documents/Ayush/dev/straightline_ws/install/tf2_msgs:/home/adas/Documents/Ayush/dev/straightline_ws/install/tf2_eigen_kdl:/home/adas/Documents/Ayush/dev/straightline_ws/install/tf2:/home/adas/Documents/Ayush/dev/straightline_ws/install/dwb_msgs:/home/adas/Documents/Ayush/dev/straightline_ws/install/nav_2d_msgs:/home/adas/Documents/Ayush/dev/straightline_ws/install/nav2_voxel_grid:/home/adas/Documents/Ayush/dev/straightline_ws/install/nav2_msgs:/home/adas/Documents/Ayush/dev/straightline_ws/install/nav2_common:/home/adas/Documents/Ayush/dev/straightline_ws/install/aws_robomaker_small_warehouse_world:/home/adas/Documents/Ayush/dev/straightline_ws/install/examples_tf2_py:/home/adas/Documents/Ayush/dev/straightline_ws/install/nav2_simple_commander:/home/adas/Documents/Ayush/dev/straightline_ws/install/nav2_gazebo_spawner:/opt/ros/foxy LD_LIBRARY_PATH=/home/adas/Documents/Ayush/dev/straight_ws/install/nav2_util/lib:/home/adas/Documents/Ayush/dev/straight_ws/install/tf2_ros/lib:/home/adas/Documents/Ayush/dev/straight_ws/install/nav2_msgs/lib:/home/adas/Documents/Ayush/dev/straight_ws/install/tf2_msgs/lib:/home/adas/Documents/Ayush/dev/straight_ws/install/tf2/lib:${LD_LIBRARY_PATH} PYTHONPATH=/home/adas/Documents/Ayush/dev/straight_ws/install/tf2_ros/lib/python3.8/site-packages:/home/adas/Documents/Ayush/dev/straight_ws/install/tf2_py/lib/python3.8/site-packages:/home/adas/Documents/Ayush/dev/straight_ws/install/nav2_msgs/lib/python3.8/site-packages:/home/adas/Documents/Ayush/dev/straight_ws/install/tf2_msgs/lib/python3.8/site-packages:/home/adas/Documents/Ayush/dev/straight_ws/install/nav2_common/lib/python3.8/site-packages:${PYTHONPATH} /usr/bin/cmake --build /home/adas/Documents/Ayush/dev/straight_ws/build/nav2_amcl -- -j8 -l8
[51.768s] Invoking command in '/home/adas/Documents/Ayush/dev/straight_ws/build/nav2_amcl': AMENT_PREFIX_PATH=/home/adas/Documents/Ayush/dev/straight_ws/install/nav2_util:/home/adas/Documents/Ayush/dev/straight_ws/install/tf2_geometry_msgs:/home/adas/Documents/Ayush/dev/straight_ws/install/tf2_ros:/home/adas/Documents/Ayush/dev/straight_ws/install/tf2_py:/home/adas/Documents/Ayush/dev/straight_ws/install/nav2_msgs:/home/adas/Documents/Ayush/dev/straight_ws/install/tf2_msgs:/home/adas/Documents/Ayush/dev/straight_ws/install/tf2:/home/adas/Documents/Ayush/dev/straight_ws/install/nav2_common:${AMENT_PREFIX_PATH} CMAKE_PREFIX_PATH=/home/adas/Documents/Ayush/dev/straight_ws/install/nav2_util:/home/adas/Documents/Ayush/dev/straight_ws/install/tf2_geometry_msgs:/home/adas/Documents/Ayush/dev/straight_ws/install/tf2_ros:/home/adas/Documents/Ayush/dev/straight_ws/install/tf2_py:/home/adas/Documents/Ayush/dev/straight_ws/install/nav2_msgs:/home/adas/Documents/Ayush/dev/straight_ws/install/tf2_msgs:/home/adas/Documents/Ayush/dev/straight_ws/install/tf2:/home/adas/Documents/Ayush/dev/straight_ws/install/nav2_common:/home/adas/Documents/Ayush/dev/straightline_ws/install/geometry2:/home/adas/Documents/Ayush/dev/straightline_ws/install/tf2_tools:/home/adas/Documents/Ayush/dev/straightline_ws/install/nav2_system_tests:/home/adas/Documents/Ayush/dev/straightline_ws/install/nav2_bringup:/home/adas/Documents/Ayush/dev/straightline_ws/install/navigation2:/home/adas/Documents/Ayush/dev/straightline_ws/install/smac_planner:/home/adas/Documents/Ayush/dev/straightline_ws/install/nav2_regulated_pure_pursuit_controller:/home/adas/Documents/Ayush/dev/straightline_ws/install/nav2_recoveries:/home/adas/Documents/Ayush/dev/straightline_ws/install/nav2_planner:/home/adas/Documents/Ayush/dev/straightline_ws/install/nav2_navfn_planner:/home/adas/Documents/Ayush/dev/straightline_ws/install/nav2_dwb_controller:/home/adas/Documents/Ayush/dev/straightline_ws/install/nav2_controller:/home/adas/Documents/Ayush/dev/straightline_ws/install/dwb_plugins:/home/adas/Documents/Ayush/dev/straightline_ws/install/dwb_critics:/home/adas/Documents/Ayush/dev/straightline_ws/install/dwb_core:/home/adas/Documents/Ayush/dev/straightline_ws/install/nav2_core:/home/adas/Documents/Ayush/dev/straightline_ws/install/costmap_queue:/home/adas/Documents/Ayush/dev/straightline_ws/install/nav2_costmap_2d:/home/adas/Documents/Ayush/dev/straightline_ws/install/tf2_sensor_msgs:/home/adas/Documents/Ayush/dev/straightline_ws/install/test_tf2:/home/adas/Documents/Ayush/dev/straightline_ws/install/tf2_kdl:/home/adas/Documents/Ayush/dev/straightline_ws/install/nav_2d_utils:/home/adas/Documents/Ayush/dev/straightline_ws/install/nav2_waypoint_follower:/home/adas/Documents/Ayush/dev/straightline_ws/install/nav2_rviz_plugins:/home/adas/Documents/Ayush/dev/straightline_ws/install/nav2_map_server:/home/adas/Documents/Ayush/dev/straightline_ws/install/nav2_lifecycle_manager:/home/adas/Documents/Ayush/dev/straightline_ws/install/nav2_bt_navigator:/home/adas/Documents/Ayush/dev/straightline_ws/install/nav2_behavior_tree:/home/adas/Documents/Ayush/dev/straightline_ws/install/nav2_amcl:/home/adas/Documents/Ayush/dev/straightline_ws/install/nav2_util:/home/adas/Documents/Ayush/dev/straightline_ws/install/tf2_geometry_msgs:/home/adas/Documents/Ayush/dev/straightline_ws/install/tf2_eigen:/home/adas/Documents/Ayush/dev/straightline_ws/install/tf2_bullet:/home/adas/Documents/Ayush/dev/straightline_ws/install/tf2_ros:/home/adas/Documents/Ayush/dev/straightline_ws/install/tf2_py:/home/adas/Documents/Ayush/dev/straightline_ws/install/tf2_msgs:/home/adas/Documents/Ayush/dev/straightline_ws/install/tf2_eigen_kdl:/home/adas/Documents/Ayush/dev/straightline_ws/install/tf2:/home/adas/Documents/Ayush/dev/straightline_ws/install/dwb_msgs:/home/adas/Documents/Ayush/dev/straightline_ws/install/nav_2d_msgs:/home/adas/Documents/Ayush/dev/straightline_ws/install/nav2_voxel_grid:/home/adas/Documents/Ayush/dev/straightline_ws/install/nav2_msgs:/home/adas/Documents/Ayush/dev/straightline_ws/install/nav2_common:/home/adas/Documents/Ayush/dev/straightline_ws/install/aws_robomaker_small_warehouse_world:/home/adas/Documents/Ayush/dev/straightline_ws/install/examples_tf2_py:/home/adas/Documents/Ayush/dev/straightline_ws/install/nav2_simple_commander:/home/adas/Documents/Ayush/dev/straightline_ws/install/nav2_gazebo_spawner:/opt/ros/foxy LD_LIBRARY_PATH=/home/adas/Documents/Ayush/dev/straight_ws/install/nav2_util/lib:/home/adas/Documents/Ayush/dev/straight_ws/install/tf2_ros/lib:/home/adas/Documents/Ayush/dev/straight_ws/install/nav2_msgs/lib:/home/adas/Documents/Ayush/dev/straight_ws/install/tf2_msgs/lib:/home/adas/Documents/Ayush/dev/straight_ws/install/tf2/lib:${LD_LIBRARY_PATH} PYTHONPATH=/home/adas/Documents/Ayush/dev/straight_ws/install/tf2_ros/lib/python3.8/site-packages:/home/adas/Documents/Ayush/dev/straight_ws/install/tf2_py/lib/python3.8/site-packages:/home/adas/Documents/Ayush/dev/straight_ws/install/nav2_msgs/lib/python3.8/site-packages:/home/adas/Documents/Ayush/dev/straight_ws/install/tf2_msgs/lib/python3.8/site-packages:/home/adas/Documents/Ayush/dev/straight_ws/install/nav2_common/lib/python3.8/site-packages:${PYTHONPATH} /usr/bin/cmake --install /home/adas/Documents/Ayush/dev/straight_ws/build/nav2_amcl
[51.790s] -- Install configuration: "Release"
[51.790s] -- Installing: /home/adas/Documents/Ayush/dev/straight_ws/install/nav2_amcl/lib/libamcl_core.so
[51.793s] -- Set runtime path of "/home/adas/Documents/Ayush/dev/straight_ws/install/nav2_amcl/lib/libamcl_core.so" to ""
[51.793s] -- Installing: /home/adas/Documents/Ayush/dev/straight_ws/install/nav2_amcl/lib/nav2_amcl/amcl
[51.794s] -- Set runtime path of "/home/adas/Documents/Ayush/dev/straight_ws/install/nav2_amcl/lib/nav2_amcl/amcl" to ""
[51.794s] -- Installing: /home/adas/Documents/Ayush/dev/straight_ws/install/nav2_amcl/include/
[51.794s] -- Installing: /home/adas/Documents/Ayush/dev/straight_ws/install/nav2_amcl/include//nav2_amcl
[51.794s] -- Installing: /home/adas/Documents/Ayush/dev/straight_ws/install/nav2_amcl/include//nav2_amcl/motion_model
[51.794s] -- Installing: /home/adas/Documents/Ayush/dev/straight_ws/install/nav2_amcl/include//nav2_amcl/motion_model/motion_model.hpp
[51.794s] -- Installing: /home/adas/Documents/Ayush/dev/straight_ws/install/nav2_amcl/include//nav2_amcl/angleutils.hpp
[51.795s] -- Installing: /home/adas/Documents/Ayush/dev/straight_ws/install/nav2_amcl/include//nav2_amcl/pf
[51.795s] -- Installing: /home/adas/Documents/Ayush/dev/straight_ws/install/nav2_amcl/include//nav2_amcl/pf/pf_kdtree.hpp
[51.795s] -- Installing: /home/adas/Documents/Ayush/dev/straight_ws/install/nav2_amcl/include//nav2_amcl/pf/pf.hpp
[51.795s] -- Installing: /home/adas/Documents/Ayush/dev/straight_ws/install/nav2_amcl/include//nav2_amcl/pf/eig3.hpp
[51.795s] -- Installing: /home/adas/Documents/Ayush/dev/straight_ws/install/nav2_amcl/include//nav2_amcl/pf/pf_vector.hpp
[51.795s] -- Installing: /home/adas/Documents/Ayush/dev/straight_ws/install/nav2_amcl/include//nav2_amcl/pf/pf_pdf.hpp
[51.796s] -- Installing: /home/adas/Documents/Ayush/dev/straight_ws/install/nav2_amcl/include//nav2_amcl/sensors
[51.796s] -- Installing: /home/adas/Documents/Ayush/dev/straight_ws/install/nav2_amcl/include//nav2_amcl/sensors/laser
[51.796s] -- Installing: /home/adas/Documents/Ayush/dev/straight_ws/install/nav2_amcl/include//nav2_amcl/sensors/laser/laser.hpp
[51.796s] -- Installing: /home/adas/Documents/Ayush/dev/straight_ws/install/nav2_amcl/include//nav2_amcl/map
[51.796s] -- Installing: /home/adas/Documents/Ayush/dev/straight_ws/install/nav2_amcl/include//nav2_amcl/map/map.hpp
[51.797s] -- Installing: /home/adas/Documents/Ayush/dev/straight_ws/install/nav2_amcl/include//nav2_amcl/amcl_node.hpp
[51.797s] -- Installing: /home/adas/Documents/Ayush/dev/straight_ws/install/nav2_amcl/share/nav2_amcl/environment/library_path.sh
[51.797s] -- Installing: /home/adas/Documents/Ayush/dev/straight_ws/install/nav2_amcl/share/nav2_amcl/environment/library_path.dsv
[51.797s] -- Installing: /home/adas/Documents/Ayush/dev/straight_ws/install/nav2_amcl/share/ament_index/resource_index/package_run_dependencies/nav2_amcl
[51.797s] -- Installing: /home/adas/Documents/Ayush/dev/straight_ws/install/nav2_amcl/share/ament_index/resource_index/parent_prefix_path/nav2_amcl
[51.798s] -- Installing: /home/adas/Documents/Ayush/dev/straight_ws/install/nav2_amcl/share/nav2_amcl/environment/ament_prefix_path.sh
[51.798s] -- Installing: /home/adas/Documents/Ayush/dev/straight_ws/install/nav2_amcl/share/nav2_amcl/environment/ament_prefix_path.dsv
[51.798s] -- Installing: /home/adas/Documents/Ayush/dev/straight_ws/install/nav2_amcl/share/nav2_amcl/environment/path.sh
[51.798s] -- Installing: /home/adas/Documents/Ayush/dev/straight_ws/install/nav2_amcl/share/nav2_amcl/environment/path.dsv
[51.798s] -- Installing: /home/adas/Documents/Ayush/dev/straight_ws/install/nav2_amcl/share/nav2_amcl/local_setup.bash
[51.798s] -- Installing: /home/adas/Documents/Ayush/dev/straight_ws/install/nav2_amcl/share/nav2_amcl/local_setup.sh
[51.798s] -- Installing: /home/adas/Documents/Ayush/dev/straight_ws/install/nav2_amcl/share/nav2_amcl/local_setup.zsh
[51.799s] -- Installing: /home/adas/Documents/Ayush/dev/straight_ws/install/nav2_amcl/share/nav2_amcl/local_setup.dsv
[51.799s] -- Installing: /home/adas/Documents/Ayush/dev/straight_ws/install/nav2_amcl/share/nav2_amcl/package.dsv
[51.799s] -- Installing: /home/adas/Documents/Ayush/dev/straight_ws/install/nav2_amcl/share/ament_index/resource_index/packages/nav2_amcl
[51.799s] -- Installing: /home/adas/Documents/Ayush/dev/straight_ws/install/nav2_amcl/share/nav2_amcl/cmake/ament_cmake_export_include_directories-extras.cmake
[51.799s] -- Installing: /home/adas/Documents/Ayush/dev/straight_ws/install/nav2_amcl/share/nav2_amcl/cmake/ament_cmake_export_libraries-extras.cmake
[51.799s] -- Installing: /home/adas/Documents/Ayush/dev/straight_ws/install/nav2_amcl/share/nav2_amcl/cmake/ament_cmake_export_dependencies-extras.cmake
[51.799s] -- Installing: /home/adas/Documents/Ayush/dev/straight_ws/install/nav2_amcl/share/nav2_amcl/cmake/nav2_amclConfig.cmake
[51.800s] -- Installing: /home/adas/Documents/Ayush/dev/straight_ws/install/nav2_amcl/share/nav2_amcl/cmake/nav2_amclConfig-version.cmake
[51.800s] -- Installing: /home/adas/Documents/Ayush/dev/straight_ws/install/nav2_amcl/share/nav2_amcl/package.xml
[51.800s] -- Installing: /home/adas/Documents/Ayush/dev/straight_ws/install/nav2_amcl/lib/libpf_lib.so
[51.801s] -- Installing: /home/adas/Documents/Ayush/dev/straight_ws/install/nav2_amcl/lib/libmap_lib.so
[51.801s] -- Installing: /home/adas/Documents/Ayush/dev/straight_ws/install/nav2_amcl/lib/libmotions_lib.so
[51.802s] -- Set runtime path of "/home/adas/Documents/Ayush/dev/straight_ws/install/nav2_amcl/lib/libmotions_lib.so" to ""
[51.802s] -- Installing: /home/adas/Documents/Ayush/dev/straight_ws/install/nav2_amcl/lib/libsensors_lib.so
[51.803s] -- Set runtime path of "/home/adas/Documents/Ayush/dev/straight_ws/install/nav2_amcl/lib/libsensors_lib.so" to ""
[51.807s] Invoked command in '/home/adas/Documents/Ayush/dev/straight_ws/build/nav2_amcl' returned '0': AMENT_PREFIX_PATH=/home/adas/Documents/Ayush/dev/straight_ws/install/nav2_util:/home/adas/Documents/Ayush/dev/straight_ws/install/tf2_geometry_msgs:/home/adas/Documents/Ayush/dev/straight_ws/install/tf2_ros:/home/adas/Documents/Ayush/dev/straight_ws/install/tf2_py:/home/adas/Documents/Ayush/dev/straight_ws/install/nav2_msgs:/home/adas/Documents/Ayush/dev/straight_ws/install/tf2_msgs:/home/adas/Documents/Ayush/dev/straight_ws/install/tf2:/home/adas/Documents/Ayush/dev/straight_ws/install/nav2_common:${AMENT_PREFIX_PATH} CMAKE_PREFIX_PATH=/home/adas/Documents/Ayush/dev/straight_ws/install/nav2_util:/home/adas/Documents/Ayush/dev/straight_ws/install/tf2_geometry_msgs:/home/adas/Documents/Ayush/dev/straight_ws/install/tf2_ros:/home/adas/Documents/Ayush/dev/straight_ws/install/tf2_py:/home/adas/Documents/Ayush/dev/straight_ws/install/nav2_msgs:/home/adas/Documents/Ayush/dev/straight_ws/install/tf2_msgs:/home/adas/Documents/Ayush/dev/straight_ws/install/tf2:/home/adas/Documents/Ayush/dev/straight_ws/install/nav2_common:/home/adas/Documents/Ayush/dev/straightline_ws/install/geometry2:/home/adas/Documents/Ayush/dev/straightline_ws/install/tf2_tools:/home/adas/Documents/Ayush/dev/straightline_ws/install/nav2_system_tests:/home/adas/Documents/Ayush/dev/straightline_ws/install/nav2_bringup:/home/adas/Documents/Ayush/dev/straightline_ws/install/navigation2:/home/adas/Documents/Ayush/dev/straightline_ws/install/smac_planner:/home/adas/Documents/Ayush/dev/straightline_ws/install/nav2_regulated_pure_pursuit_controller:/home/adas/Documents/Ayush/dev/straightline_ws/install/nav2_recoveries:/home/adas/Documents/Ayush/dev/straightline_ws/install/nav2_planner:/home/adas/Documents/Ayush/dev/straightline_ws/install/nav2_navfn_planner:/home/adas/Documents/Ayush/dev/straightline_ws/install/nav2_dwb_controller:/home/adas/Documents/Ayush/dev/straightline_ws/install/nav2_controller:/home/adas/Documents/Ayush/dev/straightline_ws/install/dwb_plugins:/home/adas/Documents/Ayush/dev/straightline_ws/install/dwb_critics:/home/adas/Documents/Ayush/dev/straightline_ws/install/dwb_core:/home/adas/Documents/Ayush/dev/straightline_ws/install/nav2_core:/home/adas/Documents/Ayush/dev/straightline_ws/install/costmap_queue:/home/adas/Documents/Ayush/dev/straightline_ws/install/nav2_costmap_2d:/home/adas/Documents/Ayush/dev/straightline_ws/install/tf2_sensor_msgs:/home/adas/Documents/Ayush/dev/straightline_ws/install/test_tf2:/home/adas/Documents/Ayush/dev/straightline_ws/install/tf2_kdl:/home/adas/Documents/Ayush/dev/straightline_ws/install/nav_2d_utils:/home/adas/Documents/Ayush/dev/straightline_ws/install/nav2_waypoint_follower:/home/adas/Documents/Ayush/dev/straightline_ws/install/nav2_rviz_plugins:/home/adas/Documents/Ayush/dev/straightline_ws/install/nav2_map_server:/home/adas/Documents/Ayush/dev/straightline_ws/install/nav2_lifecycle_manager:/home/adas/Documents/Ayush/dev/straightline_ws/install/nav2_bt_navigator:/home/adas/Documents/Ayush/dev/straightline_ws/install/nav2_behavior_tree:/home/adas/Documents/Ayush/dev/straightline_ws/install/nav2_amcl:/home/adas/Documents/Ayush/dev/straightline_ws/install/nav2_util:/home/adas/Documents/Ayush/dev/straightline_ws/install/tf2_geometry_msgs:/home/adas/Documents/Ayush/dev/straightline_ws/install/tf2_eigen:/home/adas/Documents/Ayush/dev/straightline_ws/install/tf2_bullet:/home/adas/Documents/Ayush/dev/straightline_ws/install/tf2_ros:/home/adas/Documents/Ayush/dev/straightline_ws/install/tf2_py:/home/adas/Documents/Ayush/dev/straightline_ws/install/tf2_msgs:/home/adas/Documents/Ayush/dev/straightline_ws/install/tf2_eigen_kdl:/home/adas/Documents/Ayush/dev/straightline_ws/install/tf2:/home/adas/Documents/Ayush/dev/straightline_ws/install/dwb_msgs:/home/adas/Documents/Ayush/dev/straightline_ws/install/nav_2d_msgs:/home/adas/Documents/Ayush/dev/straightline_ws/install/nav2_voxel_grid:/home/adas/Documents/Ayush/dev/straightline_ws/install/nav2_msgs:/home/adas/Documents/Ayush/dev/straightline_ws/install/nav2_common:/home/adas/Documents/Ayush/dev/straightline_ws/install/aws_robomaker_small_warehouse_world:/home/adas/Documents/Ayush/dev/straightline_ws/install/examples_tf2_py:/home/adas/Documents/Ayush/dev/straightline_ws/install/nav2_simple_commander:/home/adas/Documents/Ayush/dev/straightline_ws/install/nav2_gazebo_spawner:/opt/ros/foxy LD_LIBRARY_PATH=/home/adas/Documents/Ayush/dev/straight_ws/install/nav2_util/lib:/home/adas/Documents/Ayush/dev/straight_ws/install/tf2_ros/lib:/home/adas/Documents/Ayush/dev/straight_ws/install/nav2_msgs/lib:/home/adas/Documents/Ayush/dev/straight_ws/install/tf2_msgs/lib:/home/adas/Documents/Ayush/dev/straight_ws/install/tf2/lib:${LD_LIBRARY_PATH} PYTHONPATH=/home/adas/Documents/Ayush/dev/straight_ws/install/tf2_ros/lib/python3.8/site-packages:/home/adas/Documents/Ayush/dev/straight_ws/install/tf2_py/lib/python3.8/site-packages:/home/adas/Documents/Ayush/dev/straight_ws/install/nav2_msgs/lib/python3.8/site-packages:/home/adas/Documents/Ayush/dev/straight_ws/install/tf2_msgs/lib/python3.8/site-packages:/home/adas/Documents/Ayush/dev/straight_ws/install/nav2_common/lib/python3.8/site-packages:${PYTHONPATH} /usr/bin/cmake --install /home/adas/Documents/Ayush/dev/straight_ws/build/nav2_amcl
