[0.763s] Invoking command in '/home/adas/Documents/Ayush/dev/straight_ws/src/geometry2/examples_tf2_py': AMENT_PREFIX_PATH=/home/adas/Documents/Ayush/dev/straight_ws/install/tf2_ros:/home/adas/Documents/Ayush/dev/straight_ws/install/tf2_py:/home/adas/Documents/Ayush/dev/straight_ws/install/tf2_msgs:/home/adas/Documents/Ayush/dev/straight_ws/install/tf2:${AMENT_PREFIX_PATH} CMAKE_PREFIX_PATH=/home/adas/Documents/Ayush/dev/straight_ws/install/tf2_ros:/home/adas/Documents/Ayush/dev/straight_ws/install/tf2_py:/home/adas/Documents/Ayush/dev/straight_ws/install/tf2_msgs:/home/adas/Documents/Ayush/dev/straight_ws/install/tf2:${CMAKE_PREFIX_PATH} LD_LIBRARY_PATH=/home/adas/Documents/Ayush/dev/straight_ws/install/tf2_ros/lib:/home/adas/Documents/Ayush/dev/straight_ws/install/tf2_msgs/lib:/home/adas/Documents/Ayush/dev/straight_ws/install/tf2/lib:${LD_LIBRARY_PATH} PYTHONPATH=/home/adas/Documents/Ayush/dev/straight_ws/install/examples_tf2_py/lib/python3.8/site-packages:/home/adas/Documents/Ayush/dev/straight_ws/install/tf2_ros/lib/python3.8/site-packages:/home/adas/Documents/Ayush/dev/straight_ws/install/tf2_py/lib/python3.8/site-packages:/home/adas/Documents/Ayush/dev/straight_ws/install/tf2_msgs/lib/python3.8/site-packages:${PYTHONPATH} /usr/bin/python3 setup.py egg_info --egg-base ../../../build/examples_tf2_py build --build-base /home/adas/Documents/Ayush/dev/straight_ws/build/examples_tf2_py/build install --prefix /home/adas/Documents/Ayush/dev/straight_ws/install/examples_tf2_py --record /home/adas/Documents/Ayush/dev/straight_ws/build/examples_tf2_py/install.log --single-version-externally-managed
[2.109s] running egg_info
[2.110s] creating ../../../build/examples_tf2_py/examples_tf2_py.egg-info
[2.112s] writing ../../../build/examples_tf2_py/examples_tf2_py.egg-info/PKG-INFO
[2.113s] writing dependency_links to ../../../build/examples_tf2_py/examples_tf2_py.egg-info/dependency_links.txt
[2.113s] writing entry points to ../../../build/examples_tf2_py/examples_tf2_py.egg-info/entry_points.txt
[2.113s] writing requirements to ../../../build/examples_tf2_py/examples_tf2_py.egg-info/requires.txt
[2.113s] writing top-level names to ../../../build/examples_tf2_py/examples_tf2_py.egg-info/top_level.txt
[2.113s] writing manifest file '../../../build/examples_tf2_py/examples_tf2_py.egg-info/SOURCES.txt'
[2.114s] reading manifest file '../../../build/examples_tf2_py/examples_tf2_py.egg-info/SOURCES.txt'
[2.114s] writing manifest file '../../../build/examples_tf2_py/examples_tf2_py.egg-info/SOURCES.txt'
[2.114s] running build
[2.114s] running build_py
[2.114s] creating /home/adas/Documents/Ayush/dev/straight_ws/build/examples_tf2_py/build
[2.114s] creating /home/adas/Documents/Ayush/dev/straight_ws/build/examples_tf2_py/build/lib
[2.114s] creating /home/adas/Documents/Ayush/dev/straight_ws/build/examples_tf2_py/build/lib/examples_tf2_py
[2.114s] copying examples_tf2_py/frame_dumper.py -> /home/adas/Documents/Ayush/dev/straight_ws/build/examples_tf2_py/build/lib/examples_tf2_py
[2.114s] copying examples_tf2_py/static_broadcaster.py -> /home/adas/Documents/Ayush/dev/straight_ws/build/examples_tf2_py/build/lib/examples_tf2_py
[2.115s] copying examples_tf2_py/async_waits_for_transform.py -> /home/adas/Documents/Ayush/dev/straight_ws/build/examples_tf2_py/build/lib/examples_tf2_py
[2.115s] copying examples_tf2_py/__init__.py -> /home/adas/Documents/Ayush/dev/straight_ws/build/examples_tf2_py/build/lib/examples_tf2_py
[2.115s] copying examples_tf2_py/dynamic_broadcaster.py -> /home/adas/Documents/Ayush/dev/straight_ws/build/examples_tf2_py/build/lib/examples_tf2_py
[2.115s] copying examples_tf2_py/blocking_waits_for_transform.py -> /home/adas/Documents/Ayush/dev/straight_ws/build/examples_tf2_py/build/lib/examples_tf2_py
[2.115s] copying examples_tf2_py/waits_for_transform.py -> /home/adas/Documents/Ayush/dev/straight_ws/build/examples_tf2_py/build/lib/examples_tf2_py
[2.115s] running install
[2.115s] running install_lib
[2.116s] creating /home/adas/Documents/Ayush/dev/straight_ws/install/examples_tf2_py/lib/python3.8/site-packages/examples_tf2_py
[2.117s] copying /home/adas/Documents/Ayush/dev/straight_ws/build/examples_tf2_py/build/lib/examples_tf2_py/frame_dumper.py -> /home/adas/Documents/Ayush/dev/straight_ws/install/examples_tf2_py/lib/python3.8/site-packages/examples_tf2_py
[2.117s] copying /home/adas/Documents/Ayush/dev/straight_ws/build/examples_tf2_py/build/lib/examples_tf2_py/static_broadcaster.py -> /home/adas/Documents/Ayush/dev/straight_ws/install/examples_tf2_py/lib/python3.8/site-packages/examples_tf2_py
[2.117s] copying /home/adas/Documents/Ayush/dev/straight_ws/build/examples_tf2_py/build/lib/examples_tf2_py/async_waits_for_transform.py -> /home/adas/Documents/Ayush/dev/straight_ws/install/examples_tf2_py/lib/python3.8/site-packages/examples_tf2_py
[2.117s] copying /home/adas/Documents/Ayush/dev/straight_ws/build/examples_tf2_py/build/lib/examples_tf2_py/__init__.py -> /home/adas/Documents/Ayush/dev/straight_ws/install/examples_tf2_py/lib/python3.8/site-packages/examples_tf2_py
[2.117s] copying /home/adas/Documents/Ayush/dev/straight_ws/build/examples_tf2_py/build/lib/examples_tf2_py/dynamic_broadcaster.py -> /home/adas/Documents/Ayush/dev/straight_ws/install/examples_tf2_py/lib/python3.8/site-packages/examples_tf2_py
[2.117s] copying /home/adas/Documents/Ayush/dev/straight_ws/build/examples_tf2_py/build/lib/examples_tf2_py/blocking_waits_for_transform.py -> /home/adas/Documents/Ayush/dev/straight_ws/install/examples_tf2_py/lib/python3.8/site-packages/examples_tf2_py
[2.117s] copying /home/adas/Documents/Ayush/dev/straight_ws/build/examples_tf2_py/build/lib/examples_tf2_py/waits_for_transform.py -> /home/adas/Documents/Ayush/dev/straight_ws/install/examples_tf2_py/lib/python3.8/site-packages/examples_tf2_py
[2.118s] byte-compiling /home/adas/Documents/Ayush/dev/straight_ws/install/examples_tf2_py/lib/python3.8/site-packages/examples_tf2_py/frame_dumper.py to frame_dumper.cpython-38.pyc
[2.118s] byte-compiling /home/adas/Documents/Ayush/dev/straight_ws/install/examples_tf2_py/lib/python3.8/site-packages/examples_tf2_py/static_broadcaster.py to static_broadcaster.cpython-38.pyc
[2.118s] byte-compiling /home/adas/Documents/Ayush/dev/straight_ws/install/examples_tf2_py/lib/python3.8/site-packages/examples_tf2_py/async_waits_for_transform.py to async_waits_for_transform.cpython-38.pyc
[2.118s] byte-compiling /home/adas/Documents/Ayush/dev/straight_ws/install/examples_tf2_py/lib/python3.8/site-packages/examples_tf2_py/__init__.py to __init__.cpython-38.pyc
[2.118s] byte-compiling /home/adas/Documents/Ayush/dev/straight_ws/install/examples_tf2_py/lib/python3.8/site-packages/examples_tf2_py/dynamic_broadcaster.py to dynamic_broadcaster.cpython-38.pyc
[2.118s] byte-compiling /home/adas/Documents/Ayush/dev/straight_ws/install/examples_tf2_py/lib/python3.8/site-packages/examples_tf2_py/blocking_waits_for_transform.py to blocking_waits_for_transform.cpython-38.pyc
[2.118s] byte-compiling /home/adas/Documents/Ayush/dev/straight_ws/install/examples_tf2_py/lib/python3.8/site-packages/examples_tf2_py/waits_for_transform.py to waits_for_transform.cpython-38.pyc
[2.118s] running install_data
[2.119s] creating /home/adas/Documents/Ayush/dev/straight_ws/install/examples_tf2_py/share/ament_index
[2.119s] creating /home/adas/Documents/Ayush/dev/straight_ws/install/examples_tf2_py/share/ament_index/resource_index
[2.119s] creating /home/adas/Documents/Ayush/dev/straight_ws/install/examples_tf2_py/share/ament_index/resource_index/packages
[2.119s] copying resource/examples_tf2_py -> /home/adas/Documents/Ayush/dev/straight_ws/install/examples_tf2_py/share/ament_index/resource_index/packages
[2.119s] copying package.xml -> /home/adas/Documents/Ayush/dev/straight_ws/install/examples_tf2_py/share/examples_tf2_py
[2.119s] creating /home/adas/Documents/Ayush/dev/straight_ws/install/examples_tf2_py/share/examples_tf2_py/launch
[2.119s] copying launch/broadcasters.launch.xml -> /home/adas/Documents/Ayush/dev/straight_ws/install/examples_tf2_py/share/examples_tf2_py/launch
[2.119s] running install_egg_info
[2.119s] Copying ../../../build/examples_tf2_py/examples_tf2_py.egg-info to /home/adas/Documents/Ayush/dev/straight_ws/install/examples_tf2_py/lib/python3.8/site-packages/examples_tf2_py-0.13.11-py3.8.egg-info
[2.120s] running install_scripts
[2.120s] Installing async_waits_for_transform script to /home/adas/Documents/Ayush/dev/straight_ws/install/examples_tf2_py/lib/examples_tf2_py
[2.120s] Installing blocking_waits_for_transform script to /home/adas/Documents/Ayush/dev/straight_ws/install/examples_tf2_py/lib/examples_tf2_py
[2.120s] Installing dynamic_broadcaster script to /home/adas/Documents/Ayush/dev/straight_ws/install/examples_tf2_py/lib/examples_tf2_py
[2.120s] Installing frame_dumper script to /home/adas/Documents/Ayush/dev/straight_ws/install/examples_tf2_py/lib/examples_tf2_py
[2.120s] Installing static_broadcaster script to /home/adas/Documents/Ayush/dev/straight_ws/install/examples_tf2_py/lib/examples_tf2_py
[2.120s] Installing waits_for_transform script to /home/adas/Documents/Ayush/dev/straight_ws/install/examples_tf2_py/lib/examples_tf2_py
[2.120s] writing list of installed files to '/home/adas/Documents/Ayush/dev/straight_ws/build/examples_tf2_py/install.log'
[2.140s] Invoked command in '/home/adas/Documents/Ayush/dev/straight_ws/src/geometry2/examples_tf2_py' returned '0': AMENT_PREFIX_PATH=/home/adas/Documents/Ayush/dev/straight_ws/install/tf2_ros:/home/adas/Documents/Ayush/dev/straight_ws/install/tf2_py:/home/adas/Documents/Ayush/dev/straight_ws/install/tf2_msgs:/home/adas/Documents/Ayush/dev/straight_ws/install/tf2:${AMENT_PREFIX_PATH} CMAKE_PREFIX_PATH=/home/adas/Documents/Ayush/dev/straight_ws/install/tf2_ros:/home/adas/Documents/Ayush/dev/straight_ws/install/tf2_py:/home/adas/Documents/Ayush/dev/straight_ws/install/tf2_msgs:/home/adas/Documents/Ayush/dev/straight_ws/install/tf2:${CMAKE_PREFIX_PATH} LD_LIBRARY_PATH=/home/adas/Documents/Ayush/dev/straight_ws/install/tf2_ros/lib:/home/adas/Documents/Ayush/dev/straight_ws/install/tf2_msgs/lib:/home/adas/Documents/Ayush/dev/straight_ws/install/tf2/lib:${LD_LIBRARY_PATH} PYTHONPATH=/home/adas/Documents/Ayush/dev/straight_ws/install/examples_tf2_py/lib/python3.8/site-packages:/home/adas/Documents/Ayush/dev/straight_ws/install/tf2_ros/lib/python3.8/site-packages:/home/adas/Documents/Ayush/dev/straight_ws/install/tf2_py/lib/python3.8/site-packages:/home/adas/Documents/Ayush/dev/straight_ws/install/tf2_msgs/lib/python3.8/site-packages:${PYTHONPATH} /usr/bin/python3 setup.py egg_info --egg-base ../../../build/examples_tf2_py build --build-base /home/adas/Documents/Ayush/dev/straight_ws/build/examples_tf2_py/build install --prefix /home/adas/Documents/Ayush/dev/straight_ws/install/examples_tf2_py --record /home/adas/Documents/Ayush/dev/straight_ws/build/examples_tf2_py/install.log --single-version-externally-managed
