[0.047s] Invoking command in '/home/adas/Documents/Ayush/dev/straight_ws/build/nav_2d_msgs': CMAKE_PREFIX_PATH=${CMAKE_PREFIX_PATH}:/home/adas/Documents/Ayush/dev/straightline_ws/install/examples_tf2_py:/home/adas/Documents/Ayush/dev/straightline_ws/install/nav2_simple_commander:/home/adas/Documents/Ayush/dev/straightline_ws/install/nav2_gazebo_spawner:/opt/ros/foxy /usr/bin/cmake /home/adas/Documents/Ayush/dev/straight_ws/src/navigation2/nav2_dwb_controller/nav_2d_msgs -DCMAKE_INSTALL_PREFIX=/home/adas/Documents/Ayush/dev/straight_ws/install/nav_2d_msgs
[0.183s] -- The C compiler identification is GNU 9.3.0
[0.328s] -- The CXX compiler identification is GNU 9.3.0
[0.337s] -- Check for working C compiler: /usr/bin/cc
[0.511s] -- Check for working C compiler: /usr/bin/cc -- works
[0.515s] -- Detecting C compiler ABI info
[0.701s] -- Detecting C compiler ABI info - done
[0.719s] -- Detecting C compile features
[0.719s] -- Detecting C compile features - done
[0.723s] -- Check for working CXX compiler: /usr/bin/c++
[0.921s] -- Check for working CXX compiler: /usr/bin/c++ -- works
[0.923s] -- Detecting CXX compiler ABI info
[1.130s] -- Detecting CXX compiler ABI info - done
[1.137s] -- Detecting CXX compile features
[1.138s] -- Detecting CXX compile features - done
[1.146s] -- Found geometry_msgs: 2.0.4 (/opt/ros/foxy/share/geometry_msgs/cmake)
[1.196s] -- Found PythonInterp: /usr/bin/python3 (found suitable version "3.8.10", minimum required is "3") 
[1.197s] -- Using PYTHON_EXECUTABLE: /usr/bin/python3
[1.674s] -- Using all available rosidl_typesupport_c: rosidl_typesupport_fastrtps_c;rosidl_typesupport_introspection_c
[1.698s] -- Found rosidl_adapter: 1.2.1 (/opt/ros/foxy/share/rosidl_adapter/cmake)
[1.880s] -- Found OpenSSL: /usr/lib/x86_64-linux-gnu/libcrypto.so (found version "1.1.1f")  
[1.936s] -- Found FastRTPS: /opt/ros/foxy/include  
[2.092s] -- Using all available rosidl_typesupport_cpp: rosidl_typesupport_fastrtps_cpp;rosidl_typesupport_introspection_cpp
[2.248s] -- Found rosidl_default_generators: 1.0.1 (/opt/ros/foxy/share/rosidl_default_generators/cmake)
[2.324s] -- Found PythonInterp: /usr/bin/python3 (found version "3.8.10") 
[2.698s] -- Found ament_cmake_ros: 0.9.2 (/opt/ros/foxy/share/ament_cmake_ros/cmake)
[3.179s] -- Using all available rosidl_typesupport_c: rosidl_typesupport_fastrtps_c;rosidl_typesupport_introspection_c
[3.392s] -- Using all available rosidl_typesupport_cpp: rosidl_typesupport_fastrtps_cpp;rosidl_typesupport_introspection_cpp
[3.480s] -- Found PythonInterp: /usr/bin/python3 (found suitable version "3.8.10", minimum required is "3.5") 
[3.489s] -- Found python_cmake_module: 0.8.1 (/opt/ros/foxy/share/python_cmake_module/cmake)
[3.547s] -- Found PythonLibs: /usr/lib/x86_64-linux-gnu/libpython3.8.so (found suitable version "3.8.10", minimum required is "3.5") 
[3.548s] -- Using PYTHON_EXECUTABLE: /usr/bin/python3
[3.548s] -- Using PYTHON_INCLUDE_DIRS: /usr/include/python3.8
[3.548s] -- Using PYTHON_LIBRARIES: /usr/lib/x86_64-linux-gnu/libpython3.8.so
[3.637s] -- Found PythonExtra: .so  
[3.917s] -- Configuring done
[4.019s] -- Generating done
[4.024s] -- Build files have been written to: /home/adas/Documents/Ayush/dev/straight_ws/build/nav_2d_msgs
[4.039s] Invoked command in '/home/adas/Documents/Ayush/dev/straight_ws/build/nav_2d_msgs' returned '0': CMAKE_PREFIX_PATH=${CMAKE_PREFIX_PATH}:/home/adas/Documents/Ayush/dev/straightline_ws/install/examples_tf2_py:/home/adas/Documents/Ayush/dev/straightline_ws/install/nav2_simple_commander:/home/adas/Documents/Ayush/dev/straightline_ws/install/nav2_gazebo_spawner:/opt/ros/foxy /usr/bin/cmake /home/adas/Documents/Ayush/dev/straight_ws/src/navigation2/nav2_dwb_controller/nav_2d_msgs -DCMAKE_INSTALL_PREFIX=/home/adas/Documents/Ayush/dev/straight_ws/install/nav_2d_msgs
[4.040s] Invoking command in '/home/adas/Documents/Ayush/dev/straight_ws/build/nav_2d_msgs': CMAKE_PREFIX_PATH=${CMAKE_PREFIX_PATH}:/home/adas/Documents/Ayush/dev/straightline_ws/install/examples_tf2_py:/home/adas/Documents/Ayush/dev/straightline_ws/install/nav2_simple_commander:/home/adas/Documents/Ayush/dev/straightline_ws/install/nav2_gazebo_spawner:/opt/ros/foxy /usr/bin/cmake --build /home/adas/Documents/Ayush/dev/straight_ws/build/nav_2d_msgs -- -j8 -l8
[4.213s] [35m[1mScanning dependencies of target nav_2d_msgs__cpp[0m
[4.239s] [  1%] [34m[1mGenerating C code for ROS interfaces[0m
[4.272s] [  2%] [34m[1mGenerating C++ code for ROS interfaces[0m
[5.363s] [  2%] Built target nav_2d_msgs__cpp
[5.418s] [  4%] [34m[1mGenerating C++ introspection for ROS interfaces[0m
[5.424s] [  5%] [34m[1mGenerating C++ type support dispatch for ROS interfaces[0m
[5.434s] [35m[1mScanning dependencies of target nav_2d_msgs__rosidl_generator_c[0m
[5.438s] [  7%] [34m[1mGenerating C++ type support for eProsima Fast-RTPS[0m
[5.466s] [  8%] [32mBuilding C object CMakeFiles/nav_2d_msgs__rosidl_generator_c.dir/rosidl_generator_c/nav_2d_msgs/msg/detail/pose2_d_stamped__functions.c.o[0m
[5.508s] [  9%] [32mBuilding C object CMakeFiles/nav_2d_msgs__rosidl_generator_c.dir/rosidl_generator_c/nav_2d_msgs/msg/detail/path2_d__functions.c.o[0m
[5.508s] [ 11%] [32mBuilding C object CMakeFiles/nav_2d_msgs__rosidl_generator_c.dir/rosidl_generator_c/nav_2d_msgs/msg/detail/twist2_d32__functions.c.o[0m
[5.517s] [ 12%] [32mBuilding C object CMakeFiles/nav_2d_msgs__rosidl_generator_c.dir/rosidl_generator_c/nav_2d_msgs/msg/detail/pose2_d32__functions.c.o[0m
[5.537s] [ 14%] [32mBuilding C object CMakeFiles/nav_2d_msgs__rosidl_generator_c.dir/rosidl_generator_c/nav_2d_msgs/msg/detail/twist2_d__functions.c.o[0m
[5.661s] [ 15%] [32mBuilding C object CMakeFiles/nav_2d_msgs__rosidl_generator_c.dir/rosidl_generator_c/nav_2d_msgs/msg/detail/twist2_d_stamped__functions.c.o[0m
[5.761s] [ 16%] [32m[1mLinking C shared library libnav_2d_msgs__rosidl_generator_c.so[0m
[5.924s] [ 16%] Built target nav_2d_msgs__rosidl_generator_c
[5.979s] [ 18%] [34m[1mGenerating C type support dispatch for ROS interfaces[0m
[6.010s] [ 19%] [34m[1mGenerating C introspection for ROS interfaces[0m
[6.427s] [35m[1mScanning dependencies of target nav_2d_msgs__rosidl_typesupport_introspection_cpp[0m
[6.517s] [35m[1mScanning dependencies of target nav_2d_msgs__rosidl_typesupport_cpp[0m
[6.537s] [ 21%] [32mBuilding CXX object CMakeFiles/nav_2d_msgs__rosidl_typesupport_introspection_cpp.dir/rosidl_typesupport_introspection_cpp/nav_2d_msgs/msg/detail/path2_d__type_support.cpp.o[0m
[6.554s] [ 22%] [32mBuilding CXX object CMakeFiles/nav_2d_msgs__rosidl_typesupport_introspection_cpp.dir/rosidl_typesupport_introspection_cpp/nav_2d_msgs/msg/detail/pose2_d32__type_support.cpp.o[0m
[6.574s] [ 23%] [32mBuilding CXX object CMakeFiles/nav_2d_msgs__rosidl_typesupport_introspection_cpp.dir/rosidl_typesupport_introspection_cpp/nav_2d_msgs/msg/detail/pose2_d_stamped__type_support.cpp.o[0m
[6.579s] [ 25%] [32mBuilding CXX object CMakeFiles/nav_2d_msgs__rosidl_typesupport_introspection_cpp.dir/rosidl_typesupport_introspection_cpp/nav_2d_msgs/msg/detail/twist2_d__type_support.cpp.o[0m
[6.643s] [ 26%] [32mBuilding CXX object CMakeFiles/nav_2d_msgs__rosidl_typesupport_cpp.dir/rosidl_typesupport_cpp/nav_2d_msgs/msg/path2_d__type_support.cpp.o[0m
[7.132s] [35m[1mScanning dependencies of target nav_2d_msgs__rosidl_typesupport_fastrtps_cpp[0m
[7.208s] [35m[1mScanning dependencies of target nav_2d_msgs__rosidl_typesupport_c[0m
[7.228s] [ 28%] [32mBuilding CXX object CMakeFiles/nav_2d_msgs__rosidl_typesupport_fastrtps_cpp.dir/rosidl_typesupport_fastrtps_cpp/nav_2d_msgs/msg/detail/dds_fastrtps/path2_d__type_support.cpp.o[0m
[7.289s] [ 29%] [32mBuilding CXX object CMakeFiles/nav_2d_msgs__rosidl_typesupport_c.dir/rosidl_typesupport_c/nav_2d_msgs/msg/path2_d__type_support.cpp.o[0m
[7.326s] [35m[1mScanning dependencies of target nav_2d_msgs__rosidl_typesupport_introspection_c[0m
[7.429s] [ 30%] [32mBuilding C object CMakeFiles/nav_2d_msgs__rosidl_typesupport_introspection_c.dir/rosidl_typesupport_introspection_c/nav_2d_msgs/msg/detail/path2_d__type_support.c.o[0m
[7.434s] [ 32%] [32mBuilding CXX object CMakeFiles/nav_2d_msgs__rosidl_typesupport_c.dir/rosidl_typesupport_c/nav_2d_msgs/msg/pose2_d32__type_support.cpp.o[0m
[7.614s] [ 33%] [32mBuilding C object CMakeFiles/nav_2d_msgs__rosidl_typesupport_introspection_c.dir/rosidl_typesupport_introspection_c/nav_2d_msgs/msg/detail/pose2_d32__type_support.c.o[0m
[7.624s] [ 35%] [32mBuilding CXX object CMakeFiles/nav_2d_msgs__rosidl_typesupport_introspection_cpp.dir/rosidl_typesupport_introspection_cpp/nav_2d_msgs/msg/detail/twist2_d32__type_support.cpp.o[0m
[7.659s] [ 36%] [32mBuilding CXX object CMakeFiles/nav_2d_msgs__rosidl_typesupport_fastrtps_cpp.dir/rosidl_typesupport_fastrtps_cpp/nav_2d_msgs/msg/detail/dds_fastrtps/pose2_d32__type_support.cpp.o[0m
[7.684s] [ 38%] [32mBuilding CXX object CMakeFiles/nav_2d_msgs__rosidl_typesupport_c.dir/rosidl_typesupport_c/nav_2d_msgs/msg/pose2_d_stamped__type_support.cpp.o[0m
[7.692s] [ 39%] [32mBuilding CXX object CMakeFiles/nav_2d_msgs__rosidl_typesupport_cpp.dir/rosidl_typesupport_cpp/nav_2d_msgs/msg/pose2_d32__type_support.cpp.o[0m
[7.729s] [ 40%] [32mBuilding CXX object CMakeFiles/nav_2d_msgs__rosidl_typesupport_c.dir/rosidl_typesupport_c/nav_2d_msgs/msg/twist2_d__type_support.cpp.o[0m
[7.797s] [ 42%] [32mBuilding CXX object CMakeFiles/nav_2d_msgs__rosidl_typesupport_fastrtps_cpp.dir/rosidl_typesupport_fastrtps_cpp/nav_2d_msgs/msg/detail/dds_fastrtps/pose2_d_stamped__type_support.cpp.o[0m
[7.844s] [ 43%] [32mBuilding C object CMakeFiles/nav_2d_msgs__rosidl_typesupport_introspection_c.dir/rosidl_typesupport_introspection_c/nav_2d_msgs/msg/detail/pose2_d_stamped__type_support.c.o[0m
[7.910s] [ 45%] [32mBuilding C object CMakeFiles/nav_2d_msgs__rosidl_typesupport_introspection_c.dir/rosidl_typesupport_introspection_c/nav_2d_msgs/msg/detail/twist2_d__type_support.c.o[0m
[7.940s] [ 46%] [32mBuilding CXX object CMakeFiles/nav_2d_msgs__rosidl_typesupport_c.dir/rosidl_typesupport_c/nav_2d_msgs/msg/twist2_d32__type_support.cpp.o[0m
[8.118s] [ 47%] [32mBuilding C object CMakeFiles/nav_2d_msgs__rosidl_typesupport_introspection_c.dir/rosidl_typesupport_introspection_c/nav_2d_msgs/msg/detail/twist2_d32__type_support.c.o[0m
[8.142s] [ 49%] [32mBuilding C object CMakeFiles/nav_2d_msgs__rosidl_typesupport_introspection_c.dir/rosidl_typesupport_introspection_c/nav_2d_msgs/msg/detail/twist2_d_stamped__type_support.c.o[0m
[8.142s] [ 50%] [32mBuilding CXX object CMakeFiles/nav_2d_msgs__rosidl_typesupport_c.dir/rosidl_typesupport_c/nav_2d_msgs/msg/twist2_d_stamped__type_support.cpp.o[0m
[8.282s] [ 52%] [32mBuilding CXX object CMakeFiles/nav_2d_msgs__rosidl_typesupport_cpp.dir/rosidl_typesupport_cpp/nav_2d_msgs/msg/pose2_d_stamped__type_support.cpp.o[0m
[8.292s] [ 53%] [32m[1mLinking C shared library libnav_2d_msgs__rosidl_typesupport_introspection_c.so[0m
[8.367s] [ 54%] [32m[1mLinking CXX shared library libnav_2d_msgs__rosidl_typesupport_c.so[0m
[8.551s] [ 56%] [32mBuilding CXX object CMakeFiles/nav_2d_msgs__rosidl_typesupport_introspection_cpp.dir/rosidl_typesupport_introspection_cpp/nav_2d_msgs/msg/detail/twist2_d_stamped__type_support.cpp.o[0m
[8.620s] [ 56%] Built target nav_2d_msgs__rosidl_typesupport_introspection_c
[8.620s] [ 57%] [32mBuilding CXX object CMakeFiles/nav_2d_msgs__rosidl_typesupport_fastrtps_cpp.dir/rosidl_typesupport_fastrtps_cpp/nav_2d_msgs/msg/detail/dds_fastrtps/twist2_d__type_support.cpp.o[0m
[8.620s] [ 59%] [32mBuilding CXX object CMakeFiles/nav_2d_msgs__rosidl_typesupport_cpp.dir/rosidl_typesupport_cpp/nav_2d_msgs/msg/twist2_d__type_support.cpp.o[0m
[8.670s] [ 60%] [32mBuilding CXX object CMakeFiles/nav_2d_msgs__rosidl_typesupport_fastrtps_cpp.dir/rosidl_typesupport_fastrtps_cpp/nav_2d_msgs/msg/detail/dds_fastrtps/twist2_d32__type_support.cpp.o[0m
[8.685s] [ 60%] Built target nav_2d_msgs__rosidl_typesupport_c
[8.773s] [ 61%] [32mBuilding CXX object CMakeFiles/nav_2d_msgs__rosidl_typesupport_cpp.dir/rosidl_typesupport_cpp/nav_2d_msgs/msg/twist2_d32__type_support.cpp.o[0m
[9.266s] [ 63%] [32mBuilding CXX object CMakeFiles/nav_2d_msgs__rosidl_typesupport_fastrtps_cpp.dir/rosidl_typesupport_fastrtps_cpp/nav_2d_msgs/msg/detail/dds_fastrtps/twist2_d_stamped__type_support.cpp.o[0m
[9.556s] [ 64%] [32mBuilding CXX object CMakeFiles/nav_2d_msgs__rosidl_typesupport_cpp.dir/rosidl_typesupport_cpp/nav_2d_msgs/msg/twist2_d_stamped__type_support.cpp.o[0m
[9.720s] [ 66%] [32m[1mLinking CXX shared library libnav_2d_msgs__rosidl_typesupport_introspection_cpp.so[0m
[10.117s] [ 66%] Built target nav_2d_msgs__rosidl_typesupport_introspection_cpp
[10.756s] [ 67%] [32m[1mLinking CXX shared library libnav_2d_msgs__rosidl_typesupport_cpp.so[0m
[11.015s] [ 67%] Built target nav_2d_msgs__rosidl_typesupport_cpp
[11.150s] [ 69%] [32m[1mLinking CXX shared library libnav_2d_msgs__rosidl_typesupport_fastrtps_cpp.so[0m
[11.449s] [ 69%] Built target nav_2d_msgs__rosidl_typesupport_fastrtps_cpp
[11.490s] [ 70%] [34m[1mGenerating C type support for eProsima Fast-RTPS[0m
[12.210s] [35m[1mScanning dependencies of target nav_2d_msgs__rosidl_typesupport_fastrtps_c[0m
[12.248s] [ 71%] [32mBuilding CXX object CMakeFiles/nav_2d_msgs__rosidl_typesupport_fastrtps_c.dir/rosidl_typesupport_fastrtps_c/nav_2d_msgs/msg/detail/path2_d__type_support_c.cpp.o[0m
[12.285s] [ 73%] [32mBuilding CXX object CMakeFiles/nav_2d_msgs__rosidl_typesupport_fastrtps_c.dir/rosidl_typesupport_fastrtps_c/nav_2d_msgs/msg/detail/pose2_d_stamped__type_support_c.cpp.o[0m
[12.290s] [ 74%] [32mBuilding CXX object CMakeFiles/nav_2d_msgs__rosidl_typesupport_fastrtps_c.dir/rosidl_typesupport_fastrtps_c/nav_2d_msgs/msg/detail/pose2_d32__type_support_c.cpp.o[0m
[12.326s] [ 76%] [32mBuilding CXX object CMakeFiles/nav_2d_msgs__rosidl_typesupport_fastrtps_c.dir/rosidl_typesupport_fastrtps_c/nav_2d_msgs/msg/detail/twist2_d__type_support_c.cpp.o[0m
[12.331s] [ 77%] [32mBuilding CXX object CMakeFiles/nav_2d_msgs__rosidl_typesupport_fastrtps_c.dir/rosidl_typesupport_fastrtps_c/nav_2d_msgs/msg/detail/twist2_d32__type_support_c.cpp.o[0m
[12.432s] [ 78%] [32mBuilding CXX object CMakeFiles/nav_2d_msgs__rosidl_typesupport_fastrtps_c.dir/rosidl_typesupport_fastrtps_c/nav_2d_msgs/msg/detail/twist2_d_stamped__type_support_c.cpp.o[0m
[13.720s] [ 80%] [32m[1mLinking CXX shared library libnav_2d_msgs__rosidl_typesupport_fastrtps_c.so[0m
[14.156s] [ 80%] Built target nav_2d_msgs__rosidl_typesupport_fastrtps_c
[14.246s] [35m[1mScanning dependencies of target nav_2d_msgs[0m
[14.310s] [ 80%] Built target nav_2d_msgs
[14.392s] [35m[1mScanning dependencies of target nav_2d_msgs__py[0m
[14.446s] [ 81%] [34m[1mGenerating Python code for ROS interfaces[0m
[15.986s] [ 81%] Built target nav_2d_msgs__py
[16.004s] [35m[1mScanning dependencies of target nav_2d_msgs__python[0m
[16.057s] [ 83%] [32mBuilding C object CMakeFiles/nav_2d_msgs__python.dir/rosidl_generator_py/nav_2d_msgs/msg/_pose2_d32_s.c.o[0m
[16.079s] [ 84%] [32mBuilding C object CMakeFiles/nav_2d_msgs__python.dir/rosidl_generator_py/nav_2d_msgs/msg/_path2_d_s.c.o[0m
[16.090s] [ 85%] [32mBuilding C object CMakeFiles/nav_2d_msgs__python.dir/rosidl_generator_py/nav_2d_msgs/msg/_twist2_d_s.c.o[0m
[16.107s] [ 87%] [32mBuilding C object CMakeFiles/nav_2d_msgs__python.dir/rosidl_generator_py/nav_2d_msgs/msg/_twist2_d_stamped_s.c.o[0m
[16.112s] [ 88%] [32mBuilding C object CMakeFiles/nav_2d_msgs__python.dir/rosidl_generator_py/nav_2d_msgs/msg/_pose2_d_stamped_s.c.o[0m
[16.127s] [ 90%] [32mBuilding C object CMakeFiles/nav_2d_msgs__python.dir/rosidl_generator_py/nav_2d_msgs/msg/_twist2_d32_s.c.o[0m
[16.473s] [ 91%] [32m[1mLinking C shared library rosidl_generator_py/nav_2d_msgs/libnav_2d_msgs__python.so[0m
[16.600s] [ 91%] Built target nav_2d_msgs__python
[16.643s] [35m[1mScanning dependencies of target nav_2d_msgs__rosidl_typesupport_fastrtps_c__pyext[0m
[16.645s] [35m[1mScanning dependencies of target nav_2d_msgs__rosidl_typesupport_c__pyext[0m
[16.650s] [35m[1mScanning dependencies of target nav_2d_msgs__rosidl_typesupport_introspection_c__pyext[0m
[16.684s] [ 92%] [32mBuilding C object CMakeFiles/nav_2d_msgs__rosidl_typesupport_c__pyext.dir/rosidl_generator_py/nav_2d_msgs/_nav_2d_msgs_s.ep.rosidl_typesupport_c.c.o[0m
[16.735s] [ 94%] [32mBuilding C object CMakeFiles/nav_2d_msgs__rosidl_typesupport_introspection_c__pyext.dir/rosidl_generator_py/nav_2d_msgs/_nav_2d_msgs_s.ep.rosidl_typesupport_introspection_c.c.o[0m
[16.742s] [ 95%] [32mBuilding C object CMakeFiles/nav_2d_msgs__rosidl_typesupport_fastrtps_c__pyext.dir/rosidl_generator_py/nav_2d_msgs/_nav_2d_msgs_s.ep.rosidl_typesupport_fastrtps_c.c.o[0m
[16.888s] [ 97%] [32m[1mLinking CXX shared library rosidl_generator_py/nav_2d_msgs/nav_2d_msgs_s__rosidl_typesupport_fastrtps_c.cpython-38-x86_64-linux-gnu.so[0m
[17.003s] [ 98%] [32m[1mLinking C shared library rosidl_generator_py/nav_2d_msgs/nav_2d_msgs_s__rosidl_typesupport_introspection_c.cpython-38-x86_64-linux-gnu.so[0m
[17.033s] [100%] [32m[1mLinking C shared library rosidl_generator_py/nav_2d_msgs/nav_2d_msgs_s__rosidl_typesupport_c.cpython-38-x86_64-linux-gnu.so[0m
[17.138s] [100%] Built target nav_2d_msgs__rosidl_typesupport_introspection_c__pyext
[17.140s] [100%] Built target nav_2d_msgs__rosidl_typesupport_c__pyext
[17.201s] [100%] Built target nav_2d_msgs__rosidl_typesupport_fastrtps_c__pyext
[17.238s] Invoked command in '/home/adas/Documents/Ayush/dev/straight_ws/build/nav_2d_msgs' returned '0': CMAKE_PREFIX_PATH=${CMAKE_PREFIX_PATH}:/home/adas/Documents/Ayush/dev/straightline_ws/install/examples_tf2_py:/home/adas/Documents/Ayush/dev/straightline_ws/install/nav2_simple_commander:/home/adas/Documents/Ayush/dev/straightline_ws/install/nav2_gazebo_spawner:/opt/ros/foxy /usr/bin/cmake --build /home/adas/Documents/Ayush/dev/straight_ws/build/nav_2d_msgs -- -j8 -l8
[19.170s] Invoking command in '/home/adas/Documents/Ayush/dev/straight_ws/build/nav_2d_msgs': CMAKE_PREFIX_PATH=${CMAKE_PREFIX_PATH}:/home/adas/Documents/Ayush/dev/straightline_ws/install/examples_tf2_py:/home/adas/Documents/Ayush/dev/straightline_ws/install/nav2_simple_commander:/home/adas/Documents/Ayush/dev/straightline_ws/install/nav2_gazebo_spawner:/opt/ros/foxy /usr/bin/cmake --install /home/adas/Documents/Ayush/dev/straight_ws/build/nav_2d_msgs
[19.197s] -- Install configuration: ""
[19.198s] -- Installing: /home/adas/Documents/Ayush/dev/straight_ws/install/nav_2d_msgs/share/ament_index/resource_index/rosidl_interfaces/nav_2d_msgs
[19.198s] -- Installing: /home/adas/Documents/Ayush/dev/straight_ws/install/nav_2d_msgs/include/nav_2d_msgs
[19.198s] -- Installing: /home/adas/Documents/Ayush/dev/straight_ws/install/nav_2d_msgs/include/nav_2d_msgs/msg
[19.198s] -- Installing: /home/adas/Documents/Ayush/dev/straight_ws/install/nav_2d_msgs/include/nav_2d_msgs/msg/twist2_d.h
[19.198s] -- Installing: /home/adas/Documents/Ayush/dev/straight_ws/install/nav_2d_msgs/include/nav_2d_msgs/msg/rosidl_generator_c__visibility_control.h
[19.199s] -- Installing: /home/adas/Documents/Ayush/dev/straight_ws/install/nav_2d_msgs/include/nav_2d_msgs/msg/twist2_d32.h
[19.200s] -- Installing: /home/adas/Documents/Ayush/dev/straight_ws/install/nav_2d_msgs/include/nav_2d_msgs/msg/twist2_d_stamped.h
[19.201s] -- Installing: /home/adas/Documents/Ayush/dev/straight_ws/install/nav_2d_msgs/include/nav_2d_msgs/msg/pose2_d_stamped.h
[19.201s] -- Installing: /home/adas/Documents/Ayush/dev/straight_ws/install/nav_2d_msgs/include/nav_2d_msgs/msg/pose2_d32.h
[19.201s] -- Installing: /home/adas/Documents/Ayush/dev/straight_ws/install/nav_2d_msgs/include/nav_2d_msgs/msg/detail
[19.201s] -- Installing: /home/adas/Documents/Ayush/dev/straight_ws/install/nav_2d_msgs/include/nav_2d_msgs/msg/detail/path2_d__functions.h
[19.201s] -- Installing: /home/adas/Documents/Ayush/dev/straight_ws/install/nav_2d_msgs/include/nav_2d_msgs/msg/detail/pose2_d32__functions.c
[19.201s] -- Installing: /home/adas/Documents/Ayush/dev/straight_ws/install/nav_2d_msgs/include/nav_2d_msgs/msg/detail/twist2_d32__type_support.h
[19.201s] -- Installing: /home/adas/Documents/Ayush/dev/straight_ws/install/nav_2d_msgs/include/nav_2d_msgs/msg/detail/twist2_d_stamped__struct.h
[19.201s] -- Installing: /home/adas/Documents/Ayush/dev/straight_ws/install/nav_2d_msgs/include/nav_2d_msgs/msg/detail/twist2_d32__functions.c
[19.201s] -- Installing: /home/adas/Documents/Ayush/dev/straight_ws/install/nav_2d_msgs/include/nav_2d_msgs/msg/detail/twist2_d_stamped__functions.c
[19.201s] -- Installing: /home/adas/Documents/Ayush/dev/straight_ws/install/nav_2d_msgs/include/nav_2d_msgs/msg/detail/path2_d__functions.c
[19.202s] -- Installing: /home/adas/Documents/Ayush/dev/straight_ws/install/nav_2d_msgs/include/nav_2d_msgs/msg/detail/twist2_d_stamped__functions.h
[19.202s] -- Installing: /home/adas/Documents/Ayush/dev/straight_ws/install/nav_2d_msgs/include/nav_2d_msgs/msg/detail/pose2_d32__struct.h
[19.202s] -- Installing: /home/adas/Documents/Ayush/dev/straight_ws/install/nav_2d_msgs/include/nav_2d_msgs/msg/detail/pose2_d_stamped__type_support.h
[19.202s] -- Installing: /home/adas/Documents/Ayush/dev/straight_ws/install/nav_2d_msgs/include/nav_2d_msgs/msg/detail/pose2_d32__functions.h
[19.202s] -- Installing: /home/adas/Documents/Ayush/dev/straight_ws/install/nav_2d_msgs/include/nav_2d_msgs/msg/detail/twist2_d__functions.c
[19.202s] -- Installing: /home/adas/Documents/Ayush/dev/straight_ws/install/nav_2d_msgs/include/nav_2d_msgs/msg/detail/pose2_d32__type_support.h
[19.202s] -- Installing: /home/adas/Documents/Ayush/dev/straight_ws/install/nav_2d_msgs/include/nav_2d_msgs/msg/detail/path2_d__struct.h
[19.203s] -- Installing: /home/adas/Documents/Ayush/dev/straight_ws/install/nav_2d_msgs/include/nav_2d_msgs/msg/detail/path2_d__type_support.h
[19.203s] -- Installing: /home/adas/Documents/Ayush/dev/straight_ws/install/nav_2d_msgs/include/nav_2d_msgs/msg/detail/twist2_d__struct.h
[19.203s] -- Installing: /home/adas/Documents/Ayush/dev/straight_ws/install/nav_2d_msgs/include/nav_2d_msgs/msg/detail/twist2_d_stamped__type_support.h
[19.204s] -- Installing: /home/adas/Documents/Ayush/dev/straight_ws/install/nav_2d_msgs/include/nav_2d_msgs/msg/detail/twist2_d__type_support.h
[19.204s] -- Installing: /home/adas/Documents/Ayush/dev/straight_ws/install/nav_2d_msgs/include/nav_2d_msgs/msg/detail/pose2_d_stamped__functions.h
[19.204s] -- Installing: /home/adas/Documents/Ayush/dev/straight_ws/install/nav_2d_msgs/include/nav_2d_msgs/msg/detail/pose2_d_stamped__struct.h
[19.205s] -- Installing: /home/adas/Documents/Ayush/dev/straight_ws/install/nav_2d_msgs/include/nav_2d_msgs/msg/detail/twist2_d32__struct.h
[19.205s] -- Installing: /home/adas/Documents/Ayush/dev/straight_ws/install/nav_2d_msgs/include/nav_2d_msgs/msg/detail/pose2_d_stamped__functions.c
[19.205s] -- Installing: /home/adas/Documents/Ayush/dev/straight_ws/install/nav_2d_msgs/include/nav_2d_msgs/msg/detail/twist2_d32__functions.h
[19.205s] -- Installing: /home/adas/Documents/Ayush/dev/straight_ws/install/nav_2d_msgs/include/nav_2d_msgs/msg/detail/twist2_d__functions.h
[19.206s] -- Installing: /home/adas/Documents/Ayush/dev/straight_ws/install/nav_2d_msgs/include/nav_2d_msgs/msg/path2_d.h
[19.206s] -- Installing: /home/adas/Documents/Ayush/dev/straight_ws/install/nav_2d_msgs/share/nav_2d_msgs/environment/library_path.sh
[19.207s] -- Installing: /home/adas/Documents/Ayush/dev/straight_ws/install/nav_2d_msgs/share/nav_2d_msgs/environment/library_path.dsv
[19.207s] -- Installing: /home/adas/Documents/Ayush/dev/straight_ws/install/nav_2d_msgs/lib/libnav_2d_msgs__rosidl_generator_c.so
[19.208s] -- Set runtime path of "/home/adas/Documents/Ayush/dev/straight_ws/install/nav_2d_msgs/lib/libnav_2d_msgs__rosidl_generator_c.so" to ""
[19.208s] -- Up-to-date: /home/adas/Documents/Ayush/dev/straight_ws/install/nav_2d_msgs/include/nav_2d_msgs
[19.208s] -- Up-to-date: /home/adas/Documents/Ayush/dev/straight_ws/install/nav_2d_msgs/include/nav_2d_msgs/msg
[19.209s] -- Installing: /home/adas/Documents/Ayush/dev/straight_ws/install/nav_2d_msgs/include/nav_2d_msgs/msg/rosidl_typesupport_fastrtps_c__visibility_control.h
[19.209s] -- Up-to-date: /home/adas/Documents/Ayush/dev/straight_ws/install/nav_2d_msgs/include/nav_2d_msgs/msg/detail
[19.209s] -- Installing: /home/adas/Documents/Ayush/dev/straight_ws/install/nav_2d_msgs/include/nav_2d_msgs/msg/detail/pose2_d_stamped__rosidl_typesupport_fastrtps_c.h
[19.209s] -- Installing: /home/adas/Documents/Ayush/dev/straight_ws/install/nav_2d_msgs/include/nav_2d_msgs/msg/detail/path2_d__rosidl_typesupport_fastrtps_c.h
[19.210s] -- Installing: /home/adas/Documents/Ayush/dev/straight_ws/install/nav_2d_msgs/include/nav_2d_msgs/msg/detail/twist2_d32__rosidl_typesupport_fastrtps_c.h
[19.210s] -- Installing: /home/adas/Documents/Ayush/dev/straight_ws/install/nav_2d_msgs/include/nav_2d_msgs/msg/detail/twist2_d_stamped__rosidl_typesupport_fastrtps_c.h
[19.210s] -- Installing: /home/adas/Documents/Ayush/dev/straight_ws/install/nav_2d_msgs/include/nav_2d_msgs/msg/detail/twist2_d__rosidl_typesupport_fastrtps_c.h
[19.211s] -- Installing: /home/adas/Documents/Ayush/dev/straight_ws/install/nav_2d_msgs/include/nav_2d_msgs/msg/detail/pose2_d32__rosidl_typesupport_fastrtps_c.h
[19.211s] -- Installing: /home/adas/Documents/Ayush/dev/straight_ws/install/nav_2d_msgs/lib/libnav_2d_msgs__rosidl_typesupport_fastrtps_c.so
[19.212s] -- Set runtime path of "/home/adas/Documents/Ayush/dev/straight_ws/install/nav_2d_msgs/lib/libnav_2d_msgs__rosidl_typesupport_fastrtps_c.so" to ""
[19.212s] -- Up-to-date: /home/adas/Documents/Ayush/dev/straight_ws/install/nav_2d_msgs/include/nav_2d_msgs
[19.212s] -- Up-to-date: /home/adas/Documents/Ayush/dev/straight_ws/install/nav_2d_msgs/include/nav_2d_msgs/msg
[19.212s] -- Installing: /home/adas/Documents/Ayush/dev/straight_ws/install/nav_2d_msgs/include/nav_2d_msgs/msg/rosidl_typesupport_fastrtps_cpp__visibility_control.h
[19.213s] -- Up-to-date: /home/adas/Documents/Ayush/dev/straight_ws/install/nav_2d_msgs/include/nav_2d_msgs/msg/detail
[19.213s] -- Installing: /home/adas/Documents/Ayush/dev/straight_ws/install/nav_2d_msgs/include/nav_2d_msgs/msg/detail/twist2_d_stamped__rosidl_typesupport_fastrtps_cpp.hpp
[19.213s] -- Installing: /home/adas/Documents/Ayush/dev/straight_ws/install/nav_2d_msgs/include/nav_2d_msgs/msg/detail/dds_fastrtps
[19.213s] -- Installing: /home/adas/Documents/Ayush/dev/straight_ws/install/nav_2d_msgs/include/nav_2d_msgs/msg/detail/path2_d__rosidl_typesupport_fastrtps_cpp.hpp
[19.214s] -- Installing: /home/adas/Documents/Ayush/dev/straight_ws/install/nav_2d_msgs/include/nav_2d_msgs/msg/detail/pose2_d_stamped__rosidl_typesupport_fastrtps_cpp.hpp
[19.214s] -- Installing: /home/adas/Documents/Ayush/dev/straight_ws/install/nav_2d_msgs/include/nav_2d_msgs/msg/detail/twist2_d__rosidl_typesupport_fastrtps_cpp.hpp
[19.214s] -- Installing: /home/adas/Documents/Ayush/dev/straight_ws/install/nav_2d_msgs/include/nav_2d_msgs/msg/detail/pose2_d32__rosidl_typesupport_fastrtps_cpp.hpp
[19.215s] -- Installing: /home/adas/Documents/Ayush/dev/straight_ws/install/nav_2d_msgs/include/nav_2d_msgs/msg/detail/twist2_d32__rosidl_typesupport_fastrtps_cpp.hpp
[19.215s] -- Installing: /home/adas/Documents/Ayush/dev/straight_ws/install/nav_2d_msgs/lib/libnav_2d_msgs__rosidl_typesupport_fastrtps_cpp.so
[19.216s] -- Set runtime path of "/home/adas/Documents/Ayush/dev/straight_ws/install/nav_2d_msgs/lib/libnav_2d_msgs__rosidl_typesupport_fastrtps_cpp.so" to ""
[19.217s] -- Up-to-date: /home/adas/Documents/Ayush/dev/straight_ws/install/nav_2d_msgs/include/nav_2d_msgs
[19.217s] -- Up-to-date: /home/adas/Documents/Ayush/dev/straight_ws/install/nav_2d_msgs/include/nav_2d_msgs/msg
[19.217s] -- Installing: /home/adas/Documents/Ayush/dev/straight_ws/install/nav_2d_msgs/include/nav_2d_msgs/msg/rosidl_typesupport_introspection_c__visibility_control.h
[19.217s] -- Up-to-date: /home/adas/Documents/Ayush/dev/straight_ws/install/nav_2d_msgs/include/nav_2d_msgs/msg/detail
[19.218s] -- Installing: /home/adas/Documents/Ayush/dev/straight_ws/install/nav_2d_msgs/include/nav_2d_msgs/msg/detail/path2_d__type_support.c
[19.218s] -- Installing: /home/adas/Documents/Ayush/dev/straight_ws/install/nav_2d_msgs/include/nav_2d_msgs/msg/detail/path2_d__rosidl_typesupport_introspection_c.h
[19.218s] -- Installing: /home/adas/Documents/Ayush/dev/straight_ws/install/nav_2d_msgs/include/nav_2d_msgs/msg/detail/pose2_d_stamped__type_support.c
[19.219s] -- Installing: /home/adas/Documents/Ayush/dev/straight_ws/install/nav_2d_msgs/include/nav_2d_msgs/msg/detail/twist2_d__type_support.c
[19.219s] -- Installing: /home/adas/Documents/Ayush/dev/straight_ws/install/nav_2d_msgs/include/nav_2d_msgs/msg/detail/pose2_d_stamped__rosidl_typesupport_introspection_c.h
[19.219s] -- Installing: /home/adas/Documents/Ayush/dev/straight_ws/install/nav_2d_msgs/include/nav_2d_msgs/msg/detail/pose2_d32__rosidl_typesupport_introspection_c.h
[19.219s] -- Installing: /home/adas/Documents/Ayush/dev/straight_ws/install/nav_2d_msgs/include/nav_2d_msgs/msg/detail/twist2_d_stamped__rosidl_typesupport_introspection_c.h
[19.220s] -- Installing: /home/adas/Documents/Ayush/dev/straight_ws/install/nav_2d_msgs/include/nav_2d_msgs/msg/detail/twist2_d32__rosidl_typesupport_introspection_c.h
[19.220s] -- Installing: /home/adas/Documents/Ayush/dev/straight_ws/install/nav_2d_msgs/include/nav_2d_msgs/msg/detail/pose2_d32__type_support.c
[19.220s] -- Installing: /home/adas/Documents/Ayush/dev/straight_ws/install/nav_2d_msgs/include/nav_2d_msgs/msg/detail/twist2_d__rosidl_typesupport_introspection_c.h
[19.221s] -- Installing: /home/adas/Documents/Ayush/dev/straight_ws/install/nav_2d_msgs/include/nav_2d_msgs/msg/detail/twist2_d_stamped__type_support.c
[19.221s] -- Installing: /home/adas/Documents/Ayush/dev/straight_ws/install/nav_2d_msgs/include/nav_2d_msgs/msg/detail/twist2_d32__type_support.c
[19.221s] -- Installing: /home/adas/Documents/Ayush/dev/straight_ws/install/nav_2d_msgs/lib/libnav_2d_msgs__rosidl_typesupport_introspection_c.so
[19.222s] -- Set runtime path of "/home/adas/Documents/Ayush/dev/straight_ws/install/nav_2d_msgs/lib/libnav_2d_msgs__rosidl_typesupport_introspection_c.so" to ""
[19.222s] -- Installing: /home/adas/Documents/Ayush/dev/straight_ws/install/nav_2d_msgs/lib/libnav_2d_msgs__rosidl_typesupport_c.so
[19.223s] -- Set runtime path of "/home/adas/Documents/Ayush/dev/straight_ws/install/nav_2d_msgs/lib/libnav_2d_msgs__rosidl_typesupport_c.so" to ""
[19.223s] -- Up-to-date: /home/adas/Documents/Ayush/dev/straight_ws/install/nav_2d_msgs/include/nav_2d_msgs
[19.223s] -- Up-to-date: /home/adas/Documents/Ayush/dev/straight_ws/install/nav_2d_msgs/include/nav_2d_msgs/msg
[19.224s] -- Installing: /home/adas/Documents/Ayush/dev/straight_ws/install/nav_2d_msgs/include/nav_2d_msgs/msg/path2_d.hpp
[19.224s] -- Installing: /home/adas/Documents/Ayush/dev/straight_ws/install/nav_2d_msgs/include/nav_2d_msgs/msg/twist2_d_stamped.hpp
[19.224s] -- Installing: /home/adas/Documents/Ayush/dev/straight_ws/install/nav_2d_msgs/include/nav_2d_msgs/msg/pose2_d_stamped.hpp
[19.225s] -- Installing: /home/adas/Documents/Ayush/dev/straight_ws/install/nav_2d_msgs/include/nav_2d_msgs/msg/twist2_d.hpp
[19.225s] -- Installing: /home/adas/Documents/Ayush/dev/straight_ws/install/nav_2d_msgs/include/nav_2d_msgs/msg/pose2_d32.hpp
[19.225s] -- Installing: /home/adas/Documents/Ayush/dev/straight_ws/install/nav_2d_msgs/include/nav_2d_msgs/msg/twist2_d32.hpp
[19.226s] -- Up-to-date: /home/adas/Documents/Ayush/dev/straight_ws/install/nav_2d_msgs/include/nav_2d_msgs/msg/detail
[19.226s] -- Installing: /home/adas/Documents/Ayush/dev/straight_ws/install/nav_2d_msgs/include/nav_2d_msgs/msg/detail/path2_d__struct.hpp
[19.226s] -- Installing: /home/adas/Documents/Ayush/dev/straight_ws/install/nav_2d_msgs/include/nav_2d_msgs/msg/detail/twist2_d32__struct.hpp
[19.227s] -- Installing: /home/adas/Documents/Ayush/dev/straight_ws/install/nav_2d_msgs/include/nav_2d_msgs/msg/detail/twist2_d__traits.hpp
[19.227s] -- Installing: /home/adas/Documents/Ayush/dev/straight_ws/install/nav_2d_msgs/include/nav_2d_msgs/msg/detail/twist2_d_stamped__struct.hpp
[19.227s] -- Installing: /home/adas/Documents/Ayush/dev/straight_ws/install/nav_2d_msgs/include/nav_2d_msgs/msg/detail/twist2_d32__builder.hpp
[19.228s] -- Installing: /home/adas/Documents/Ayush/dev/straight_ws/install/nav_2d_msgs/include/nav_2d_msgs/msg/detail/pose2_d32__builder.hpp
[19.228s] -- Installing: /home/adas/Documents/Ayush/dev/straight_ws/install/nav_2d_msgs/include/nav_2d_msgs/msg/detail/path2_d__builder.hpp
[19.228s] -- Installing: /home/adas/Documents/Ayush/dev/straight_ws/install/nav_2d_msgs/include/nav_2d_msgs/msg/detail/twist2_d__struct.hpp
[19.228s] -- Installing: /home/adas/Documents/Ayush/dev/straight_ws/install/nav_2d_msgs/include/nav_2d_msgs/msg/detail/pose2_d_stamped__struct.hpp
[19.229s] -- Installing: /home/adas/Documents/Ayush/dev/straight_ws/install/nav_2d_msgs/include/nav_2d_msgs/msg/detail/pose2_d32__struct.hpp
[19.229s] -- Installing: /home/adas/Documents/Ayush/dev/straight_ws/install/nav_2d_msgs/include/nav_2d_msgs/msg/detail/twist2_d32__traits.hpp
[19.229s] -- Installing: /home/adas/Documents/Ayush/dev/straight_ws/install/nav_2d_msgs/include/nav_2d_msgs/msg/detail/pose2_d_stamped__builder.hpp
[19.230s] -- Installing: /home/adas/Documents/Ayush/dev/straight_ws/install/nav_2d_msgs/include/nav_2d_msgs/msg/detail/path2_d__traits.hpp
[19.230s] -- Installing: /home/adas/Documents/Ayush/dev/straight_ws/install/nav_2d_msgs/include/nav_2d_msgs/msg/detail/pose2_d32__traits.hpp
[19.230s] -- Installing: /home/adas/Documents/Ayush/dev/straight_ws/install/nav_2d_msgs/include/nav_2d_msgs/msg/detail/twist2_d_stamped__builder.hpp
[19.231s] -- Installing: /home/adas/Documents/Ayush/dev/straight_ws/install/nav_2d_msgs/include/nav_2d_msgs/msg/detail/twist2_d_stamped__traits.hpp
[19.231s] -- Installing: /home/adas/Documents/Ayush/dev/straight_ws/install/nav_2d_msgs/include/nav_2d_msgs/msg/detail/twist2_d__builder.hpp
[19.231s] -- Installing: /home/adas/Documents/Ayush/dev/straight_ws/install/nav_2d_msgs/include/nav_2d_msgs/msg/detail/pose2_d_stamped__traits.hpp
[19.231s] -- Up-to-date: /home/adas/Documents/Ayush/dev/straight_ws/install/nav_2d_msgs/include/nav_2d_msgs
[19.232s] -- Up-to-date: /home/adas/Documents/Ayush/dev/straight_ws/install/nav_2d_msgs/include/nav_2d_msgs/msg
[19.232s] -- Up-to-date: /home/adas/Documents/Ayush/dev/straight_ws/install/nav_2d_msgs/include/nav_2d_msgs/msg/detail
[19.232s] -- Installing: /home/adas/Documents/Ayush/dev/straight_ws/install/nav_2d_msgs/include/nav_2d_msgs/msg/detail/pose2_d_stamped__type_support.cpp
[19.232s] -- Installing: /home/adas/Documents/Ayush/dev/straight_ws/install/nav_2d_msgs/include/nav_2d_msgs/msg/detail/pose2_d32__type_support.cpp
[19.233s] -- Installing: /home/adas/Documents/Ayush/dev/straight_ws/install/nav_2d_msgs/include/nav_2d_msgs/msg/detail/pose2_d_stamped__rosidl_typesupport_introspection_cpp.hpp
[19.233s] -- Installing: /home/adas/Documents/Ayush/dev/straight_ws/install/nav_2d_msgs/include/nav_2d_msgs/msg/detail/twist2_d_stamped__rosidl_typesupport_introspection_cpp.hpp
[19.233s] -- Installing: /home/adas/Documents/Ayush/dev/straight_ws/install/nav_2d_msgs/include/nav_2d_msgs/msg/detail/twist2_d__type_support.cpp
[19.234s] -- Installing: /home/adas/Documents/Ayush/dev/straight_ws/install/nav_2d_msgs/include/nav_2d_msgs/msg/detail/path2_d__type_support.cpp
[19.234s] -- Installing: /home/adas/Documents/Ayush/dev/straight_ws/install/nav_2d_msgs/include/nav_2d_msgs/msg/detail/twist2_d__rosidl_typesupport_introspection_cpp.hpp
[19.234s] -- Installing: /home/adas/Documents/Ayush/dev/straight_ws/install/nav_2d_msgs/include/nav_2d_msgs/msg/detail/twist2_d_stamped__type_support.cpp
[19.235s] -- Installing: /home/adas/Documents/Ayush/dev/straight_ws/install/nav_2d_msgs/include/nav_2d_msgs/msg/detail/pose2_d32__rosidl_typesupport_introspection_cpp.hpp
[19.235s] -- Installing: /home/adas/Documents/Ayush/dev/straight_ws/install/nav_2d_msgs/include/nav_2d_msgs/msg/detail/twist2_d32__type_support.cpp
[19.235s] -- Installing: /home/adas/Documents/Ayush/dev/straight_ws/install/nav_2d_msgs/include/nav_2d_msgs/msg/detail/twist2_d32__rosidl_typesupport_introspection_cpp.hpp
[19.236s] -- Installing: /home/adas/Documents/Ayush/dev/straight_ws/install/nav_2d_msgs/include/nav_2d_msgs/msg/detail/path2_d__rosidl_typesupport_introspection_cpp.hpp
[19.236s] -- Installing: /home/adas/Documents/Ayush/dev/straight_ws/install/nav_2d_msgs/lib/libnav_2d_msgs__rosidl_typesupport_introspection_cpp.so
[19.237s] -- Set runtime path of "/home/adas/Documents/Ayush/dev/straight_ws/install/nav_2d_msgs/lib/libnav_2d_msgs__rosidl_typesupport_introspection_cpp.so" to ""
[19.238s] -- Installing: /home/adas/Documents/Ayush/dev/straight_ws/install/nav_2d_msgs/lib/libnav_2d_msgs__rosidl_typesupport_cpp.so
[19.238s] -- Set runtime path of "/home/adas/Documents/Ayush/dev/straight_ws/install/nav_2d_msgs/lib/libnav_2d_msgs__rosidl_typesupport_cpp.so" to ""
[19.239s] -- Installing: /home/adas/Documents/Ayush/dev/straight_ws/install/nav_2d_msgs/share/nav_2d_msgs/environment/pythonpath.sh
[19.239s] -- Installing: /home/adas/Documents/Ayush/dev/straight_ws/install/nav_2d_msgs/share/nav_2d_msgs/environment/pythonpath.dsv
[19.239s] -- Installing: /home/adas/Documents/Ayush/dev/straight_ws/install/nav_2d_msgs/lib/python3.8/site-packages/nav_2d_msgs/__init__.py
[19.367s] Compiling '/home/adas/Documents/Ayush/dev/straight_ws/install/nav_2d_msgs/lib/python3.8/site-packages/nav_2d_msgs/__init__.py'...
[19.373s] -- Installing: /home/adas/Documents/Ayush/dev/straight_ws/install/nav_2d_msgs/lib/python3.8/site-packages/nav_2d_msgs/msg
[19.373s] -- Installing: /home/adas/Documents/Ayush/dev/straight_ws/install/nav_2d_msgs/lib/python3.8/site-packages/nav_2d_msgs/msg/_path2_d_s.c
[19.373s] -- Installing: /home/adas/Documents/Ayush/dev/straight_ws/install/nav_2d_msgs/lib/python3.8/site-packages/nav_2d_msgs/msg/_twist2_d32.py
[19.373s] -- Installing: /home/adas/Documents/Ayush/dev/straight_ws/install/nav_2d_msgs/lib/python3.8/site-packages/nav_2d_msgs/msg/_pose2_d_stamped.py
[19.373s] -- Installing: /home/adas/Documents/Ayush/dev/straight_ws/install/nav_2d_msgs/lib/python3.8/site-packages/nav_2d_msgs/msg/_pose2_d32_s.c
[19.373s] -- Installing: /home/adas/Documents/Ayush/dev/straight_ws/install/nav_2d_msgs/lib/python3.8/site-packages/nav_2d_msgs/msg/_path2_d.py
[19.374s] -- Installing: /home/adas/Documents/Ayush/dev/straight_ws/install/nav_2d_msgs/lib/python3.8/site-packages/nav_2d_msgs/msg/_twist2_d_stamped.py
[19.374s] -- Installing: /home/adas/Documents/Ayush/dev/straight_ws/install/nav_2d_msgs/lib/python3.8/site-packages/nav_2d_msgs/msg/_twist2_d_stamped_s.c
[19.374s] -- Installing: /home/adas/Documents/Ayush/dev/straight_ws/install/nav_2d_msgs/lib/python3.8/site-packages/nav_2d_msgs/msg/_twist2_d.py
[19.374s] -- Installing: /home/adas/Documents/Ayush/dev/straight_ws/install/nav_2d_msgs/lib/python3.8/site-packages/nav_2d_msgs/msg/_twist2_d_s.c
[19.374s] -- Installing: /home/adas/Documents/Ayush/dev/straight_ws/install/nav_2d_msgs/lib/python3.8/site-packages/nav_2d_msgs/msg/_twist2_d32_s.c
[19.375s] -- Installing: /home/adas/Documents/Ayush/dev/straight_ws/install/nav_2d_msgs/lib/python3.8/site-packages/nav_2d_msgs/msg/__init__.py
[19.375s] -- Installing: /home/adas/Documents/Ayush/dev/straight_ws/install/nav_2d_msgs/lib/python3.8/site-packages/nav_2d_msgs/msg/_pose2_d32.py
[19.375s] -- Installing: /home/adas/Documents/Ayush/dev/straight_ws/install/nav_2d_msgs/lib/python3.8/site-packages/nav_2d_msgs/msg/_pose2_d_stamped_s.c
[19.375s] -- Installing: /home/adas/Documents/Ayush/dev/straight_ws/install/nav_2d_msgs/lib/python3.8/site-packages/nav_2d_msgs/nav_2d_msgs_s__rosidl_typesupport_fastrtps_c.cpython-38-x86_64-linux-gnu.so
[19.375s] -- Set runtime path of "/home/adas/Documents/Ayush/dev/straight_ws/install/nav_2d_msgs/lib/python3.8/site-packages/nav_2d_msgs/nav_2d_msgs_s__rosidl_typesupport_fastrtps_c.cpython-38-x86_64-linux-gnu.so" to ""
[19.375s] -- Installing: /home/adas/Documents/Ayush/dev/straight_ws/install/nav_2d_msgs/lib/python3.8/site-packages/nav_2d_msgs/nav_2d_msgs_s__rosidl_typesupport_introspection_c.cpython-38-x86_64-linux-gnu.so
[19.376s] -- Set runtime path of "/home/adas/Documents/Ayush/dev/straight_ws/install/nav_2d_msgs/lib/python3.8/site-packages/nav_2d_msgs/nav_2d_msgs_s__rosidl_typesupport_introspection_c.cpython-38-x86_64-linux-gnu.so" to ""
[19.376s] -- Installing: /home/adas/Documents/Ayush/dev/straight_ws/install/nav_2d_msgs/lib/python3.8/site-packages/nav_2d_msgs/nav_2d_msgs_s__rosidl_typesupport_c.cpython-38-x86_64-linux-gnu.so
[19.377s] -- Set runtime path of "/home/adas/Documents/Ayush/dev/straight_ws/install/nav_2d_msgs/lib/python3.8/site-packages/nav_2d_msgs/nav_2d_msgs_s__rosidl_typesupport_c.cpython-38-x86_64-linux-gnu.so" to ""
[19.377s] -- Installing: /home/adas/Documents/Ayush/dev/straight_ws/install/nav_2d_msgs/lib/libnav_2d_msgs__python.so
[19.378s] -- Set runtime path of "/home/adas/Documents/Ayush/dev/straight_ws/install/nav_2d_msgs/lib/libnav_2d_msgs__python.so" to ""
[19.378s] -- Installing: /home/adas/Documents/Ayush/dev/straight_ws/install/nav_2d_msgs/share/nav_2d_msgs/msg/Path2D.idl
[19.378s] -- Installing: /home/adas/Documents/Ayush/dev/straight_ws/install/nav_2d_msgs/share/nav_2d_msgs/msg/Pose2D32.idl
[19.378s] -- Installing: /home/adas/Documents/Ayush/dev/straight_ws/install/nav_2d_msgs/share/nav_2d_msgs/msg/Pose2DStamped.idl
[19.378s] -- Installing: /home/adas/Documents/Ayush/dev/straight_ws/install/nav_2d_msgs/share/nav_2d_msgs/msg/Twist2D.idl
[19.378s] -- Installing: /home/adas/Documents/Ayush/dev/straight_ws/install/nav_2d_msgs/share/nav_2d_msgs/msg/Twist2D32.idl
[19.379s] -- Installing: /home/adas/Documents/Ayush/dev/straight_ws/install/nav_2d_msgs/share/nav_2d_msgs/msg/Twist2DStamped.idl
[19.379s] -- Installing: /home/adas/Documents/Ayush/dev/straight_ws/install/nav_2d_msgs/share/nav_2d_msgs/msg/Path2D.msg
[19.379s] -- Installing: /home/adas/Documents/Ayush/dev/straight_ws/install/nav_2d_msgs/share/nav_2d_msgs/msg/Pose2D32.msg
[19.379s] -- Installing: /home/adas/Documents/Ayush/dev/straight_ws/install/nav_2d_msgs/share/nav_2d_msgs/msg/Pose2DStamped.msg
[19.379s] -- Installing: /home/adas/Documents/Ayush/dev/straight_ws/install/nav_2d_msgs/share/nav_2d_msgs/msg/Twist2D.msg
[19.379s] -- Installing: /home/adas/Documents/Ayush/dev/straight_ws/install/nav_2d_msgs/share/nav_2d_msgs/msg/Twist2D32.msg
[19.380s] -- Installing: /home/adas/Documents/Ayush/dev/straight_ws/install/nav_2d_msgs/share/nav_2d_msgs/msg/Twist2DStamped.msg
[19.380s] -- Installing: /home/adas/Documents/Ayush/dev/straight_ws/install/nav_2d_msgs/share/ament_index/resource_index/package_run_dependencies/nav_2d_msgs
[19.380s] -- Installing: /home/adas/Documents/Ayush/dev/straight_ws/install/nav_2d_msgs/share/ament_index/resource_index/parent_prefix_path/nav_2d_msgs
[19.381s] -- Installing: /home/adas/Documents/Ayush/dev/straight_ws/install/nav_2d_msgs/share/nav_2d_msgs/environment/ament_prefix_path.sh
[19.381s] -- Installing: /home/adas/Documents/Ayush/dev/straight_ws/install/nav_2d_msgs/share/nav_2d_msgs/environment/ament_prefix_path.dsv
[19.381s] -- Installing: /home/adas/Documents/Ayush/dev/straight_ws/install/nav_2d_msgs/share/nav_2d_msgs/environment/path.sh
[19.381s] -- Installing: /home/adas/Documents/Ayush/dev/straight_ws/install/nav_2d_msgs/share/nav_2d_msgs/environment/path.dsv
[19.381s] -- Installing: /home/adas/Documents/Ayush/dev/straight_ws/install/nav_2d_msgs/share/nav_2d_msgs/local_setup.bash
[19.381s] -- Installing: /home/adas/Documents/Ayush/dev/straight_ws/install/nav_2d_msgs/share/nav_2d_msgs/local_setup.sh
[19.382s] -- Installing: /home/adas/Documents/Ayush/dev/straight_ws/install/nav_2d_msgs/share/nav_2d_msgs/local_setup.zsh
[19.382s] -- Installing: /home/adas/Documents/Ayush/dev/straight_ws/install/nav_2d_msgs/share/nav_2d_msgs/local_setup.dsv
[19.382s] -- Installing: /home/adas/Documents/Ayush/dev/straight_ws/install/nav_2d_msgs/share/nav_2d_msgs/package.dsv
[19.382s] -- Installing: /home/adas/Documents/Ayush/dev/straight_ws/install/nav_2d_msgs/share/ament_index/resource_index/packages/nav_2d_msgs
[19.382s] -- Installing: /home/adas/Documents/Ayush/dev/straight_ws/install/nav_2d_msgs/share/nav_2d_msgs/cmake/nav_2d_msgs__rosidl_generator_cExport.cmake
[19.383s] -- Installing: /home/adas/Documents/Ayush/dev/straight_ws/install/nav_2d_msgs/share/nav_2d_msgs/cmake/nav_2d_msgs__rosidl_generator_cExport-noconfig.cmake
[19.383s] -- Installing: /home/adas/Documents/Ayush/dev/straight_ws/install/nav_2d_msgs/share/nav_2d_msgs/cmake/nav_2d_msgs__rosidl_typesupport_introspection_cExport.cmake
[19.383s] -- Installing: /home/adas/Documents/Ayush/dev/straight_ws/install/nav_2d_msgs/share/nav_2d_msgs/cmake/nav_2d_msgs__rosidl_typesupport_introspection_cExport-noconfig.cmake
[19.383s] -- Installing: /home/adas/Documents/Ayush/dev/straight_ws/install/nav_2d_msgs/share/nav_2d_msgs/cmake/nav_2d_msgs__rosidl_typesupport_cExport.cmake
[19.383s] -- Installing: /home/adas/Documents/Ayush/dev/straight_ws/install/nav_2d_msgs/share/nav_2d_msgs/cmake/nav_2d_msgs__rosidl_typesupport_cExport-noconfig.cmake
[19.384s] -- Installing: /home/adas/Documents/Ayush/dev/straight_ws/install/nav_2d_msgs/share/nav_2d_msgs/cmake/nav_2d_msgs__rosidl_generator_cppExport.cmake
[19.384s] -- Installing: /home/adas/Documents/Ayush/dev/straight_ws/install/nav_2d_msgs/share/nav_2d_msgs/cmake/nav_2d_msgs__rosidl_typesupport_introspection_cppExport.cmake
[19.384s] -- Installing: /home/adas/Documents/Ayush/dev/straight_ws/install/nav_2d_msgs/share/nav_2d_msgs/cmake/nav_2d_msgs__rosidl_typesupport_introspection_cppExport-noconfig.cmake
[19.384s] -- Installing: /home/adas/Documents/Ayush/dev/straight_ws/install/nav_2d_msgs/share/nav_2d_msgs/cmake/nav_2d_msgs__rosidl_typesupport_cppExport.cmake
[19.385s] -- Installing: /home/adas/Documents/Ayush/dev/straight_ws/install/nav_2d_msgs/share/nav_2d_msgs/cmake/nav_2d_msgs__rosidl_typesupport_cppExport-noconfig.cmake
[19.385s] -- Installing: /home/adas/Documents/Ayush/dev/straight_ws/install/nav_2d_msgs/share/nav_2d_msgs/cmake/rosidl_cmake-extras.cmake
[19.396s] -- Installing: /home/adas/Documents/Ayush/dev/straight_ws/install/nav_2d_msgs/share/nav_2d_msgs/cmake/ament_cmake_export_dependencies-extras.cmake
[19.400s] -- Installing: /home/adas/Documents/Ayush/dev/straight_ws/install/nav_2d_msgs/share/nav_2d_msgs/cmake/ament_cmake_export_libraries-extras.cmake
[19.401s] -- Installing: /home/adas/Documents/Ayush/dev/straight_ws/install/nav_2d_msgs/share/nav_2d_msgs/cmake/ament_cmake_export_targets-extras.cmake
[19.401s] -- Installing: /home/adas/Documents/Ayush/dev/straight_ws/install/nav_2d_msgs/share/nav_2d_msgs/cmake/ament_cmake_export_include_directories-extras.cmake
[19.401s] -- Installing: /home/adas/Documents/Ayush/dev/straight_ws/install/nav_2d_msgs/share/nav_2d_msgs/cmake/rosidl_cmake_export_typesupport_libraries-extras.cmake
[19.401s] -- Installing: /home/adas/Documents/Ayush/dev/straight_ws/install/nav_2d_msgs/share/nav_2d_msgs/cmake/rosidl_cmake_export_typesupport_targets-extras.cmake
[19.401s] -- Installing: /home/adas/Documents/Ayush/dev/straight_ws/install/nav_2d_msgs/share/nav_2d_msgs/cmake/nav_2d_msgsConfig.cmake
[19.401s] -- Installing: /home/adas/Documents/Ayush/dev/straight_ws/install/nav_2d_msgs/share/nav_2d_msgs/cmake/nav_2d_msgsConfig-version.cmake
[19.401s] -- Installing: /home/adas/Documents/Ayush/dev/straight_ws/install/nav_2d_msgs/share/nav_2d_msgs/package.xml
[19.406s] Invoked command in '/home/adas/Documents/Ayush/dev/straight_ws/build/nav_2d_msgs' returned '0': CMAKE_PREFIX_PATH=${CMAKE_PREFIX_PATH}:/home/adas/Documents/Ayush/dev/straightline_ws/install/examples_tf2_py:/home/adas/Documents/Ayush/dev/straightline_ws/install/nav2_simple_commander:/home/adas/Documents/Ayush/dev/straightline_ws/install/nav2_gazebo_spawner:/opt/ros/foxy /usr/bin/cmake --install /home/adas/Documents/Ayush/dev/straight_ws/build/nav_2d_msgs
