[0.129s] Invoking command in '/home/adas/Documents/Ayush/dev/straight_ws/build/dwb_msgs': AMENT_PREFIX_PATH=/home/adas/Documents/Ayush/dev/straight_ws/install/nav_2d_msgs:${AMENT_PREFIX_PATH} CMAKE_PREFIX_PATH=/home/adas/Documents/Ayush/dev/straight_ws/install/nav_2d_msgs:/home/adas/Documents/Ayush/dev/straightline_ws/install/geometry2:/home/adas/Documents/Ayush/dev/straightline_ws/install/tf2_tools:/home/adas/Documents/Ayush/dev/straightline_ws/install/nav2_system_tests:/home/adas/Documents/Ayush/dev/straightline_ws/install/nav2_bringup:/home/adas/Documents/Ayush/dev/straightline_ws/install/navigation2:/home/adas/Documents/Ayush/dev/straightline_ws/install/smac_planner:/home/adas/Documents/Ayush/dev/straightline_ws/install/nav2_regulated_pure_pursuit_controller:/home/adas/Documents/Ayush/dev/straightline_ws/install/nav2_recoveries:/home/adas/Documents/Ayush/dev/straightline_ws/install/nav2_planner:/home/adas/Documents/Ayush/dev/straightline_ws/install/nav2_navfn_planner:/home/adas/Documents/Ayush/dev/straightline_ws/install/nav2_dwb_controller:/home/adas/Documents/Ayush/dev/straightline_ws/install/nav2_controller:/home/adas/Documents/Ayush/dev/straightline_ws/install/dwb_plugins:/home/adas/Documents/Ayush/dev/straightline_ws/install/dwb_critics:/home/adas/Documents/Ayush/dev/straightline_ws/install/dwb_core:/home/adas/Documents/Ayush/dev/straightline_ws/install/nav2_core:/home/adas/Documents/Ayush/dev/straightline_ws/install/costmap_queue:/home/adas/Documents/Ayush/dev/straightline_ws/install/nav2_costmap_2d:/home/adas/Documents/Ayush/dev/straightline_ws/install/tf2_sensor_msgs:/home/adas/Documents/Ayush/dev/straightline_ws/install/test_tf2:/home/adas/Documents/Ayush/dev/straightline_ws/install/tf2_kdl:/home/adas/Documents/Ayush/dev/straightline_ws/install/nav_2d_utils:/home/adas/Documents/Ayush/dev/straightline_ws/install/nav2_waypoint_follower:/home/adas/Documents/Ayush/dev/straightline_ws/install/nav2_rviz_plugins:/home/adas/Documents/Ayush/dev/straightline_ws/install/nav2_map_server:/home/adas/Documents/Ayush/dev/straightline_ws/install/nav2_lifecycle_manager:/home/adas/Documents/Ayush/dev/straightline_ws/install/nav2_bt_navigator:/home/adas/Documents/Ayush/dev/straightline_ws/install/nav2_behavior_tree:/home/adas/Documents/Ayush/dev/straightline_ws/install/nav2_amcl:/home/adas/Documents/Ayush/dev/straightline_ws/install/nav2_util:/home/adas/Documents/Ayush/dev/straightline_ws/install/tf2_geometry_msgs:/home/adas/Documents/Ayush/dev/straightline_ws/install/tf2_eigen:/home/adas/Documents/Ayush/dev/straightline_ws/install/tf2_bullet:/home/adas/Documents/Ayush/dev/straightline_ws/install/tf2_ros:/home/adas/Documents/Ayush/dev/straightline_ws/install/tf2_py:/home/adas/Documents/Ayush/dev/straightline_ws/install/tf2_msgs:/home/adas/Documents/Ayush/dev/straightline_ws/install/tf2_eigen_kdl:/home/adas/Documents/Ayush/dev/straightline_ws/install/tf2:/home/adas/Documents/Ayush/dev/straightline_ws/install/dwb_msgs:/home/adas/Documents/Ayush/dev/straightline_ws/install/nav_2d_msgs:/home/adas/Documents/Ayush/dev/straightline_ws/install/nav2_voxel_grid:/home/adas/Documents/Ayush/dev/straightline_ws/install/nav2_msgs:/home/adas/Documents/Ayush/dev/straightline_ws/install/nav2_common:/home/adas/Documents/Ayush/dev/straightline_ws/install/aws_robomaker_small_warehouse_world:/home/adas/Documents/Ayush/dev/straightline_ws/install/examples_tf2_py:/home/adas/Documents/Ayush/dev/straightline_ws/install/nav2_simple_commander:/home/adas/Documents/Ayush/dev/straightline_ws/install/nav2_gazebo_spawner:/opt/ros/foxy LD_LIBRARY_PATH=/home/adas/Documents/Ayush/dev/straight_ws/install/nav_2d_msgs/lib:${LD_LIBRARY_PATH} PYTHONPATH=/home/adas/Documents/Ayush/dev/straight_ws/install/nav_2d_msgs/lib/python3.8/site-packages:${PYTHONPATH} /usr/bin/cmake /home/adas/Documents/Ayush/dev/straight_ws/src/navigation2/nav2_dwb_controller/dwb_msgs -DCMAKE_INSTALL_PREFIX=/home/adas/Documents/Ayush/dev/straight_ws/install/dwb_msgs
[0.424s] -- The C compiler identification is GNU 9.3.0
[0.629s] -- The CXX compiler identification is GNU 9.3.0
[0.641s] -- Check for working C compiler: /usr/bin/cc
[1.029s] -- Check for working C compiler: /usr/bin/cc -- works
[1.030s] -- Detecting C compiler ABI info
[1.451s] -- Detecting C compiler ABI info - done
[1.478s] -- Detecting C compile features
[1.479s] -- Detecting C compile features - done
[1.486s] -- Check for working CXX compiler: /usr/bin/c++
[1.848s] -- Check for working CXX compiler: /usr/bin/c++ -- works
[1.850s] -- Detecting CXX compiler ABI info
[2.131s] -- Detecting CXX compiler ABI info - done
[2.174s] -- Detecting CXX compile features
[2.179s] -- Detecting CXX compile features - done
[2.203s] -- Found builtin_interfaces: 1.0.0 (/opt/ros/foxy/share/builtin_interfaces/cmake)
[2.282s] -- Found PythonInterp: /usr/bin/python3 (found suitable version "3.8.10", minimum required is "3") 
[2.286s] -- Using PYTHON_EXECUTABLE: /usr/bin/python3
[3.058s] -- Using all available rosidl_typesupport_c: rosidl_typesupport_fastrtps_c;rosidl_typesupport_introspection_c
[3.096s] -- Found rosidl_adapter: 1.2.1 (/opt/ros/foxy/share/rosidl_adapter/cmake)
[3.679s] -- Found OpenSSL: /usr/lib/x86_64-linux-gnu/libcrypto.so (found version "1.1.1f")  
[3.782s] -- Found FastRTPS: /opt/ros/foxy/include  
[4.035s] -- Using all available rosidl_typesupport_cpp: rosidl_typesupport_fastrtps_cpp;rosidl_typesupport_introspection_cpp
[4.093s] -- Found geometry_msgs: 2.0.4 (/opt/ros/foxy/share/geometry_msgs/cmake)
[4.275s] -- Found nav_2d_msgs: 0.4.7 (/home/adas/Documents/Ayush/dev/straight_ws/install/nav_2d_msgs/share/nav_2d_msgs/cmake)
[4.500s] -- Found nav_msgs: 2.0.4 (/opt/ros/foxy/share/nav_msgs/cmake)
[4.761s] -- Found rosidl_default_generators: 1.0.1 (/opt/ros/foxy/share/rosidl_default_generators/cmake)
[4.905s] -- Found PythonInterp: /usr/bin/python3 (found version "3.8.10") 
[5.755s] -- Found ament_cmake_ros: 0.9.2 (/opt/ros/foxy/share/ament_cmake_ros/cmake)
[6.713s] -- Using all available rosidl_typesupport_c: rosidl_typesupport_fastrtps_c;rosidl_typesupport_introspection_c
[7.053s] -- Using all available rosidl_typesupport_cpp: rosidl_typesupport_fastrtps_cpp;rosidl_typesupport_introspection_cpp
[7.150s] -- Found PythonInterp: /usr/bin/python3 (found suitable version "3.8.10", minimum required is "3.5") 
[7.155s] -- Found python_cmake_module: 0.8.1 (/opt/ros/foxy/share/python_cmake_module/cmake)
[7.264s] -- Found PythonLibs: /usr/lib/x86_64-linux-gnu/libpython3.8.so (found suitable version "3.8.10", minimum required is "3.5") 
[7.264s] -- Using PYTHON_EXECUTABLE: /usr/bin/python3
[7.264s] -- Using PYTHON_INCLUDE_DIRS: /usr/include/python3.8
[7.265s] -- Using PYTHON_LIBRARIES: /usr/lib/x86_64-linux-gnu/libpython3.8.so
[7.332s] -- Found PythonExtra: .so  
[7.801s] -- Configuring done
[8.114s] -- Generating done
[8.129s] -- Build files have been written to: /home/adas/Documents/Ayush/dev/straight_ws/build/dwb_msgs
[8.163s] Invoked command in '/home/adas/Documents/Ayush/dev/straight_ws/build/dwb_msgs' returned '0': AMENT_PREFIX_PATH=/home/adas/Documents/Ayush/dev/straight_ws/install/nav_2d_msgs:${AMENT_PREFIX_PATH} CMAKE_PREFIX_PATH=/home/adas/Documents/Ayush/dev/straight_ws/install/nav_2d_msgs:/home/adas/Documents/Ayush/dev/straightline_ws/install/geometry2:/home/adas/Documents/Ayush/dev/straightline_ws/install/tf2_tools:/home/adas/Documents/Ayush/dev/straightline_ws/install/nav2_system_tests:/home/adas/Documents/Ayush/dev/straightline_ws/install/nav2_bringup:/home/adas/Documents/Ayush/dev/straightline_ws/install/navigation2:/home/adas/Documents/Ayush/dev/straightline_ws/install/smac_planner:/home/adas/Documents/Ayush/dev/straightline_ws/install/nav2_regulated_pure_pursuit_controller:/home/adas/Documents/Ayush/dev/straightline_ws/install/nav2_recoveries:/home/adas/Documents/Ayush/dev/straightline_ws/install/nav2_planner:/home/adas/Documents/Ayush/dev/straightline_ws/install/nav2_navfn_planner:/home/adas/Documents/Ayush/dev/straightline_ws/install/nav2_dwb_controller:/home/adas/Documents/Ayush/dev/straightline_ws/install/nav2_controller:/home/adas/Documents/Ayush/dev/straightline_ws/install/dwb_plugins:/home/adas/Documents/Ayush/dev/straightline_ws/install/dwb_critics:/home/adas/Documents/Ayush/dev/straightline_ws/install/dwb_core:/home/adas/Documents/Ayush/dev/straightline_ws/install/nav2_core:/home/adas/Documents/Ayush/dev/straightline_ws/install/costmap_queue:/home/adas/Documents/Ayush/dev/straightline_ws/install/nav2_costmap_2d:/home/adas/Documents/Ayush/dev/straightline_ws/install/tf2_sensor_msgs:/home/adas/Documents/Ayush/dev/straightline_ws/install/test_tf2:/home/adas/Documents/Ayush/dev/straightline_ws/install/tf2_kdl:/home/adas/Documents/Ayush/dev/straightline_ws/install/nav_2d_utils:/home/adas/Documents/Ayush/dev/straightline_ws/install/nav2_waypoint_follower:/home/adas/Documents/Ayush/dev/straightline_ws/install/nav2_rviz_plugins:/home/adas/Documents/Ayush/dev/straightline_ws/install/nav2_map_server:/home/adas/Documents/Ayush/dev/straightline_ws/install/nav2_lifecycle_manager:/home/adas/Documents/Ayush/dev/straightline_ws/install/nav2_bt_navigator:/home/adas/Documents/Ayush/dev/straightline_ws/install/nav2_behavior_tree:/home/adas/Documents/Ayush/dev/straightline_ws/install/nav2_amcl:/home/adas/Documents/Ayush/dev/straightline_ws/install/nav2_util:/home/adas/Documents/Ayush/dev/straightline_ws/install/tf2_geometry_msgs:/home/adas/Documents/Ayush/dev/straightline_ws/install/tf2_eigen:/home/adas/Documents/Ayush/dev/straightline_ws/install/tf2_bullet:/home/adas/Documents/Ayush/dev/straightline_ws/install/tf2_ros:/home/adas/Documents/Ayush/dev/straightline_ws/install/tf2_py:/home/adas/Documents/Ayush/dev/straightline_ws/install/tf2_msgs:/home/adas/Documents/Ayush/dev/straightline_ws/install/tf2_eigen_kdl:/home/adas/Documents/Ayush/dev/straightline_ws/install/tf2:/home/adas/Documents/Ayush/dev/straightline_ws/install/dwb_msgs:/home/adas/Documents/Ayush/dev/straightline_ws/install/nav_2d_msgs:/home/adas/Documents/Ayush/dev/straightline_ws/install/nav2_voxel_grid:/home/adas/Documents/Ayush/dev/straightline_ws/install/nav2_msgs:/home/adas/Documents/Ayush/dev/straightline_ws/install/nav2_common:/home/adas/Documents/Ayush/dev/straightline_ws/install/aws_robomaker_small_warehouse_world:/home/adas/Documents/Ayush/dev/straightline_ws/install/examples_tf2_py:/home/adas/Documents/Ayush/dev/straightline_ws/install/nav2_simple_commander:/home/adas/Documents/Ayush/dev/straightline_ws/install/nav2_gazebo_spawner:/opt/ros/foxy LD_LIBRARY_PATH=/home/adas/Documents/Ayush/dev/straight_ws/install/nav_2d_msgs/lib:${LD_LIBRARY_PATH} PYTHONPATH=/home/adas/Documents/Ayush/dev/straight_ws/install/nav_2d_msgs/lib/python3.8/site-packages:${PYTHONPATH} /usr/bin/cmake /home/adas/Documents/Ayush/dev/straight_ws/src/navigation2/nav2_dwb_controller/dwb_msgs -DCMAKE_INSTALL_PREFIX=/home/adas/Documents/Ayush/dev/straight_ws/install/dwb_msgs
[8.164s] Invoking command in '/home/adas/Documents/Ayush/dev/straight_ws/build/dwb_msgs': AMENT_PREFIX_PATH=/home/adas/Documents/Ayush/dev/straight_ws/install/nav_2d_msgs:${AMENT_PREFIX_PATH} CMAKE_PREFIX_PATH=/home/adas/Documents/Ayush/dev/straight_ws/install/nav_2d_msgs:/home/adas/Documents/Ayush/dev/straightline_ws/install/geometry2:/home/adas/Documents/Ayush/dev/straightline_ws/install/tf2_tools:/home/adas/Documents/Ayush/dev/straightline_ws/install/nav2_system_tests:/home/adas/Documents/Ayush/dev/straightline_ws/install/nav2_bringup:/home/adas/Documents/Ayush/dev/straightline_ws/install/navigation2:/home/adas/Documents/Ayush/dev/straightline_ws/install/smac_planner:/home/adas/Documents/Ayush/dev/straightline_ws/install/nav2_regulated_pure_pursuit_controller:/home/adas/Documents/Ayush/dev/straightline_ws/install/nav2_recoveries:/home/adas/Documents/Ayush/dev/straightline_ws/install/nav2_planner:/home/adas/Documents/Ayush/dev/straightline_ws/install/nav2_navfn_planner:/home/adas/Documents/Ayush/dev/straightline_ws/install/nav2_dwb_controller:/home/adas/Documents/Ayush/dev/straightline_ws/install/nav2_controller:/home/adas/Documents/Ayush/dev/straightline_ws/install/dwb_plugins:/home/adas/Documents/Ayush/dev/straightline_ws/install/dwb_critics:/home/adas/Documents/Ayush/dev/straightline_ws/install/dwb_core:/home/adas/Documents/Ayush/dev/straightline_ws/install/nav2_core:/home/adas/Documents/Ayush/dev/straightline_ws/install/costmap_queue:/home/adas/Documents/Ayush/dev/straightline_ws/install/nav2_costmap_2d:/home/adas/Documents/Ayush/dev/straightline_ws/install/tf2_sensor_msgs:/home/adas/Documents/Ayush/dev/straightline_ws/install/test_tf2:/home/adas/Documents/Ayush/dev/straightline_ws/install/tf2_kdl:/home/adas/Documents/Ayush/dev/straightline_ws/install/nav_2d_utils:/home/adas/Documents/Ayush/dev/straightline_ws/install/nav2_waypoint_follower:/home/adas/Documents/Ayush/dev/straightline_ws/install/nav2_rviz_plugins:/home/adas/Documents/Ayush/dev/straightline_ws/install/nav2_map_server:/home/adas/Documents/Ayush/dev/straightline_ws/install/nav2_lifecycle_manager:/home/adas/Documents/Ayush/dev/straightline_ws/install/nav2_bt_navigator:/home/adas/Documents/Ayush/dev/straightline_ws/install/nav2_behavior_tree:/home/adas/Documents/Ayush/dev/straightline_ws/install/nav2_amcl:/home/adas/Documents/Ayush/dev/straightline_ws/install/nav2_util:/home/adas/Documents/Ayush/dev/straightline_ws/install/tf2_geometry_msgs:/home/adas/Documents/Ayush/dev/straightline_ws/install/tf2_eigen:/home/adas/Documents/Ayush/dev/straightline_ws/install/tf2_bullet:/home/adas/Documents/Ayush/dev/straightline_ws/install/tf2_ros:/home/adas/Documents/Ayush/dev/straightline_ws/install/tf2_py:/home/adas/Documents/Ayush/dev/straightline_ws/install/tf2_msgs:/home/adas/Documents/Ayush/dev/straightline_ws/install/tf2_eigen_kdl:/home/adas/Documents/Ayush/dev/straightline_ws/install/tf2:/home/adas/Documents/Ayush/dev/straightline_ws/install/dwb_msgs:/home/adas/Documents/Ayush/dev/straightline_ws/install/nav_2d_msgs:/home/adas/Documents/Ayush/dev/straightline_ws/install/nav2_voxel_grid:/home/adas/Documents/Ayush/dev/straightline_ws/install/nav2_msgs:/home/adas/Documents/Ayush/dev/straightline_ws/install/nav2_common:/home/adas/Documents/Ayush/dev/straightline_ws/install/aws_robomaker_small_warehouse_world:/home/adas/Documents/Ayush/dev/straightline_ws/install/examples_tf2_py:/home/adas/Documents/Ayush/dev/straightline_ws/install/nav2_simple_commander:/home/adas/Documents/Ayush/dev/straightline_ws/install/nav2_gazebo_spawner:/opt/ros/foxy LD_LIBRARY_PATH=/home/adas/Documents/Ayush/dev/straight_ws/install/nav_2d_msgs/lib:${LD_LIBRARY_PATH} PYTHONPATH=/home/adas/Documents/Ayush/dev/straight_ws/install/nav_2d_msgs/lib/python3.8/site-packages:${PYTHONPATH} /usr/bin/cmake --build /home/adas/Documents/Ayush/dev/straight_ws/build/dwb_msgs -- -j8 -l8
[8.520s] [  1%] [34m[1mGenerating C code for ROS interfaces[0m
[8.520s] [35m[1mScanning dependencies of target dwb_msgs__cpp[0m
[8.598s] [  2%] [34m[1mGenerating C++ code for ROS interfaces[0m
[12.354s] [  2%] Built target dwb_msgs__cpp
[12.471s] [35m[1mScanning dependencies of target dwb_msgs__rosidl_generator_c[0m
[12.518s] [  3%] [32mBuilding C object CMakeFiles/dwb_msgs__rosidl_generator_c.dir/rosidl_generator_c/dwb_msgs/msg/detail/critic_score__functions.c.o[0m
[12.590s] [  4%] [32mBuilding C object CMakeFiles/dwb_msgs__rosidl_generator_c.dir/rosidl_generator_c/dwb_msgs/srv/detail/debug_local_plan__functions.c.o[0m
[12.666s] [  5%] [32mBuilding C object CMakeFiles/dwb_msgs__rosidl_generator_c.dir/rosidl_generator_c/dwb_msgs/srv/detail/generate_trajectory__functions.c.o[0m
[12.737s] [  6%] [32mBuilding C object CMakeFiles/dwb_msgs__rosidl_generator_c.dir/rosidl_generator_c/dwb_msgs/srv/detail/generate_twists__functions.c.o[0m
[12.808s] [  7%] [32mBuilding C object CMakeFiles/dwb_msgs__rosidl_generator_c.dir/rosidl_generator_c/dwb_msgs/srv/detail/get_critic_score__functions.c.o[0m
[12.865s] [  8%] [32mBuilding C object CMakeFiles/dwb_msgs__rosidl_generator_c.dir/rosidl_generator_c/dwb_msgs/srv/detail/score_trajectory__functions.c.o[0m
[12.936s] [  9%] [32mBuilding C object CMakeFiles/dwb_msgs__rosidl_generator_c.dir/rosidl_generator_c/dwb_msgs/msg/detail/trajectory_score__functions.c.o[0m
[13.000s] [ 10%] [32mBuilding C object CMakeFiles/dwb_msgs__rosidl_generator_c.dir/rosidl_generator_c/dwb_msgs/msg/detail/trajectory2_d__functions.c.o[0m
[13.047s] [ 11%] [32mBuilding C object CMakeFiles/dwb_msgs__rosidl_generator_c.dir/rosidl_generator_c/dwb_msgs/msg/detail/local_plan_evaluation__functions.c.o[0m
[13.103s] [ 12%] [32m[1mLinking C shared library libdwb_msgs__rosidl_generator_c.so[0m
[13.173s] [ 12%] Built target dwb_msgs__rosidl_generator_c
[13.195s] [ 13%] [34m[1mGenerating C++ type support for eProsima Fast-RTPS[0m
[14.718s] [35m[1mScanning dependencies of target dwb_msgs__rosidl_typesupport_fastrtps_cpp[0m
[14.762s] [ 14%] [32mBuilding CXX object CMakeFiles/dwb_msgs__rosidl_typesupport_fastrtps_cpp.dir/rosidl_typesupport_fastrtps_cpp/dwb_msgs/msg/detail/dds_fastrtps/critic_score__type_support.cpp.o[0m
[15.363s] [ 15%] [32mBuilding CXX object CMakeFiles/dwb_msgs__rosidl_typesupport_fastrtps_cpp.dir/rosidl_typesupport_fastrtps_cpp/dwb_msgs/msg/detail/dds_fastrtps/trajectory_score__type_support.cpp.o[0m
[16.020s] [ 16%] [32mBuilding CXX object CMakeFiles/dwb_msgs__rosidl_typesupport_fastrtps_cpp.dir/rosidl_typesupport_fastrtps_cpp/dwb_msgs/srv/detail/dds_fastrtps/debug_local_plan__type_support.cpp.o[0m
[16.437s] [ 17%] [32mBuilding CXX object CMakeFiles/dwb_msgs__rosidl_typesupport_fastrtps_cpp.dir/rosidl_typesupport_fastrtps_cpp/dwb_msgs/msg/detail/dds_fastrtps/trajectory2_d__type_support.cpp.o[0m
[16.442s] [ 18%] [32mBuilding CXX object CMakeFiles/dwb_msgs__rosidl_typesupport_fastrtps_cpp.dir/rosidl_typesupport_fastrtps_cpp/dwb_msgs/srv/detail/dds_fastrtps/generate_trajectory__type_support.cpp.o[0m
[16.969s] [ 20%] [32mBuilding CXX object CMakeFiles/dwb_msgs__rosidl_typesupport_fastrtps_cpp.dir/rosidl_typesupport_fastrtps_cpp/dwb_msgs/srv/detail/dds_fastrtps/generate_twists__type_support.cpp.o[0m
[17.061s] [ 21%] [32mBuilding CXX object CMakeFiles/dwb_msgs__rosidl_typesupport_fastrtps_cpp.dir/rosidl_typesupport_fastrtps_cpp/dwb_msgs/srv/detail/dds_fastrtps/get_critic_score__type_support.cpp.o[0m
[17.500s] [ 22%] [32mBuilding CXX object CMakeFiles/dwb_msgs__rosidl_typesupport_fastrtps_cpp.dir/rosidl_typesupport_fastrtps_cpp/dwb_msgs/srv/detail/dds_fastrtps/score_trajectory__type_support.cpp.o[0m
[17.704s] [ 23%] [32mBuilding CXX object CMakeFiles/dwb_msgs__rosidl_typesupport_fastrtps_cpp.dir/rosidl_typesupport_fastrtps_cpp/dwb_msgs/msg/detail/dds_fastrtps/local_plan_evaluation__type_support.cpp.o[0m
[18.448s] [ 24%] [32m[1mLinking CXX shared library libdwb_msgs__rosidl_typesupport_fastrtps_cpp.so[0m
[18.621s] [ 24%] Built target dwb_msgs__rosidl_typesupport_fastrtps_cpp
[18.643s] [ 25%] [34m[1mGenerating C type support dispatch for ROS interfaces[0m
[18.653s] [ 26%] [34m[1mGenerating C introspection for ROS interfaces[0m
[19.616s] [35m[1mScanning dependencies of target dwb_msgs__rosidl_typesupport_c[0m
[19.650s] [ 27%] [32mBuilding CXX object CMakeFiles/dwb_msgs__rosidl_typesupport_c.dir/rosidl_typesupport_c/dwb_msgs/msg/local_plan_evaluation__type_support.cpp.o[0m
[19.660s] [ 28%] [32mBuilding CXX object CMakeFiles/dwb_msgs__rosidl_typesupport_c.dir/rosidl_typesupport_c/dwb_msgs/msg/critic_score__type_support.cpp.o[0m
[19.772s] [ 29%] [32mBuilding CXX object CMakeFiles/dwb_msgs__rosidl_typesupport_c.dir/rosidl_typesupport_c/dwb_msgs/msg/trajectory_score__type_support.cpp.o[0m
[19.792s] [ 30%] [32mBuilding CXX object CMakeFiles/dwb_msgs__rosidl_typesupport_c.dir/rosidl_typesupport_c/dwb_msgs/srv/debug_local_plan__type_support.cpp.o[0m
[19.847s] [ 31%] [32mBuilding CXX object CMakeFiles/dwb_msgs__rosidl_typesupport_c.dir/rosidl_typesupport_c/dwb_msgs/srv/generate_trajectory__type_support.cpp.o[0m
[19.894s] [ 32%] [32mBuilding CXX object CMakeFiles/dwb_msgs__rosidl_typesupport_c.dir/rosidl_typesupport_c/dwb_msgs/srv/generate_twists__type_support.cpp.o[0m
[19.902s] [ 33%] [32mBuilding CXX object CMakeFiles/dwb_msgs__rosidl_typesupport_c.dir/rosidl_typesupport_c/dwb_msgs/srv/get_critic_score__type_support.cpp.o[0m
[19.953s] [ 34%] [32mBuilding CXX object CMakeFiles/dwb_msgs__rosidl_typesupport_c.dir/rosidl_typesupport_c/dwb_msgs/srv/score_trajectory__type_support.cpp.o[0m
[19.964s] [ 35%] [32mBuilding CXX object CMakeFiles/dwb_msgs__rosidl_typesupport_c.dir/rosidl_typesupport_c/dwb_msgs/msg/trajectory2_d__type_support.cpp.o[0m
[20.013s] [ 36%] [32m[1mLinking CXX shared library libdwb_msgs__rosidl_typesupport_c.so[0m
[20.087s] [ 36%] Built target dwb_msgs__rosidl_typesupport_c
[20.109s] [ 37%] [34m[1mGenerating C type support for eProsima Fast-RTPS[0m
[20.109s] [35m[1mScanning dependencies of target dwb_msgs__rosidl_typesupport_introspection_c[0m
[20.146s] [ 38%] [32mBuilding C object CMakeFiles/dwb_msgs__rosidl_typesupport_introspection_c.dir/rosidl_typesupport_introspection_c/dwb_msgs/msg/detail/critic_score__type_support.c.o[0m
[20.148s] [ 40%] [32mBuilding C object CMakeFiles/dwb_msgs__rosidl_typesupport_introspection_c.dir/rosidl_typesupport_introspection_c/dwb_msgs/msg/detail/local_plan_evaluation__type_support.c.o[0m
[20.200s] [ 41%] [32mBuilding C object CMakeFiles/dwb_msgs__rosidl_typesupport_introspection_c.dir/rosidl_typesupport_introspection_c/dwb_msgs/srv/detail/debug_local_plan__type_support.c.o[0m
[20.208s] [ 42%] [32mBuilding C object CMakeFiles/dwb_msgs__rosidl_typesupport_introspection_c.dir/rosidl_typesupport_introspection_c/dwb_msgs/srv/detail/generate_trajectory__type_support.c.o[0m
[20.260s] [ 43%] [32mBuilding C object CMakeFiles/dwb_msgs__rosidl_typesupport_introspection_c.dir/rosidl_typesupport_introspection_c/dwb_msgs/srv/detail/generate_twists__type_support.c.o[0m
[20.269s] [ 44%] [32mBuilding C object CMakeFiles/dwb_msgs__rosidl_typesupport_introspection_c.dir/rosidl_typesupport_introspection_c/dwb_msgs/srv/detail/get_critic_score__type_support.c.o[0m
[20.324s] [ 45%] [32mBuilding C object CMakeFiles/dwb_msgs__rosidl_typesupport_introspection_c.dir/rosidl_typesupport_introspection_c/dwb_msgs/srv/detail/score_trajectory__type_support.c.o[0m
[20.332s] [ 46%] [32mBuilding C object CMakeFiles/dwb_msgs__rosidl_typesupport_introspection_c.dir/rosidl_typesupport_introspection_c/dwb_msgs/msg/detail/trajectory_score__type_support.c.o[0m
[20.393s] [ 47%] [32mBuilding C object CMakeFiles/dwb_msgs__rosidl_typesupport_introspection_c.dir/rosidl_typesupport_introspection_c/dwb_msgs/msg/detail/trajectory2_d__type_support.c.o[0m
[20.451s] [ 48%] [32m[1mLinking C shared library libdwb_msgs__rosidl_typesupport_introspection_c.so[0m
[20.519s] [ 48%] Built target dwb_msgs__rosidl_typesupport_introspection_c
[20.551s] [ 49%] [34m[1mGenerating C++ introspection for ROS interfaces[0m
[21.536s] [35m[1mScanning dependencies of target dwb_msgs__rosidl_typesupport_fastrtps_c[0m
[21.598s] [ 50%] [32mBuilding CXX object CMakeFiles/dwb_msgs__rosidl_typesupport_fastrtps_c.dir/rosidl_typesupport_fastrtps_c/dwb_msgs/msg/detail/critic_score__type_support_c.cpp.o[0m
[21.627s] [ 51%] [32mBuilding CXX object CMakeFiles/dwb_msgs__rosidl_typesupport_fastrtps_c.dir/rosidl_typesupport_fastrtps_c/dwb_msgs/msg/detail/local_plan_evaluation__type_support_c.cpp.o[0m
[21.932s] [35m[1mScanning dependencies of target dwb_msgs__rosidl_typesupport_introspection_cpp[0m
[21.963s] [ 52%] [32mBuilding CXX object CMakeFiles/dwb_msgs__rosidl_typesupport_introspection_cpp.dir/rosidl_typesupport_introspection_cpp/dwb_msgs/msg/detail/critic_score__type_support.cpp.o[0m
[22.150s] [ 53%] [32mBuilding CXX object CMakeFiles/dwb_msgs__rosidl_typesupport_introspection_cpp.dir/rosidl_typesupport_introspection_cpp/dwb_msgs/msg/detail/local_plan_evaluation__type_support.cpp.o[0m
[22.168s] [ 54%] [32mBuilding CXX object CMakeFiles/dwb_msgs__rosidl_typesupport_fastrtps_c.dir/rosidl_typesupport_fastrtps_c/dwb_msgs/srv/detail/generate_trajectory__type_support_c.cpp.o[0m
[22.302s] [ 55%] [32mBuilding CXX object CMakeFiles/dwb_msgs__rosidl_typesupport_fastrtps_c.dir/rosidl_typesupport_fastrtps_c/dwb_msgs/msg/detail/trajectory_score__type_support_c.cpp.o[0m
[22.309s] [ 56%] [32mBuilding CXX object CMakeFiles/dwb_msgs__rosidl_typesupport_fastrtps_c.dir/rosidl_typesupport_fastrtps_c/dwb_msgs/srv/detail/debug_local_plan__type_support_c.cpp.o[0m
[22.507s] [ 57%] [32mBuilding CXX object CMakeFiles/dwb_msgs__rosidl_typesupport_introspection_cpp.dir/rosidl_typesupport_introspection_cpp/dwb_msgs/msg/detail/trajectory2_d__type_support.cpp.o[0m
[22.765s] [ 58%] [32mBuilding CXX object CMakeFiles/dwb_msgs__rosidl_typesupport_introspection_cpp.dir/rosidl_typesupport_introspection_cpp/dwb_msgs/msg/detail/trajectory_score__type_support.cpp.o[0m
[22.880s] [ 60%] [32mBuilding CXX object CMakeFiles/dwb_msgs__rosidl_typesupport_fastrtps_c.dir/rosidl_typesupport_fastrtps_c/dwb_msgs/srv/detail/generate_twists__type_support_c.cpp.o[0m
[23.115s] [ 61%] [32mBuilding CXX object CMakeFiles/dwb_msgs__rosidl_typesupport_fastrtps_c.dir/rosidl_typesupport_fastrtps_c/dwb_msgs/msg/detail/trajectory2_d__type_support_c.cpp.o[0m
[23.131s] [ 62%] [32mBuilding CXX object CMakeFiles/dwb_msgs__rosidl_typesupport_fastrtps_c.dir/rosidl_typesupport_fastrtps_c/dwb_msgs/srv/detail/get_critic_score__type_support_c.cpp.o[0m
[23.365s] [ 63%] [32mBuilding CXX object CMakeFiles/dwb_msgs__rosidl_typesupport_introspection_cpp.dir/rosidl_typesupport_introspection_cpp/dwb_msgs/srv/detail/generate_trajectory__type_support.cpp.o[0m
[23.365s] [ 64%] [32mBuilding CXX object CMakeFiles/dwb_msgs__rosidl_typesupport_fastrtps_c.dir/rosidl_typesupport_fastrtps_c/dwb_msgs/srv/detail/score_trajectory__type_support_c.cpp.o[0m
[23.562s] [ 65%] [32mBuilding CXX object CMakeFiles/dwb_msgs__rosidl_typesupport_introspection_cpp.dir/rosidl_typesupport_introspection_cpp/dwb_msgs/srv/detail/debug_local_plan__type_support.cpp.o[0m
[24.040s] [ 66%] [32mBuilding CXX object CMakeFiles/dwb_msgs__rosidl_typesupport_introspection_cpp.dir/rosidl_typesupport_introspection_cpp/dwb_msgs/srv/detail/score_trajectory__type_support.cpp.o[0m
[24.174s] [ 67%] [32m[1mLinking CXX shared library libdwb_msgs__rosidl_typesupport_fastrtps_c.so[0m
[24.183s] [ 68%] [32mBuilding CXX object CMakeFiles/dwb_msgs__rosidl_typesupport_introspection_cpp.dir/rosidl_typesupport_introspection_cpp/dwb_msgs/srv/detail/get_critic_score__type_support.cpp.o[0m
[24.368s] [ 68%] Built target dwb_msgs__rosidl_typesupport_fastrtps_c
[24.424s] [ 69%] [34m[1mGenerating C++ type support dispatch for ROS interfaces[0m
[24.617s] [ 70%] [32mBuilding CXX object CMakeFiles/dwb_msgs__rosidl_typesupport_introspection_cpp.dir/rosidl_typesupport_introspection_cpp/dwb_msgs/srv/detail/generate_twists__type_support.cpp.o[0m
[25.112s] [ 71%] [32m[1mLinking CXX shared library libdwb_msgs__rosidl_typesupport_introspection_cpp.so[0m
[25.309s] [ 71%] Built target dwb_msgs__rosidl_typesupport_introspection_cpp
[25.473s] [35m[1mScanning dependencies of target dwb_msgs__rosidl_typesupport_cpp[0m
[25.504s] [ 73%] [32mBuilding CXX object CMakeFiles/dwb_msgs__rosidl_typesupport_cpp.dir/rosidl_typesupport_cpp/dwb_msgs/msg/local_plan_evaluation__type_support.cpp.o[0m
[25.505s] [ 73%] [32mBuilding CXX object CMakeFiles/dwb_msgs__rosidl_typesupport_cpp.dir/rosidl_typesupport_cpp/dwb_msgs/msg/critic_score__type_support.cpp.o[0m
[25.944s] [ 74%] [32mBuilding CXX object CMakeFiles/dwb_msgs__rosidl_typesupport_cpp.dir/rosidl_typesupport_cpp/dwb_msgs/srv/score_trajectory__type_support.cpp.o[0m
[26.353s] [ 75%] [32mBuilding CXX object CMakeFiles/dwb_msgs__rosidl_typesupport_cpp.dir/rosidl_typesupport_cpp/dwb_msgs/srv/get_critic_score__type_support.cpp.o[0m
[26.646s] [ 76%] [32mBuilding CXX object CMakeFiles/dwb_msgs__rosidl_typesupport_cpp.dir/rosidl_typesupport_cpp/dwb_msgs/srv/generate_twists__type_support.cpp.o[0m
[26.900s] [ 77%] [32mBuilding CXX object CMakeFiles/dwb_msgs__rosidl_typesupport_cpp.dir/rosidl_typesupport_cpp/dwb_msgs/srv/generate_trajectory__type_support.cpp.o[0m
[27.157s] [ 78%] [32mBuilding CXX object CMakeFiles/dwb_msgs__rosidl_typesupport_cpp.dir/rosidl_typesupport_cpp/dwb_msgs/srv/debug_local_plan__type_support.cpp.o[0m
[27.416s] [ 80%] [32mBuilding CXX object CMakeFiles/dwb_msgs__rosidl_typesupport_cpp.dir/rosidl_typesupport_cpp/dwb_msgs/msg/trajectory_score__type_support.cpp.o[0m
[27.671s] [ 81%] [32mBuilding CXX object CMakeFiles/dwb_msgs__rosidl_typesupport_cpp.dir/rosidl_typesupport_cpp/dwb_msgs/msg/trajectory2_d__type_support.cpp.o[0m
[27.935s] [ 82%] [32m[1mLinking CXX shared library libdwb_msgs__rosidl_typesupport_cpp.so[0m
[27.990s] [ 82%] Built target dwb_msgs__rosidl_typesupport_cpp
[28.006s] [35m[1mScanning dependencies of target dwb_msgs[0m
[28.021s] [ 82%] Built target dwb_msgs
[28.036s] [35m[1mScanning dependencies of target dwb_msgs__py[0m
[28.052s] [ 83%] [34m[1mGenerating Python code for ROS interfaces[0m
[29.907s] [ 83%] Built target dwb_msgs__py
[29.927s] [35m[1mScanning dependencies of target dwb_msgs__python[0m
[29.986s] [ 84%] [32mBuilding C object CMakeFiles/dwb_msgs__python.dir/rosidl_generator_py/dwb_msgs/msg/_critic_score_s.c.o[0m
[30.121s] [ 85%] [32mBuilding C object CMakeFiles/dwb_msgs__python.dir/rosidl_generator_py/dwb_msgs/srv/_get_critic_score_s.c.o[0m
[30.266s] [ 86%] [32mBuilding C object CMakeFiles/dwb_msgs__python.dir/rosidl_generator_py/dwb_msgs/srv/_score_trajectory_s.c.o[0m
[30.413s] [ 87%] [32mBuilding C object CMakeFiles/dwb_msgs__python.dir/rosidl_generator_py/dwb_msgs/srv/_generate_twists_s.c.o[0m
[30.558s] [ 88%] [32mBuilding C object CMakeFiles/dwb_msgs__python.dir/rosidl_generator_py/dwb_msgs/srv/_generate_trajectory_s.c.o[0m
[30.647s] [ 89%] [32mBuilding C object CMakeFiles/dwb_msgs__python.dir/rosidl_generator_py/dwb_msgs/srv/_debug_local_plan_s.c.o[0m
[30.737s] [ 90%] [32mBuilding C object CMakeFiles/dwb_msgs__python.dir/rosidl_generator_py/dwb_msgs/msg/_trajectory_score_s.c.o[0m
[30.867s] [ 91%] [32mBuilding C object CMakeFiles/dwb_msgs__python.dir/rosidl_generator_py/dwb_msgs/msg/_trajectory2_d_s.c.o[0m
[30.962s] [ 92%] [32mBuilding C object CMakeFiles/dwb_msgs__python.dir/rosidl_generator_py/dwb_msgs/msg/_local_plan_evaluation_s.c.o[0m
[31.069s] [ 93%] [32m[1mLinking C shared library rosidl_generator_py/dwb_msgs/libdwb_msgs__python.so[0m
[31.129s] [ 93%] Built target dwb_msgs__python
[31.148s] [35m[1mScanning dependencies of target dwb_msgs__rosidl_typesupport_c__pyext[0m
[31.148s] [35m[1mScanning dependencies of target dwb_msgs__rosidl_typesupport_introspection_c__pyext[0m
[31.182s] [ 95%] [32mBuilding C object CMakeFiles/dwb_msgs__rosidl_typesupport_c__pyext.dir/rosidl_generator_py/dwb_msgs/_dwb_msgs_s.ep.rosidl_typesupport_c.c.o[0m
[31.182s] [ 95%] [32mBuilding C object CMakeFiles/dwb_msgs__rosidl_typesupport_introspection_c__pyext.dir/rosidl_generator_py/dwb_msgs/_dwb_msgs_s.ep.rosidl_typesupport_introspection_c.c.o[0m
[31.312s] [ 96%] [32m[1mLinking C shared library rosidl_generator_py/dwb_msgs/dwb_msgs_s__rosidl_typesupport_introspection_c.cpython-38-x86_64-linux-gnu.so[0m
[31.329s] [ 97%] [32m[1mLinking C shared library rosidl_generator_py/dwb_msgs/dwb_msgs_s__rosidl_typesupport_c.cpython-38-x86_64-linux-gnu.so[0m
[31.377s] [ 97%] Built target dwb_msgs__rosidl_typesupport_introspection_c__pyext
[31.396s] [35m[1mScanning dependencies of target dwb_msgs__rosidl_typesupport_fastrtps_c__pyext[0m
[31.402s] [ 97%] Built target dwb_msgs__rosidl_typesupport_c__pyext
[31.435s] [ 98%] [32mBuilding C object CMakeFiles/dwb_msgs__rosidl_typesupport_fastrtps_c__pyext.dir/rosidl_generator_py/dwb_msgs/_dwb_msgs_s.ep.rosidl_typesupport_fastrtps_c.c.o[0m
[31.627s] [100%] [32m[1mLinking CXX shared library rosidl_generator_py/dwb_msgs/dwb_msgs_s__rosidl_typesupport_fastrtps_c.cpython-38-x86_64-linux-gnu.so[0m
[31.741s] [100%] Built target dwb_msgs__rosidl_typesupport_fastrtps_c__pyext
[31.761s] Invoked command in '/home/adas/Documents/Ayush/dev/straight_ws/build/dwb_msgs' returned '0': AMENT_PREFIX_PATH=/home/adas/Documents/Ayush/dev/straight_ws/install/nav_2d_msgs:${AMENT_PREFIX_PATH} CMAKE_PREFIX_PATH=/home/adas/Documents/Ayush/dev/straight_ws/install/nav_2d_msgs:/home/adas/Documents/Ayush/dev/straightline_ws/install/geometry2:/home/adas/Documents/Ayush/dev/straightline_ws/install/tf2_tools:/home/adas/Documents/Ayush/dev/straightline_ws/install/nav2_system_tests:/home/adas/Documents/Ayush/dev/straightline_ws/install/nav2_bringup:/home/adas/Documents/Ayush/dev/straightline_ws/install/navigation2:/home/adas/Documents/Ayush/dev/straightline_ws/install/smac_planner:/home/adas/Documents/Ayush/dev/straightline_ws/install/nav2_regulated_pure_pursuit_controller:/home/adas/Documents/Ayush/dev/straightline_ws/install/nav2_recoveries:/home/adas/Documents/Ayush/dev/straightline_ws/install/nav2_planner:/home/adas/Documents/Ayush/dev/straightline_ws/install/nav2_navfn_planner:/home/adas/Documents/Ayush/dev/straightline_ws/install/nav2_dwb_controller:/home/adas/Documents/Ayush/dev/straightline_ws/install/nav2_controller:/home/adas/Documents/Ayush/dev/straightline_ws/install/dwb_plugins:/home/adas/Documents/Ayush/dev/straightline_ws/install/dwb_critics:/home/adas/Documents/Ayush/dev/straightline_ws/install/dwb_core:/home/adas/Documents/Ayush/dev/straightline_ws/install/nav2_core:/home/adas/Documents/Ayush/dev/straightline_ws/install/costmap_queue:/home/adas/Documents/Ayush/dev/straightline_ws/install/nav2_costmap_2d:/home/adas/Documents/Ayush/dev/straightline_ws/install/tf2_sensor_msgs:/home/adas/Documents/Ayush/dev/straightline_ws/install/test_tf2:/home/adas/Documents/Ayush/dev/straightline_ws/install/tf2_kdl:/home/adas/Documents/Ayush/dev/straightline_ws/install/nav_2d_utils:/home/adas/Documents/Ayush/dev/straightline_ws/install/nav2_waypoint_follower:/home/adas/Documents/Ayush/dev/straightline_ws/install/nav2_rviz_plugins:/home/adas/Documents/Ayush/dev/straightline_ws/install/nav2_map_server:/home/adas/Documents/Ayush/dev/straightline_ws/install/nav2_lifecycle_manager:/home/adas/Documents/Ayush/dev/straightline_ws/install/nav2_bt_navigator:/home/adas/Documents/Ayush/dev/straightline_ws/install/nav2_behavior_tree:/home/adas/Documents/Ayush/dev/straightline_ws/install/nav2_amcl:/home/adas/Documents/Ayush/dev/straightline_ws/install/nav2_util:/home/adas/Documents/Ayush/dev/straightline_ws/install/tf2_geometry_msgs:/home/adas/Documents/Ayush/dev/straightline_ws/install/tf2_eigen:/home/adas/Documents/Ayush/dev/straightline_ws/install/tf2_bullet:/home/adas/Documents/Ayush/dev/straightline_ws/install/tf2_ros:/home/adas/Documents/Ayush/dev/straightline_ws/install/tf2_py:/home/adas/Documents/Ayush/dev/straightline_ws/install/tf2_msgs:/home/adas/Documents/Ayush/dev/straightline_ws/install/tf2_eigen_kdl:/home/adas/Documents/Ayush/dev/straightline_ws/install/tf2:/home/adas/Documents/Ayush/dev/straightline_ws/install/dwb_msgs:/home/adas/Documents/Ayush/dev/straightline_ws/install/nav_2d_msgs:/home/adas/Documents/Ayush/dev/straightline_ws/install/nav2_voxel_grid:/home/adas/Documents/Ayush/dev/straightline_ws/install/nav2_msgs:/home/adas/Documents/Ayush/dev/straightline_ws/install/nav2_common:/home/adas/Documents/Ayush/dev/straightline_ws/install/aws_robomaker_small_warehouse_world:/home/adas/Documents/Ayush/dev/straightline_ws/install/examples_tf2_py:/home/adas/Documents/Ayush/dev/straightline_ws/install/nav2_simple_commander:/home/adas/Documents/Ayush/dev/straightline_ws/install/nav2_gazebo_spawner:/opt/ros/foxy LD_LIBRARY_PATH=/home/adas/Documents/Ayush/dev/straight_ws/install/nav_2d_msgs/lib:${LD_LIBRARY_PATH} PYTHONPATH=/home/adas/Documents/Ayush/dev/straight_ws/install/nav_2d_msgs/lib/python3.8/site-packages:${PYTHONPATH} /usr/bin/cmake --build /home/adas/Documents/Ayush/dev/straight_ws/build/dwb_msgs -- -j8 -l8
[32.134s] Invoking command in '/home/adas/Documents/Ayush/dev/straight_ws/build/dwb_msgs': AMENT_PREFIX_PATH=/home/adas/Documents/Ayush/dev/straight_ws/install/nav_2d_msgs:${AMENT_PREFIX_PATH} CMAKE_PREFIX_PATH=/home/adas/Documents/Ayush/dev/straight_ws/install/nav_2d_msgs:/home/adas/Documents/Ayush/dev/straightline_ws/install/geometry2:/home/adas/Documents/Ayush/dev/straightline_ws/install/tf2_tools:/home/adas/Documents/Ayush/dev/straightline_ws/install/nav2_system_tests:/home/adas/Documents/Ayush/dev/straightline_ws/install/nav2_bringup:/home/adas/Documents/Ayush/dev/straightline_ws/install/navigation2:/home/adas/Documents/Ayush/dev/straightline_ws/install/smac_planner:/home/adas/Documents/Ayush/dev/straightline_ws/install/nav2_regulated_pure_pursuit_controller:/home/adas/Documents/Ayush/dev/straightline_ws/install/nav2_recoveries:/home/adas/Documents/Ayush/dev/straightline_ws/install/nav2_planner:/home/adas/Documents/Ayush/dev/straightline_ws/install/nav2_navfn_planner:/home/adas/Documents/Ayush/dev/straightline_ws/install/nav2_dwb_controller:/home/adas/Documents/Ayush/dev/straightline_ws/install/nav2_controller:/home/adas/Documents/Ayush/dev/straightline_ws/install/dwb_plugins:/home/adas/Documents/Ayush/dev/straightline_ws/install/dwb_critics:/home/adas/Documents/Ayush/dev/straightline_ws/install/dwb_core:/home/adas/Documents/Ayush/dev/straightline_ws/install/nav2_core:/home/adas/Documents/Ayush/dev/straightline_ws/install/costmap_queue:/home/adas/Documents/Ayush/dev/straightline_ws/install/nav2_costmap_2d:/home/adas/Documents/Ayush/dev/straightline_ws/install/tf2_sensor_msgs:/home/adas/Documents/Ayush/dev/straightline_ws/install/test_tf2:/home/adas/Documents/Ayush/dev/straightline_ws/install/tf2_kdl:/home/adas/Documents/Ayush/dev/straightline_ws/install/nav_2d_utils:/home/adas/Documents/Ayush/dev/straightline_ws/install/nav2_waypoint_follower:/home/adas/Documents/Ayush/dev/straightline_ws/install/nav2_rviz_plugins:/home/adas/Documents/Ayush/dev/straightline_ws/install/nav2_map_server:/home/adas/Documents/Ayush/dev/straightline_ws/install/nav2_lifecycle_manager:/home/adas/Documents/Ayush/dev/straightline_ws/install/nav2_bt_navigator:/home/adas/Documents/Ayush/dev/straightline_ws/install/nav2_behavior_tree:/home/adas/Documents/Ayush/dev/straightline_ws/install/nav2_amcl:/home/adas/Documents/Ayush/dev/straightline_ws/install/nav2_util:/home/adas/Documents/Ayush/dev/straightline_ws/install/tf2_geometry_msgs:/home/adas/Documents/Ayush/dev/straightline_ws/install/tf2_eigen:/home/adas/Documents/Ayush/dev/straightline_ws/install/tf2_bullet:/home/adas/Documents/Ayush/dev/straightline_ws/install/tf2_ros:/home/adas/Documents/Ayush/dev/straightline_ws/install/tf2_py:/home/adas/Documents/Ayush/dev/straightline_ws/install/tf2_msgs:/home/adas/Documents/Ayush/dev/straightline_ws/install/tf2_eigen_kdl:/home/adas/Documents/Ayush/dev/straightline_ws/install/tf2:/home/adas/Documents/Ayush/dev/straightline_ws/install/dwb_msgs:/home/adas/Documents/Ayush/dev/straightline_ws/install/nav_2d_msgs:/home/adas/Documents/Ayush/dev/straightline_ws/install/nav2_voxel_grid:/home/adas/Documents/Ayush/dev/straightline_ws/install/nav2_msgs:/home/adas/Documents/Ayush/dev/straightline_ws/install/nav2_common:/home/adas/Documents/Ayush/dev/straightline_ws/install/aws_robomaker_small_warehouse_world:/home/adas/Documents/Ayush/dev/straightline_ws/install/examples_tf2_py:/home/adas/Documents/Ayush/dev/straightline_ws/install/nav2_simple_commander:/home/adas/Documents/Ayush/dev/straightline_ws/install/nav2_gazebo_spawner:/opt/ros/foxy LD_LIBRARY_PATH=/home/adas/Documents/Ayush/dev/straight_ws/install/nav_2d_msgs/lib:${LD_LIBRARY_PATH} PYTHONPATH=/home/adas/Documents/Ayush/dev/straight_ws/install/nav_2d_msgs/lib/python3.8/site-packages:${PYTHONPATH} /usr/bin/cmake --install /home/adas/Documents/Ayush/dev/straight_ws/build/dwb_msgs
[32.151s] -- Install configuration: ""
[32.152s] -- Installing: /home/adas/Documents/Ayush/dev/straight_ws/install/dwb_msgs/share/ament_index/resource_index/rosidl_interfaces/dwb_msgs
[32.152s] -- Installing: /home/adas/Documents/Ayush/dev/straight_ws/install/dwb_msgs/include/dwb_msgs
[32.152s] -- Installing: /home/adas/Documents/Ayush/dev/straight_ws/install/dwb_msgs/include/dwb_msgs/srv
[32.152s] -- Installing: /home/adas/Documents/Ayush/dev/straight_ws/install/dwb_msgs/include/dwb_msgs/srv/get_critic_score.h
[32.152s] -- Installing: /home/adas/Documents/Ayush/dev/straight_ws/install/dwb_msgs/include/dwb_msgs/srv/generate_twists.h
[32.152s] -- Installing: /home/adas/Documents/Ayush/dev/straight_ws/install/dwb_msgs/include/dwb_msgs/srv/debug_local_plan.h
[32.152s] -- Installing: /home/adas/Documents/Ayush/dev/straight_ws/install/dwb_msgs/include/dwb_msgs/srv/generate_trajectory.h
[32.152s] -- Installing: /home/adas/Documents/Ayush/dev/straight_ws/install/dwb_msgs/include/dwb_msgs/srv/score_trajectory.h
[32.153s] -- Installing: /home/adas/Documents/Ayush/dev/straight_ws/install/dwb_msgs/include/dwb_msgs/srv/detail
[32.153s] -- Installing: /home/adas/Documents/Ayush/dev/straight_ws/install/dwb_msgs/include/dwb_msgs/srv/detail/generate_twists__struct.h
[32.153s] -- Installing: /home/adas/Documents/Ayush/dev/straight_ws/install/dwb_msgs/include/dwb_msgs/srv/detail/generate_trajectory__functions.c
[32.153s] -- Installing: /home/adas/Documents/Ayush/dev/straight_ws/install/dwb_msgs/include/dwb_msgs/srv/detail/debug_local_plan__type_support.h
[32.153s] -- Installing: /home/adas/Documents/Ayush/dev/straight_ws/install/dwb_msgs/include/dwb_msgs/srv/detail/generate_twists__functions.c
[32.153s] -- Installing: /home/adas/Documents/Ayush/dev/straight_ws/install/dwb_msgs/include/dwb_msgs/srv/detail/score_trajectory__functions.c
[32.153s] -- Installing: /home/adas/Documents/Ayush/dev/straight_ws/install/dwb_msgs/include/dwb_msgs/srv/detail/generate_twists__functions.h
[32.154s] -- Installing: /home/adas/Documents/Ayush/dev/straight_ws/install/dwb_msgs/include/dwb_msgs/srv/detail/score_trajectory__struct.h
[32.155s] -- Installing: /home/adas/Documents/Ayush/dev/straight_ws/install/dwb_msgs/include/dwb_msgs/srv/detail/generate_trajectory__type_support.h
[32.155s] -- Installing: /home/adas/Documents/Ayush/dev/straight_ws/install/dwb_msgs/include/dwb_msgs/srv/detail/get_critic_score__type_support.h
[32.155s] -- Installing: /home/adas/Documents/Ayush/dev/straight_ws/install/dwb_msgs/include/dwb_msgs/srv/detail/score_trajectory__functions.h
[32.155s] -- Installing: /home/adas/Documents/Ayush/dev/straight_ws/install/dwb_msgs/include/dwb_msgs/srv/detail/generate_trajectory__functions.h
[32.155s] -- Installing: /home/adas/Documents/Ayush/dev/straight_ws/install/dwb_msgs/include/dwb_msgs/srv/detail/generate_twists__type_support.h
[32.155s] -- Installing: /home/adas/Documents/Ayush/dev/straight_ws/install/dwb_msgs/include/dwb_msgs/srv/detail/score_trajectory__type_support.h
[32.155s] -- Installing: /home/adas/Documents/Ayush/dev/straight_ws/install/dwb_msgs/include/dwb_msgs/srv/detail/debug_local_plan__struct.h
[32.155s] -- Installing: /home/adas/Documents/Ayush/dev/straight_ws/install/dwb_msgs/include/dwb_msgs/srv/detail/get_critic_score__functions.h
[32.155s] -- Installing: /home/adas/Documents/Ayush/dev/straight_ws/install/dwb_msgs/include/dwb_msgs/srv/detail/generate_trajectory__struct.h
[32.156s] -- Installing: /home/adas/Documents/Ayush/dev/straight_ws/install/dwb_msgs/include/dwb_msgs/srv/detail/get_critic_score__struct.h
[32.156s] -- Installing: /home/adas/Documents/Ayush/dev/straight_ws/install/dwb_msgs/include/dwb_msgs/srv/detail/debug_local_plan__functions.h
[32.156s] -- Installing: /home/adas/Documents/Ayush/dev/straight_ws/install/dwb_msgs/include/dwb_msgs/srv/detail/get_critic_score__functions.c
[32.156s] -- Installing: /home/adas/Documents/Ayush/dev/straight_ws/install/dwb_msgs/include/dwb_msgs/srv/detail/debug_local_plan__functions.c
[32.156s] -- Installing: /home/adas/Documents/Ayush/dev/straight_ws/install/dwb_msgs/include/dwb_msgs/msg
[32.156s] -- Installing: /home/adas/Documents/Ayush/dev/straight_ws/install/dwb_msgs/include/dwb_msgs/msg/trajectory_score.h
[32.156s] -- Installing: /home/adas/Documents/Ayush/dev/straight_ws/install/dwb_msgs/include/dwb_msgs/msg/critic_score.h
[32.156s] -- Installing: /home/adas/Documents/Ayush/dev/straight_ws/install/dwb_msgs/include/dwb_msgs/msg/rosidl_generator_c__visibility_control.h
[32.157s] -- Installing: /home/adas/Documents/Ayush/dev/straight_ws/install/dwb_msgs/include/dwb_msgs/msg/trajectory2_d.h
[32.157s] -- Installing: /home/adas/Documents/Ayush/dev/straight_ws/install/dwb_msgs/include/dwb_msgs/msg/local_plan_evaluation.h
[32.157s] -- Installing: /home/adas/Documents/Ayush/dev/straight_ws/install/dwb_msgs/include/dwb_msgs/msg/detail
[32.157s] -- Installing: /home/adas/Documents/Ayush/dev/straight_ws/install/dwb_msgs/include/dwb_msgs/msg/detail/local_plan_evaluation__functions.c
[32.157s] -- Installing: /home/adas/Documents/Ayush/dev/straight_ws/install/dwb_msgs/include/dwb_msgs/msg/detail/local_plan_evaluation__struct.h
[32.157s] -- Installing: /home/adas/Documents/Ayush/dev/straight_ws/install/dwb_msgs/include/dwb_msgs/msg/detail/trajectory2_d__type_support.h
[32.157s] -- Installing: /home/adas/Documents/Ayush/dev/straight_ws/install/dwb_msgs/include/dwb_msgs/msg/detail/critic_score__functions.c
[32.157s] -- Installing: /home/adas/Documents/Ayush/dev/straight_ws/install/dwb_msgs/include/dwb_msgs/msg/detail/local_plan_evaluation__functions.h
[32.157s] -- Installing: /home/adas/Documents/Ayush/dev/straight_ws/install/dwb_msgs/include/dwb_msgs/msg/detail/critic_score__struct.h
[32.157s] -- Installing: /home/adas/Documents/Ayush/dev/straight_ws/install/dwb_msgs/include/dwb_msgs/msg/detail/trajectory2_d__functions.c
[32.158s] -- Installing: /home/adas/Documents/Ayush/dev/straight_ws/install/dwb_msgs/include/dwb_msgs/msg/detail/local_plan_evaluation__type_support.h
[32.158s] -- Installing: /home/adas/Documents/Ayush/dev/straight_ws/install/dwb_msgs/include/dwb_msgs/msg/detail/trajectory2_d__functions.h
[32.158s] -- Installing: /home/adas/Documents/Ayush/dev/straight_ws/install/dwb_msgs/include/dwb_msgs/msg/detail/trajectory_score__functions.h
[32.159s] -- Installing: /home/adas/Documents/Ayush/dev/straight_ws/install/dwb_msgs/include/dwb_msgs/msg/detail/trajectory_score__struct.h
[32.159s] -- Installing: /home/adas/Documents/Ayush/dev/straight_ws/install/dwb_msgs/include/dwb_msgs/msg/detail/trajectory_score__functions.c
[32.159s] -- Installing: /home/adas/Documents/Ayush/dev/straight_ws/install/dwb_msgs/include/dwb_msgs/msg/detail/trajectory2_d__struct.h
[32.159s] -- Installing: /home/adas/Documents/Ayush/dev/straight_ws/install/dwb_msgs/include/dwb_msgs/msg/detail/critic_score__type_support.h
[32.160s] -- Installing: /home/adas/Documents/Ayush/dev/straight_ws/install/dwb_msgs/include/dwb_msgs/msg/detail/trajectory_score__type_support.h
[32.160s] -- Installing: /home/adas/Documents/Ayush/dev/straight_ws/install/dwb_msgs/include/dwb_msgs/msg/detail/critic_score__functions.h
[32.160s] -- Installing: /home/adas/Documents/Ayush/dev/straight_ws/install/dwb_msgs/share/dwb_msgs/environment/library_path.sh
[32.160s] -- Installing: /home/adas/Documents/Ayush/dev/straight_ws/install/dwb_msgs/share/dwb_msgs/environment/library_path.dsv
[32.160s] -- Installing: /home/adas/Documents/Ayush/dev/straight_ws/install/dwb_msgs/lib/libdwb_msgs__rosidl_generator_c.so
[32.160s] -- Set runtime path of "/home/adas/Documents/Ayush/dev/straight_ws/install/dwb_msgs/lib/libdwb_msgs__rosidl_generator_c.so" to ""
[32.160s] -- Up-to-date: /home/adas/Documents/Ayush/dev/straight_ws/install/dwb_msgs/include/dwb_msgs
[32.160s] -- Up-to-date: /home/adas/Documents/Ayush/dev/straight_ws/install/dwb_msgs/include/dwb_msgs/srv
[32.160s] -- Up-to-date: /home/adas/Documents/Ayush/dev/straight_ws/install/dwb_msgs/include/dwb_msgs/srv/detail
[32.161s] -- Installing: /home/adas/Documents/Ayush/dev/straight_ws/install/dwb_msgs/include/dwb_msgs/srv/detail/score_trajectory__rosidl_typesupport_fastrtps_c.h
[32.161s] -- Installing: /home/adas/Documents/Ayush/dev/straight_ws/install/dwb_msgs/include/dwb_msgs/srv/detail/generate_trajectory__rosidl_typesupport_fastrtps_c.h
[32.161s] -- Installing: /home/adas/Documents/Ayush/dev/straight_ws/install/dwb_msgs/include/dwb_msgs/srv/detail/generate_twists__rosidl_typesupport_fastrtps_c.h
[32.161s] -- Installing: /home/adas/Documents/Ayush/dev/straight_ws/install/dwb_msgs/include/dwb_msgs/srv/detail/debug_local_plan__rosidl_typesupport_fastrtps_c.h
[32.161s] -- Installing: /home/adas/Documents/Ayush/dev/straight_ws/install/dwb_msgs/include/dwb_msgs/srv/detail/get_critic_score__rosidl_typesupport_fastrtps_c.h
[32.161s] -- Up-to-date: /home/adas/Documents/Ayush/dev/straight_ws/install/dwb_msgs/include/dwb_msgs/msg
[32.161s] -- Installing: /home/adas/Documents/Ayush/dev/straight_ws/install/dwb_msgs/include/dwb_msgs/msg/rosidl_typesupport_fastrtps_c__visibility_control.h
[32.161s] -- Up-to-date: /home/adas/Documents/Ayush/dev/straight_ws/install/dwb_msgs/include/dwb_msgs/msg/detail
[32.161s] -- Installing: /home/adas/Documents/Ayush/dev/straight_ws/install/dwb_msgs/include/dwb_msgs/msg/detail/trajectory2_d__rosidl_typesupport_fastrtps_c.h
[32.162s] -- Installing: /home/adas/Documents/Ayush/dev/straight_ws/install/dwb_msgs/include/dwb_msgs/msg/detail/local_plan_evaluation__rosidl_typesupport_fastrtps_c.h
[32.162s] -- Installing: /home/adas/Documents/Ayush/dev/straight_ws/install/dwb_msgs/include/dwb_msgs/msg/detail/critic_score__rosidl_typesupport_fastrtps_c.h
[32.162s] -- Installing: /home/adas/Documents/Ayush/dev/straight_ws/install/dwb_msgs/include/dwb_msgs/msg/detail/trajectory_score__rosidl_typesupport_fastrtps_c.h
[32.162s] -- Installing: /home/adas/Documents/Ayush/dev/straight_ws/install/dwb_msgs/lib/libdwb_msgs__rosidl_typesupport_fastrtps_c.so
[32.162s] -- Set runtime path of "/home/adas/Documents/Ayush/dev/straight_ws/install/dwb_msgs/lib/libdwb_msgs__rosidl_typesupport_fastrtps_c.so" to ""
[32.162s] -- Up-to-date: /home/adas/Documents/Ayush/dev/straight_ws/install/dwb_msgs/include/dwb_msgs
[32.162s] -- Up-to-date: /home/adas/Documents/Ayush/dev/straight_ws/install/dwb_msgs/include/dwb_msgs/srv
[32.162s] -- Up-to-date: /home/adas/Documents/Ayush/dev/straight_ws/install/dwb_msgs/include/dwb_msgs/srv/detail
[32.162s] -- Installing: /home/adas/Documents/Ayush/dev/straight_ws/install/dwb_msgs/include/dwb_msgs/srv/detail/debug_local_plan__rosidl_typesupport_fastrtps_cpp.hpp
[32.163s] -- Installing: /home/adas/Documents/Ayush/dev/straight_ws/install/dwb_msgs/include/dwb_msgs/srv/detail/generate_trajectory__rosidl_typesupport_fastrtps_cpp.hpp
[32.163s] -- Installing: /home/adas/Documents/Ayush/dev/straight_ws/install/dwb_msgs/include/dwb_msgs/srv/detail/dds_fastrtps
[32.163s] -- Installing: /home/adas/Documents/Ayush/dev/straight_ws/install/dwb_msgs/include/dwb_msgs/srv/detail/score_trajectory__rosidl_typesupport_fastrtps_cpp.hpp
[32.163s] -- Installing: /home/adas/Documents/Ayush/dev/straight_ws/install/dwb_msgs/include/dwb_msgs/srv/detail/generate_twists__rosidl_typesupport_fastrtps_cpp.hpp
[32.163s] -- Installing: /home/adas/Documents/Ayush/dev/straight_ws/install/dwb_msgs/include/dwb_msgs/srv/detail/get_critic_score__rosidl_typesupport_fastrtps_cpp.hpp
[32.163s] -- Up-to-date: /home/adas/Documents/Ayush/dev/straight_ws/install/dwb_msgs/include/dwb_msgs/msg
[32.163s] -- Installing: /home/adas/Documents/Ayush/dev/straight_ws/install/dwb_msgs/include/dwb_msgs/msg/rosidl_typesupport_fastrtps_cpp__visibility_control.h
[32.163s] -- Up-to-date: /home/adas/Documents/Ayush/dev/straight_ws/install/dwb_msgs/include/dwb_msgs/msg/detail
[32.163s] -- Installing: /home/adas/Documents/Ayush/dev/straight_ws/install/dwb_msgs/include/dwb_msgs/msg/detail/critic_score__rosidl_typesupport_fastrtps_cpp.hpp
[32.163s] -- Installing: /home/adas/Documents/Ayush/dev/straight_ws/install/dwb_msgs/include/dwb_msgs/msg/detail/trajectory_score__rosidl_typesupport_fastrtps_cpp.hpp
[32.163s] -- Installing: /home/adas/Documents/Ayush/dev/straight_ws/install/dwb_msgs/include/dwb_msgs/msg/detail/local_plan_evaluation__rosidl_typesupport_fastrtps_cpp.hpp
[32.164s] -- Installing: /home/adas/Documents/Ayush/dev/straight_ws/install/dwb_msgs/include/dwb_msgs/msg/detail/dds_fastrtps
[32.164s] -- Installing: /home/adas/Documents/Ayush/dev/straight_ws/install/dwb_msgs/include/dwb_msgs/msg/detail/trajectory2_d__rosidl_typesupport_fastrtps_cpp.hpp
[32.164s] -- Installing: /home/adas/Documents/Ayush/dev/straight_ws/install/dwb_msgs/lib/libdwb_msgs__rosidl_typesupport_fastrtps_cpp.so
[32.164s] -- Set runtime path of "/home/adas/Documents/Ayush/dev/straight_ws/install/dwb_msgs/lib/libdwb_msgs__rosidl_typesupport_fastrtps_cpp.so" to ""
[32.164s] -- Up-to-date: /home/adas/Documents/Ayush/dev/straight_ws/install/dwb_msgs/include/dwb_msgs
[32.164s] -- Up-to-date: /home/adas/Documents/Ayush/dev/straight_ws/install/dwb_msgs/include/dwb_msgs/srv
[32.164s] -- Up-to-date: /home/adas/Documents/Ayush/dev/straight_ws/install/dwb_msgs/include/dwb_msgs/srv/detail
[32.164s] -- Installing: /home/adas/Documents/Ayush/dev/straight_ws/install/dwb_msgs/include/dwb_msgs/srv/detail/get_critic_score__rosidl_typesupport_introspection_c.h
[32.164s] -- Installing: /home/adas/Documents/Ayush/dev/straight_ws/install/dwb_msgs/include/dwb_msgs/srv/detail/debug_local_plan__rosidl_typesupport_introspection_c.h
[32.165s] -- Installing: /home/adas/Documents/Ayush/dev/straight_ws/install/dwb_msgs/include/dwb_msgs/srv/detail/generate_twists__rosidl_typesupport_introspection_c.h
[32.165s] -- Installing: /home/adas/Documents/Ayush/dev/straight_ws/install/dwb_msgs/include/dwb_msgs/srv/detail/generate_twists__type_support.c
[32.165s] -- Installing: /home/adas/Documents/Ayush/dev/straight_ws/install/dwb_msgs/include/dwb_msgs/srv/detail/score_trajectory__type_support.c
[32.165s] -- Installing: /home/adas/Documents/Ayush/dev/straight_ws/install/dwb_msgs/include/dwb_msgs/srv/detail/generate_trajectory__rosidl_typesupport_introspection_c.h
[32.165s] -- Installing: /home/adas/Documents/Ayush/dev/straight_ws/install/dwb_msgs/include/dwb_msgs/srv/detail/score_trajectory__rosidl_typesupport_introspection_c.h
[32.165s] -- Installing: /home/adas/Documents/Ayush/dev/straight_ws/install/dwb_msgs/include/dwb_msgs/srv/detail/generate_trajectory__type_support.c
[32.165s] -- Installing: /home/adas/Documents/Ayush/dev/straight_ws/install/dwb_msgs/include/dwb_msgs/srv/detail/get_critic_score__type_support.c
[32.165s] -- Installing: /home/adas/Documents/Ayush/dev/straight_ws/install/dwb_msgs/include/dwb_msgs/srv/detail/debug_local_plan__type_support.c
[32.166s] -- Up-to-date: /home/adas/Documents/Ayush/dev/straight_ws/install/dwb_msgs/include/dwb_msgs/msg
[32.166s] -- Installing: /home/adas/Documents/Ayush/dev/straight_ws/install/dwb_msgs/include/dwb_msgs/msg/rosidl_typesupport_introspection_c__visibility_control.h
[32.166s] -- Up-to-date: /home/adas/Documents/Ayush/dev/straight_ws/install/dwb_msgs/include/dwb_msgs/msg/detail
[32.166s] -- Installing: /home/adas/Documents/Ayush/dev/straight_ws/install/dwb_msgs/include/dwb_msgs/msg/detail/critic_score__rosidl_typesupport_introspection_c.h
[32.166s] -- Installing: /home/adas/Documents/Ayush/dev/straight_ws/install/dwb_msgs/include/dwb_msgs/msg/detail/critic_score__type_support.c
[32.166s] -- Installing: /home/adas/Documents/Ayush/dev/straight_ws/install/dwb_msgs/include/dwb_msgs/msg/detail/trajectory_score__rosidl_typesupport_introspection_c.h
[32.166s] -- Installing: /home/adas/Documents/Ayush/dev/straight_ws/install/dwb_msgs/include/dwb_msgs/msg/detail/trajectory2_d__type_support.c
[32.167s] -- Installing: /home/adas/Documents/Ayush/dev/straight_ws/install/dwb_msgs/include/dwb_msgs/msg/detail/local_plan_evaluation__rosidl_typesupport_introspection_c.h
[32.167s] -- Installing: /home/adas/Documents/Ayush/dev/straight_ws/install/dwb_msgs/include/dwb_msgs/msg/detail/trajectory_score__type_support.c
[32.167s] -- Installing: /home/adas/Documents/Ayush/dev/straight_ws/install/dwb_msgs/include/dwb_msgs/msg/detail/trajectory2_d__rosidl_typesupport_introspection_c.h
[32.167s] -- Installing: /home/adas/Documents/Ayush/dev/straight_ws/install/dwb_msgs/include/dwb_msgs/msg/detail/local_plan_evaluation__type_support.c
[32.167s] -- Installing: /home/adas/Documents/Ayush/dev/straight_ws/install/dwb_msgs/lib/libdwb_msgs__rosidl_typesupport_introspection_c.so
[32.167s] -- Set runtime path of "/home/adas/Documents/Ayush/dev/straight_ws/install/dwb_msgs/lib/libdwb_msgs__rosidl_typesupport_introspection_c.so" to ""
[32.168s] -- Installing: /home/adas/Documents/Ayush/dev/straight_ws/install/dwb_msgs/lib/libdwb_msgs__rosidl_typesupport_c.so
[32.168s] -- Set runtime path of "/home/adas/Documents/Ayush/dev/straight_ws/install/dwb_msgs/lib/libdwb_msgs__rosidl_typesupport_c.so" to ""
[32.168s] -- Up-to-date: /home/adas/Documents/Ayush/dev/straight_ws/install/dwb_msgs/include/dwb_msgs
[32.168s] -- Up-to-date: /home/adas/Documents/Ayush/dev/straight_ws/install/dwb_msgs/include/dwb_msgs/srv
[32.169s] -- Installing: /home/adas/Documents/Ayush/dev/straight_ws/install/dwb_msgs/include/dwb_msgs/srv/debug_local_plan.hpp
[32.169s] -- Installing: /home/adas/Documents/Ayush/dev/straight_ws/install/dwb_msgs/include/dwb_msgs/srv/score_trajectory.hpp
[32.169s] -- Installing: /home/adas/Documents/Ayush/dev/straight_ws/install/dwb_msgs/include/dwb_msgs/srv/generate_twists.hpp
[32.169s] -- Installing: /home/adas/Documents/Ayush/dev/straight_ws/install/dwb_msgs/include/dwb_msgs/srv/get_critic_score.hpp
[32.169s] -- Installing: /home/adas/Documents/Ayush/dev/straight_ws/install/dwb_msgs/include/dwb_msgs/srv/generate_trajectory.hpp
[32.169s] -- Up-to-date: /home/adas/Documents/Ayush/dev/straight_ws/install/dwb_msgs/include/dwb_msgs/srv/detail
[32.169s] -- Installing: /home/adas/Documents/Ayush/dev/straight_ws/install/dwb_msgs/include/dwb_msgs/srv/detail/get_critic_score__builder.hpp
[32.170s] -- Installing: /home/adas/Documents/Ayush/dev/straight_ws/install/dwb_msgs/include/dwb_msgs/srv/detail/generate_twists__builder.hpp
[32.170s] -- Installing: /home/adas/Documents/Ayush/dev/straight_ws/install/dwb_msgs/include/dwb_msgs/srv/detail/debug_local_plan__traits.hpp
[32.170s] -- Installing: /home/adas/Documents/Ayush/dev/straight_ws/install/dwb_msgs/include/dwb_msgs/srv/detail/generate_twists__struct.hpp
[32.170s] -- Installing: /home/adas/Documents/Ayush/dev/straight_ws/install/dwb_msgs/include/dwb_msgs/srv/detail/generate_trajectory__traits.hpp
[32.170s] -- Installing: /home/adas/Documents/Ayush/dev/straight_ws/install/dwb_msgs/include/dwb_msgs/srv/detail/get_critic_score__traits.hpp
[32.170s] -- Installing: /home/adas/Documents/Ayush/dev/straight_ws/install/dwb_msgs/include/dwb_msgs/srv/detail/generate_twists__traits.hpp
[32.170s] -- Installing: /home/adas/Documents/Ayush/dev/straight_ws/install/dwb_msgs/include/dwb_msgs/srv/detail/generate_trajectory__builder.hpp
[32.170s] -- Installing: /home/adas/Documents/Ayush/dev/straight_ws/install/dwb_msgs/include/dwb_msgs/srv/detail/debug_local_plan__builder.hpp
[32.171s] -- Installing: /home/adas/Documents/Ayush/dev/straight_ws/install/dwb_msgs/include/dwb_msgs/srv/detail/score_trajectory__struct.hpp
[32.171s] -- Installing: /home/adas/Documents/Ayush/dev/straight_ws/install/dwb_msgs/include/dwb_msgs/srv/detail/score_trajectory__builder.hpp
[32.171s] -- Installing: /home/adas/Documents/Ayush/dev/straight_ws/install/dwb_msgs/include/dwb_msgs/srv/detail/generate_trajectory__struct.hpp
[32.171s] -- Installing: /home/adas/Documents/Ayush/dev/straight_ws/install/dwb_msgs/include/dwb_msgs/srv/detail/debug_local_plan__struct.hpp
[32.172s] -- Installing: /home/adas/Documents/Ayush/dev/straight_ws/install/dwb_msgs/include/dwb_msgs/srv/detail/get_critic_score__struct.hpp
[32.172s] -- Installing: /home/adas/Documents/Ayush/dev/straight_ws/install/dwb_msgs/include/dwb_msgs/srv/detail/score_trajectory__traits.hpp
[32.172s] -- Up-to-date: /home/adas/Documents/Ayush/dev/straight_ws/install/dwb_msgs/include/dwb_msgs/msg
[32.172s] -- Installing: /home/adas/Documents/Ayush/dev/straight_ws/install/dwb_msgs/include/dwb_msgs/msg/trajectory2_d.hpp
[32.172s] -- Installing: /home/adas/Documents/Ayush/dev/straight_ws/install/dwb_msgs/include/dwb_msgs/msg/trajectory_score.hpp
[32.172s] -- Installing: /home/adas/Documents/Ayush/dev/straight_ws/install/dwb_msgs/include/dwb_msgs/msg/local_plan_evaluation.hpp
[32.172s] -- Installing: /home/adas/Documents/Ayush/dev/straight_ws/install/dwb_msgs/include/dwb_msgs/msg/critic_score.hpp
[32.172s] -- Up-to-date: /home/adas/Documents/Ayush/dev/straight_ws/install/dwb_msgs/include/dwb_msgs/msg/detail
[32.172s] -- Installing: /home/adas/Documents/Ayush/dev/straight_ws/install/dwb_msgs/include/dwb_msgs/msg/detail/critic_score__traits.hpp
[32.173s] -- Installing: /home/adas/Documents/Ayush/dev/straight_ws/install/dwb_msgs/include/dwb_msgs/msg/detail/trajectory_score__traits.hpp
[32.173s] -- Installing: /home/adas/Documents/Ayush/dev/straight_ws/install/dwb_msgs/include/dwb_msgs/msg/detail/local_plan_evaluation__traits.hpp
[32.173s] -- Installing: /home/adas/Documents/Ayush/dev/straight_ws/install/dwb_msgs/include/dwb_msgs/msg/detail/trajectory2_d__struct.hpp
[32.173s] -- Installing: /home/adas/Documents/Ayush/dev/straight_ws/install/dwb_msgs/include/dwb_msgs/msg/detail/critic_score__builder.hpp
[32.173s] -- Installing: /home/adas/Documents/Ayush/dev/straight_ws/install/dwb_msgs/include/dwb_msgs/msg/detail/trajectory2_d__builder.hpp
[32.173s] -- Installing: /home/adas/Documents/Ayush/dev/straight_ws/install/dwb_msgs/include/dwb_msgs/msg/detail/trajectory_score__builder.hpp
[32.173s] -- Installing: /home/adas/Documents/Ayush/dev/straight_ws/install/dwb_msgs/include/dwb_msgs/msg/detail/trajectory2_d__traits.hpp
[32.173s] -- Installing: /home/adas/Documents/Ayush/dev/straight_ws/install/dwb_msgs/include/dwb_msgs/msg/detail/critic_score__struct.hpp
[32.173s] -- Installing: /home/adas/Documents/Ayush/dev/straight_ws/install/dwb_msgs/include/dwb_msgs/msg/detail/local_plan_evaluation__struct.hpp
[32.173s] -- Installing: /home/adas/Documents/Ayush/dev/straight_ws/install/dwb_msgs/include/dwb_msgs/msg/detail/trajectory_score__struct.hpp
[32.174s] -- Installing: /home/adas/Documents/Ayush/dev/straight_ws/install/dwb_msgs/include/dwb_msgs/msg/detail/local_plan_evaluation__builder.hpp
[32.174s] -- Up-to-date: /home/adas/Documents/Ayush/dev/straight_ws/install/dwb_msgs/include/dwb_msgs
[32.174s] -- Up-to-date: /home/adas/Documents/Ayush/dev/straight_ws/install/dwb_msgs/include/dwb_msgs/srv
[32.174s] -- Up-to-date: /home/adas/Documents/Ayush/dev/straight_ws/install/dwb_msgs/include/dwb_msgs/srv/detail
[32.174s] -- Installing: /home/adas/Documents/Ayush/dev/straight_ws/install/dwb_msgs/include/dwb_msgs/srv/detail/get_critic_score__type_support.cpp
[32.174s] -- Installing: /home/adas/Documents/Ayush/dev/straight_ws/install/dwb_msgs/include/dwb_msgs/srv/detail/get_critic_score__rosidl_typesupport_introspection_cpp.hpp
[32.174s] -- Installing: /home/adas/Documents/Ayush/dev/straight_ws/install/dwb_msgs/include/dwb_msgs/srv/detail/generate_twists__type_support.cpp
[32.174s] -- Installing: /home/adas/Documents/Ayush/dev/straight_ws/install/dwb_msgs/include/dwb_msgs/srv/detail/debug_local_plan__type_support.cpp
[32.174s] -- Installing: /home/adas/Documents/Ayush/dev/straight_ws/install/dwb_msgs/include/dwb_msgs/srv/detail/score_trajectory__type_support.cpp
[32.175s] -- Installing: /home/adas/Documents/Ayush/dev/straight_ws/install/dwb_msgs/include/dwb_msgs/srv/detail/generate_twists__rosidl_typesupport_introspection_cpp.hpp
[32.175s] -- Installing: /home/adas/Documents/Ayush/dev/straight_ws/install/dwb_msgs/include/dwb_msgs/srv/detail/score_trajectory__rosidl_typesupport_introspection_cpp.hpp
[32.175s] -- Installing: /home/adas/Documents/Ayush/dev/straight_ws/install/dwb_msgs/include/dwb_msgs/srv/detail/generate_trajectory__rosidl_typesupport_introspection_cpp.hpp
[32.175s] -- Installing: /home/adas/Documents/Ayush/dev/straight_ws/install/dwb_msgs/include/dwb_msgs/srv/detail/generate_trajectory__type_support.cpp
[32.175s] -- Installing: /home/adas/Documents/Ayush/dev/straight_ws/install/dwb_msgs/include/dwb_msgs/srv/detail/debug_local_plan__rosidl_typesupport_introspection_cpp.hpp
[32.175s] -- Up-to-date: /home/adas/Documents/Ayush/dev/straight_ws/install/dwb_msgs/include/dwb_msgs/msg
[32.175s] -- Up-to-date: /home/adas/Documents/Ayush/dev/straight_ws/install/dwb_msgs/include/dwb_msgs/msg/detail
[32.176s] -- Installing: /home/adas/Documents/Ayush/dev/straight_ws/install/dwb_msgs/include/dwb_msgs/msg/detail/critic_score__type_support.cpp
[32.176s] -- Installing: /home/adas/Documents/Ayush/dev/straight_ws/install/dwb_msgs/include/dwb_msgs/msg/detail/trajectory_score__type_support.cpp
[32.176s] -- Installing: /home/adas/Documents/Ayush/dev/straight_ws/install/dwb_msgs/include/dwb_msgs/msg/detail/trajectory_score__rosidl_typesupport_introspection_cpp.hpp
[32.176s] -- Installing: /home/adas/Documents/Ayush/dev/straight_ws/install/dwb_msgs/include/dwb_msgs/msg/detail/trajectory2_d__type_support.cpp
[32.176s] -- Installing: /home/adas/Documents/Ayush/dev/straight_ws/install/dwb_msgs/include/dwb_msgs/msg/detail/critic_score__rosidl_typesupport_introspection_cpp.hpp
[32.176s] -- Installing: /home/adas/Documents/Ayush/dev/straight_ws/install/dwb_msgs/include/dwb_msgs/msg/detail/trajectory2_d__rosidl_typesupport_introspection_cpp.hpp
[32.176s] -- Installing: /home/adas/Documents/Ayush/dev/straight_ws/install/dwb_msgs/include/dwb_msgs/msg/detail/local_plan_evaluation__rosidl_typesupport_introspection_cpp.hpp
[32.176s] -- Installing: /home/adas/Documents/Ayush/dev/straight_ws/install/dwb_msgs/include/dwb_msgs/msg/detail/local_plan_evaluation__type_support.cpp
[32.176s] -- Installing: /home/adas/Documents/Ayush/dev/straight_ws/install/dwb_msgs/lib/libdwb_msgs__rosidl_typesupport_introspection_cpp.so
[32.177s] -- Set runtime path of "/home/adas/Documents/Ayush/dev/straight_ws/install/dwb_msgs/lib/libdwb_msgs__rosidl_typesupport_introspection_cpp.so" to ""
[32.177s] -- Installing: /home/adas/Documents/Ayush/dev/straight_ws/install/dwb_msgs/lib/libdwb_msgs__rosidl_typesupport_cpp.so
[32.177s] -- Set runtime path of "/home/adas/Documents/Ayush/dev/straight_ws/install/dwb_msgs/lib/libdwb_msgs__rosidl_typesupport_cpp.so" to ""
[32.178s] -- Installing: /home/adas/Documents/Ayush/dev/straight_ws/install/dwb_msgs/share/dwb_msgs/environment/pythonpath.sh
[32.178s] -- Installing: /home/adas/Documents/Ayush/dev/straight_ws/install/dwb_msgs/share/dwb_msgs/environment/pythonpath.dsv
[32.178s] -- Installing: /home/adas/Documents/Ayush/dev/straight_ws/install/dwb_msgs/lib/python3.8/site-packages/dwb_msgs/__init__.py
[32.229s] Compiling '/home/adas/Documents/Ayush/dev/straight_ws/install/dwb_msgs/lib/python3.8/site-packages/dwb_msgs/__init__.py'...
[32.236s] -- Installing: /home/adas/Documents/Ayush/dev/straight_ws/install/dwb_msgs/lib/python3.8/site-packages/dwb_msgs/msg
[32.236s] -- Installing: /home/adas/Documents/Ayush/dev/straight_ws/install/dwb_msgs/lib/python3.8/site-packages/dwb_msgs/msg/_critic_score.py
[32.236s] -- Installing: /home/adas/Documents/Ayush/dev/straight_ws/install/dwb_msgs/lib/python3.8/site-packages/dwb_msgs/msg/_local_plan_evaluation_s.c
[32.236s] -- Installing: /home/adas/Documents/Ayush/dev/straight_ws/install/dwb_msgs/lib/python3.8/site-packages/dwb_msgs/msg/_local_plan_evaluation.py
[32.236s] -- Installing: /home/adas/Documents/Ayush/dev/straight_ws/install/dwb_msgs/lib/python3.8/site-packages/dwb_msgs/msg/__init__.py
[32.236s] -- Installing: /home/adas/Documents/Ayush/dev/straight_ws/install/dwb_msgs/lib/python3.8/site-packages/dwb_msgs/msg/_trajectory_score_s.c
[32.236s] -- Installing: /home/adas/Documents/Ayush/dev/straight_ws/install/dwb_msgs/lib/python3.8/site-packages/dwb_msgs/msg/_trajectory_score.py
[32.236s] -- Installing: /home/adas/Documents/Ayush/dev/straight_ws/install/dwb_msgs/lib/python3.8/site-packages/dwb_msgs/msg/_trajectory2_d_s.c
[32.237s] -- Installing: /home/adas/Documents/Ayush/dev/straight_ws/install/dwb_msgs/lib/python3.8/site-packages/dwb_msgs/msg/_trajectory2_d.py
[32.237s] -- Installing: /home/adas/Documents/Ayush/dev/straight_ws/install/dwb_msgs/lib/python3.8/site-packages/dwb_msgs/msg/_critic_score_s.c
[32.237s] -- Installing: /home/adas/Documents/Ayush/dev/straight_ws/install/dwb_msgs/lib/python3.8/site-packages/dwb_msgs/srv
[32.237s] -- Installing: /home/adas/Documents/Ayush/dev/straight_ws/install/dwb_msgs/lib/python3.8/site-packages/dwb_msgs/srv/_get_critic_score_s.c
[32.237s] -- Installing: /home/adas/Documents/Ayush/dev/straight_ws/install/dwb_msgs/lib/python3.8/site-packages/dwb_msgs/srv/_generate_trajectory.py
[32.237s] -- Installing: /home/adas/Documents/Ayush/dev/straight_ws/install/dwb_msgs/lib/python3.8/site-packages/dwb_msgs/srv/_generate_twists.py
[32.237s] -- Installing: /home/adas/Documents/Ayush/dev/straight_ws/install/dwb_msgs/lib/python3.8/site-packages/dwb_msgs/srv/_generate_twists_s.c
[32.237s] -- Installing: /home/adas/Documents/Ayush/dev/straight_ws/install/dwb_msgs/lib/python3.8/site-packages/dwb_msgs/srv/_generate_trajectory_s.c
[32.237s] -- Installing: /home/adas/Documents/Ayush/dev/straight_ws/install/dwb_msgs/lib/python3.8/site-packages/dwb_msgs/srv/_debug_local_plan.py
[32.238s] -- Installing: /home/adas/Documents/Ayush/dev/straight_ws/install/dwb_msgs/lib/python3.8/site-packages/dwb_msgs/srv/_score_trajectory.py
[32.238s] -- Installing: /home/adas/Documents/Ayush/dev/straight_ws/install/dwb_msgs/lib/python3.8/site-packages/dwb_msgs/srv/__init__.py
[32.238s] -- Installing: /home/adas/Documents/Ayush/dev/straight_ws/install/dwb_msgs/lib/python3.8/site-packages/dwb_msgs/srv/_score_trajectory_s.c
[32.238s] -- Installing: /home/adas/Documents/Ayush/dev/straight_ws/install/dwb_msgs/lib/python3.8/site-packages/dwb_msgs/srv/_get_critic_score.py
[32.238s] -- Installing: /home/adas/Documents/Ayush/dev/straight_ws/install/dwb_msgs/lib/python3.8/site-packages/dwb_msgs/srv/_debug_local_plan_s.c
[32.238s] -- Installing: /home/adas/Documents/Ayush/dev/straight_ws/install/dwb_msgs/lib/python3.8/site-packages/dwb_msgs/dwb_msgs_s__rosidl_typesupport_fastrtps_c.cpython-38-x86_64-linux-gnu.so
[32.239s] -- Set runtime path of "/home/adas/Documents/Ayush/dev/straight_ws/install/dwb_msgs/lib/python3.8/site-packages/dwb_msgs/dwb_msgs_s__rosidl_typesupport_fastrtps_c.cpython-38-x86_64-linux-gnu.so" to ""
[32.239s] -- Installing: /home/adas/Documents/Ayush/dev/straight_ws/install/dwb_msgs/lib/python3.8/site-packages/dwb_msgs/dwb_msgs_s__rosidl_typesupport_introspection_c.cpython-38-x86_64-linux-gnu.so
[32.240s] -- Set runtime path of "/home/adas/Documents/Ayush/dev/straight_ws/install/dwb_msgs/lib/python3.8/site-packages/dwb_msgs/dwb_msgs_s__rosidl_typesupport_introspection_c.cpython-38-x86_64-linux-gnu.so" to ""
[32.240s] -- Installing: /home/adas/Documents/Ayush/dev/straight_ws/install/dwb_msgs/lib/python3.8/site-packages/dwb_msgs/dwb_msgs_s__rosidl_typesupport_c.cpython-38-x86_64-linux-gnu.so
[32.241s] -- Set runtime path of "/home/adas/Documents/Ayush/dev/straight_ws/install/dwb_msgs/lib/python3.8/site-packages/dwb_msgs/dwb_msgs_s__rosidl_typesupport_c.cpython-38-x86_64-linux-gnu.so" to ""
[32.241s] -- Installing: /home/adas/Documents/Ayush/dev/straight_ws/install/dwb_msgs/lib/libdwb_msgs__python.so
[32.242s] -- Set runtime path of "/home/adas/Documents/Ayush/dev/straight_ws/install/dwb_msgs/lib/libdwb_msgs__python.so" to ""
[32.243s] -- Installing: /home/adas/Documents/Ayush/dev/straight_ws/install/dwb_msgs/share/dwb_msgs/msg/CriticScore.idl
[32.243s] -- Installing: /home/adas/Documents/Ayush/dev/straight_ws/install/dwb_msgs/share/dwb_msgs/msg/LocalPlanEvaluation.idl
[32.243s] -- Installing: /home/adas/Documents/Ayush/dev/straight_ws/install/dwb_msgs/share/dwb_msgs/msg/Trajectory2D.idl
[32.244s] -- Installing: /home/adas/Documents/Ayush/dev/straight_ws/install/dwb_msgs/share/dwb_msgs/msg/TrajectoryScore.idl
[32.244s] -- Installing: /home/adas/Documents/Ayush/dev/straight_ws/install/dwb_msgs/share/dwb_msgs/srv/DebugLocalPlan.idl
[32.244s] -- Installing: /home/adas/Documents/Ayush/dev/straight_ws/install/dwb_msgs/share/dwb_msgs/srv/GenerateTrajectory.idl
[32.244s] -- Installing: /home/adas/Documents/Ayush/dev/straight_ws/install/dwb_msgs/share/dwb_msgs/srv/GenerateTwists.idl
[32.244s] -- Installing: /home/adas/Documents/Ayush/dev/straight_ws/install/dwb_msgs/share/dwb_msgs/srv/GetCriticScore.idl
[32.245s] -- Installing: /home/adas/Documents/Ayush/dev/straight_ws/install/dwb_msgs/share/dwb_msgs/srv/ScoreTrajectory.idl
[32.245s] -- Installing: /home/adas/Documents/Ayush/dev/straight_ws/install/dwb_msgs/share/dwb_msgs/msg/CriticScore.msg
[32.245s] -- Installing: /home/adas/Documents/Ayush/dev/straight_ws/install/dwb_msgs/share/dwb_msgs/msg/LocalPlanEvaluation.msg
[32.245s] -- Installing: /home/adas/Documents/Ayush/dev/straight_ws/install/dwb_msgs/share/dwb_msgs/msg/Trajectory2D.msg
[32.245s] -- Installing: /home/adas/Documents/Ayush/dev/straight_ws/install/dwb_msgs/share/dwb_msgs/msg/TrajectoryScore.msg
[32.245s] -- Installing: /home/adas/Documents/Ayush/dev/straight_ws/install/dwb_msgs/share/dwb_msgs/srv/DebugLocalPlan.srv
[32.246s] -- Installing: /home/adas/Documents/Ayush/dev/straight_ws/install/dwb_msgs/share/dwb_msgs/srv/DebugLocalPlan_Request.msg
[32.246s] -- Installing: /home/adas/Documents/Ayush/dev/straight_ws/install/dwb_msgs/share/dwb_msgs/srv/DebugLocalPlan_Response.msg
[32.246s] -- Installing: /home/adas/Documents/Ayush/dev/straight_ws/install/dwb_msgs/share/dwb_msgs/srv/GenerateTrajectory.srv
[32.246s] -- Installing: /home/adas/Documents/Ayush/dev/straight_ws/install/dwb_msgs/share/dwb_msgs/srv/GenerateTrajectory_Request.msg
[32.246s] -- Installing: /home/adas/Documents/Ayush/dev/straight_ws/install/dwb_msgs/share/dwb_msgs/srv/GenerateTrajectory_Response.msg
[32.246s] -- Installing: /home/adas/Documents/Ayush/dev/straight_ws/install/dwb_msgs/share/dwb_msgs/srv/GenerateTwists.srv
[32.247s] -- Installing: /home/adas/Documents/Ayush/dev/straight_ws/install/dwb_msgs/share/dwb_msgs/srv/GenerateTwists_Request.msg
[32.247s] -- Installing: /home/adas/Documents/Ayush/dev/straight_ws/install/dwb_msgs/share/dwb_msgs/srv/GenerateTwists_Response.msg
[32.247s] -- Installing: /home/adas/Documents/Ayush/dev/straight_ws/install/dwb_msgs/share/dwb_msgs/srv/GetCriticScore.srv
[32.247s] -- Installing: /home/adas/Documents/Ayush/dev/straight_ws/install/dwb_msgs/share/dwb_msgs/srv/GetCriticScore_Request.msg
[32.247s] -- Installing: /home/adas/Documents/Ayush/dev/straight_ws/install/dwb_msgs/share/dwb_msgs/srv/GetCriticScore_Response.msg
[32.247s] -- Installing: /home/adas/Documents/Ayush/dev/straight_ws/install/dwb_msgs/share/dwb_msgs/srv/ScoreTrajectory.srv
[32.248s] -- Installing: /home/adas/Documents/Ayush/dev/straight_ws/install/dwb_msgs/share/dwb_msgs/srv/ScoreTrajectory_Request.msg
[32.248s] -- Installing: /home/adas/Documents/Ayush/dev/straight_ws/install/dwb_msgs/share/dwb_msgs/srv/ScoreTrajectory_Response.msg
[32.248s] -- Installing: /home/adas/Documents/Ayush/dev/straight_ws/install/dwb_msgs/share/ament_index/resource_index/package_run_dependencies/dwb_msgs
[32.248s] -- Installing: /home/adas/Documents/Ayush/dev/straight_ws/install/dwb_msgs/share/ament_index/resource_index/parent_prefix_path/dwb_msgs
[32.248s] -- Installing: /home/adas/Documents/Ayush/dev/straight_ws/install/dwb_msgs/share/dwb_msgs/environment/ament_prefix_path.sh
[32.249s] -- Installing: /home/adas/Documents/Ayush/dev/straight_ws/install/dwb_msgs/share/dwb_msgs/environment/ament_prefix_path.dsv
[32.249s] -- Installing: /home/adas/Documents/Ayush/dev/straight_ws/install/dwb_msgs/share/dwb_msgs/environment/path.sh
[32.249s] -- Installing: /home/adas/Documents/Ayush/dev/straight_ws/install/dwb_msgs/share/dwb_msgs/environment/path.dsv
[32.249s] -- Installing: /home/adas/Documents/Ayush/dev/straight_ws/install/dwb_msgs/share/dwb_msgs/local_setup.bash
[32.249s] -- Installing: /home/adas/Documents/Ayush/dev/straight_ws/install/dwb_msgs/share/dwb_msgs/local_setup.sh
[32.250s] -- Installing: /home/adas/Documents/Ayush/dev/straight_ws/install/dwb_msgs/share/dwb_msgs/local_setup.zsh
[32.250s] -- Installing: /home/adas/Documents/Ayush/dev/straight_ws/install/dwb_msgs/share/dwb_msgs/local_setup.dsv
[32.250s] -- Installing: /home/adas/Documents/Ayush/dev/straight_ws/install/dwb_msgs/share/dwb_msgs/package.dsv
[32.250s] -- Installing: /home/adas/Documents/Ayush/dev/straight_ws/install/dwb_msgs/share/ament_index/resource_index/packages/dwb_msgs
[32.250s] -- Installing: /home/adas/Documents/Ayush/dev/straight_ws/install/dwb_msgs/share/dwb_msgs/cmake/dwb_msgs__rosidl_generator_cExport.cmake
[32.251s] -- Installing: /home/adas/Documents/Ayush/dev/straight_ws/install/dwb_msgs/share/dwb_msgs/cmake/dwb_msgs__rosidl_generator_cExport-noconfig.cmake
[32.251s] -- Installing: /home/adas/Documents/Ayush/dev/straight_ws/install/dwb_msgs/share/dwb_msgs/cmake/dwb_msgs__rosidl_typesupport_introspection_cExport.cmake
[32.251s] -- Installing: /home/adas/Documents/Ayush/dev/straight_ws/install/dwb_msgs/share/dwb_msgs/cmake/dwb_msgs__rosidl_typesupport_introspection_cExport-noconfig.cmake
[32.251s] -- Installing: /home/adas/Documents/Ayush/dev/straight_ws/install/dwb_msgs/share/dwb_msgs/cmake/dwb_msgs__rosidl_typesupport_cExport.cmake
[32.252s] -- Installing: /home/adas/Documents/Ayush/dev/straight_ws/install/dwb_msgs/share/dwb_msgs/cmake/dwb_msgs__rosidl_typesupport_cExport-noconfig.cmake
[32.252s] -- Installing: /home/adas/Documents/Ayush/dev/straight_ws/install/dwb_msgs/share/dwb_msgs/cmake/dwb_msgs__rosidl_generator_cppExport.cmake
[32.252s] -- Installing: /home/adas/Documents/Ayush/dev/straight_ws/install/dwb_msgs/share/dwb_msgs/cmake/dwb_msgs__rosidl_typesupport_introspection_cppExport.cmake
[32.252s] -- Installing: /home/adas/Documents/Ayush/dev/straight_ws/install/dwb_msgs/share/dwb_msgs/cmake/dwb_msgs__rosidl_typesupport_introspection_cppExport-noconfig.cmake
[32.252s] -- Installing: /home/adas/Documents/Ayush/dev/straight_ws/install/dwb_msgs/share/dwb_msgs/cmake/dwb_msgs__rosidl_typesupport_cppExport.cmake
[32.253s] -- Installing: /home/adas/Documents/Ayush/dev/straight_ws/install/dwb_msgs/share/dwb_msgs/cmake/dwb_msgs__rosidl_typesupport_cppExport-noconfig.cmake
[32.253s] -- Installing: /home/adas/Documents/Ayush/dev/straight_ws/install/dwb_msgs/share/dwb_msgs/cmake/rosidl_cmake-extras.cmake
[32.253s] -- Installing: /home/adas/Documents/Ayush/dev/straight_ws/install/dwb_msgs/share/dwb_msgs/cmake/ament_cmake_export_dependencies-extras.cmake
[32.253s] -- Installing: /home/adas/Documents/Ayush/dev/straight_ws/install/dwb_msgs/share/dwb_msgs/cmake/ament_cmake_export_libraries-extras.cmake
[32.253s] -- Installing: /home/adas/Documents/Ayush/dev/straight_ws/install/dwb_msgs/share/dwb_msgs/cmake/ament_cmake_export_targets-extras.cmake
[32.254s] -- Installing: /home/adas/Documents/Ayush/dev/straight_ws/install/dwb_msgs/share/dwb_msgs/cmake/ament_cmake_export_include_directories-extras.cmake
[32.254s] -- Installing: /home/adas/Documents/Ayush/dev/straight_ws/install/dwb_msgs/share/dwb_msgs/cmake/rosidl_cmake_export_typesupport_libraries-extras.cmake
[32.254s] -- Installing: /home/adas/Documents/Ayush/dev/straight_ws/install/dwb_msgs/share/dwb_msgs/cmake/rosidl_cmake_export_typesupport_targets-extras.cmake
[32.254s] -- Installing: /home/adas/Documents/Ayush/dev/straight_ws/install/dwb_msgs/share/dwb_msgs/cmake/dwb_msgsConfig.cmake
[32.254s] -- Installing: /home/adas/Documents/Ayush/dev/straight_ws/install/dwb_msgs/share/dwb_msgs/cmake/dwb_msgsConfig-version.cmake
[32.254s] -- Installing: /home/adas/Documents/Ayush/dev/straight_ws/install/dwb_msgs/share/dwb_msgs/package.xml
[32.260s] Invoked command in '/home/adas/Documents/Ayush/dev/straight_ws/build/dwb_msgs' returned '0': AMENT_PREFIX_PATH=/home/adas/Documents/Ayush/dev/straight_ws/install/nav_2d_msgs:${AMENT_PREFIX_PATH} CMAKE_PREFIX_PATH=/home/adas/Documents/Ayush/dev/straight_ws/install/nav_2d_msgs:/home/adas/Documents/Ayush/dev/straightline_ws/install/geometry2:/home/adas/Documents/Ayush/dev/straightline_ws/install/tf2_tools:/home/adas/Documents/Ayush/dev/straightline_ws/install/nav2_system_tests:/home/adas/Documents/Ayush/dev/straightline_ws/install/nav2_bringup:/home/adas/Documents/Ayush/dev/straightline_ws/install/navigation2:/home/adas/Documents/Ayush/dev/straightline_ws/install/smac_planner:/home/adas/Documents/Ayush/dev/straightline_ws/install/nav2_regulated_pure_pursuit_controller:/home/adas/Documents/Ayush/dev/straightline_ws/install/nav2_recoveries:/home/adas/Documents/Ayush/dev/straightline_ws/install/nav2_planner:/home/adas/Documents/Ayush/dev/straightline_ws/install/nav2_navfn_planner:/home/adas/Documents/Ayush/dev/straightline_ws/install/nav2_dwb_controller:/home/adas/Documents/Ayush/dev/straightline_ws/install/nav2_controller:/home/adas/Documents/Ayush/dev/straightline_ws/install/dwb_plugins:/home/adas/Documents/Ayush/dev/straightline_ws/install/dwb_critics:/home/adas/Documents/Ayush/dev/straightline_ws/install/dwb_core:/home/adas/Documents/Ayush/dev/straightline_ws/install/nav2_core:/home/adas/Documents/Ayush/dev/straightline_ws/install/costmap_queue:/home/adas/Documents/Ayush/dev/straightline_ws/install/nav2_costmap_2d:/home/adas/Documents/Ayush/dev/straightline_ws/install/tf2_sensor_msgs:/home/adas/Documents/Ayush/dev/straightline_ws/install/test_tf2:/home/adas/Documents/Ayush/dev/straightline_ws/install/tf2_kdl:/home/adas/Documents/Ayush/dev/straightline_ws/install/nav_2d_utils:/home/adas/Documents/Ayush/dev/straightline_ws/install/nav2_waypoint_follower:/home/adas/Documents/Ayush/dev/straightline_ws/install/nav2_rviz_plugins:/home/adas/Documents/Ayush/dev/straightline_ws/install/nav2_map_server:/home/adas/Documents/Ayush/dev/straightline_ws/install/nav2_lifecycle_manager:/home/adas/Documents/Ayush/dev/straightline_ws/install/nav2_bt_navigator:/home/adas/Documents/Ayush/dev/straightline_ws/install/nav2_behavior_tree:/home/adas/Documents/Ayush/dev/straightline_ws/install/nav2_amcl:/home/adas/Documents/Ayush/dev/straightline_ws/install/nav2_util:/home/adas/Documents/Ayush/dev/straightline_ws/install/tf2_geometry_msgs:/home/adas/Documents/Ayush/dev/straightline_ws/install/tf2_eigen:/home/adas/Documents/Ayush/dev/straightline_ws/install/tf2_bullet:/home/adas/Documents/Ayush/dev/straightline_ws/install/tf2_ros:/home/adas/Documents/Ayush/dev/straightline_ws/install/tf2_py:/home/adas/Documents/Ayush/dev/straightline_ws/install/tf2_msgs:/home/adas/Documents/Ayush/dev/straightline_ws/install/tf2_eigen_kdl:/home/adas/Documents/Ayush/dev/straightline_ws/install/tf2:/home/adas/Documents/Ayush/dev/straightline_ws/install/dwb_msgs:/home/adas/Documents/Ayush/dev/straightline_ws/install/nav_2d_msgs:/home/adas/Documents/Ayush/dev/straightline_ws/install/nav2_voxel_grid:/home/adas/Documents/Ayush/dev/straightline_ws/install/nav2_msgs:/home/adas/Documents/Ayush/dev/straightline_ws/install/nav2_common:/home/adas/Documents/Ayush/dev/straightline_ws/install/aws_robomaker_small_warehouse_world:/home/adas/Documents/Ayush/dev/straightline_ws/install/examples_tf2_py:/home/adas/Documents/Ayush/dev/straightline_ws/install/nav2_simple_commander:/home/adas/Documents/Ayush/dev/straightline_ws/install/nav2_gazebo_spawner:/opt/ros/foxy LD_LIBRARY_PATH=/home/adas/Documents/Ayush/dev/straight_ws/install/nav_2d_msgs/lib:${LD_LIBRARY_PATH} PYTHONPATH=/home/adas/Documents/Ayush/dev/straight_ws/install/nav_2d_msgs/lib/python3.8/site-packages:${PYTHONPATH} /usr/bin/cmake --install /home/adas/Documents/Ayush/dev/straight_ws/build/dwb_msgs
